ARM GAS  C:\Users\NHANPH~1\AppData\Local\Temp\cclQXSna.s 			page 1


   1              		.syntax unified
   2              		.cpu cortex-m3
   3              		.fpu softvfp
   4              		.eabi_attribute 20, 1
   5              		.eabi_attribute 21, 1
   6              		.eabi_attribute 23, 3
   7              		.eabi_attribute 24, 1
   8              		.eabi_attribute 25, 1
   9              		.eabi_attribute 26, 1
  10              		.eabi_attribute 30, 1
  11              		.eabi_attribute 34, 1
  12              		.eabi_attribute 18, 4
  13              		.thumb
  14              		.file	"Accel.c"
  15              		.text
  16              	.Ltext0:
  17              		.cfi_sections	.debug_frame
  18              		.global	__aeabi_ui2d
  19              		.section	.text.value_convert_accel,"ax",%progbits
  20              		.align	2
  21              		.global	value_convert_accel
  22              		.thumb
  23              		.thumb_func
  24              		.type	value_convert_accel, %function
  25              	value_convert_accel:
  26              	.LFB63:
  27              		.file 1 "ZumoLibrary\\Accel.c"
   1:ZumoLibrary/Accel.c **** /**
   2:ZumoLibrary/Accel.c ****  * @file    Accel.c
   3:ZumoLibrary/Accel.c ****  * @brief   Basic methods for operating accelerometer. For more details, please refer to Accel_magn
   4:ZumoLibrary/Accel.c ****  * @details part number: LSM303D (simultaneously used with magnetometer and included in Zumo shield
   5:ZumoLibrary/Accel.c **** */
   6:ZumoLibrary/Accel.c **** #include "accel_magnet.h"
   7:ZumoLibrary/Accel.c **** 
   8:ZumoLibrary/Accel.c **** /**
   9:ZumoLibrary/Accel.c **** * @brief    Converting raw value
  10:ZumoLibrary/Accel.c **** * @details  Converting raw value
  11:ZumoLibrary/Accel.c **** * @param    uint16 X_AXIS : X axis value
  12:ZumoLibrary/Accel.c **** * @param    uint16 Y_AXIS : Y axis value
  13:ZumoLibrary/Accel.c **** * @param    uint16 Z_AXIS : Z axis value
  14:ZumoLibrary/Accel.c **** */
  15:ZumoLibrary/Accel.c **** void value_convert_accel(uint16 X_AXIS, uint16 Y_AXIS, uint16 Z_AXIS)
  16:ZumoLibrary/Accel.c **** {
  28              		.loc 1 16 0
  29              		.cfi_startproc
  30              		@ args = 0, pretend = 0, frame = 0
  31              		@ frame_needed = 0, uses_anonymous_args = 0
  32              	.LVL0:
  33 0000 F8B5     		push	{r3, r4, r5, r6, r7, lr}
  34              		.cfi_def_cfa_offset 24
  35              		.cfi_offset 3, -24
  36              		.cfi_offset 4, -20
  37              		.cfi_offset 5, -16
  38              		.cfi_offset 6, -12
  39              		.cfi_offset 7, -8
  40              		.cfi_offset 14, -4
  41 0002 0646     		mov	r6, r0
ARM GAS  C:\Users\NHANPH~1\AppData\Local\Temp\cclQXSna.s 			page 2


  42 0004 0F46     		mov	r7, r1
  17:ZumoLibrary/Accel.c ****     double AccXangle, AccYangle;
  18:ZumoLibrary/Accel.c ****    
  19:ZumoLibrary/Accel.c ****     AccXangle = (float) (atan2(Y_AXIS, Z_AXIS)+M_PI) *180 / M_PI;
  43              		.loc 1 19 0
  44 0006 1046     		mov	r0, r2
  45              	.LVL1:
  46 0008 FFF7FEFF 		bl	__aeabi_ui2d
  47              	.LVL2:
  48 000c 0446     		mov	r4, r0
  49 000e 0D46     		mov	r5, r1
  50 0010 3846     		mov	r0, r7
  51 0012 FFF7FEFF 		bl	__aeabi_ui2d
  52              	.LVL3:
  53 0016 2246     		mov	r2, r4
  54 0018 2B46     		mov	r3, r5
  55 001a FFF7FEFF 		bl	atan2
  56              	.LVL4:
  20:ZumoLibrary/Accel.c ****     AccYangle = (float) (atan2(Z_AXIS, X_AXIS)+M_PI) *180 / M_PI;
  57              		.loc 1 20 0
  58 001e 3046     		mov	r0, r6
  59 0020 FFF7FEFF 		bl	__aeabi_ui2d
  60              	.LVL5:
  61 0024 0246     		mov	r2, r0
  62 0026 0B46     		mov	r3, r1
  63 0028 2046     		mov	r0, r4
  64 002a 2946     		mov	r1, r5
  65 002c FFF7FEFF 		bl	atan2
  66              	.LVL6:
  67 0030 F8BD     		pop	{r3, r4, r5, r6, r7, pc}
  68              		.cfi_endproc
  69              	.LFE63:
  70              		.size	value_convert_accel, .-value_convert_accel
  71 0032 00BF     		.text
  72              	.Letext0:
  73              		.file 2 "c:\\program files (x86)\\cypress\\psoc creator\\4.0\\psoc creator\\import\\gnu\\arm\\4.9.
  74              		.file 3 "c:\\program files (x86)\\cypress\\psoc creator\\4.0\\psoc creator\\import\\gnu\\arm\\4.9.
  75              		.file 4 "Generated_Source\\PSoC5/cytypes.h"
  76              		.file 5 "Generated_Source\\PSoC5/core_cm3.h"
  77              		.file 6 "c:\\program files (x86)\\cypress\\psoc creator\\4.0\\psoc creator\\import\\gnu\\arm\\4.9.
  78              		.section	.debug_info,"",%progbits
  79              	.Ldebug_info0:
  80 0000 3F010000 		.4byte	0x13f
  81 0004 0400     		.2byte	0x4
  82 0006 00000000 		.4byte	.Ldebug_abbrev0
  83 000a 04       		.byte	0x4
  84 000b 01       		.uleb128 0x1
  85 000c A1000000 		.4byte	.LASF22
  86 0010 01       		.byte	0x1
  87 0011 2F010000 		.4byte	.LASF23
  88 0015 58010000 		.4byte	.LASF24
  89 0019 00000000 		.4byte	.Ldebug_ranges0+0
  90 001d 00000000 		.4byte	0
  91 0021 00000000 		.4byte	.Ldebug_line0
  92 0025 02       		.uleb128 0x2
  93 0026 01       		.byte	0x1
  94 0027 06       		.byte	0x6
ARM GAS  C:\Users\NHANPH~1\AppData\Local\Temp\cclQXSna.s 			page 3


  95 0028 93010000 		.4byte	.LASF0
  96 002c 02       		.uleb128 0x2
  97 002d 01       		.byte	0x1
  98 002e 08       		.byte	0x8
  99 002f 2F000000 		.4byte	.LASF1
 100 0033 02       		.uleb128 0x2
 101 0034 02       		.byte	0x2
 102 0035 05       		.byte	0x5
 103 0036 C8010000 		.4byte	.LASF2
 104 003a 02       		.uleb128 0x2
 105 003b 02       		.byte	0x2
 106 003c 07       		.byte	0x7
 107 003d 8E000000 		.4byte	.LASF3
 108 0041 03       		.uleb128 0x3
 109 0042 AB010000 		.4byte	.LASF9
 110 0046 02       		.byte	0x2
 111 0047 3F       		.byte	0x3f
 112 0048 4C000000 		.4byte	0x4c
 113 004c 02       		.uleb128 0x2
 114 004d 04       		.byte	0x4
 115 004e 05       		.byte	0x5
 116 004f 48010000 		.4byte	.LASF4
 117 0053 02       		.uleb128 0x2
 118 0054 04       		.byte	0x4
 119 0055 07       		.byte	0x7
 120 0056 65000000 		.4byte	.LASF5
 121 005a 02       		.uleb128 0x2
 122 005b 08       		.byte	0x8
 123 005c 05       		.byte	0x5
 124 005d 00000000 		.4byte	.LASF6
 125 0061 02       		.uleb128 0x2
 126 0062 08       		.byte	0x8
 127 0063 07       		.byte	0x7
 128 0064 77000000 		.4byte	.LASF7
 129 0068 04       		.uleb128 0x4
 130 0069 04       		.byte	0x4
 131 006a 05       		.byte	0x5
 132 006b 696E7400 		.ascii	"int\000"
 133 006f 02       		.uleb128 0x2
 134 0070 04       		.byte	0x4
 135 0071 07       		.byte	0x7
 136 0072 22000000 		.4byte	.LASF8
 137 0076 03       		.uleb128 0x3
 138 0077 D9010000 		.4byte	.LASF10
 139 007b 03       		.byte	0x3
 140 007c 2C       		.byte	0x2c
 141 007d 41000000 		.4byte	0x41
 142 0081 05       		.uleb128 0x5
 143 0082 D2010000 		.4byte	.LASF11
 144 0086 04       		.byte	0x4
 145 0087 9301     		.2byte	0x193
 146 0089 3A000000 		.4byte	0x3a
 147 008d 02       		.uleb128 0x2
 148 008e 04       		.byte	0x4
 149 008f 04       		.byte	0x4
 150 0090 B5010000 		.4byte	.LASF12
 151 0094 02       		.uleb128 0x2
ARM GAS  C:\Users\NHANPH~1\AppData\Local\Temp\cclQXSna.s 			page 4


 152 0095 08       		.byte	0x8
 153 0096 04       		.byte	0x4
 154 0097 51010000 		.4byte	.LASF13
 155 009b 02       		.uleb128 0x2
 156 009c 01       		.byte	0x1
 157 009d 08       		.byte	0x8
 158 009e 43010000 		.4byte	.LASF14
 159 00a2 02       		.uleb128 0x2
 160 00a3 04       		.byte	0x4
 161 00a4 07       		.byte	0x7
 162 00a5 E1010000 		.4byte	.LASF15
 163 00a9 02       		.uleb128 0x2
 164 00aa 08       		.byte	0x8
 165 00ab 04       		.byte	0x4
 166 00ac 9F010000 		.4byte	.LASF16
 167 00b0 06       		.uleb128 0x6
 168 00b1 3D000000 		.4byte	.LASF25
 169 00b5 01       		.byte	0x1
 170 00b6 0F       		.byte	0xf
 171 00b7 00000000 		.4byte	.LFB63
 172 00bb 32000000 		.4byte	.LFE63-.LFB63
 173 00bf 01       		.uleb128 0x1
 174 00c0 9C       		.byte	0x9c
 175 00c1 1B010000 		.4byte	0x11b
 176 00c5 07       		.uleb128 0x7
 177 00c6 0E000000 		.4byte	.LASF17
 178 00ca 01       		.byte	0x1
 179 00cb 0F       		.byte	0xf
 180 00cc 81000000 		.4byte	0x81
 181 00d0 00000000 		.4byte	.LLST0
 182 00d4 07       		.uleb128 0x7
 183 00d5 BB010000 		.4byte	.LASF18
 184 00d9 01       		.byte	0x1
 185 00da 0F       		.byte	0xf
 186 00db 81000000 		.4byte	0x81
 187 00df 21000000 		.4byte	.LLST1
 188 00e3 07       		.uleb128 0x7
 189 00e4 EA010000 		.4byte	.LASF19
 190 00e8 01       		.byte	0x1
 191 00e9 0F       		.byte	0xf
 192 00ea 81000000 		.4byte	0x81
 193 00ee 42000000 		.4byte	.LLST2
 194 00f2 08       		.uleb128 0x8
 195 00f3 51000000 		.4byte	.LASF20
 196 00f7 01       		.byte	0x1
 197 00f8 11       		.byte	0x11
 198 00f9 94000000 		.4byte	0x94
 199 00fd 08       		.uleb128 0x8
 200 00fe 5B000000 		.4byte	.LASF21
 201 0102 01       		.byte	0x1
 202 0103 11       		.byte	0x11
 203 0104 94000000 		.4byte	0x94
 204 0108 09       		.uleb128 0x9
 205 0109 1E000000 		.4byte	.LVL4
 206 010d 2C010000 		.4byte	0x12c
 207 0111 09       		.uleb128 0x9
 208 0112 30000000 		.4byte	.LVL6
ARM GAS  C:\Users\NHANPH~1\AppData\Local\Temp\cclQXSna.s 			page 5


 209 0116 2C010000 		.4byte	0x12c
 210 011a 00       		.byte	0
 211 011b 0A       		.uleb128 0xa
 212 011c 15000000 		.4byte	.LASF26
 213 0120 05       		.byte	0x5
 214 0121 9606     		.2byte	0x696
 215 0123 27010000 		.4byte	0x127
 216 0127 0B       		.uleb128 0xb
 217 0128 76000000 		.4byte	0x76
 218 012c 0C       		.uleb128 0xc
 219 012d C2010000 		.4byte	.LASF27
 220 0131 06       		.byte	0x6
 221 0132 7E       		.byte	0x7e
 222 0133 94000000 		.4byte	0x94
 223 0137 0D       		.uleb128 0xd
 224 0138 94000000 		.4byte	0x94
 225 013c 0D       		.uleb128 0xd
 226 013d 94000000 		.4byte	0x94
 227 0141 00       		.byte	0
 228 0142 00       		.byte	0
 229              		.section	.debug_abbrev,"",%progbits
 230              	.Ldebug_abbrev0:
 231 0000 01       		.uleb128 0x1
 232 0001 11       		.uleb128 0x11
 233 0002 01       		.byte	0x1
 234 0003 25       		.uleb128 0x25
 235 0004 0E       		.uleb128 0xe
 236 0005 13       		.uleb128 0x13
 237 0006 0B       		.uleb128 0xb
 238 0007 03       		.uleb128 0x3
 239 0008 0E       		.uleb128 0xe
 240 0009 1B       		.uleb128 0x1b
 241 000a 0E       		.uleb128 0xe
 242 000b 55       		.uleb128 0x55
 243 000c 17       		.uleb128 0x17
 244 000d 11       		.uleb128 0x11
 245 000e 01       		.uleb128 0x1
 246 000f 10       		.uleb128 0x10
 247 0010 17       		.uleb128 0x17
 248 0011 00       		.byte	0
 249 0012 00       		.byte	0
 250 0013 02       		.uleb128 0x2
 251 0014 24       		.uleb128 0x24
 252 0015 00       		.byte	0
 253 0016 0B       		.uleb128 0xb
 254 0017 0B       		.uleb128 0xb
 255 0018 3E       		.uleb128 0x3e
 256 0019 0B       		.uleb128 0xb
 257 001a 03       		.uleb128 0x3
 258 001b 0E       		.uleb128 0xe
 259 001c 00       		.byte	0
 260 001d 00       		.byte	0
 261 001e 03       		.uleb128 0x3
 262 001f 16       		.uleb128 0x16
 263 0020 00       		.byte	0
 264 0021 03       		.uleb128 0x3
 265 0022 0E       		.uleb128 0xe
ARM GAS  C:\Users\NHANPH~1\AppData\Local\Temp\cclQXSna.s 			page 6


 266 0023 3A       		.uleb128 0x3a
 267 0024 0B       		.uleb128 0xb
 268 0025 3B       		.uleb128 0x3b
 269 0026 0B       		.uleb128 0xb
 270 0027 49       		.uleb128 0x49
 271 0028 13       		.uleb128 0x13
 272 0029 00       		.byte	0
 273 002a 00       		.byte	0
 274 002b 04       		.uleb128 0x4
 275 002c 24       		.uleb128 0x24
 276 002d 00       		.byte	0
 277 002e 0B       		.uleb128 0xb
 278 002f 0B       		.uleb128 0xb
 279 0030 3E       		.uleb128 0x3e
 280 0031 0B       		.uleb128 0xb
 281 0032 03       		.uleb128 0x3
 282 0033 08       		.uleb128 0x8
 283 0034 00       		.byte	0
 284 0035 00       		.byte	0
 285 0036 05       		.uleb128 0x5
 286 0037 16       		.uleb128 0x16
 287 0038 00       		.byte	0
 288 0039 03       		.uleb128 0x3
 289 003a 0E       		.uleb128 0xe
 290 003b 3A       		.uleb128 0x3a
 291 003c 0B       		.uleb128 0xb
 292 003d 3B       		.uleb128 0x3b
 293 003e 05       		.uleb128 0x5
 294 003f 49       		.uleb128 0x49
 295 0040 13       		.uleb128 0x13
 296 0041 00       		.byte	0
 297 0042 00       		.byte	0
 298 0043 06       		.uleb128 0x6
 299 0044 2E       		.uleb128 0x2e
 300 0045 01       		.byte	0x1
 301 0046 3F       		.uleb128 0x3f
 302 0047 19       		.uleb128 0x19
 303 0048 03       		.uleb128 0x3
 304 0049 0E       		.uleb128 0xe
 305 004a 3A       		.uleb128 0x3a
 306 004b 0B       		.uleb128 0xb
 307 004c 3B       		.uleb128 0x3b
 308 004d 0B       		.uleb128 0xb
 309 004e 27       		.uleb128 0x27
 310 004f 19       		.uleb128 0x19
 311 0050 11       		.uleb128 0x11
 312 0051 01       		.uleb128 0x1
 313 0052 12       		.uleb128 0x12
 314 0053 06       		.uleb128 0x6
 315 0054 40       		.uleb128 0x40
 316 0055 18       		.uleb128 0x18
 317 0056 9642     		.uleb128 0x2116
 318 0058 19       		.uleb128 0x19
 319 0059 01       		.uleb128 0x1
 320 005a 13       		.uleb128 0x13
 321 005b 00       		.byte	0
 322 005c 00       		.byte	0
ARM GAS  C:\Users\NHANPH~1\AppData\Local\Temp\cclQXSna.s 			page 7


 323 005d 07       		.uleb128 0x7
 324 005e 05       		.uleb128 0x5
 325 005f 00       		.byte	0
 326 0060 03       		.uleb128 0x3
 327 0061 0E       		.uleb128 0xe
 328 0062 3A       		.uleb128 0x3a
 329 0063 0B       		.uleb128 0xb
 330 0064 3B       		.uleb128 0x3b
 331 0065 0B       		.uleb128 0xb
 332 0066 49       		.uleb128 0x49
 333 0067 13       		.uleb128 0x13
 334 0068 02       		.uleb128 0x2
 335 0069 17       		.uleb128 0x17
 336 006a 00       		.byte	0
 337 006b 00       		.byte	0
 338 006c 08       		.uleb128 0x8
 339 006d 34       		.uleb128 0x34
 340 006e 00       		.byte	0
 341 006f 03       		.uleb128 0x3
 342 0070 0E       		.uleb128 0xe
 343 0071 3A       		.uleb128 0x3a
 344 0072 0B       		.uleb128 0xb
 345 0073 3B       		.uleb128 0x3b
 346 0074 0B       		.uleb128 0xb
 347 0075 49       		.uleb128 0x49
 348 0076 13       		.uleb128 0x13
 349 0077 00       		.byte	0
 350 0078 00       		.byte	0
 351 0079 09       		.uleb128 0x9
 352 007a 898201   		.uleb128 0x4109
 353 007d 00       		.byte	0
 354 007e 11       		.uleb128 0x11
 355 007f 01       		.uleb128 0x1
 356 0080 31       		.uleb128 0x31
 357 0081 13       		.uleb128 0x13
 358 0082 00       		.byte	0
 359 0083 00       		.byte	0
 360 0084 0A       		.uleb128 0xa
 361 0085 34       		.uleb128 0x34
 362 0086 00       		.byte	0
 363 0087 03       		.uleb128 0x3
 364 0088 0E       		.uleb128 0xe
 365 0089 3A       		.uleb128 0x3a
 366 008a 0B       		.uleb128 0xb
 367 008b 3B       		.uleb128 0x3b
 368 008c 05       		.uleb128 0x5
 369 008d 49       		.uleb128 0x49
 370 008e 13       		.uleb128 0x13
 371 008f 3F       		.uleb128 0x3f
 372 0090 19       		.uleb128 0x19
 373 0091 3C       		.uleb128 0x3c
 374 0092 19       		.uleb128 0x19
 375 0093 00       		.byte	0
 376 0094 00       		.byte	0
 377 0095 0B       		.uleb128 0xb
 378 0096 35       		.uleb128 0x35
 379 0097 00       		.byte	0
ARM GAS  C:\Users\NHANPH~1\AppData\Local\Temp\cclQXSna.s 			page 8


 380 0098 49       		.uleb128 0x49
 381 0099 13       		.uleb128 0x13
 382 009a 00       		.byte	0
 383 009b 00       		.byte	0
 384 009c 0C       		.uleb128 0xc
 385 009d 2E       		.uleb128 0x2e
 386 009e 01       		.byte	0x1
 387 009f 3F       		.uleb128 0x3f
 388 00a0 19       		.uleb128 0x19
 389 00a1 03       		.uleb128 0x3
 390 00a2 0E       		.uleb128 0xe
 391 00a3 3A       		.uleb128 0x3a
 392 00a4 0B       		.uleb128 0xb
 393 00a5 3B       		.uleb128 0x3b
 394 00a6 0B       		.uleb128 0xb
 395 00a7 27       		.uleb128 0x27
 396 00a8 19       		.uleb128 0x19
 397 00a9 49       		.uleb128 0x49
 398 00aa 13       		.uleb128 0x13
 399 00ab 3C       		.uleb128 0x3c
 400 00ac 19       		.uleb128 0x19
 401 00ad 00       		.byte	0
 402 00ae 00       		.byte	0
 403 00af 0D       		.uleb128 0xd
 404 00b0 05       		.uleb128 0x5
 405 00b1 00       		.byte	0
 406 00b2 49       		.uleb128 0x49
 407 00b3 13       		.uleb128 0x13
 408 00b4 00       		.byte	0
 409 00b5 00       		.byte	0
 410 00b6 00       		.byte	0
 411              		.section	.debug_loc,"",%progbits
 412              	.Ldebug_loc0:
 413              	.LLST0:
 414 0000 00000000 		.4byte	.LVL0
 415 0004 08000000 		.4byte	.LVL1
 416 0008 0100     		.2byte	0x1
 417 000a 50       		.byte	0x50
 418 000b 08000000 		.4byte	.LVL1
 419 000f 32000000 		.4byte	.LFE63
 420 0013 0400     		.2byte	0x4
 421 0015 F3       		.byte	0xf3
 422 0016 01       		.uleb128 0x1
 423 0017 50       		.byte	0x50
 424 0018 9F       		.byte	0x9f
 425 0019 00000000 		.4byte	0
 426 001d 00000000 		.4byte	0
 427              	.LLST1:
 428 0021 00000000 		.4byte	.LVL0
 429 0025 0B000000 		.4byte	.LVL2-1
 430 0029 0100     		.2byte	0x1
 431 002b 51       		.byte	0x51
 432 002c 0B000000 		.4byte	.LVL2-1
 433 0030 32000000 		.4byte	.LFE63
 434 0034 0400     		.2byte	0x4
 435 0036 F3       		.byte	0xf3
 436 0037 01       		.uleb128 0x1
ARM GAS  C:\Users\NHANPH~1\AppData\Local\Temp\cclQXSna.s 			page 9


 437 0038 51       		.byte	0x51
 438 0039 9F       		.byte	0x9f
 439 003a 00000000 		.4byte	0
 440 003e 00000000 		.4byte	0
 441              	.LLST2:
 442 0042 00000000 		.4byte	.LVL0
 443 0046 0B000000 		.4byte	.LVL2-1
 444 004a 0100     		.2byte	0x1
 445 004c 52       		.byte	0x52
 446 004d 0B000000 		.4byte	.LVL2-1
 447 0051 32000000 		.4byte	.LFE63
 448 0055 0400     		.2byte	0x4
 449 0057 F3       		.byte	0xf3
 450 0058 01       		.uleb128 0x1
 451 0059 52       		.byte	0x52
 452 005a 9F       		.byte	0x9f
 453 005b 00000000 		.4byte	0
 454 005f 00000000 		.4byte	0
 455              		.section	.debug_aranges,"",%progbits
 456 0000 1C000000 		.4byte	0x1c
 457 0004 0200     		.2byte	0x2
 458 0006 00000000 		.4byte	.Ldebug_info0
 459 000a 04       		.byte	0x4
 460 000b 00       		.byte	0
 461 000c 0000     		.2byte	0
 462 000e 0000     		.2byte	0
 463 0010 00000000 		.4byte	.LFB63
 464 0014 32000000 		.4byte	.LFE63-.LFB63
 465 0018 00000000 		.4byte	0
 466 001c 00000000 		.4byte	0
 467              		.section	.debug_ranges,"",%progbits
 468              	.Ldebug_ranges0:
 469 0000 00000000 		.4byte	.LFB63
 470 0004 32000000 		.4byte	.LFE63
 471 0008 00000000 		.4byte	0
 472 000c 00000000 		.4byte	0
 473              		.section	.debug_line,"",%progbits
 474              	.Ldebug_line0:
 475 0000 75010000 		.section	.debug_str,"MS",%progbits,1
 475      02005E01 
 475      00000201 
 475      FB0E0D00 
 475      01010101 
 476              	.LASF6:
 477 0000 6C6F6E67 		.ascii	"long long int\000"
 477      206C6F6E 
 477      6720696E 
 477      7400
 478              	.LASF17:
 479 000e 585F4158 		.ascii	"X_AXIS\000"
 479      495300
 480              	.LASF26:
 481 0015 49544D5F 		.ascii	"ITM_RxBuffer\000"
 481      52784275 
 481      66666572 
 481      00
 482              	.LASF8:
ARM GAS  C:\Users\NHANPH~1\AppData\Local\Temp\cclQXSna.s 			page 10


 483 0022 756E7369 		.ascii	"unsigned int\000"
 483      676E6564 
 483      20696E74 
 483      00
 484              	.LASF1:
 485 002f 756E7369 		.ascii	"unsigned char\000"
 485      676E6564 
 485      20636861 
 485      7200
 486              	.LASF25:
 487 003d 76616C75 		.ascii	"value_convert_accel\000"
 487      655F636F 
 487      6E766572 
 487      745F6163 
 487      63656C00 
 488              	.LASF20:
 489 0051 41636358 		.ascii	"AccXangle\000"
 489      616E676C 
 489      6500
 490              	.LASF21:
 491 005b 41636359 		.ascii	"AccYangle\000"
 491      616E676C 
 491      6500
 492              	.LASF5:
 493 0065 6C6F6E67 		.ascii	"long unsigned int\000"
 493      20756E73 
 493      69676E65 
 493      6420696E 
 493      7400
 494              	.LASF7:
 495 0077 6C6F6E67 		.ascii	"long long unsigned int\000"
 495      206C6F6E 
 495      6720756E 
 495      7369676E 
 495      65642069 
 496              	.LASF3:
 497 008e 73686F72 		.ascii	"short unsigned int\000"
 497      7420756E 
 497      7369676E 
 497      65642069 
 497      6E7400
 498              	.LASF22:
 499 00a1 474E5520 		.ascii	"GNU C 4.9.3 20150303 (release) [ARM/embedded-4_9-br"
 499      4320342E 
 499      392E3320 
 499      32303135 
 499      30333033 
 500 00d4 616E6368 		.ascii	"anch revision 221220] -mcpu=cortex-m3 -mthumb -g -O"
 500      20726576 
 500      6973696F 
 500      6E203232 
 500      31323230 
 501 0107 67202D66 		.ascii	"g -ffunction-sections -ffat-lto-objects\000"
 501      66756E63 
 501      74696F6E 
 501      2D736563 
 501      74696F6E 
ARM GAS  C:\Users\NHANPH~1\AppData\Local\Temp\cclQXSna.s 			page 11


 502              	.LASF23:
 503 012f 5A756D6F 		.ascii	"ZumoLibrary\\Accel.c\000"
 503      4C696272 
 503      6172795C 
 503      41636365 
 503      6C2E6300 
 504              	.LASF14:
 505 0143 63686172 		.ascii	"char\000"
 505      00
 506              	.LASF4:
 507 0148 6C6F6E67 		.ascii	"long int\000"
 507      20696E74 
 507      00
 508              	.LASF13:
 509 0151 646F7562 		.ascii	"double\000"
 509      6C6500
 510              	.LASF24:
 511 0158 433A5C55 		.ascii	"C:\\Users\\Nhan Phan\\Desktop\\CProjects\\Zumobot\\"
 511      73657273 
 511      5C4E6861 
 511      6E205068 
 511      616E5C44 
 512 0185 5A756D6F 		.ascii	"ZumoBot.cydsn\000"
 512      426F742E 
 512      63796473 
 512      6E00
 513              	.LASF0:
 514 0193 7369676E 		.ascii	"signed char\000"
 514      65642063 
 514      68617200 
 515              	.LASF16:
 516 019f 6C6F6E67 		.ascii	"long double\000"
 516      20646F75 
 516      626C6500 
 517              	.LASF9:
 518 01ab 5F5F696E 		.ascii	"__int32_t\000"
 518      7433325F 
 518      7400
 519              	.LASF12:
 520 01b5 666C6F61 		.ascii	"float\000"
 520      7400
 521              	.LASF18:
 522 01bb 595F4158 		.ascii	"Y_AXIS\000"
 522      495300
 523              	.LASF27:
 524 01c2 6174616E 		.ascii	"atan2\000"
 524      3200
 525              	.LASF2:
 526 01c8 73686F72 		.ascii	"short int\000"
 526      7420696E 
 526      7400
 527              	.LASF11:
 528 01d2 75696E74 		.ascii	"uint16\000"
 528      313600
 529              	.LASF10:
 530 01d9 696E7433 		.ascii	"int32_t\000"
 530      325F7400 
ARM GAS  C:\Users\NHANPH~1\AppData\Local\Temp\cclQXSna.s 			page 12


 531              	.LASF15:
 532 01e1 73697A65 		.ascii	"sizetype\000"
 532      74797065 
 532      00
 533              	.LASF19:
 534 01ea 5A5F4158 		.ascii	"Z_AXIS\000"
 534      495300
 535              		.ident	"GCC: (GNU Tools for ARM Embedded Processors) 4.9.3 20150303 (release) [ARM/embedded-4_9-br
