ARM GAS  C:\Users\NHANPH~1\AppData\Local\Temp\ccBsvLsu.s 			page 1


   1              		.syntax unified
   2              		.cpu cortex-m3
   3              		.fpu softvfp
   4              		.eabi_attribute 20, 1
   5              		.eabi_attribute 21, 1
   6              		.eabi_attribute 23, 3
   7              		.eabi_attribute 24, 1
   8              		.eabi_attribute 25, 1
   9              		.eabi_attribute 26, 1
  10              		.eabi_attribute 30, 1
  11              		.eabi_attribute 34, 1
  12              		.eabi_attribute 18, 4
  13              		.thumb
  14              		.file	"Beep.c"
  15              		.text
  16              	.Ltext0:
  17              		.cfi_sections	.debug_frame
  18              		.section	.text.Beep,"ax",%progbits
  19              		.align	2
  20              		.global	Beep
  21              		.thumb
  22              		.thumb_func
  23              		.type	Beep, %function
  24              	Beep:
  25              	.LFB63:
  26              		.file 1 "ZumoLibrary\\Beep.c"
   1:ZumoLibrary/Beep.c **** /* ========================================
   2:ZumoLibrary/Beep.c ****  *
   3:ZumoLibrary/Beep.c ****  * Copyright YOUR COMPANY, THE YEAR
   4:ZumoLibrary/Beep.c ****  * All Rights Reserved
   5:ZumoLibrary/Beep.c ****  * UNPUBLISHED, LICENSED SOFTWARE.
   6:ZumoLibrary/Beep.c ****  *
   7:ZumoLibrary/Beep.c ****  * CONFIDENTIAL AND PROPRIETARY INFORMATION
   8:ZumoLibrary/Beep.c ****  * WHICH IS THE PROPERTY OF your company.
   9:ZumoLibrary/Beep.c ****  *
  10:ZumoLibrary/Beep.c ****  * ========================================
  11:ZumoLibrary/Beep.c **** */
  12:ZumoLibrary/Beep.c **** #include <project.h>
  13:ZumoLibrary/Beep.c **** #include "Beep.h"
  14:ZumoLibrary/Beep.c **** 
  15:ZumoLibrary/Beep.c **** void Beep(uint32 length, uint8 pitch)
  16:ZumoLibrary/Beep.c **** {
  27              		.loc 1 16 0
  28              		.cfi_startproc
  29              		@ args = 0, pretend = 0, frame = 0
  30              		@ frame_needed = 0, uses_anonymous_args = 0
  31              	.LVL0:
  32 0000 70B5     		push	{r4, r5, r6, lr}
  33              		.cfi_def_cfa_offset 16
  34              		.cfi_offset 4, -16
  35              		.cfi_offset 5, -12
  36              		.cfi_offset 6, -8
  37              		.cfi_offset 14, -4
  38 0002 0546     		mov	r5, r0
  39 0004 0C46     		mov	r4, r1
  17:ZumoLibrary/Beep.c ****     uint8 cmp = pitch / 2;
  40              		.loc 1 17 0
ARM GAS  C:\Users\NHANPH~1\AppData\Local\Temp\ccBsvLsu.s 			page 2


  41 0006 4E08     		lsrs	r6, r1, #1
  42              	.LVL1:
  18:ZumoLibrary/Beep.c ****     Buzzer_PWM_Start();
  43              		.loc 1 18 0
  44 0008 FFF7FEFF 		bl	Buzzer_PWM_Start
  45              	.LVL2:
  19:ZumoLibrary/Beep.c ****     Buzzer_PWM_WriteCompare(cmp);
  46              		.loc 1 19 0
  47 000c 3046     		mov	r0, r6
  48 000e FFF7FEFF 		bl	Buzzer_PWM_WriteCompare
  49              	.LVL3:
  20:ZumoLibrary/Beep.c ****     Buzzer_PWM_WritePeriod(pitch);
  50              		.loc 1 20 0
  51 0012 2046     		mov	r0, r4
  52 0014 FFF7FEFF 		bl	Buzzer_PWM_WritePeriod
  53              	.LVL4:
  21:ZumoLibrary/Beep.c ****     CyDelay(length);
  54              		.loc 1 21 0
  55 0018 2846     		mov	r0, r5
  56 001a FFF7FEFF 		bl	CyDelay
  57              	.LVL5:
  22:ZumoLibrary/Beep.c ****     Buzzer_PWM_Stop();
  58              		.loc 1 22 0
  59 001e FFF7FEFF 		bl	Buzzer_PWM_Stop
  60              	.LVL6:
  61 0022 70BD     		pop	{r4, r5, r6, pc}
  62              		.cfi_endproc
  63              	.LFE63:
  64              		.size	Beep, .-Beep
  65              		.text
  66              	.Letext0:
  67              		.file 2 "c:\\program files (x86)\\cypress\\psoc creator\\4.0\\psoc creator\\import\\gnu\\arm\\4.9.
  68              		.file 3 "c:\\program files (x86)\\cypress\\psoc creator\\4.0\\psoc creator\\import\\gnu\\arm\\4.9.
  69              		.file 4 "Generated_Source\\PSoC5/cytypes.h"
  70              		.file 5 "Generated_Source\\PSoC5/Buzzer_PWM.h"
  71              		.file 6 "Generated_Source\\PSoC5/CyLib.h"
  72              		.file 7 "Generated_Source\\PSoC5/core_cm3.h"
  73              		.section	.debug_info,"",%progbits
  74              	.Ldebug_info0:
  75 0000 93010000 		.4byte	0x193
  76 0004 0400     		.2byte	0x4
  77 0006 00000000 		.4byte	.Ldebug_abbrev0
  78 000a 04       		.byte	0x4
  79 000b 01       		.uleb128 0x1
  80 000c F2000000 		.4byte	.LASF24
  81 0010 01       		.byte	0x1
  82 0011 C4000000 		.4byte	.LASF25
  83 0015 18000000 		.4byte	.LASF26
  84 0019 00000000 		.4byte	.Ldebug_ranges0+0
  85 001d 00000000 		.4byte	0
  86 0021 00000000 		.4byte	.Ldebug_line0
  87 0025 02       		.uleb128 0x2
  88 0026 01       		.byte	0x1
  89 0027 06       		.byte	0x6
  90 0028 F6010000 		.4byte	.LASF0
  91 002c 02       		.uleb128 0x2
  92 002d 01       		.byte	0x1
ARM GAS  C:\Users\NHANPH~1\AppData\Local\Temp\ccBsvLsu.s 			page 3


  93 002e 08       		.byte	0x8
  94 002f 91000000 		.4byte	.LASF1
  95 0033 02       		.uleb128 0x2
  96 0034 02       		.byte	0x2
  97 0035 05       		.byte	0x5
  98 0036 DD010000 		.4byte	.LASF2
  99 003a 02       		.uleb128 0x2
 100 003b 02       		.byte	0x2
 101 003c 07       		.byte	0x7
 102 003d B1000000 		.4byte	.LASF3
 103 0041 03       		.uleb128 0x3
 104 0042 53000000 		.4byte	.LASF9
 105 0046 02       		.byte	0x2
 106 0047 3F       		.byte	0x3f
 107 0048 4C000000 		.4byte	0x4c
 108 004c 02       		.uleb128 0x2
 109 004d 04       		.byte	0x4
 110 004e 05       		.byte	0x5
 111 004f ED010000 		.4byte	.LASF4
 112 0053 02       		.uleb128 0x2
 113 0054 04       		.byte	0x4
 114 0055 07       		.byte	0x7
 115 0056 9F000000 		.4byte	.LASF5
 116 005a 02       		.uleb128 0x2
 117 005b 08       		.byte	0x8
 118 005c 05       		.byte	0x5
 119 005d C4010000 		.4byte	.LASF6
 120 0061 02       		.uleb128 0x2
 121 0062 08       		.byte	0x8
 122 0063 07       		.byte	0x7
 123 0064 7A000000 		.4byte	.LASF7
 124 0068 04       		.uleb128 0x4
 125 0069 04       		.byte	0x4
 126 006a 05       		.byte	0x5
 127 006b 696E7400 		.ascii	"int\000"
 128 006f 02       		.uleb128 0x2
 129 0070 04       		.byte	0x4
 130 0071 07       		.byte	0x7
 131 0072 80010000 		.4byte	.LASF8
 132 0076 03       		.uleb128 0x3
 133 0077 B3010000 		.4byte	.LASF10
 134 007b 03       		.byte	0x3
 135 007c 2C       		.byte	0x2c
 136 007d 41000000 		.4byte	0x41
 137 0081 05       		.uleb128 0x5
 138 0082 E7010000 		.4byte	.LASF11
 139 0086 04       		.byte	0x4
 140 0087 9201     		.2byte	0x192
 141 0089 2C000000 		.4byte	0x2c
 142 008d 05       		.uleb128 0x5
 143 008e EB000000 		.4byte	.LASF12
 144 0092 04       		.byte	0x4
 145 0093 9401     		.2byte	0x194
 146 0095 53000000 		.4byte	0x53
 147 0099 02       		.uleb128 0x2
 148 009a 04       		.byte	0x4
 149 009b 04       		.byte	0x4
ARM GAS  C:\Users\NHANPH~1\AppData\Local\Temp\ccBsvLsu.s 			page 4


 150 009c 74000000 		.4byte	.LASF13
 151 00a0 02       		.uleb128 0x2
 152 00a1 08       		.byte	0x8
 153 00a2 04       		.byte	0x4
 154 00a3 E4000000 		.4byte	.LASF14
 155 00a7 02       		.uleb128 0x2
 156 00a8 01       		.byte	0x1
 157 00a9 08       		.byte	0x8
 158 00aa D2010000 		.4byte	.LASF15
 159 00ae 02       		.uleb128 0x2
 160 00af 04       		.byte	0x4
 161 00b0 07       		.byte	0x7
 162 00b1 BB010000 		.4byte	.LASF16
 163 00b5 06       		.uleb128 0x6
 164 00b6 9D010000 		.4byte	.LASF27
 165 00ba 01       		.byte	0x1
 166 00bb 0F       		.byte	0xf
 167 00bc 00000000 		.4byte	.LFB63
 168 00c0 24000000 		.4byte	.LFE63-.LFB63
 169 00c4 01       		.uleb128 0x1
 170 00c5 9C       		.byte	0x9c
 171 00c6 44010000 		.4byte	0x144
 172 00ca 07       		.uleb128 0x7
 173 00cb 02020000 		.4byte	.LASF17
 174 00cf 01       		.byte	0x1
 175 00d0 0F       		.byte	0xf
 176 00d1 8D000000 		.4byte	0x8d
 177 00d5 00000000 		.4byte	.LLST0
 178 00d9 07       		.uleb128 0x7
 179 00da D7010000 		.4byte	.LASF18
 180 00de 01       		.byte	0x1
 181 00df 0F       		.byte	0xf
 182 00e0 81000000 		.4byte	0x81
 183 00e4 1E000000 		.4byte	.LLST1
 184 00e8 08       		.uleb128 0x8
 185 00e9 636D7000 		.ascii	"cmp\000"
 186 00ed 01       		.byte	0x1
 187 00ee 11       		.byte	0x11
 188 00ef 81000000 		.4byte	0x81
 189 00f3 01       		.uleb128 0x1
 190 00f4 56       		.byte	0x56
 191 00f5 09       		.uleb128 0x9
 192 00f6 0C000000 		.4byte	.LVL2
 193 00fa 55010000 		.4byte	0x155
 194 00fe 0A       		.uleb128 0xa
 195 00ff 12000000 		.4byte	.LVL3
 196 0103 5C010000 		.4byte	0x15c
 197 0107 12010000 		.4byte	0x112
 198 010b 0B       		.uleb128 0xb
 199 010c 01       		.uleb128 0x1
 200 010d 50       		.byte	0x50
 201 010e 02       		.uleb128 0x2
 202 010f 76       		.byte	0x76
 203 0110 00       		.sleb128 0
 204 0111 00       		.byte	0
 205 0112 0A       		.uleb128 0xa
 206 0113 18000000 		.4byte	.LVL4
ARM GAS  C:\Users\NHANPH~1\AppData\Local\Temp\ccBsvLsu.s 			page 5


 207 0117 6D010000 		.4byte	0x16d
 208 011b 26010000 		.4byte	0x126
 209 011f 0B       		.uleb128 0xb
 210 0120 01       		.uleb128 0x1
 211 0121 50       		.byte	0x50
 212 0122 02       		.uleb128 0x2
 213 0123 74       		.byte	0x74
 214 0124 00       		.sleb128 0
 215 0125 00       		.byte	0
 216 0126 0A       		.uleb128 0xa
 217 0127 1E000000 		.4byte	.LVL5
 218 012b 7E010000 		.4byte	0x17e
 219 012f 3A010000 		.4byte	0x13a
 220 0133 0B       		.uleb128 0xb
 221 0134 01       		.uleb128 0x1
 222 0135 50       		.byte	0x50
 223 0136 02       		.uleb128 0x2
 224 0137 75       		.byte	0x75
 225 0138 00       		.sleb128 0
 226 0139 00       		.byte	0
 227 013a 09       		.uleb128 0x9
 228 013b 22000000 		.4byte	.LVL6
 229 013f 8F010000 		.4byte	0x18f
 230 0143 00       		.byte	0
 231 0144 0C       		.uleb128 0xc
 232 0145 D7000000 		.4byte	.LASF28
 233 0149 07       		.byte	0x7
 234 014a 9606     		.2byte	0x696
 235 014c 50010000 		.4byte	0x150
 236 0150 0D       		.uleb128 0xd
 237 0151 76000000 		.4byte	0x76
 238 0155 0E       		.uleb128 0xe
 239 0156 A2010000 		.4byte	.LASF22
 240 015a 05       		.byte	0x5
 241 015b 92       		.byte	0x92
 242 015c 0F       		.uleb128 0xf
 243 015d 00000000 		.4byte	.LASF19
 244 0161 05       		.byte	0x5
 245 0162 C3       		.byte	0xc3
 246 0163 6D010000 		.4byte	0x16d
 247 0167 10       		.uleb128 0x10
 248 0168 81000000 		.4byte	0x81
 249 016c 00       		.byte	0
 250 016d 0F       		.uleb128 0xf
 251 016e 5D000000 		.4byte	.LASF20
 252 0172 05       		.byte	0x5
 253 0173 BE       		.byte	0xbe
 254 0174 7E010000 		.4byte	0x17e
 255 0178 10       		.uleb128 0x10
 256 0179 81000000 		.4byte	0x81
 257 017d 00       		.byte	0
 258 017e 0F       		.uleb128 0xf
 259 017f 09020000 		.4byte	.LASF21
 260 0183 06       		.byte	0x6
 261 0184 76       		.byte	0x76
 262 0185 8F010000 		.4byte	0x18f
 263 0189 10       		.uleb128 0x10
ARM GAS  C:\Users\NHANPH~1\AppData\Local\Temp\ccBsvLsu.s 			page 6


 264 018a 8D000000 		.4byte	0x8d
 265 018e 00       		.byte	0
 266 018f 0E       		.uleb128 0xe
 267 0190 8D010000 		.4byte	.LASF23
 268 0194 05       		.byte	0x5
 269 0195 93       		.byte	0x93
 270 0196 00       		.byte	0
 271              		.section	.debug_abbrev,"",%progbits
 272              	.Ldebug_abbrev0:
 273 0000 01       		.uleb128 0x1
 274 0001 11       		.uleb128 0x11
 275 0002 01       		.byte	0x1
 276 0003 25       		.uleb128 0x25
 277 0004 0E       		.uleb128 0xe
 278 0005 13       		.uleb128 0x13
 279 0006 0B       		.uleb128 0xb
 280 0007 03       		.uleb128 0x3
 281 0008 0E       		.uleb128 0xe
 282 0009 1B       		.uleb128 0x1b
 283 000a 0E       		.uleb128 0xe
 284 000b 55       		.uleb128 0x55
 285 000c 17       		.uleb128 0x17
 286 000d 11       		.uleb128 0x11
 287 000e 01       		.uleb128 0x1
 288 000f 10       		.uleb128 0x10
 289 0010 17       		.uleb128 0x17
 290 0011 00       		.byte	0
 291 0012 00       		.byte	0
 292 0013 02       		.uleb128 0x2
 293 0014 24       		.uleb128 0x24
 294 0015 00       		.byte	0
 295 0016 0B       		.uleb128 0xb
 296 0017 0B       		.uleb128 0xb
 297 0018 3E       		.uleb128 0x3e
 298 0019 0B       		.uleb128 0xb
 299 001a 03       		.uleb128 0x3
 300 001b 0E       		.uleb128 0xe
 301 001c 00       		.byte	0
 302 001d 00       		.byte	0
 303 001e 03       		.uleb128 0x3
 304 001f 16       		.uleb128 0x16
 305 0020 00       		.byte	0
 306 0021 03       		.uleb128 0x3
 307 0022 0E       		.uleb128 0xe
 308 0023 3A       		.uleb128 0x3a
 309 0024 0B       		.uleb128 0xb
 310 0025 3B       		.uleb128 0x3b
 311 0026 0B       		.uleb128 0xb
 312 0027 49       		.uleb128 0x49
 313 0028 13       		.uleb128 0x13
 314 0029 00       		.byte	0
 315 002a 00       		.byte	0
 316 002b 04       		.uleb128 0x4
 317 002c 24       		.uleb128 0x24
 318 002d 00       		.byte	0
 319 002e 0B       		.uleb128 0xb
 320 002f 0B       		.uleb128 0xb
ARM GAS  C:\Users\NHANPH~1\AppData\Local\Temp\ccBsvLsu.s 			page 7


 321 0030 3E       		.uleb128 0x3e
 322 0031 0B       		.uleb128 0xb
 323 0032 03       		.uleb128 0x3
 324 0033 08       		.uleb128 0x8
 325 0034 00       		.byte	0
 326 0035 00       		.byte	0
 327 0036 05       		.uleb128 0x5
 328 0037 16       		.uleb128 0x16
 329 0038 00       		.byte	0
 330 0039 03       		.uleb128 0x3
 331 003a 0E       		.uleb128 0xe
 332 003b 3A       		.uleb128 0x3a
 333 003c 0B       		.uleb128 0xb
 334 003d 3B       		.uleb128 0x3b
 335 003e 05       		.uleb128 0x5
 336 003f 49       		.uleb128 0x49
 337 0040 13       		.uleb128 0x13
 338 0041 00       		.byte	0
 339 0042 00       		.byte	0
 340 0043 06       		.uleb128 0x6
 341 0044 2E       		.uleb128 0x2e
 342 0045 01       		.byte	0x1
 343 0046 3F       		.uleb128 0x3f
 344 0047 19       		.uleb128 0x19
 345 0048 03       		.uleb128 0x3
 346 0049 0E       		.uleb128 0xe
 347 004a 3A       		.uleb128 0x3a
 348 004b 0B       		.uleb128 0xb
 349 004c 3B       		.uleb128 0x3b
 350 004d 0B       		.uleb128 0xb
 351 004e 27       		.uleb128 0x27
 352 004f 19       		.uleb128 0x19
 353 0050 11       		.uleb128 0x11
 354 0051 01       		.uleb128 0x1
 355 0052 12       		.uleb128 0x12
 356 0053 06       		.uleb128 0x6
 357 0054 40       		.uleb128 0x40
 358 0055 18       		.uleb128 0x18
 359 0056 9742     		.uleb128 0x2117
 360 0058 19       		.uleb128 0x19
 361 0059 01       		.uleb128 0x1
 362 005a 13       		.uleb128 0x13
 363 005b 00       		.byte	0
 364 005c 00       		.byte	0
 365 005d 07       		.uleb128 0x7
 366 005e 05       		.uleb128 0x5
 367 005f 00       		.byte	0
 368 0060 03       		.uleb128 0x3
 369 0061 0E       		.uleb128 0xe
 370 0062 3A       		.uleb128 0x3a
 371 0063 0B       		.uleb128 0xb
 372 0064 3B       		.uleb128 0x3b
 373 0065 0B       		.uleb128 0xb
 374 0066 49       		.uleb128 0x49
 375 0067 13       		.uleb128 0x13
 376 0068 02       		.uleb128 0x2
 377 0069 17       		.uleb128 0x17
ARM GAS  C:\Users\NHANPH~1\AppData\Local\Temp\ccBsvLsu.s 			page 8


 378 006a 00       		.byte	0
 379 006b 00       		.byte	0
 380 006c 08       		.uleb128 0x8
 381 006d 34       		.uleb128 0x34
 382 006e 00       		.byte	0
 383 006f 03       		.uleb128 0x3
 384 0070 08       		.uleb128 0x8
 385 0071 3A       		.uleb128 0x3a
 386 0072 0B       		.uleb128 0xb
 387 0073 3B       		.uleb128 0x3b
 388 0074 0B       		.uleb128 0xb
 389 0075 49       		.uleb128 0x49
 390 0076 13       		.uleb128 0x13
 391 0077 02       		.uleb128 0x2
 392 0078 18       		.uleb128 0x18
 393 0079 00       		.byte	0
 394 007a 00       		.byte	0
 395 007b 09       		.uleb128 0x9
 396 007c 898201   		.uleb128 0x4109
 397 007f 00       		.byte	0
 398 0080 11       		.uleb128 0x11
 399 0081 01       		.uleb128 0x1
 400 0082 31       		.uleb128 0x31
 401 0083 13       		.uleb128 0x13
 402 0084 00       		.byte	0
 403 0085 00       		.byte	0
 404 0086 0A       		.uleb128 0xa
 405 0087 898201   		.uleb128 0x4109
 406 008a 01       		.byte	0x1
 407 008b 11       		.uleb128 0x11
 408 008c 01       		.uleb128 0x1
 409 008d 31       		.uleb128 0x31
 410 008e 13       		.uleb128 0x13
 411 008f 01       		.uleb128 0x1
 412 0090 13       		.uleb128 0x13
 413 0091 00       		.byte	0
 414 0092 00       		.byte	0
 415 0093 0B       		.uleb128 0xb
 416 0094 8A8201   		.uleb128 0x410a
 417 0097 00       		.byte	0
 418 0098 02       		.uleb128 0x2
 419 0099 18       		.uleb128 0x18
 420 009a 9142     		.uleb128 0x2111
 421 009c 18       		.uleb128 0x18
 422 009d 00       		.byte	0
 423 009e 00       		.byte	0
 424 009f 0C       		.uleb128 0xc
 425 00a0 34       		.uleb128 0x34
 426 00a1 00       		.byte	0
 427 00a2 03       		.uleb128 0x3
 428 00a3 0E       		.uleb128 0xe
 429 00a4 3A       		.uleb128 0x3a
 430 00a5 0B       		.uleb128 0xb
 431 00a6 3B       		.uleb128 0x3b
 432 00a7 05       		.uleb128 0x5
 433 00a8 49       		.uleb128 0x49
 434 00a9 13       		.uleb128 0x13
ARM GAS  C:\Users\NHANPH~1\AppData\Local\Temp\ccBsvLsu.s 			page 9


 435 00aa 3F       		.uleb128 0x3f
 436 00ab 19       		.uleb128 0x19
 437 00ac 3C       		.uleb128 0x3c
 438 00ad 19       		.uleb128 0x19
 439 00ae 00       		.byte	0
 440 00af 00       		.byte	0
 441 00b0 0D       		.uleb128 0xd
 442 00b1 35       		.uleb128 0x35
 443 00b2 00       		.byte	0
 444 00b3 49       		.uleb128 0x49
 445 00b4 13       		.uleb128 0x13
 446 00b5 00       		.byte	0
 447 00b6 00       		.byte	0
 448 00b7 0E       		.uleb128 0xe
 449 00b8 2E       		.uleb128 0x2e
 450 00b9 00       		.byte	0
 451 00ba 3F       		.uleb128 0x3f
 452 00bb 19       		.uleb128 0x19
 453 00bc 03       		.uleb128 0x3
 454 00bd 0E       		.uleb128 0xe
 455 00be 3A       		.uleb128 0x3a
 456 00bf 0B       		.uleb128 0xb
 457 00c0 3B       		.uleb128 0x3b
 458 00c1 0B       		.uleb128 0xb
 459 00c2 27       		.uleb128 0x27
 460 00c3 19       		.uleb128 0x19
 461 00c4 3C       		.uleb128 0x3c
 462 00c5 19       		.uleb128 0x19
 463 00c6 00       		.byte	0
 464 00c7 00       		.byte	0
 465 00c8 0F       		.uleb128 0xf
 466 00c9 2E       		.uleb128 0x2e
 467 00ca 01       		.byte	0x1
 468 00cb 3F       		.uleb128 0x3f
 469 00cc 19       		.uleb128 0x19
 470 00cd 03       		.uleb128 0x3
 471 00ce 0E       		.uleb128 0xe
 472 00cf 3A       		.uleb128 0x3a
 473 00d0 0B       		.uleb128 0xb
 474 00d1 3B       		.uleb128 0x3b
 475 00d2 0B       		.uleb128 0xb
 476 00d3 27       		.uleb128 0x27
 477 00d4 19       		.uleb128 0x19
 478 00d5 3C       		.uleb128 0x3c
 479 00d6 19       		.uleb128 0x19
 480 00d7 01       		.uleb128 0x1
 481 00d8 13       		.uleb128 0x13
 482 00d9 00       		.byte	0
 483 00da 00       		.byte	0
 484 00db 10       		.uleb128 0x10
 485 00dc 05       		.uleb128 0x5
 486 00dd 00       		.byte	0
 487 00de 49       		.uleb128 0x49
 488 00df 13       		.uleb128 0x13
 489 00e0 00       		.byte	0
 490 00e1 00       		.byte	0
 491 00e2 00       		.byte	0
ARM GAS  C:\Users\NHANPH~1\AppData\Local\Temp\ccBsvLsu.s 			page 10


 492              		.section	.debug_loc,"",%progbits
 493              	.Ldebug_loc0:
 494              	.LLST0:
 495 0000 00000000 		.4byte	.LVL0
 496 0004 0B000000 		.4byte	.LVL2-1
 497 0008 0100     		.2byte	0x1
 498 000a 50       		.byte	0x50
 499 000b 0B000000 		.4byte	.LVL2-1
 500 000f 24000000 		.4byte	.LFE63
 501 0013 0100     		.2byte	0x1
 502 0015 55       		.byte	0x55
 503 0016 00000000 		.4byte	0
 504 001a 00000000 		.4byte	0
 505              	.LLST1:
 506 001e 00000000 		.4byte	.LVL0
 507 0022 0B000000 		.4byte	.LVL2-1
 508 0026 0100     		.2byte	0x1
 509 0028 51       		.byte	0x51
 510 0029 0B000000 		.4byte	.LVL2-1
 511 002d 24000000 		.4byte	.LFE63
 512 0031 0400     		.2byte	0x4
 513 0033 F3       		.byte	0xf3
 514 0034 01       		.uleb128 0x1
 515 0035 51       		.byte	0x51
 516 0036 9F       		.byte	0x9f
 517 0037 00000000 		.4byte	0
 518 003b 00000000 		.4byte	0
 519              		.section	.debug_aranges,"",%progbits
 520 0000 1C000000 		.4byte	0x1c
 521 0004 0200     		.2byte	0x2
 522 0006 00000000 		.4byte	.Ldebug_info0
 523 000a 04       		.byte	0x4
 524 000b 00       		.byte	0
 525 000c 0000     		.2byte	0
 526 000e 0000     		.2byte	0
 527 0010 00000000 		.4byte	.LFB63
 528 0014 24000000 		.4byte	.LFE63-.LFB63
 529 0018 00000000 		.4byte	0
 530 001c 00000000 		.4byte	0
 531              		.section	.debug_ranges,"",%progbits
 532              	.Ldebug_ranges0:
 533 0000 00000000 		.4byte	.LFB63
 534 0004 24000000 		.4byte	.LFE63
 535 0008 00000000 		.4byte	0
 536 000c 00000000 		.4byte	0
 537              		.section	.debug_line,"",%progbits
 538              	.Ldebug_line0:
 539 0000 89010000 		.section	.debug_str,"MS",%progbits,1
 539      02006E01 
 539      00000201 
 539      FB0E0D00 
 539      01010101 
 540              	.LASF19:
 541 0000 42757A7A 		.ascii	"Buzzer_PWM_WriteCompare\000"
 541      65725F50 
 541      574D5F57 
 541      72697465 
ARM GAS  C:\Users\NHANPH~1\AppData\Local\Temp\ccBsvLsu.s 			page 11


 541      436F6D70 
 542              	.LASF26:
 543 0018 433A5C55 		.ascii	"C:\\Users\\Nhan Phan\\Desktop\\CProjects\\Zumobot\\"
 543      73657273 
 543      5C4E6861 
 543      6E205068 
 543      616E5C44 
 544 0045 5A756D6F 		.ascii	"ZumoBot.cydsn\000"
 544      426F742E 
 544      63796473 
 544      6E00
 545              	.LASF9:
 546 0053 5F5F696E 		.ascii	"__int32_t\000"
 546      7433325F 
 546      7400
 547              	.LASF20:
 548 005d 42757A7A 		.ascii	"Buzzer_PWM_WritePeriod\000"
 548      65725F50 
 548      574D5F57 
 548      72697465 
 548      50657269 
 549              	.LASF13:
 550 0074 666C6F61 		.ascii	"float\000"
 550      7400
 551              	.LASF7:
 552 007a 6C6F6E67 		.ascii	"long long unsigned int\000"
 552      206C6F6E 
 552      6720756E 
 552      7369676E 
 552      65642069 
 553              	.LASF1:
 554 0091 756E7369 		.ascii	"unsigned char\000"
 554      676E6564 
 554      20636861 
 554      7200
 555              	.LASF5:
 556 009f 6C6F6E67 		.ascii	"long unsigned int\000"
 556      20756E73 
 556      69676E65 
 556      6420696E 
 556      7400
 557              	.LASF3:
 558 00b1 73686F72 		.ascii	"short unsigned int\000"
 558      7420756E 
 558      7369676E 
 558      65642069 
 558      6E7400
 559              	.LASF25:
 560 00c4 5A756D6F 		.ascii	"ZumoLibrary\\Beep.c\000"
 560      4C696272 
 560      6172795C 
 560      42656570 
 560      2E6300
 561              	.LASF28:
 562 00d7 49544D5F 		.ascii	"ITM_RxBuffer\000"
 562      52784275 
 562      66666572 
ARM GAS  C:\Users\NHANPH~1\AppData\Local\Temp\ccBsvLsu.s 			page 12


 562      00
 563              	.LASF14:
 564 00e4 646F7562 		.ascii	"double\000"
 564      6C6500
 565              	.LASF12:
 566 00eb 75696E74 		.ascii	"uint32\000"
 566      333200
 567              	.LASF24:
 568 00f2 474E5520 		.ascii	"GNU C 4.9.3 20150303 (release) [ARM/embedded-4_9-br"
 568      4320342E 
 568      392E3320 
 568      32303135 
 568      30333033 
 569 0125 616E6368 		.ascii	"anch revision 221220] -mcpu=cortex-m3 -mthumb -g -O"
 569      20726576 
 569      6973696F 
 569      6E203232 
 569      31323230 
 570 0158 67202D66 		.ascii	"g -ffunction-sections -ffat-lto-objects\000"
 570      66756E63 
 570      74696F6E 
 570      2D736563 
 570      74696F6E 
 571              	.LASF8:
 572 0180 756E7369 		.ascii	"unsigned int\000"
 572      676E6564 
 572      20696E74 
 572      00
 573              	.LASF23:
 574 018d 42757A7A 		.ascii	"Buzzer_PWM_Stop\000"
 574      65725F50 
 574      574D5F53 
 574      746F7000 
 575              	.LASF27:
 576 019d 42656570 		.ascii	"Beep\000"
 576      00
 577              	.LASF22:
 578 01a2 42757A7A 		.ascii	"Buzzer_PWM_Start\000"
 578      65725F50 
 578      574D5F53 
 578      74617274 
 578      00
 579              	.LASF10:
 580 01b3 696E7433 		.ascii	"int32_t\000"
 580      325F7400 
 581              	.LASF16:
 582 01bb 73697A65 		.ascii	"sizetype\000"
 582      74797065 
 582      00
 583              	.LASF6:
 584 01c4 6C6F6E67 		.ascii	"long long int\000"
 584      206C6F6E 
 584      6720696E 
 584      7400
 585              	.LASF15:
 586 01d2 63686172 		.ascii	"char\000"
 586      00
ARM GAS  C:\Users\NHANPH~1\AppData\Local\Temp\ccBsvLsu.s 			page 13


 587              	.LASF18:
 588 01d7 70697463 		.ascii	"pitch\000"
 588      6800
 589              	.LASF2:
 590 01dd 73686F72 		.ascii	"short int\000"
 590      7420696E 
 590      7400
 591              	.LASF11:
 592 01e7 75696E74 		.ascii	"uint8\000"
 592      3800
 593              	.LASF4:
 594 01ed 6C6F6E67 		.ascii	"long int\000"
 594      20696E74 
 594      00
 595              	.LASF0:
 596 01f6 7369676E 		.ascii	"signed char\000"
 596      65642063 
 596      68617200 
 597              	.LASF17:
 598 0202 6C656E67 		.ascii	"length\000"
 598      746800
 599              	.LASF21:
 600 0209 43794465 		.ascii	"CyDelay\000"
 600      6C617900 
 601              		.ident	"GCC: (GNU Tools for ARM Embedded Processors) 4.9.3 20150303 (release) [ARM/embedded-4_9-br
