--------------- Build Started: 05/10/2017 11:03:30 Project: ZumoBot, Configuration: ARM GCC 4.9-2015-q1-update Debug ---------------
The code generation step is up to date.
arm-none-eabi-gcc.exe -mcpu=cortex-m3 -mthumb -I.\ZumoLibrary -I. -IGenerated_Source\PSoC5 -Wa,-alh=.\CortexM3\ARM_GCC_493\Debug/main.lst -g -D DEBUG -Wall -ffunction-sections -Og -ffat-lto-objects -c main.c -o .\CortexM3\ARM_GCC_493\Debug\main.o
main.c: In function 'main':
main.c:68:57: warning: unused variable 'lastBlack' [-Wunused-variable]
     uint8_t detect = 0, countdown = 100, checkStop = 0, lastBlack = 0;
                                                         ^
main.c:68:42: warning: unused variable 'checkStop' [-Wunused-variable]
     uint8_t detect = 0, countdown = 100, checkStop = 0, lastBlack = 0;
                                          ^
main.c:68:25: warning: unused variable 'countdown' [-Wunused-variable]
     uint8_t detect = 0, countdown = 100, checkStop = 0, lastBlack = 0;
                         ^
main.c:68:13: warning: unused variable 'detect' [-Wunused-variable]
     uint8_t detect = 0, countdown = 100, checkStop = 0, lastBlack = 0;
             ^
arm-none-eabi-ar.exe -rs .\CortexM3\ARM_GCC_493\Debug\ZumoBot.a .\CortexM3\ARM_GCC_493\Debug\cyfitter_cfg.o .\CortexM3\ARM_GCC_493\Debug\PWM.o .\CortexM3\ARM_GCC_493\Debug\PWM_PM.o .\CortexM3\ARM_GCC_493\Debug\Clock_1.o .\CortexM3\ARM_GCC_493\Debug\SDA_1.o .\CortexM3\ARM_GCC_493\Debug\SCL_1.o .\CortexM3\ARM_GCC_493\Debug\I2C.o .\CortexM3\ARM_GCC_493\Debug\I2C_BOOT.o .\CortexM3\ARM_GCC_493\Debug\I2C_INT.o .\CortexM3\ARM_GCC_493\Debug\I2C_PM.o .\CortexM3\ARM_GCC_493\Debug\I2C_SLAVE.o .\CortexM3\ARM_GCC_493\Debug\I2C_MASTER.o .\CortexM3\ARM_GCC_493\Debug\CyDmac.o .\CortexM3\ARM_GCC_493\Debug\CyFlash.o .\CortexM3\ARM_GCC_493\Debug\CyLib.o .\CortexM3\ARM_GCC_493\Debug\cyPm.o .\CortexM3\ARM_GCC_493\Debug\CySpc.o .\CortexM3\ARM_GCC_493\Debug\cyutils.o .\CortexM3\ARM_GCC_493\Debug\MotorPwmLeft.o .\CortexM3\ARM_GCC_493\Debug\MotorPwmRight.o .\CortexM3\ARM_GCC_493\Debug\MotorDirLeft.o .\CortexM3\ARM_GCC_493\Debug\MotorDirRight.o .\CortexM3\ARM_GCC_493\Debug\Timer_1.o .\CortexM3\ARM_GCC_493\Debug\Timer_1_PM.o .\CortexM3\ARM_GCC_493\Debug\IR_led.o .\CortexM3\ARM_GCC_493\Debug\sensor_isr.o .\CortexM3\ARM_GCC_493\Debug\UART_1.o .\CortexM3\ARM_GCC_493\Debug\UART_1_PM.o .\CortexM3\ARM_GCC_493\Debug\UART_1_INT.o .\CortexM3\ARM_GCC_493\Debug\UART_1_BOOT.o .\CortexM3\ARM_GCC_493\Debug\Battery_pin.o .\CortexM3\ARM_GCC_493\Debug\ADC_Battery.o .\CortexM3\ARM_GCC_493\Debug\ADC_Battery_INT.o .\CortexM3\ARM_GCC_493\Debug\ADC_Battery_PM.o .\CortexM3\ARM_GCC_493\Debug\BatteryLed.o .\CortexM3\ARM_GCC_493\Debug\IR_receiver.o .\CortexM3\ARM_GCC_493\Debug\Trig.o .\CortexM3\ARM_GCC_493\Debug\timer_clock_4.o .\CortexM3\ARM_GCC_493\Debug\Timer.o .\CortexM3\ARM_GCC_493\Debug\Timer_PM.o .\CortexM3\ARM_GCC_493\Debug\Echo.o .\CortexM3\ARM_GCC_493\Debug\ultra_isr.o .\CortexM3\ARM_GCC_493\Debug\UART_1_IntClock.o .\CortexM3\ARM_GCC_493\Debug\ADC_Battery_IRQ.o .\CortexM3\ARM_GCC_493\Debug\ADC_Battery_theACLK.o .\CortexM3\ARM_GCC_493\Debug\ADC_Battery_Bypass.o .\CortexM3\ARM_GCC_493\Debug\Buzzer.o .\CortexM3\ARM_GCC_493\Debug\Buzzer_PWM.o .\CortexM3\ARM_GCC_493\Debug\Buzzer_PWM_PM.o .\CortexM3\ARM_GCC_493\Debug\Clock_2.o .\CortexM3\ARM_GCC_493\Debug\timer_clock_5.o .\CortexM3\ARM_GCC_493\Debug\L3.o .\CortexM3\ARM_GCC_493\Debug\Timer_L3.o .\CortexM3\ARM_GCC_493\Debug\Timer_L3_PM.o .\CortexM3\ARM_GCC_493\Debug\Timer_R3.o .\CortexM3\ARM_GCC_493\Debug\Timer_R3_PM.o .\CortexM3\ARM_GCC_493\Debug\Timer_R1.o .\CortexM3\ARM_GCC_493\Debug\Timer_R1_PM.o .\CortexM3\ARM_GCC_493\Debug\R1.o .\CortexM3\ARM_GCC_493\Debug\R3.o .\CortexM3\ARM_GCC_493\Debug\Timer_L1.o .\CortexM3\ARM_GCC_493\Debug\Timer_L1_PM.o .\CortexM3\ARM_GCC_493\Debug\L1.o .\CortexM3\ARM_GCC_493\Debug\SW1.o .\CortexM3\ARM_GCC_493\Debug\CyBootAsmGnu.o
arm-none-eabi-ar.exe: creating .\CortexM3\ARM_GCC_493\Debug\ZumoBot.a
arm-none-eabi-gcc.exe -Wl,--start-group -o .\CortexM3\ARM_GCC_493\Debug\ZumoBot.elf .\CortexM3\ARM_GCC_493\Debug\main.o .\CortexM3\ARM_GCC_493\Debug\Accel.o .\CortexM3\ARM_GCC_493\Debug\Ambient.o .\CortexM3\ARM_GCC_493\Debug\Gyro.o .\CortexM3\ARM_GCC_493\Debug\I2C_made.o .\CortexM3\ARM_GCC_493\Debug\IR.o .\CortexM3\ARM_GCC_493\Debug\Magnet.o .\CortexM3\ARM_GCC_493\Debug\Motor.o .\CortexM3\ARM_GCC_493\Debug\Nunchuk.o .\CortexM3\ARM_GCC_493\Debug\Reflectance.o .\CortexM3\ARM_GCC_493\Debug\Ultra.o .\CortexM3\ARM_GCC_493\Debug\Beep.o .\CortexM3\ARM_GCC_493\Debug\Pathfinding.o .\CortexM3\ARM_GCC_493\Debug\Playsound.o .\CortexM3\ARM_GCC_493\Debug\Sumoing.o .\CortexM3\ARM_GCC_493\Debug\PIDmain.o .\CortexM3\ARM_GCC_493\Debug\cymetadata.o .\CortexM3\ARM_GCC_493\Debug\Cm3Start.o .\CortexM3\ARM_GCC_493\Debug\ZumoBot.a "C:\Program Files (x86)\Cypress\PSoC Creator\4.0\PSoC Creator\psoc\content\cycomponentlibrary\CyComponentLibrary.cylib\CortexM3\ARM_GCC_493\Debug\CyComponentLibrary.a" -mcpu=cortex-m3 -mthumb -g -ffunction-sections -Og -ffat-lto-objects -l m -L Generated_Source\PSoC5 -Wl,-Map,.\CortexM3\ARM_GCC_493\Debug/ZumoBot.map -T "C:\Users\Nhan Phan\Desktop\CProjects\Zumobot\ZumoBot.cydsn\Generated_Source\PSoC5\cm3gcc.ld" -u _printf_float -Wl,--gc-sections -Wl,--end-group
cyelftool.exe -C "C:\Users\Nhan Phan\Desktop\CProjects\Zumobot\ZumoBot.cydsn\CortexM3\ARM_GCC_493\Debug\ZumoBot.elf" --flash_row_size 256 --flash_size 262144
cyelftool.exe -S "C:\Users\Nhan Phan\Desktop\CProjects\Zumobot\ZumoBot.cydsn\CortexM3\ARM_GCC_493\Debug\ZumoBot.elf"
Flash used: 31584 of 262144 bytes (12.0 %).
SRAM used: 6725 of 65536 bytes (10.3 %). Stack: 2048 bytes. Heap: 2048 bytes.
--------------- Build Succeeded: 05/10/2017 11:03:34 ---------------
