ARM GAS  C:\Users\NHANPH~1\AppData\Local\Temp\ccNDDJT9.s 			page 1


   1              		.syntax unified
   2              		.cpu cortex-m3
   3              		.fpu softvfp
   4              		.eabi_attribute 20, 1
   5              		.eabi_attribute 21, 1
   6              		.eabi_attribute 23, 3
   7              		.eabi_attribute 24, 1
   8              		.eabi_attribute 25, 1
   9              		.eabi_attribute 26, 1
  10              		.eabi_attribute 30, 1
  11              		.eabi_attribute 34, 1
  12              		.eabi_attribute 18, 4
  13              		.thumb
  14              		.file	"cymetadata.c"
  15              		.text
  16              	.Ltext0:
  17              		.cfi_sections	.debug_frame
  18              		.global	cy_metadata
  19              		.global	cy_meta_flashprotect
  20              		.global	cy_meta_wonvl
  21              		.global	cy_meta_custnvl
  22              		.global	cy_meta_configecc
  23              		.section	.cyconfigecc,"a",%progbits
  24              		.align	2
  25              		.type	cy_meta_configecc, %object
  26              		.size	cy_meta_configecc, 2228
  27              	cy_meta_configecc:
  28 0000 08       		.byte	8
  29 0001 4F       		.byte	79
  30 0002 00       		.byte	0
  31 0003 40       		.byte	64
  32 0004 03       		.byte	3
  33 0005 52       		.byte	82
  34 0006 00       		.byte	0
  35 0007 40       		.byte	64
  36 0008 01       		.byte	1
  37 0009 5B       		.byte	91
  38 000a 00       		.byte	0
  39 000b 40       		.byte	64
  40 000c 03       		.byte	3
  41 000d 64       		.byte	100
  42 000e 00       		.byte	0
  43 000f 40       		.byte	64
  44 0010 03       		.byte	3
  45 0011 65       		.byte	101
  46 0012 00       		.byte	0
  47 0013 40       		.byte	64
  48 0014 01       		.byte	1
  49 0015 01       		.byte	1
  50 0016 01       		.byte	1
  51 0017 40       		.byte	64
  52 0018 01       		.byte	1
  53 0019 03       		.byte	3
  54 001a 01       		.byte	1
  55 001b 40       		.byte	64
  56 001c 01       		.byte	1
  57 001d 05       		.byte	5
ARM GAS  C:\Users\NHANPH~1\AppData\Local\Temp\ccNDDJT9.s 			page 2


  58 001e 01       		.byte	1
  59 001f 40       		.byte	64
  60 0020 01       		.byte	1
  61 0021 07       		.byte	7
  62 0022 01       		.byte	1
  63 0023 40       		.byte	64
  64 0024 4D       		.byte	77
  65 0025 08       		.byte	8
  66 0026 01       		.byte	1
  67 0027 40       		.byte	64
  68 0028 41       		.byte	65
  69 0029 09       		.byte	9
  70 002a 01       		.byte	1
  71 002b 40       		.byte	64
  72 002c 04       		.byte	4
  73 002d 0A       		.byte	10
  74 002e 01       		.byte	1
  75 002f 40       		.byte	64
  76 0030 0C       		.byte	12
  77 0031 0B       		.byte	11
  78 0032 01       		.byte	1
  79 0033 40       		.byte	64
  80 0034 68       		.byte	104
  81 0035 0C       		.byte	12
  82 0036 01       		.byte	1
  83 0037 40       		.byte	64
  84 0038 36       		.byte	54
  85 0039 0D       		.byte	13
  86 003a 01       		.byte	1
  87 003b 40       		.byte	64
  88 003c 01       		.byte	1
  89 003d 0F       		.byte	15
  90 003e 01       		.byte	1
  91 003f 40       		.byte	64
  92 0040 13       		.byte	19
  93 0041 15       		.byte	21
  94 0042 01       		.byte	1
  95 0043 40       		.byte	64
  96 0044 5F       		.byte	95
  97 0045 16       		.byte	22
  98 0046 01       		.byte	1
  99 0047 40       		.byte	64
 100 0048 3E       		.byte	62
 101 0049 17       		.byte	23
 102 004a 01       		.byte	1
 103 004b 40       		.byte	64
 104 004c 58       		.byte	88
 105 004d 18       		.byte	24
 106 004e 01       		.byte	1
 107 004f 40       		.byte	64
 108 0050 57       		.byte	87
 109 0051 19       		.byte	25
 110 0052 01       		.byte	1
 111 0053 40       		.byte	64
 112 0054 59       		.byte	89
 113 0055 1A       		.byte	26
 114 0056 01       		.byte	1
ARM GAS  C:\Users\NHANPH~1\AppData\Local\Temp\ccNDDJT9.s 			page 3


 115 0057 40       		.byte	64
 116 0058 54       		.byte	84
 117 0059 1B       		.byte	27
 118 005a 01       		.byte	1
 119 005b 40       		.byte	64
 120 005c 05       		.byte	5
 121 005d 40       		.byte	64
 122 005e 01       		.byte	1
 123 005f 40       		.byte	64
 124 0060 03       		.byte	3
 125 0061 41       		.byte	65
 126 0062 01       		.byte	1
 127 0063 40       		.byte	64
 128 0064 0D       		.byte	13
 129 0065 42       		.byte	66
 130 0066 01       		.byte	1
 131 0067 40       		.byte	64
 132 0068 09       		.byte	9
 133 0069 43       		.byte	67
 134 006a 01       		.byte	1
 135 006b 40       		.byte	64
 136 006c 02       		.byte	2
 137 006d 44       		.byte	68
 138 006e 01       		.byte	1
 139 006f 40       		.byte	64
 140 0070 03       		.byte	3
 141 0071 45       		.byte	69
 142 0072 01       		.byte	1
 143 0073 40       		.byte	64
 144 0074 06       		.byte	6
 145 0075 46       		.byte	70
 146 0076 01       		.byte	1
 147 0077 40       		.byte	64
 148 0078 04       		.byte	4
 149 0079 47       		.byte	71
 150 007a 01       		.byte	1
 151 007b 40       		.byte	64
 152 007c 17       		.byte	23
 153 007d 48       		.byte	72
 154 007e 01       		.byte	1
 155 007f 40       		.byte	64
 156 0080 1E       		.byte	30
 157 0081 49       		.byte	73
 158 0082 01       		.byte	1
 159 0083 40       		.byte	64
 160 0084 14       		.byte	20
 161 0085 4C       		.byte	76
 162 0086 01       		.byte	1
 163 0087 40       		.byte	64
 164 0088 13       		.byte	19
 165 0089 4D       		.byte	77
 166 008a 01       		.byte	1
 167 008b 40       		.byte	64
 168 008c 06       		.byte	6
 169 008d 50       		.byte	80
 170 008e 01       		.byte	1
 171 008f 40       		.byte	64
ARM GAS  C:\Users\NHANPH~1\AppData\Local\Temp\ccNDDJT9.s 			page 4


 172 0090 02       		.byte	2
 173 0091 51       		.byte	81
 174 0092 01       		.byte	1
 175 0093 40       		.byte	64
 176 0094 01       		.byte	1
 177 0095 80       		.byte	-128
 178 0096 0A       		.byte	10
 179 0097 4E       		.byte	78
 180 0098 0D       		.byte	13
 181 0099 80       		.byte	-128
 182 009a 16       		.byte	22
 183 009b 4E       		.byte	78
 184 009c 19       		.byte	25
 185 009d 80       		.byte	-128
 186 009e 22       		.byte	34
 187 009f 1E       		.byte	30
 188 00a0 25       		.byte	37
 189 00a1 80       		.byte	-128
 190 00a2 2E       		.byte	46
 191 00a3 4E       		.byte	78
 192 00a4 18       		.byte	24
 193 00a5 30       		.byte	48
 194 00a6 19       		.byte	25
 195 00a7 20       		.byte	32
 196 00a8 79       		.byte	121
 197 00a9 02       		.byte	2
 198 00aa 2F       		.byte	47
 199 00ab 84       		.byte	-124
 200 00ac 88       		.byte	-120
 201 00ad 38       		.byte	56
 202 00ae 89       		.byte	-119
 203 00af 0F       		.byte	15
 204 00b0 8C       		.byte	-116
 205 00b1 0F       		.byte	15
 206 00b2 87       		.byte	-121
 207 00b3 0F       		.byte	15
 208 00b4 88       		.byte	-120
 209 00b5 72       		.byte	114
 210 00b6 8B       		.byte	-117
 211 00b7 0F       		.byte	15
 212 00b8 E6       		.byte	-26
 213 00b9 04       		.byte	4
 214 00ba E6       		.byte	-26
 215 00bb 02       		.byte	2
 216 00bc E2       		.byte	-30
 217 00bd 08       		.byte	8
 218 00be E8       		.byte	-24
 219 00bf 01       		.byte	1
 220 00c0 04       		.byte	4
 221 00c1 18       		.byte	24
 222 00c2 0A       		.byte	10
 223 00c3 04       		.byte	4
 224 00c4 0C       		.byte	12
 225 00c5 04       		.byte	4
 226 00c6 16       		.byte	22
 227 00c7 23       		.byte	35
 228 00c8 18       		.byte	24
ARM GAS  C:\Users\NHANPH~1\AppData\Local\Temp\ccNDDJT9.s 			page 5


 229 00c9 3F       		.byte	63
 230 00ca 1C       		.byte	28
 231 00cb 10       		.byte	16
 232 00cc 20       		.byte	32
 233 00cd 1C       		.byte	28
 234 00ce 22       		.byte	34
 235 00cf 21       		.byte	33
 236 00d0 23       		.byte	35
 237 00d1 01       		.byte	1
 238 00d2 24       		.byte	36
 239 00d3 27       		.byte	39
 240 00d4 26       		.byte	38
 241 00d5 18       		.byte	24
 242 00d6 28       		.byte	40
 243 00d7 08       		.byte	8
 244 00d8 2C       		.byte	44
 245 00d9 3C       		.byte	60
 246 00da 2E       		.byte	46
 247 00db 02       		.byte	2
 248 00dc 2F       		.byte	47
 249 00dd 01       		.byte	1
 250 00de 31       		.byte	49
 251 00df 01       		.byte	1
 252 00e0 32       		.byte	50
 253 00e1 1F       		.byte	31
 254 00e2 36       		.byte	54
 255 00e3 38       		.byte	56
 256 00e4 3A       		.byte	58
 257 00e5 28       		.byte	40
 258 00e6 3F       		.byte	63
 259 00e7 01       		.byte	1
 260 00e8 54       		.byte	84
 261 00e9 18       		.byte	24
 262 00ea 58       		.byte	88
 263 00eb 04       		.byte	4
 264 00ec 59       		.byte	89
 265 00ed 04       		.byte	4
 266 00ee 5B       		.byte	91
 267 00ef 04       		.byte	4
 268 00f0 5C       		.byte	92
 269 00f1 01       		.byte	1
 270 00f2 5D       		.byte	93
 271 00f3 10       		.byte	16
 272 00f4 5F       		.byte	95
 273 00f5 01       		.byte	1
 274 00f6 82       		.byte	-126
 275 00f7 04       		.byte	4
 276 00f8 85       		.byte	-123
 277 00f9 03       		.byte	3
 278 00fa 86       		.byte	-122
 279 00fb 04       		.byte	4
 280 00fc 87       		.byte	-121
 281 00fd 14       		.byte	20
 282 00fe 8A       		.byte	-118
 283 00ff 01       		.byte	1
 284 0100 8B       		.byte	-117
 285 0101 08       		.byte	8
ARM GAS  C:\Users\NHANPH~1\AppData\Local\Temp\ccNDDJT9.s 			page 6


 286 0102 8C       		.byte	-116
 287 0103 03       		.byte	3
 288 0104 8D       		.byte	-115
 289 0105 13       		.byte	19
 290 0106 8F       		.byte	-113
 291 0107 0C       		.byte	12
 292 0108 90       		.byte	-112
 293 0109 02       		.byte	2
 294 010a 94       		.byte	-108
 295 010b 03       		.byte	3
 296 010c A1       		.byte	-95
 297 010d 20       		.byte	32
 298 010e A5       		.byte	-91
 299 010f 13       		.byte	19
 300 0110 A6       		.byte	-90
 301 0111 04       		.byte	4
 302 0112 A7       		.byte	-89
 303 0113 04       		.byte	4
 304 0114 AB       		.byte	-85
 305 0115 15       		.byte	21
 306 0116 AD       		.byte	-83
 307 0117 0A       		.byte	10
 308 0118 AE       		.byte	-82
 309 0119 04       		.byte	4
 310 011a AF       		.byte	-81
 311 011b 14       		.byte	20
 312 011c B1       		.byte	-79
 313 011d 0F       		.byte	15
 314 011e B2       		.byte	-78
 315 011f 04       		.byte	4
 316 0120 B3       		.byte	-77
 317 0121 20       		.byte	32
 318 0122 B4       		.byte	-76
 319 0123 03       		.byte	3
 320 0124 B7       		.byte	-73
 321 0125 10       		.byte	16
 322 0126 B8       		.byte	-72
 323 0127 20       		.byte	32
 324 0128 BB       		.byte	-69
 325 0129 02       		.byte	2
 326 012a BE       		.byte	-66
 327 012b 14       		.byte	20
 328 012c BF       		.byte	-65
 329 012d 44       		.byte	68
 330 012e C0       		.byte	-64
 331 012f 56       		.byte	86
 332 0130 C1       		.byte	-63
 333 0131 02       		.byte	2
 334 0132 C6       		.byte	-58
 335 0133 BE       		.byte	-66
 336 0134 C7       		.byte	-57
 337 0135 0C       		.byte	12
 338 0136 C8       		.byte	-56
 339 0137 1C       		.byte	28
 340 0138 C9       		.byte	-55
 341 0139 FF       		.byte	-1
 342 013a CA       		.byte	-54
ARM GAS  C:\Users\NHANPH~1\AppData\Local\Temp\ccNDDJT9.s 			page 7


 343 013b FF       		.byte	-1
 344 013c CB       		.byte	-53
 345 013d FF       		.byte	-1
 346 013e CE       		.byte	-50
 347 013f F0       		.byte	-16
 348 0140 CF       		.byte	-49
 349 0141 44       		.byte	68
 350 0142 D0       		.byte	-48
 351 0143 0C       		.byte	12
 352 0144 D4       		.byte	-44
 353 0145 01       		.byte	1
 354 0146 D8       		.byte	-40
 355 0147 04       		.byte	4
 356 0148 D9       		.byte	-39
 357 0149 04       		.byte	4
 358 014a DA       		.byte	-38
 359 014b 04       		.byte	4
 360 014c DB       		.byte	-37
 361 014d 04       		.byte	4
 362 014e DC       		.byte	-36
 363 014f 10       		.byte	16
 364 0150 DD       		.byte	-35
 365 0151 11       		.byte	17
 366 0152 DF       		.byte	-33
 367 0153 01       		.byte	1
 368 0154 E6       		.byte	-26
 369 0155 C0       		.byte	-64
 370 0156 EA       		.byte	-22
 371 0157 40       		.byte	64
 372 0158 EB       		.byte	-21
 373 0159 02       		.byte	2
 374 015a 00       		.byte	0
 375 015b 60       		.byte	96
 376 015c 01       		.byte	1
 377 015d 01       		.byte	1
 378 015e 02       		.byte	2
 379 015f 08       		.byte	8
 380 0160 03       		.byte	3
 381 0161 28       		.byte	40
 382 0162 05       		.byte	5
 383 0163 10       		.byte	16
 384 0164 06       		.byte	6
 385 0165 12       		.byte	18
 386 0166 08       		.byte	8
 387 0167 09       		.byte	9
 388 0168 0A       		.byte	10
 389 0169 40       		.byte	64
 390 016a 0B       		.byte	11
 391 016b 10       		.byte	16
 392 016c 0C       		.byte	12
 393 016d 80       		.byte	-128
 394 016e 0D       		.byte	13
 395 016f 08       		.byte	8
 396 0170 0E       		.byte	14
 397 0171 04       		.byte	4
 398 0172 13       		.byte	19
 399 0173 88       		.byte	-120
ARM GAS  C:\Users\NHANPH~1\AppData\Local\Temp\ccNDDJT9.s 			page 8


 400 0174 14       		.byte	20
 401 0175 10       		.byte	16
 402 0176 16       		.byte	22
 403 0177 04       		.byte	4
 404 0178 17       		.byte	23
 405 0179 41       		.byte	65
 406 017a 18       		.byte	24
 407 017b 04       		.byte	4
 408 017c 1A       		.byte	26
 409 017d 20       		.byte	32
 410 017e 1D       		.byte	29
 411 017f 04       		.byte	4
 412 0180 1E       		.byte	30
 413 0181 04       		.byte	4
 414 0182 1F       		.byte	31
 415 0183 50       		.byte	80
 416 0184 20       		.byte	32
 417 0185 40       		.byte	64
 418 0186 22       		.byte	34
 419 0187 46       		.byte	70
 420 0188 25       		.byte	37
 421 0189 02       		.byte	2
 422 018a 28       		.byte	40
 423 018b 01       		.byte	1
 424 018c 29       		.byte	41
 425 018d 01       		.byte	1
 426 018e 2A       		.byte	42
 427 018f 08       		.byte	8
 428 0190 2B       		.byte	43
 429 0191 88       		.byte	-120
 430 0192 2C       		.byte	44
 431 0193 40       		.byte	64
 432 0194 2F       		.byte	47
 433 0195 42       		.byte	66
 434 0196 38       		.byte	56
 435 0197 68       		.byte	104
 436 0198 40       		.byte	64
 437 0199 08       		.byte	8
 438 019a 42       		.byte	66
 439 019b 08       		.byte	8
 440 019c 45       		.byte	69
 441 019d 02       		.byte	2
 442 019e 46       		.byte	70
 443 019f 80       		.byte	-128
 444 01a0 4A       		.byte	74
 445 01a1 0A       		.byte	10
 446 01a2 50       		.byte	80
 447 01a3 24       		.byte	36
 448 01a4 53       		.byte	83
 449 01a5 84       		.byte	-124
 450 01a6 58       		.byte	88
 451 01a7 20       		.byte	32
 452 01a8 59       		.byte	89
 453 01a9 01       		.byte	1
 454 01aa 5A       		.byte	90
 455 01ab 88       		.byte	-120
 456 01ac 5E       		.byte	94
ARM GAS  C:\Users\NHANPH~1\AppData\Local\Temp\ccNDDJT9.s 			page 9


 457 01ad 02       		.byte	2
 458 01ae 64       		.byte	100
 459 01af 04       		.byte	4
 460 01b0 66       		.byte	102
 461 01b1 80       		.byte	-128
 462 01b2 87       		.byte	-121
 463 01b3 40       		.byte	64
 464 01b4 90       		.byte	-112
 465 01b5 20       		.byte	32
 466 01b6 92       		.byte	-110
 467 01b7 42       		.byte	66
 468 01b8 93       		.byte	-109
 469 01b9 10       		.byte	16
 470 01ba 94       		.byte	-108
 471 01bb 40       		.byte	64
 472 01bc 96       		.byte	-106
 473 01bd 20       		.byte	32
 474 01be 9B       		.byte	-101
 475 01bf 80       		.byte	-128
 476 01c0 9E       		.byte	-98
 477 01c1 40       		.byte	64
 478 01c2 A4       		.byte	-92
 479 01c3 20       		.byte	32
 480 01c4 A7       		.byte	-89
 481 01c5 08       		.byte	8
 482 01c6 AB       		.byte	-85
 483 01c7 80       		.byte	-128
 484 01c8 C0       		.byte	-64
 485 01c9 EF       		.byte	-17
 486 01ca C2       		.byte	-62
 487 01cb EC       		.byte	-20
 488 01cc C4       		.byte	-60
 489 01cd F5       		.byte	-11
 490 01ce CA       		.byte	-54
 491 01cf 9F       		.byte	-97
 492 01d0 CE       		.byte	-50
 493 01d1 0E       		.byte	14
 494 01d2 D0       		.byte	-48
 495 01d3 04       		.byte	4
 496 01d4 D2       		.byte	-46
 497 01d5 0C       		.byte	12
 498 01d6 D6       		.byte	-42
 499 01d7 8F       		.byte	-113
 500 01d8 D8       		.byte	-40
 501 01d9 30       		.byte	48
 502 01da E6       		.byte	-26
 503 01db 02       		.byte	2
 504 01dc B8       		.byte	-72
 505 01dd 80       		.byte	-128
 506 01de BE       		.byte	-66
 507 01df 40       		.byte	64
 508 01e0 D8       		.byte	-40
 509 01e1 04       		.byte	4
 510 01e2 DF       		.byte	-33
 511 01e3 01       		.byte	1
 512 01e4 1F       		.byte	31
 513 01e5 40       		.byte	64
ARM GAS  C:\Users\NHANPH~1\AppData\Local\Temp\ccNDDJT9.s 			page 10


 514 01e6 87       		.byte	-121
 515 01e7 40       		.byte	64
 516 01e8 90       		.byte	-112
 517 01e9 20       		.byte	32
 518 01ea 92       		.byte	-110
 519 01eb 42       		.byte	66
 520 01ec 93       		.byte	-109
 521 01ed 10       		.byte	16
 522 01ee 94       		.byte	-108
 523 01ef 40       		.byte	64
 524 01f0 96       		.byte	-106
 525 01f1 20       		.byte	32
 526 01f2 9E       		.byte	-98
 527 01f3 40       		.byte	64
 528 01f4 A4       		.byte	-92
 529 01f5 20       		.byte	32
 530 01f6 A7       		.byte	-89
 531 01f7 08       		.byte	8
 532 01f8 B5       		.byte	-75
 533 01f9 10       		.byte	16
 534 01fa B7       		.byte	-73
 535 01fb 20       		.byte	32
 536 01fc 08       		.byte	8
 537 01fd 0D       		.byte	13
 538 01fe 0A       		.byte	10
 539 01ff 02       		.byte	2
 540 0200 0B       		.byte	11
 541 0201 01       		.byte	1
 542 0202 13       		.byte	19
 543 0203 02       		.byte	2
 544 0204 16       		.byte	22
 545 0205 0D       		.byte	13
 546 0206 19       		.byte	25
 547 0207 03       		.byte	3
 548 0208 1A       		.byte	26
 549 0209 08       		.byte	8
 550 020a 1D       		.byte	29
 551 020b 01       		.byte	1
 552 020c 1E       		.byte	30
 553 020d 04       		.byte	4
 554 020e 25       		.byte	37
 555 020f 01       		.byte	1
 556 0210 30       		.byte	48
 557 0211 01       		.byte	1
 558 0212 31       		.byte	49
 559 0213 02       		.byte	2
 560 0214 32       		.byte	50
 561 0215 02       		.byte	2
 562 0216 33       		.byte	51
 563 0217 01       		.byte	1
 564 0218 34       		.byte	52
 565 0219 0C       		.byte	12
 566 021a 36       		.byte	54
 567 021b 08       		.byte	8
 568 021c 3A       		.byte	58
 569 021d A0       		.byte	-96
 570 021e 3E       		.byte	62
ARM GAS  C:\Users\NHANPH~1\AppData\Local\Temp\ccNDDJT9.s 			page 11


 571 021f 01       		.byte	1
 572 0220 3F       		.byte	63
 573 0221 01       		.byte	1
 574 0222 40       		.byte	64
 575 0223 65       		.byte	101
 576 0224 42       		.byte	66
 577 0225 04       		.byte	4
 578 0226 49       		.byte	73
 579 0227 FF       		.byte	-1
 580 0228 4A       		.byte	74
 581 0229 FF       		.byte	-1
 582 022a 4B       		.byte	75
 583 022b FF       		.byte	-1
 584 022c 4F       		.byte	79
 585 022d 01       		.byte	1
 586 022e 50       		.byte	80
 587 022f 18       		.byte	24
 588 0230 54       		.byte	84
 589 0231 03       		.byte	3
 590 0232 56       		.byte	86
 591 0233 04       		.byte	4
 592 0234 58       		.byte	88
 593 0235 04       		.byte	4
 594 0236 59       		.byte	89
 595 0237 04       		.byte	4
 596 0238 5A       		.byte	90
 597 0239 04       		.byte	4
 598 023a 5B       		.byte	91
 599 023b 04       		.byte	4
 600 023c 5C       		.byte	92
 601 023d 22       		.byte	34
 602 023e 5D       		.byte	93
 603 023f 22       		.byte	34
 604 0240 5F       		.byte	95
 605 0241 01       		.byte	1
 606 0242 60       		.byte	96
 607 0243 40       		.byte	64
 608 0244 62       		.byte	98
 609 0245 40       		.byte	64
 610 0246 64       		.byte	100
 611 0247 40       		.byte	64
 612 0248 65       		.byte	101
 613 0249 40       		.byte	64
 614 024a 66       		.byte	102
 615 024b 80       		.byte	-128
 616 024c 68       		.byte	104
 617 024d 80       		.byte	-128
 618 024e 6A       		.byte	106
 619 024f 80       		.byte	-128
 620 0250 6C       		.byte	108
 621 0251 80       		.byte	-128
 622 0252 6E       		.byte	110
 623 0253 80       		.byte	-128
 624 0254 83       		.byte	-125
 625 0255 03       		.byte	3
 626 0256 84       		.byte	-124
 627 0257 40       		.byte	64
ARM GAS  C:\Users\NHANPH~1\AppData\Local\Temp\ccNDDJT9.s 			page 12


 628 0258 89       		.byte	-119
 629 0259 09       		.byte	9
 630 025a 8A       		.byte	-118
 631 025b 0C       		.byte	12
 632 025c 8B       		.byte	-117
 633 025d D0       		.byte	-48
 634 025e 8C       		.byte	-116
 635 025f 11       		.byte	17
 636 0260 8D       		.byte	-115
 637 0261 10       		.byte	16
 638 0262 8E       		.byte	-114
 639 0263 06       		.byte	6
 640 0264 8F       		.byte	-113
 641 0265 AC       		.byte	-84
 642 0266 90       		.byte	-112
 643 0267 0C       		.byte	12
 644 0268 92       		.byte	-110
 645 0269 13       		.byte	19
 646 026a 94       		.byte	-108
 647 026b 11       		.byte	17
 648 026c 95       		.byte	-107
 649 026d 0C       		.byte	12
 650 026e 96       		.byte	-106
 651 026f 0E       		.byte	14
 652 0270 97       		.byte	-105
 653 0271 71       		.byte	113
 654 0272 99       		.byte	-103
 655 0273 14       		.byte	20
 656 0274 A1       		.byte	-95
 657 0275 DC       		.byte	-36
 658 0276 A2       		.byte	-94
 659 0277 08       		.byte	8
 660 0278 A3       		.byte	-93
 661 0279 22       		.byte	34
 662 027a A8       		.byte	-88
 663 027b 20       		.byte	32
 664 027c AA       		.byte	-86
 665 027d 03       		.byte	3
 666 027e AB       		.byte	-85
 667 027f 20       		.byte	32
 668 0280 AD       		.byte	-83
 669 0281 10       		.byte	16
 670 0282 AF       		.byte	-81
 671 0283 40       		.byte	64
 672 0284 B0       		.byte	-80
 673 0285 0F       		.byte	15
 674 0286 B1       		.byte	-79
 675 0287 1F       		.byte	31
 676 0288 B2       		.byte	-78
 677 0289 30       		.byte	48
 678 028a B3       		.byte	-77
 679 028b E0       		.byte	-32
 680 028c B4       		.byte	-76
 681 028d 40       		.byte	64
 682 028e B8       		.byte	-72
 683 028f 08       		.byte	8
 684 0290 BA       		.byte	-70
ARM GAS  C:\Users\NHANPH~1\AppData\Local\Temp\ccNDDJT9.s 			page 13


 685 0291 02       		.byte	2
 686 0292 BB       		.byte	-69
 687 0293 08       		.byte	8
 688 0294 BE       		.byte	-66
 689 0295 10       		.byte	16
 690 0296 C0       		.byte	-64
 691 0297 65       		.byte	101
 692 0298 C2       		.byte	-62
 693 0299 04       		.byte	4
 694 029a C5       		.byte	-59
 695 029b EC       		.byte	-20
 696 029c C7       		.byte	-57
 697 029d 20       		.byte	32
 698 029e C8       		.byte	-56
 699 029f 23       		.byte	35
 700 02a0 C9       		.byte	-55
 701 02a1 FF       		.byte	-1
 702 02a2 CA       		.byte	-54
 703 02a3 FF       		.byte	-1
 704 02a4 CB       		.byte	-53
 705 02a5 FF       		.byte	-1
 706 02a6 CD       		.byte	-51
 707 02a7 83       		.byte	-125
 708 02a8 CE       		.byte	-50
 709 02a9 03       		.byte	3
 710 02aa CF       		.byte	-49
 711 02ab 01       		.byte	1
 712 02ac D0       		.byte	-48
 713 02ad 18       		.byte	24
 714 02ae D8       		.byte	-40
 715 02af 04       		.byte	4
 716 02b0 D9       		.byte	-39
 717 02b1 04       		.byte	4
 718 02b2 DA       		.byte	-38
 719 02b3 04       		.byte	4
 720 02b4 DC       		.byte	-36
 721 02b5 11       		.byte	17
 722 02b6 DD       		.byte	-35
 723 02b7 02       		.byte	2
 724 02b8 DF       		.byte	-33
 725 02b9 01       		.byte	1
 726 02ba E0       		.byte	-32
 727 02bb 40       		.byte	64
 728 02bc E2       		.byte	-30
 729 02bd 40       		.byte	64
 730 02be E4       		.byte	-28
 731 02bf 40       		.byte	64
 732 02c0 E5       		.byte	-27
 733 02c1 40       		.byte	64
 734 02c2 E6       		.byte	-26
 735 02c3 80       		.byte	-128
 736 02c4 E8       		.byte	-24
 737 02c5 80       		.byte	-128
 738 02c6 EA       		.byte	-22
 739 02c7 80       		.byte	-128
 740 02c8 EC       		.byte	-20
 741 02c9 80       		.byte	-128
ARM GAS  C:\Users\NHANPH~1\AppData\Local\Temp\ccNDDJT9.s 			page 14


 742 02ca EE       		.byte	-18
 743 02cb 80       		.byte	-128
 744 02cc 00       		.byte	0
 745 02cd 50       		.byte	80
 746 02ce 03       		.byte	3
 747 02cf 20       		.byte	32
 748 02d0 05       		.byte	5
 749 02d1 10       		.byte	16
 750 02d2 0A       		.byte	10
 751 02d3 40       		.byte	64
 752 02d4 0B       		.byte	11
 753 02d5 10       		.byte	16
 754 02d6 0D       		.byte	13
 755 02d7 80       		.byte	-128
 756 02d8 0E       		.byte	14
 757 02d9 14       		.byte	20
 758 02da 10       		.byte	16
 759 02db 04       		.byte	4
 760 02dc 12       		.byte	18
 761 02dd 40       		.byte	64
 762 02de 18       		.byte	24
 763 02df 38       		.byte	56
 764 02e0 19       		.byte	25
 765 02e1 21       		.byte	33
 766 02e2 1A       		.byte	26
 767 02e3 40       		.byte	64
 768 02e4 1D       		.byte	29
 769 02e5 C0       		.byte	-64
 770 02e6 1E       		.byte	30
 771 02e7 14       		.byte	20
 772 02e8 1F       		.byte	31
 773 02e9 12       		.byte	18
 774 02ea 21       		.byte	33
 775 02eb 09       		.byte	9
 776 02ec 22       		.byte	34
 777 02ed 01       		.byte	1
 778 02ee 23       		.byte	35
 779 02ef 10       		.byte	16
 780 02f0 27       		.byte	39
 781 02f1 A0       		.byte	-96
 782 02f2 28       		.byte	40
 783 02f3 04       		.byte	4
 784 02f4 29       		.byte	41
 785 02f5 01       		.byte	1
 786 02f6 2A       		.byte	42
 787 02f7 40       		.byte	64
 788 02f8 2B       		.byte	43
 789 02f9 08       		.byte	8
 790 02fa 2F       		.byte	47
 791 02fb 10       		.byte	16
 792 02fc 30       		.byte	48
 793 02fd 20       		.byte	32
 794 02fe 31       		.byte	49
 795 02ff 08       		.byte	8
 796 0300 35       		.byte	53
 797 0301 50       		.byte	80
 798 0302 36       		.byte	54
ARM GAS  C:\Users\NHANPH~1\AppData\Local\Temp\ccNDDJT9.s 			page 15


 799 0303 02       		.byte	2
 800 0304 38       		.byte	56
 801 0305 50       		.byte	80
 802 0306 39       		.byte	57
 803 0307 02       		.byte	2
 804 0308 3E       		.byte	62
 805 0309 10       		.byte	16
 806 030a 42       		.byte	66
 807 030b 80       		.byte	-128
 808 030c 43       		.byte	67
 809 030d 02       		.byte	2
 810 030e 46       		.byte	70
 811 030f 80       		.byte	-128
 812 0310 49       		.byte	73
 813 0311 20       		.byte	32
 814 0312 4A       		.byte	74
 815 0313 02       		.byte	2
 816 0314 4B       		.byte	75
 817 0315 05       		.byte	5
 818 0316 4C       		.byte	76
 819 0317 04       		.byte	4
 820 0318 4E       		.byte	78
 821 0319 02       		.byte	2
 822 031a 52       		.byte	82
 823 031b 02       		.byte	2
 824 031c 5F       		.byte	95
 825 031d A5       		.byte	-91
 826 031e 67       		.byte	103
 827 031f 40       		.byte	64
 828 0320 87       		.byte	-121
 829 0321 40       		.byte	64
 830 0322 96       		.byte	-106
 831 0323 20       		.byte	32
 832 0324 C0       		.byte	-64
 833 0325 47       		.byte	71
 834 0326 C2       		.byte	-62
 835 0327 EC       		.byte	-20
 836 0328 C4       		.byte	-60
 837 0329 0A       		.byte	10
 838 032a CA       		.byte	-54
 839 032b 4D       		.byte	77
 840 032c CC       		.byte	-52
 841 032d B6       		.byte	-74
 842 032e CE       		.byte	-50
 843 032f 2D       		.byte	45
 844 0330 D0       		.byte	-48
 845 0331 81       		.byte	-127
 846 0332 D2       		.byte	-46
 847 0333 3C       		.byte	60
 848 0334 D6       		.byte	-42
 849 0335 F0       		.byte	-16
 850 0336 D8       		.byte	-40
 851 0337 80       		.byte	-128
 852 0338 82       		.byte	-126
 853 0339 10       		.byte	16
 854 033a 81       		.byte	-127
 855 033b 80       		.byte	-128
ARM GAS  C:\Users\NHANPH~1\AppData\Local\Temp\ccNDDJT9.s 			page 16


 856 033c 88       		.byte	-120
 857 033d 40       		.byte	64
 858 033e 8D       		.byte	-115
 859 033f 80       		.byte	-128
 860 0340 8F       		.byte	-113
 861 0341 10       		.byte	16
 862 0342 9C       		.byte	-100
 863 0343 40       		.byte	64
 864 0344 9D       		.byte	-99
 865 0345 80       		.byte	-128
 866 0346 9F       		.byte	-97
 867 0347 10       		.byte	16
 868 0348 A1       		.byte	-95
 869 0349 80       		.byte	-128
 870 034a A8       		.byte	-88
 871 034b 02       		.byte	2
 872 034c B2       		.byte	-78
 873 034d 26       		.byte	38
 874 034e B6       		.byte	-74
 875 034f 10       		.byte	16
 876 0350 B7       		.byte	-73
 877 0351 20       		.byte	32
 878 0352 E0       		.byte	-32
 879 0353 08       		.byte	8
 880 0354 E2       		.byte	-30
 881 0355 14       		.byte	20
 882 0356 E4       		.byte	-28
 883 0357 21       		.byte	33
 884 0358 E6       		.byte	-26
 885 0359 08       		.byte	8
 886 035a E8       		.byte	-24
 887 035b 10       		.byte	16
 888 035c EA       		.byte	-22
 889 035d 4D       		.byte	77
 890 035e EE       		.byte	-18
 891 035f 80       		.byte	-128
 892 0360 02       		.byte	2
 893 0361 02       		.byte	2
 894 0362 0B       		.byte	11
 895 0363 01       		.byte	1
 896 0364 15       		.byte	21
 897 0365 02       		.byte	2
 898 0366 16       		.byte	22
 899 0367 01       		.byte	1
 900 0368 1A       		.byte	26
 901 0369 01       		.byte	1
 902 036a 23       		.byte	35
 903 036b 06       		.byte	6
 904 036c 2B       		.byte	43
 905 036d 01       		.byte	1
 906 036e 31       		.byte	49
 907 036f 02       		.byte	2
 908 0370 32       		.byte	50
 909 0371 02       		.byte	2
 910 0372 34       		.byte	52
 911 0373 01       		.byte	1
 912 0374 35       		.byte	53
ARM GAS  C:\Users\NHANPH~1\AppData\Local\Temp\ccNDDJT9.s 			page 17


 913 0375 04       		.byte	4
 914 0376 37       		.byte	55
 915 0377 01       		.byte	1
 916 0378 40       		.byte	64
 917 0379 30       		.byte	48
 918 037a 41       		.byte	65
 919 037b 05       		.byte	5
 920 037c 45       		.byte	69
 921 037d 01       		.byte	1
 922 037e 46       		.byte	70
 923 037f 02       		.byte	2
 924 0380 48       		.byte	72
 925 0381 05       		.byte	5
 926 0382 49       		.byte	73
 927 0383 FF       		.byte	-1
 928 0384 4A       		.byte	74
 929 0385 FF       		.byte	-1
 930 0386 4B       		.byte	75
 931 0387 FF       		.byte	-1
 932 0388 4D       		.byte	77
 933 0389 A0       		.byte	-96
 934 038a 4F       		.byte	79
 935 038b 04       		.byte	4
 936 038c 50       		.byte	80
 937 038d 18       		.byte	24
 938 038e 52       		.byte	82
 939 038f 80       		.byte	-128
 940 0390 58       		.byte	88
 941 0391 04       		.byte	4
 942 0392 59       		.byte	89
 943 0393 04       		.byte	4
 944 0394 5A       		.byte	90
 945 0395 04       		.byte	4
 946 0396 5B       		.byte	91
 947 0397 04       		.byte	4
 948 0398 5C       		.byte	92
 949 0399 43       		.byte	67
 950 039a 5D       		.byte	93
 951 039b 33       		.byte	51
 952 039c 5F       		.byte	95
 953 039d 01       		.byte	1
 954 039e 60       		.byte	96
 955 039f 40       		.byte	64
 956 03a0 62       		.byte	98
 957 03a1 C0       		.byte	-64
 958 03a2 64       		.byte	100
 959 03a3 40       		.byte	64
 960 03a4 65       		.byte	101
 961 03a5 40       		.byte	64
 962 03a6 66       		.byte	102
 963 03a7 C0       		.byte	-64
 964 03a8 68       		.byte	104
 965 03a9 C0       		.byte	-64
 966 03aa 6A       		.byte	106
 967 03ab C0       		.byte	-64
 968 03ac 6C       		.byte	108
 969 03ad C0       		.byte	-64
ARM GAS  C:\Users\NHANPH~1\AppData\Local\Temp\ccNDDJT9.s 			page 18


 970 03ae 6E       		.byte	110
 971 03af C0       		.byte	-64
 972 03b0 86       		.byte	-122
 973 03b1 08       		.byte	8
 974 03b2 8A       		.byte	-118
 975 03b3 04       		.byte	4
 976 03b4 8B       		.byte	-117
 977 03b5 02       		.byte	2
 978 03b6 8F       		.byte	-113
 979 03b7 04       		.byte	4
 980 03b8 93       		.byte	-109
 981 03b9 01       		.byte	1
 982 03ba 95       		.byte	-107
 983 03bb 08       		.byte	8
 984 03bc 96       		.byte	-106
 985 03bd 04       		.byte	4
 986 03be 98       		.byte	-104
 987 03bf 02       		.byte	2
 988 03c0 9A       		.byte	-102
 989 03c1 01       		.byte	1
 990 03c2 9C       		.byte	-100
 991 03c3 03       		.byte	3
 992 03c4 9F       		.byte	-97
 993 03c5 02       		.byte	2
 994 03c6 A0       		.byte	-96
 995 03c7 01       		.byte	1
 996 03c8 A2       		.byte	-94
 997 03c9 02       		.byte	2
 998 03ca A8       		.byte	-88
 999 03cb 03       		.byte	3
 1000 03cc AE       		.byte	-82
 1001 03cd 08       		.byte	8
 1002 03ce AF       		.byte	-81
 1003 03cf 01       		.byte	1
 1004 03d0 B1       		.byte	-79
 1005 03d1 02       		.byte	2
 1006 03d2 B2       		.byte	-78
 1007 03d3 04       		.byte	4
 1008 03d4 B3       		.byte	-77
 1009 03d5 04       		.byte	4
 1010 03d6 B4       		.byte	-76
 1011 03d7 03       		.byte	3
 1012 03d8 B5       		.byte	-75
 1013 03d9 01       		.byte	1
 1014 03da B6       		.byte	-74
 1015 03db 08       		.byte	8
 1016 03dc B7       		.byte	-73
 1017 03dd 08       		.byte	8
 1018 03de BE       		.byte	-66
 1019 03df 44       		.byte	68
 1020 03e0 BF       		.byte	-65
 1021 03e1 50       		.byte	80
 1022 03e2 C0       		.byte	-64
 1023 03e3 60       		.byte	96
 1024 03e4 C1       		.byte	-63
 1025 03e5 03       		.byte	3
 1026 03e6 C5       		.byte	-59
ARM GAS  C:\Users\NHANPH~1\AppData\Local\Temp\ccNDDJT9.s 			page 19


 1027 03e7 D2       		.byte	-46
 1028 03e8 C6       		.byte	-58
 1029 03e9 01       		.byte	1
 1030 03ea C7       		.byte	-57
 1031 03eb 05       		.byte	5
 1032 03ec C8       		.byte	-56
 1033 03ed 17       		.byte	23
 1034 03ee C9       		.byte	-55
 1035 03ef FF       		.byte	-1
 1036 03f0 CA       		.byte	-54
 1037 03f1 FF       		.byte	-1
 1038 03f2 CB       		.byte	-53
 1039 03f3 FF       		.byte	-1
 1040 03f4 CD       		.byte	-51
 1041 03f5 A0       		.byte	-96
 1042 03f6 CF       		.byte	-49
 1043 03f7 04       		.byte	4
 1044 03f8 D0       		.byte	-48
 1045 03f9 18       		.byte	24
 1046 03fa D2       		.byte	-46
 1047 03fb 80       		.byte	-128
 1048 03fc D4       		.byte	-44
 1049 03fd 07       		.byte	7
 1050 03fe D8       		.byte	-40
 1051 03ff 04       		.byte	4
 1052 0400 D9       		.byte	-39
 1053 0401 04       		.byte	4
 1054 0402 DA       		.byte	-38
 1055 0403 04       		.byte	4
 1056 0404 DB       		.byte	-37
 1057 0405 04       		.byte	4
 1058 0406 DC       		.byte	-36
 1059 0407 41       		.byte	65
 1060 0408 DD       		.byte	-35
 1061 0409 44       		.byte	68
 1062 040a DF       		.byte	-33
 1063 040b 01       		.byte	1
 1064 040c E0       		.byte	-32
 1065 040d 40       		.byte	64
 1066 040e E2       		.byte	-30
 1067 040f C0       		.byte	-64
 1068 0410 E4       		.byte	-28
 1069 0411 40       		.byte	64
 1070 0412 E5       		.byte	-27
 1071 0413 40       		.byte	64
 1072 0414 E6       		.byte	-26
 1073 0415 C0       		.byte	-64
 1074 0416 E8       		.byte	-24
 1075 0417 C0       		.byte	-64
 1076 0418 EA       		.byte	-22
 1077 0419 C0       		.byte	-64
 1078 041a EC       		.byte	-20
 1079 041b C0       		.byte	-64
 1080 041c EE       		.byte	-18
 1081 041d C0       		.byte	-64
 1082 041e 00       		.byte	0
 1083 041f 30       		.byte	48
ARM GAS  C:\Users\NHANPH~1\AppData\Local\Temp\ccNDDJT9.s 			page 20


 1084 0420 03       		.byte	3
 1085 0421 10       		.byte	16
 1086 0422 06       		.byte	6
 1087 0423 40       		.byte	64
 1088 0424 09       		.byte	9
 1089 0425 40       		.byte	64
 1090 0426 0A       		.byte	10
 1091 0427 04       		.byte	4
 1092 0428 0B       		.byte	11
 1093 0429 10       		.byte	16
 1094 042a 0D       		.byte	13
 1095 042b 08       		.byte	8
 1096 042c 0F       		.byte	15
 1097 042d 08       		.byte	8
 1098 042e 10       		.byte	16
 1099 042f 4A       		.byte	74
 1100 0430 18       		.byte	24
 1101 0431 08       		.byte	8
 1102 0432 19       		.byte	25
 1103 0433 04       		.byte	4
 1104 0434 1A       		.byte	26
 1105 0435 05       		.byte	5
 1106 0436 1D       		.byte	29
 1107 0437 08       		.byte	8
 1108 0438 1F       		.byte	31
 1109 0439 20       		.byte	32
 1110 043a 20       		.byte	32
 1111 043b 80       		.byte	-128
 1112 043c 22       		.byte	34
 1113 043d 20       		.byte	32
 1114 043e 23       		.byte	35
 1115 043f 12       		.byte	18
 1116 0440 25       		.byte	37
 1117 0441 80       		.byte	-128
 1118 0442 27       		.byte	39
 1119 0443 48       		.byte	72
 1120 0444 29       		.byte	41
 1121 0445 80       		.byte	-128
 1122 0446 2C       		.byte	44
 1123 0447 80       		.byte	-128
 1124 0448 2F       		.byte	47
 1125 0449 08       		.byte	8
 1126 044a 30       		.byte	48
 1127 044b 80       		.byte	-128
 1128 044c 32       		.byte	50
 1129 044d 06       		.byte	6
 1130 044e 37       		.byte	55
 1131 044f 08       		.byte	8
 1132 0450 3B       		.byte	59
 1133 0451 50       		.byte	80
 1134 0452 3F       		.byte	63
 1135 0453 10       		.byte	16
 1136 0454 40       		.byte	64
 1137 0455 10       		.byte	16
 1138 0456 45       		.byte	69
 1139 0457 08       		.byte	8
 1140 0458 48       		.byte	72
ARM GAS  C:\Users\NHANPH~1\AppData\Local\Temp\ccNDDJT9.s 			page 21


 1141 0459 10       		.byte	16
 1142 045a 49       		.byte	73
 1143 045b 01       		.byte	1
 1144 045c 4B       		.byte	75
 1145 045d 10       		.byte	16
 1146 045e 4F       		.byte	79
 1147 045f 88       		.byte	-120
 1148 0460 50       		.byte	80
 1149 0461 80       		.byte	-128
 1150 0462 53       		.byte	83
 1151 0463 08       		.byte	8
 1152 0464 57       		.byte	87
 1153 0465 40       		.byte	64
 1154 0466 59       		.byte	89
 1155 0467 05       		.byte	5
 1156 0468 5A       		.byte	90
 1157 0469 10       		.byte	16
 1158 046a 5B       		.byte	91
 1159 046b 40       		.byte	64
 1160 046c 73       		.byte	115
 1161 046d 40       		.byte	64
 1162 046e 76       		.byte	118
 1163 046f 40       		.byte	64
 1164 0470 85       		.byte	-123
 1165 0471 40       		.byte	64
 1166 0472 87       		.byte	-121
 1167 0473 08       		.byte	8
 1168 0474 88       		.byte	-120
 1169 0475 40       		.byte	64
 1170 0476 8A       		.byte	-118
 1171 0477 01       		.byte	1
 1172 0478 8B       		.byte	-117
 1173 0479 02       		.byte	2
 1174 047a 8C       		.byte	-116
 1175 047b 0C       		.byte	12
 1176 047c C0       		.byte	-64
 1177 047d 16       		.byte	22
 1178 047e C2       		.byte	-62
 1179 047f 67       		.byte	103
 1180 0480 C4       		.byte	-60
 1181 0481 0B       		.byte	11
 1182 0482 CA       		.byte	-54
 1183 0483 A8       		.byte	-88
 1184 0484 CC       		.byte	-52
 1185 0485 4B       		.byte	75
 1186 0486 CE       		.byte	-50
 1187 0487 2C       		.byte	44
 1188 0488 D0       		.byte	-48
 1189 0489 42       		.byte	66
 1190 048a D2       		.byte	-46
 1191 048b 14       		.byte	20
 1192 048c D6       		.byte	-42
 1193 048d 0F       		.byte	15
 1194 048e E2       		.byte	-30
 1195 048f 2A       		.byte	42
 1196 0490 E4       		.byte	-28
 1197 0491 02       		.byte	2
ARM GAS  C:\Users\NHANPH~1\AppData\Local\Temp\ccNDDJT9.s 			page 22


 1198 0492 E6       		.byte	-26
 1199 0493 24       		.byte	36
 1200 0494 E8       		.byte	-24
 1201 0495 44       		.byte	68
 1202 0496 EC       		.byte	-20
 1203 0497 80       		.byte	-128
 1204 0498 EE       		.byte	-18
 1205 0499 04       		.byte	4
 1206 049a 01       		.byte	1
 1207 049b 01       		.byte	1
 1208 049c 05       		.byte	5
 1209 049d 04       		.byte	4
 1210 049e 06       		.byte	6
 1211 049f 02       		.byte	2
 1212 04a0 0D       		.byte	13
 1213 04a1 03       		.byte	3
 1214 04a2 0E       		.byte	14
 1215 04a3 02       		.byte	2
 1216 04a4 10       		.byte	16
 1217 04a5 01       		.byte	1
 1218 04a6 11       		.byte	17
 1219 04a7 1F       		.byte	31
 1220 04a8 13       		.byte	19
 1221 04a9 20       		.byte	32
 1222 04aa 14       		.byte	20
 1223 04ab 02       		.byte	2
 1224 04ac 15       		.byte	21
 1225 04ad 1C       		.byte	28
 1226 04ae 17       		.byte	23
 1227 04af 23       		.byte	35
 1228 04b0 18       		.byte	24
 1229 04b1 02       		.byte	2
 1230 04b2 19       		.byte	25
 1231 04b3 33       		.byte	51
 1232 04b4 1B       		.byte	27
 1233 04b5 0C       		.byte	12
 1234 04b6 1D       		.byte	29
 1235 04b7 02       		.byte	2
 1236 04b8 21       		.byte	33
 1237 04b9 08       		.byte	8
 1238 04ba 24       		.byte	36
 1239 04bb 01       		.byte	1
 1240 04bc 25       		.byte	37
 1241 04bd 3F       		.byte	63
 1242 04be 28       		.byte	40
 1243 04bf 01       		.byte	1
 1244 04c0 2B       		.byte	43
 1245 04c1 23       		.byte	35
 1246 04c2 2D       		.byte	45
 1247 04c3 0C       		.byte	12
 1248 04c4 30       		.byte	48
 1249 04c5 02       		.byte	2
 1250 04c6 32       		.byte	50
 1251 04c7 01       		.byte	1
 1252 04c8 33       		.byte	51
 1253 04c9 10       		.byte	16
 1254 04ca 35       		.byte	53
ARM GAS  C:\Users\NHANPH~1\AppData\Local\Temp\ccNDDJT9.s 			page 23


 1255 04cb 0F       		.byte	15
 1256 04cc 37       		.byte	55
 1257 04cd 2C       		.byte	44
 1258 04ce 38       		.byte	56
 1259 04cf 02       		.byte	2
 1260 04d0 3B       		.byte	59
 1261 04d1 A0       		.byte	-96
 1262 04d2 3F       		.byte	63
 1263 04d3 04       		.byte	4
 1264 04d4 40       		.byte	64
 1265 04d5 64       		.byte	100
 1266 04d6 42       		.byte	66
 1267 04d7 01       		.byte	1
 1268 04d8 45       		.byte	69
 1269 04d9 EC       		.byte	-20
 1270 04da 46       		.byte	70
 1271 04db 02       		.byte	2
 1272 04dc 48       		.byte	72
 1273 04dd 07       		.byte	7
 1274 04de 49       		.byte	73
 1275 04df FF       		.byte	-1
 1276 04e0 4A       		.byte	74
 1277 04e1 FF       		.byte	-1
 1278 04e2 4B       		.byte	75
 1279 04e3 FF       		.byte	-1
 1280 04e4 4F       		.byte	79
 1281 04e5 01       		.byte	1
 1282 04e6 50       		.byte	80
 1283 04e7 18       		.byte	24
 1284 04e8 56       		.byte	86
 1285 04e9 02       		.byte	2
 1286 04ea 57       		.byte	87
 1287 04eb 11       		.byte	17
 1288 04ec 58       		.byte	88
 1289 04ed 04       		.byte	4
 1290 04ee 59       		.byte	89
 1291 04ef 04       		.byte	4
 1292 04f0 5A       		.byte	90
 1293 04f1 04       		.byte	4
 1294 04f2 5B       		.byte	91
 1295 04f3 04       		.byte	4
 1296 04f4 5C       		.byte	92
 1297 04f5 11       		.byte	17
 1298 04f6 5D       		.byte	93
 1299 04f7 15       		.byte	21
 1300 04f8 5F       		.byte	95
 1301 04f9 01       		.byte	1
 1302 04fa 60       		.byte	96
 1303 04fb 40       		.byte	64
 1304 04fc 62       		.byte	98
 1305 04fd 40       		.byte	64
 1306 04fe 64       		.byte	100
 1307 04ff 40       		.byte	64
 1308 0500 65       		.byte	101
 1309 0501 40       		.byte	64
 1310 0502 66       		.byte	102
 1311 0503 80       		.byte	-128
ARM GAS  C:\Users\NHANPH~1\AppData\Local\Temp\ccNDDJT9.s 			page 24


 1312 0504 68       		.byte	104
 1313 0505 80       		.byte	-128
 1314 0506 6A       		.byte	106
 1315 0507 80       		.byte	-128
 1316 0508 6C       		.byte	108
 1317 0509 80       		.byte	-128
 1318 050a 6E       		.byte	110
 1319 050b 80       		.byte	-128
 1320 050c 80       		.byte	-128
 1321 050d 01       		.byte	1
 1322 050e 86       		.byte	-122
 1323 050f 03       		.byte	3
 1324 0510 8D       		.byte	-115
 1325 0511 04       		.byte	4
 1326 0512 91       		.byte	-111
 1327 0513 02       		.byte	2
 1328 0514 9D       		.byte	-99
 1329 0515 01       		.byte	1
 1330 0516 B0       		.byte	-80
 1331 0517 01       		.byte	1
 1332 0518 B1       		.byte	-79
 1333 0519 02       		.byte	2
 1334 051a B3       		.byte	-77
 1335 051b 04       		.byte	4
 1336 051c B5       		.byte	-75
 1337 051d 01       		.byte	1
 1338 051e B6       		.byte	-74
 1339 051f 02       		.byte	2
 1340 0520 BF       		.byte	-65
 1341 0521 15       		.byte	21
 1342 0522 C0       		.byte	-64
 1343 0523 02       		.byte	2
 1344 0524 C6       		.byte	-58
 1345 0525 04       		.byte	4
 1346 0526 C9       		.byte	-55
 1347 0527 FF       		.byte	-1
 1348 0528 CA       		.byte	-54
 1349 0529 07       		.byte	7
 1350 052a CB       		.byte	-53
 1351 052b FF       		.byte	-1
 1352 052c CC       		.byte	-52
 1353 052d 40       		.byte	64
 1354 052e CD       		.byte	-51
 1355 052f 20       		.byte	32
 1356 0530 CE       		.byte	-50
 1357 0531 F0       		.byte	-16
 1358 0532 CF       		.byte	-49
 1359 0533 05       		.byte	5
 1360 0534 D0       		.byte	-48
 1361 0535 08       		.byte	8
 1362 0536 D8       		.byte	-40
 1363 0537 04       		.byte	4
 1364 0538 D9       		.byte	-39
 1365 0539 04       		.byte	4
 1366 053a DA       		.byte	-38
 1367 053b 04       		.byte	4
 1368 053c DC       		.byte	-36
ARM GAS  C:\Users\NHANPH~1\AppData\Local\Temp\ccNDDJT9.s 			page 25


 1369 053d 04       		.byte	4
 1370 053e DD       		.byte	-35
 1371 053f 01       		.byte	1
 1372 0540 DF       		.byte	-33
 1373 0541 01       		.byte	1
 1374 0542 E0       		.byte	-32
 1375 0543 40       		.byte	64
 1376 0544 E1       		.byte	-31
 1377 0545 A8       		.byte	-88
 1378 0546 E2       		.byte	-30
 1379 0547 40       		.byte	64
 1380 0548 E3       		.byte	-29
 1381 0549 20       		.byte	32
 1382 054a 00       		.byte	0
 1383 054b 09       		.byte	9
 1384 054c 05       		.byte	5
 1385 054d 04       		.byte	4
 1386 054e 07       		.byte	7
 1387 054f 01       		.byte	1
 1388 0550 08       		.byte	8
 1389 0551 08       		.byte	8
 1390 0552 0A       		.byte	10
 1391 0553 10       		.byte	16
 1392 0554 0B       		.byte	11
 1393 0555 20       		.byte	32
 1394 0556 0C       		.byte	12
 1395 0557 10       		.byte	16
 1396 0558 0E       		.byte	14
 1397 0559 50       		.byte	80
 1398 055a 15       		.byte	21
 1399 055b 20       		.byte	32
 1400 055c 17       		.byte	23
 1401 055d 04       		.byte	4
 1402 055e 18       		.byte	24
 1403 055f 81       		.byte	-127
 1404 0560 1D       		.byte	29
 1405 0561 09       		.byte	9
 1406 0562 1F       		.byte	31
 1407 0563 04       		.byte	4
 1408 0564 21       		.byte	33
 1409 0565 02       		.byte	2
 1410 0566 22       		.byte	34
 1411 0567 10       		.byte	16
 1412 0568 23       		.byte	35
 1413 0569 10       		.byte	16
 1414 056a 24       		.byte	36
 1415 056b 08       		.byte	8
 1416 056c 26       		.byte	38
 1417 056d 10       		.byte	16
 1418 056e 27       		.byte	39
 1419 056f 21       		.byte	33
 1420 0570 2C       		.byte	44
 1421 0571 81       		.byte	-127
 1422 0572 2F       		.byte	47
 1423 0573 14       		.byte	20
 1424 0574 32       		.byte	50
 1425 0575 81       		.byte	-127
ARM GAS  C:\Users\NHANPH~1\AppData\Local\Temp\ccNDDJT9.s 			page 26


 1426 0576 34       		.byte	52
 1427 0577 10       		.byte	16
 1428 0578 35       		.byte	53
 1429 0579 04       		.byte	4
 1430 057a 36       		.byte	54
 1431 057b 10       		.byte	16
 1432 057c 37       		.byte	55
 1433 057d 41       		.byte	65
 1434 057e 3B       		.byte	59
 1435 057f 40       		.byte	64
 1436 0580 3C       		.byte	60
 1437 0581 40       		.byte	64
 1438 0582 3E       		.byte	62
 1439 0583 0A       		.byte	10
 1440 0584 40       		.byte	64
 1441 0585 04       		.byte	4
 1442 0586 46       		.byte	70
 1443 0587 81       		.byte	-127
 1444 0588 48       		.byte	72
 1445 0589 10       		.byte	16
 1446 058a 4E       		.byte	78
 1447 058b 08       		.byte	8
 1448 058c 4F       		.byte	79
 1449 058d 05       		.byte	5
 1450 058e 52       		.byte	82
 1451 058f 40       		.byte	64
 1452 0590 56       		.byte	86
 1453 0591 80       		.byte	-128
 1454 0592 5F       		.byte	95
 1455 0593 20       		.byte	32
 1456 0594 6E       		.byte	110
 1457 0595 44       		.byte	68
 1458 0596 6F       		.byte	111
 1459 0597 04       		.byte	4
 1460 0598 74       		.byte	116
 1461 0599 80       		.byte	-128
 1462 059a 76       		.byte	118
 1463 059b 1C       		.byte	28
 1464 059c 81       		.byte	-127
 1465 059d 02       		.byte	2
 1466 059e 82       		.byte	-126
 1467 059f 10       		.byte	16
 1468 05a0 84       		.byte	-124
 1469 05a1 04       		.byte	4
 1470 05a2 85       		.byte	-123
 1471 05a3 10       		.byte	16
 1472 05a4 86       		.byte	-122
 1473 05a5 04       		.byte	4
 1474 05a6 88       		.byte	-120
 1475 05a7 05       		.byte	5
 1476 05a8 8A       		.byte	-118
 1477 05a9 10       		.byte	16
 1478 05aa 8D       		.byte	-115
 1479 05ab 40       		.byte	64
 1480 05ac 8F       		.byte	-113
 1481 05ad 44       		.byte	68
 1482 05ae 90       		.byte	-112
ARM GAS  C:\Users\NHANPH~1\AppData\Local\Temp\ccNDDJT9.s 			page 27


 1483 05af 04       		.byte	4
 1484 05b0 92       		.byte	-110
 1485 05b1 02       		.byte	2
 1486 05b2 93       		.byte	-109
 1487 05b3 60       		.byte	96
 1488 05b4 98       		.byte	-104
 1489 05b5 40       		.byte	64
 1490 05b6 99       		.byte	-103
 1491 05b7 04       		.byte	4
 1492 05b8 9C       		.byte	-100
 1493 05b9 14       		.byte	20
 1494 05ba 9D       		.byte	-99
 1495 05bb 10       		.byte	16
 1496 05bc 9E       		.byte	-98
 1497 05bd 56       		.byte	86
 1498 05be 9F       		.byte	-97
 1499 05bf 01       		.byte	1
 1500 05c0 A2       		.byte	-94
 1501 05c1 80       		.byte	-128
 1502 05c2 A4       		.byte	-92
 1503 05c3 90       		.byte	-112
 1504 05c4 A5       		.byte	-91
 1505 05c5 08       		.byte	8
 1506 05c6 A6       		.byte	-90
 1507 05c7 01       		.byte	1
 1508 05c8 A7       		.byte	-89
 1509 05c9 02       		.byte	2
 1510 05ca AB       		.byte	-85
 1511 05cb 08       		.byte	8
 1512 05cc AC       		.byte	-84
 1513 05cd 20       		.byte	32
 1514 05ce AF       		.byte	-81
 1515 05cf 04       		.byte	4
 1516 05d0 B1       		.byte	-79
 1517 05d1 01       		.byte	1
 1518 05d2 B2       		.byte	-78
 1519 05d3 80       		.byte	-128
 1520 05d4 B5       		.byte	-75
 1521 05d5 04       		.byte	4
 1522 05d6 B7       		.byte	-73
 1523 05d7 60       		.byte	96
 1524 05d8 C0       		.byte	-64
 1525 05d9 AC       		.byte	-84
 1526 05da C2       		.byte	-62
 1527 05db 70       		.byte	112
 1528 05dc C4       		.byte	-60
 1529 05dd 60       		.byte	96
 1530 05de CA       		.byte	-54
 1531 05df F0       		.byte	-16
 1532 05e0 CC       		.byte	-52
 1533 05e1 F9       		.byte	-7
 1534 05e2 CE       		.byte	-50
 1535 05e3 D8       		.byte	-40
 1536 05e4 D0       		.byte	-48
 1537 05e5 94       		.byte	-108
 1538 05e6 D2       		.byte	-46
 1539 05e7 20       		.byte	32
ARM GAS  C:\Users\NHANPH~1\AppData\Local\Temp\ccNDDJT9.s 			page 28


 1540 05e8 D6       		.byte	-42
 1541 05e9 20       		.byte	32
 1542 05ea E0       		.byte	-32
 1543 05eb 11       		.byte	17
 1544 05ec E2       		.byte	-30
 1545 05ed 08       		.byte	8
 1546 05ee E4       		.byte	-28
 1547 05ef 80       		.byte	-128
 1548 05f0 E6       		.byte	-26
 1549 05f1 10       		.byte	16
 1550 05f2 E8       		.byte	-24
 1551 05f3 40       		.byte	64
 1552 05f4 EC       		.byte	-20
 1553 05f5 80       		.byte	-128
 1554 05f6 EE       		.byte	-18
 1555 05f7 04       		.byte	4
 1556 05f8 02       		.byte	2
 1557 05f9 0F       		.byte	15
 1558 05fa 03       		.byte	3
 1559 05fb 10       		.byte	16
 1560 05fc 08       		.byte	8
 1561 05fd 05       		.byte	5
 1562 05fe 09       		.byte	9
 1563 05ff 60       		.byte	96
 1564 0600 0A       		.byte	10
 1565 0601 0A       		.byte	10
 1566 0602 0B       		.byte	11
 1567 0603 0E       		.byte	14
 1568 0604 0C       		.byte	12
 1569 0605 05       		.byte	5
 1570 0606 0D       		.byte	13
 1571 0607 65       		.byte	101
 1572 0608 0E       		.byte	14
 1573 0609 0A       		.byte	10
 1574 060a 11       		.byte	17
 1575 060b 20       		.byte	32
 1576 060c 12       		.byte	18
 1577 060d 30       		.byte	48
 1578 060e 13       		.byte	19
 1579 060f 49       		.byte	73
 1580 0610 14       		.byte	20
 1581 0611 10       		.byte	16
 1582 0612 15       		.byte	21
 1583 0613 20       		.byte	32
 1584 0614 16       		.byte	22
 1585 0615 20       		.byte	32
 1586 0616 17       		.byte	23
 1587 0617 43       		.byte	67
 1588 0618 1C       		.byte	28
 1589 0619 03       		.byte	3
 1590 061a 1E       		.byte	30
 1591 061b 0C       		.byte	12
 1592 061c 20       		.byte	32
 1593 061d 20       		.byte	32
 1594 061e 21       		.byte	33
 1595 061f 80       		.byte	-128
 1596 0620 22       		.byte	34
ARM GAS  C:\Users\NHANPH~1\AppData\Local\Temp\ccNDDJT9.s 			page 29


 1597 0621 10       		.byte	16
 1598 0622 23       		.byte	35
 1599 0623 0F       		.byte	15
 1600 0624 28       		.byte	40
 1601 0625 03       		.byte	3
 1602 0626 2A       		.byte	42
 1603 0627 0C       		.byte	12
 1604 0628 31       		.byte	49
 1605 0629 0F       		.byte	15
 1606 062a 32       		.byte	50
 1607 062b 0F       		.byte	15
 1608 062c 33       		.byte	51
 1609 062d E0       		.byte	-32
 1610 062e 36       		.byte	54
 1611 062f 30       		.byte	48
 1612 0630 37       		.byte	55
 1613 0631 10       		.byte	16
 1614 0632 3B       		.byte	59
 1615 0633 0E       		.byte	14
 1616 0634 3E       		.byte	62
 1617 0635 40       		.byte	64
 1618 0636 52       		.byte	82
 1619 0637 83       		.byte	-125
 1620 0638 58       		.byte	88
 1621 0639 04       		.byte	4
 1622 063a 59       		.byte	89
 1623 063b 04       		.byte	4
 1624 063c 5B       		.byte	91
 1625 063d 04       		.byte	4
 1626 063e 5C       		.byte	92
 1627 063f 55       		.byte	85
 1628 0640 5D       		.byte	93
 1629 0641 50       		.byte	80
 1630 0642 5F       		.byte	95
 1631 0643 01       		.byte	1
 1632 0644 80       		.byte	-128
 1633 0645 84       		.byte	-124
 1634 0646 82       		.byte	-126
 1635 0647 30       		.byte	48
 1636 0648 86       		.byte	-122
 1637 0649 06       		.byte	6
 1638 064a 8C       		.byte	-116
 1639 064b 26       		.byte	38
 1640 064c 8E       		.byte	-114
 1641 064d C8       		.byte	-56
 1642 064e 96       		.byte	-106
 1643 064f 06       		.byte	6
 1644 0650 98       		.byte	-104
 1645 0651 E0       		.byte	-32
 1646 0652 99       		.byte	-103
 1647 0653 01       		.byte	1
 1648 0654 9C       		.byte	-100
 1649 0655 E0       		.byte	-32
 1650 0656 A2       		.byte	-94
 1651 0657 06       		.byte	6
 1652 0658 A4       		.byte	-92
 1653 0659 06       		.byte	6
ARM GAS  C:\Users\NHANPH~1\AppData\Local\Temp\ccNDDJT9.s 			page 30


 1654 065a A8       		.byte	-88
 1655 065b 06       		.byte	6
 1656 065c AC       		.byte	-84
 1657 065d 42       		.byte	66
 1658 065e AE       		.byte	-82
 1659 065f 31       		.byte	49
 1660 0660 B0       		.byte	-80
 1661 0661 E0       		.byte	-32
 1662 0662 B2       		.byte	-78
 1663 0663 06       		.byte	6
 1664 0664 B4       		.byte	-76
 1665 0665 01       		.byte	1
 1666 0666 B6       		.byte	-74
 1667 0667 18       		.byte	24
 1668 0668 B7       		.byte	-73
 1669 0669 01       		.byte	1
 1670 066a BE       		.byte	-66
 1671 066b 40       		.byte	64
 1672 066c BF       		.byte	-65
 1673 066d 40       		.byte	64
 1674 066e C0       		.byte	-64
 1675 066f 63       		.byte	99
 1676 0670 C1       		.byte	-63
 1677 0671 02       		.byte	2
 1678 0672 C2       		.byte	-62
 1679 0673 04       		.byte	4
 1680 0674 C4       		.byte	-60
 1681 0675 01       		.byte	1
 1682 0676 C7       		.byte	-57
 1683 0677 CE       		.byte	-50
 1684 0678 C8       		.byte	-56
 1685 0679 30       		.byte	48
 1686 067a C9       		.byte	-55
 1687 067b FF       		.byte	-1
 1688 067c CA       		.byte	-54
 1689 067d FF       		.byte	-1
 1690 067e CB       		.byte	-53
 1691 067f FF       		.byte	-1
 1692 0680 CC       		.byte	-52
 1693 0681 62       		.byte	98
 1694 0682 CD       		.byte	-51
 1695 0683 A0       		.byte	-96
 1696 0684 CE       		.byte	-50
 1697 0685 F0       		.byte	-16
 1698 0686 CF       		.byte	-49
 1699 0687 41       		.byte	65
 1700 0688 D0       		.byte	-48
 1701 0689 0C       		.byte	12
 1702 068a D4       		.byte	-44
 1703 068b 03       		.byte	3
 1704 068c D8       		.byte	-40
 1705 068d 04       		.byte	4
 1706 068e D9       		.byte	-39
 1707 068f 04       		.byte	4
 1708 0690 DA       		.byte	-38
 1709 0691 04       		.byte	4
 1710 0692 DB       		.byte	-37
ARM GAS  C:\Users\NHANPH~1\AppData\Local\Temp\ccNDDJT9.s 			page 31


 1711 0693 04       		.byte	4
 1712 0694 DC       		.byte	-36
 1713 0695 01       		.byte	1
 1714 0696 DD       		.byte	-35
 1715 0697 51       		.byte	81
 1716 0698 DF       		.byte	-33
 1717 0699 01       		.byte	1
 1718 069a E6       		.byte	-26
 1719 069b 40       		.byte	64
 1720 069c E7       		.byte	-25
 1721 069d 02       		.byte	2
 1722 069e E9       		.byte	-23
 1723 069f 10       		.byte	16
 1724 06a0 EA       		.byte	-22
 1725 06a1 30       		.byte	48
 1726 06a2 EB       		.byte	-21
 1727 06a3 10       		.byte	16
 1728 06a4 ED       		.byte	-19
 1729 06a5 10       		.byte	16
 1730 06a6 EE       		.byte	-18
 1731 06a7 10       		.byte	16
 1732 06a8 EF       		.byte	-17
 1733 06a9 12       		.byte	18
 1734 06aa 00       		.byte	0
 1735 06ab 10       		.byte	16
 1736 06ac 01       		.byte	1
 1737 06ad 40       		.byte	64
 1738 06ae 03       		.byte	3
 1739 06af 80       		.byte	-128
 1740 06b0 04       		.byte	4
 1741 06b1 40       		.byte	64
 1742 06b2 05       		.byte	5
 1743 06b3 04       		.byte	4
 1744 06b4 07       		.byte	7
 1745 06b5 40       		.byte	64
 1746 06b6 0A       		.byte	10
 1747 06b7 42       		.byte	66
 1748 06b8 0B       		.byte	11
 1749 06b9 20       		.byte	32
 1750 06ba 0D       		.byte	13
 1751 06bb 48       		.byte	72
 1752 06bc 0E       		.byte	14
 1753 06bd 04       		.byte	4
 1754 06be 10       		.byte	16
 1755 06bf 08       		.byte	8
 1756 06c0 13       		.byte	19
 1757 06c1 02       		.byte	2
 1758 06c2 14       		.byte	20
 1759 06c3 18       		.byte	24
 1760 06c4 16       		.byte	22
 1761 06c5 02       		.byte	2
 1762 06c6 17       		.byte	23
 1763 06c7 01       		.byte	1
 1764 06c8 1A       		.byte	26
 1765 06c9 10       		.byte	16
 1766 06ca 1B       		.byte	27
 1767 06cb 80       		.byte	-128
ARM GAS  C:\Users\NHANPH~1\AppData\Local\Temp\ccNDDJT9.s 			page 32


 1768 06cc 1C       		.byte	28
 1769 06cd 40       		.byte	64
 1770 06ce 1D       		.byte	29
 1771 06cf 90       		.byte	-112
 1772 06d0 1F       		.byte	31
 1773 06d1 08       		.byte	8
 1774 06d2 20       		.byte	32
 1775 06d3 10       		.byte	16
 1776 06d4 22       		.byte	34
 1777 06d5 01       		.byte	1
 1778 06d6 23       		.byte	35
 1779 06d7 02       		.byte	2
 1780 06d8 26       		.byte	38
 1781 06d9 80       		.byte	-128
 1782 06da 2A       		.byte	42
 1783 06db 01       		.byte	1
 1784 06dc 2B       		.byte	43
 1785 06dd 80       		.byte	-128
 1786 06de 30       		.byte	48
 1787 06df 08       		.byte	8
 1788 06e0 32       		.byte	50
 1789 06e1 01       		.byte	1
 1790 06e2 37       		.byte	55
 1791 06e3 20       		.byte	32
 1792 06e4 38       		.byte	56
 1793 06e5 10       		.byte	16
 1794 06e6 39       		.byte	57
 1795 06e7 42       		.byte	66
 1796 06e8 44       		.byte	68
 1797 06e9 48       		.byte	72
 1798 06ea 45       		.byte	69
 1799 06eb 88       		.byte	-120
 1800 06ec 4C       		.byte	76
 1801 06ed 04       		.byte	4
 1802 06ee 55       		.byte	85
 1803 06ef 04       		.byte	4
 1804 06f0 57       		.byte	87
 1805 06f1 02       		.byte	2
 1806 06f2 5C       		.byte	92
 1807 06f3 80       		.byte	-128
 1808 06f4 5E       		.byte	94
 1809 06f5 10       		.byte	16
 1810 06f6 5F       		.byte	95
 1811 06f7 05       		.byte	5
 1812 06f8 68       		.byte	104
 1813 06f9 08       		.byte	8
 1814 06fa 69       		.byte	105
 1815 06fb 40       		.byte	64
 1816 06fc 72       		.byte	114
 1817 06fd 40       		.byte	64
 1818 06fe 82       		.byte	-126
 1819 06ff 48       		.byte	72
 1820 0700 86       		.byte	-122
 1821 0701 80       		.byte	-128
 1822 0702 89       		.byte	-119
 1823 0703 01       		.byte	1
 1824 0704 8A       		.byte	-118
ARM GAS  C:\Users\NHANPH~1\AppData\Local\Temp\ccNDDJT9.s 			page 33


 1825 0705 02       		.byte	2
 1826 0706 8B       		.byte	-117
 1827 0707 30       		.byte	48
 1828 0708 8D       		.byte	-115
 1829 0709 04       		.byte	4
 1830 070a 90       		.byte	-112
 1831 070b 08       		.byte	8
 1832 070c 91       		.byte	-111
 1833 070d 80       		.byte	-128
 1834 070e 92       		.byte	-110
 1835 070f 04       		.byte	4
 1836 0710 93       		.byte	-109
 1837 0711 05       		.byte	5
 1838 0712 94       		.byte	-108
 1839 0713 40       		.byte	64
 1840 0714 98       		.byte	-104
 1841 0715 D8       		.byte	-40
 1842 0716 99       		.byte	-103
 1843 0717 04       		.byte	4
 1844 0718 9B       		.byte	-101
 1845 0719 41       		.byte	65
 1846 071a 9D       		.byte	-99
 1847 071b 10       		.byte	16
 1848 071c 9E       		.byte	-98
 1849 071d 03       		.byte	3
 1850 071e A1       		.byte	-95
 1851 071f 08       		.byte	8
 1852 0720 A6       		.byte	-90
 1853 0721 08       		.byte	8
 1854 0722 A7       		.byte	-89
 1855 0723 0A       		.byte	10
 1856 0724 A9       		.byte	-87
 1857 0725 01       		.byte	1
 1858 0726 AA       		.byte	-86
 1859 0727 01       		.byte	1
 1860 0728 AB       		.byte	-85
 1861 0729 08       		.byte	8
 1862 072a AF       		.byte	-81
 1863 072b 10       		.byte	16
 1864 072c B0       		.byte	-80
 1865 072d 80       		.byte	-128
 1866 072e B2       		.byte	-78
 1867 072f 80       		.byte	-128
 1868 0730 B4       		.byte	-76
 1869 0731 40       		.byte	64
 1870 0732 C0       		.byte	-64
 1871 0733 BB       		.byte	-69
 1872 0734 C2       		.byte	-62
 1873 0735 ED       		.byte	-19
 1874 0736 C4       		.byte	-60
 1875 0737 FA       		.byte	-6
 1876 0738 CA       		.byte	-54
 1877 0739 01       		.byte	1
 1878 073a CC       		.byte	-52
 1879 073b 23       		.byte	35
 1880 073c CE       		.byte	-50
 1881 073d 0D       		.byte	13
ARM GAS  C:\Users\NHANPH~1\AppData\Local\Temp\ccNDDJT9.s 			page 34


 1882 073e D0       		.byte	-48
 1883 073f F0       		.byte	-16
 1884 0740 D2       		.byte	-46
 1885 0741 20       		.byte	32
 1886 0742 D6       		.byte	-42
 1887 0743 F0       		.byte	-16
 1888 0744 E0       		.byte	-32
 1889 0745 08       		.byte	8
 1890 0746 E2       		.byte	-30
 1891 0747 80       		.byte	-128
 1892 0748 E4       		.byte	-28
 1893 0749 21       		.byte	33
 1894 074a E6       		.byte	-26
 1895 074b 40       		.byte	64
 1896 074c E8       		.byte	-24
 1897 074d 30       		.byte	48
 1898 074e EA       		.byte	-22
 1899 074f 81       		.byte	-127
 1900 0750 EE       		.byte	-18
 1901 0751 B0       		.byte	-80
 1902 0752 33       		.byte	51
 1903 0753 88       		.byte	-120
 1904 0754 34       		.byte	52
 1905 0755 20       		.byte	32
 1906 0756 80       		.byte	-128
 1907 0757 20       		.byte	32
 1908 0758 CC       		.byte	-52
 1909 0759 70       		.byte	112
 1910 075a E6       		.byte	-26
 1911 075b 20       		.byte	32
 1912 075c 87       		.byte	-121
 1913 075d 08       		.byte	8
 1914 075e A7       		.byte	-89
 1915 075f 88       		.byte	-120
 1916 0760 E6       		.byte	-26
 1917 0761 40       		.byte	64
 1918 0762 1B       		.byte	27
 1919 0763 42       		.byte	66
 1920 0764 1C       		.byte	28
 1921 0765 41       		.byte	65
 1922 0766 3E       		.byte	62
 1923 0767 10       		.byte	16
 1924 0768 5B       		.byte	91
 1925 0769 08       		.byte	8
 1926 076a 5F       		.byte	95
 1927 076b 08       		.byte	8
 1928 076c 67       		.byte	103
 1929 076d 80       		.byte	-128
 1930 076e 87       		.byte	-121
 1931 076f 48       		.byte	72
 1932 0770 A7       		.byte	-89
 1933 0771 80       		.byte	-128
 1934 0772 C6       		.byte	-58
 1935 0773 F0       		.byte	-16
 1936 0774 CE       		.byte	-50
 1937 0775 20       		.byte	32
 1938 0776 D6       		.byte	-42
ARM GAS  C:\Users\NHANPH~1\AppData\Local\Temp\ccNDDJT9.s 			page 35


 1939 0777 C0       		.byte	-64
 1940 0778 D8       		.byte	-40
 1941 0779 80       		.byte	-128
 1942 077a E2       		.byte	-30
 1943 077b 10       		.byte	16
 1944 077c 6B       		.byte	107
 1945 077d 08       		.byte	8
 1946 077e 90       		.byte	-112
 1947 077f 40       		.byte	64
 1948 0780 96       		.byte	-106
 1949 0781 10       		.byte	16
 1950 0782 9B       		.byte	-101
 1951 0783 08       		.byte	8
 1952 0784 A3       		.byte	-93
 1953 0785 42       		.byte	66
 1954 0786 A7       		.byte	-89
 1955 0787 80       		.byte	-128
 1956 0788 A8       		.byte	-88
 1957 0789 01       		.byte	1
 1958 078a DA       		.byte	-38
 1959 078b 40       		.byte	64
 1960 078c E8       		.byte	-24
 1961 078d 80       		.byte	-128
 1962 078e 13       		.byte	19
 1963 078f 02       		.byte	2
 1964 0790 C4       		.byte	-60
 1965 0791 08       		.byte	8
 1966 0792 03       		.byte	3
 1967 0793 80       		.byte	-128
 1968 0794 9B       		.byte	-101
 1969 0795 02       		.byte	2
 1970 0796 C0       		.byte	-64
 1971 0797 08       		.byte	8
 1972 0798 03       		.byte	3
 1973 0799 80       		.byte	-128
 1974 079a 05       		.byte	5
 1975 079b 02       		.byte	2
 1976 079c 9B       		.byte	-101
 1977 079d 02       		.byte	2
 1978 079e B7       		.byte	-73
 1979 079f 80       		.byte	-128
 1980 07a0 C0       		.byte	-64
 1981 07a1 0C       		.byte	12
 1982 07a2 EA       		.byte	-22
 1983 07a3 02       		.byte	2
 1984 07a4 87       		.byte	-121
 1985 07a5 02       		.byte	2
 1986 07a6 99       		.byte	-103
 1987 07a7 02       		.byte	2
 1988 07a8 9B       		.byte	-101
 1989 07a9 02       		.byte	2
 1990 07aa A3       		.byte	-93
 1991 07ab 80       		.byte	-128
 1992 07ac 24       		.byte	36
 1993 07ad 08       		.byte	8
 1994 07ae 5A       		.byte	90
 1995 07af 20       		.byte	32
ARM GAS  C:\Users\NHANPH~1\AppData\Local\Temp\ccNDDJT9.s 			page 36


 1996 07b0 64       		.byte	100
 1997 07b1 40       		.byte	64
 1998 07b2 69       		.byte	105
 1999 07b3 04       		.byte	4
 2000 07b4 6F       		.byte	111
 2001 07b5 02       		.byte	2
 2002 07b6 72       		.byte	114
 2003 07b7 02       		.byte	2
 2004 07b8 82       		.byte	-126
 2005 07b9 02       		.byte	2
 2006 07ba 86       		.byte	-122
 2007 07bb 20       		.byte	32
 2008 07bc 89       		.byte	-119
 2009 07bd 04       		.byte	4
 2010 07be 8A       		.byte	-118
 2011 07bf 10       		.byte	16
 2012 07c0 96       		.byte	-106
 2013 07c1 10       		.byte	16
 2014 07c2 AB       		.byte	-85
 2015 07c3 C0       		.byte	-64
 2016 07c4 B3       		.byte	-77
 2017 07c5 02       		.byte	2
 2018 07c6 B4       		.byte	-76
 2019 07c7 40       		.byte	64
 2020 07c8 C8       		.byte	-56
 2021 07c9 20       		.byte	32
 2022 07ca D4       		.byte	-44
 2023 07cb 80       		.byte	-128
 2024 07cc D8       		.byte	-40
 2025 07cd 80       		.byte	-128
 2026 07ce DA       		.byte	-38
 2027 07cf C0       		.byte	-64
 2028 07d0 DC       		.byte	-36
 2029 07d1 20       		.byte	32
 2030 07d2 E2       		.byte	-30
 2031 07d3 10       		.byte	16
 2032 07d4 E6       		.byte	-26
 2033 07d5 20       		.byte	32
 2034 07d6 E8       		.byte	-24
 2035 07d7 20       		.byte	32
 2036 07d8 EE       		.byte	-18
 2037 07d9 20       		.byte	32
 2038 07da 09       		.byte	9
 2039 07db 02       		.byte	2
 2040 07dc 12       		.byte	18
 2041 07dd 20       		.byte	32
 2042 07de 16       		.byte	22
 2043 07df 40       		.byte	64
 2044 07e0 5B       		.byte	91
 2045 07e1 02       		.byte	2
 2046 07e2 66       		.byte	102
 2047 07e3 10       		.byte	16
 2048 07e4 72       		.byte	114
 2049 07e5 20       		.byte	32
 2050 07e6 74       		.byte	116
 2051 07e7 02       		.byte	2
 2052 07e8 82       		.byte	-126
ARM GAS  C:\Users\NHANPH~1\AppData\Local\Temp\ccNDDJT9.s 			page 37


 2053 07e9 20       		.byte	32
 2054 07ea 84       		.byte	-124
 2055 07eb 40       		.byte	64
 2056 07ec 86       		.byte	-122
 2057 07ed 40       		.byte	64
 2058 07ee 89       		.byte	-119
 2059 07ef 02       		.byte	2
 2060 07f0 8F       		.byte	-113
 2061 07f1 02       		.byte	2
 2062 07f2 9A       		.byte	-102
 2063 07f3 30       		.byte	48
 2064 07f4 9C       		.byte	-100
 2065 07f5 40       		.byte	64
 2066 07f6 A0       		.byte	-96
 2067 07f7 02       		.byte	2
 2068 07f8 AA       		.byte	-86
 2069 07f9 10       		.byte	16
 2070 07fa AF       		.byte	-81
 2071 07fb 02       		.byte	2
 2072 07fc B0       		.byte	-80
 2073 07fd 02       		.byte	2
 2074 07fe B4       		.byte	-76
 2075 07ff 04       		.byte	4
 2076 0800 B6       		.byte	-74
 2077 0801 10       		.byte	16
 2078 0802 C2       		.byte	-62
 2079 0803 10       		.byte	16
 2080 0804 C4       		.byte	-60
 2081 0805 30       		.byte	48
 2082 0806 D6       		.byte	-42
 2083 0807 40       		.byte	64
 2084 0808 D8       		.byte	-40
 2085 0809 80       		.byte	-128
 2086 080a DC       		.byte	-36
 2087 080b 80       		.byte	-128
 2088 080c DE       		.byte	-34
 2089 080d 20       		.byte	32
 2090 080e E0       		.byte	-32
 2091 080f 10       		.byte	16
 2092 0810 E4       		.byte	-28
 2093 0811 80       		.byte	-128
 2094 0812 E6       		.byte	-26
 2095 0813 10       		.byte	16
 2096 0814 EA       		.byte	-22
 2097 0815 90       		.byte	-112
 2098 0816 0C       		.byte	12
 2099 0817 10       		.byte	16
 2100 0818 10       		.byte	16
 2101 0819 80       		.byte	-128
 2102 081a 13       		.byte	19
 2103 081b 20       		.byte	32
 2104 081c 16       		.byte	22
 2105 081d 40       		.byte	64
 2106 081e 1D       		.byte	29
 2107 081f 10       		.byte	16
 2108 0820 34       		.byte	52
 2109 0821 02       		.byte	2
ARM GAS  C:\Users\NHANPH~1\AppData\Local\Temp\ccNDDJT9.s 			page 38


 2110 0822 7B       		.byte	123
 2111 0823 10       		.byte	16
 2112 0824 7F       		.byte	127
 2113 0825 40       		.byte	64
 2114 0826 82       		.byte	-126
 2115 0827 10       		.byte	16
 2116 0828 84       		.byte	-124
 2117 0829 80       		.byte	-128
 2118 082a 99       		.byte	-103
 2119 082b 02       		.byte	2
 2120 082c 9D       		.byte	-99
 2121 082d 10       		.byte	16
 2122 082e A9       		.byte	-87
 2123 082f 10       		.byte	16
 2124 0830 B3       		.byte	-77
 2125 0831 80       		.byte	-128
 2126 0832 C2       		.byte	-62
 2127 0833 01       		.byte	1
 2128 0834 C4       		.byte	-60
 2129 0835 0E       		.byte	14
 2130 0836 C6       		.byte	-58
 2131 0837 01       		.byte	1
 2132 0838 CC       		.byte	-52
 2133 0839 01       		.byte	1
 2134 083a DE       		.byte	-34
 2135 083b 03       		.byte	3
 2136 083c EA       		.byte	-22
 2137 083d 01       		.byte	1
 2138 083e 10       		.byte	16
 2139 083f 40       		.byte	64
 2140 0840 72       		.byte	114
 2141 0841 10       		.byte	16
 2142 0842 83       		.byte	-125
 2143 0843 10       		.byte	16
 2144 0844 87       		.byte	-121
 2145 0845 40       		.byte	64
 2146 0846 88       		.byte	-120
 2147 0847 50       		.byte	80
 2148 0848 92       		.byte	-110
 2149 0849 10       		.byte	16
 2150 084a 97       		.byte	-105
 2151 084b 80       		.byte	-128
 2152 084c 98       		.byte	-104
 2153 084d 10       		.byte	16
 2154 084e A7       		.byte	-89
 2155 084f 10       		.byte	16
 2156 0850 AB       		.byte	-85
 2157 0851 20       		.byte	32
 2158 0852 B1       		.byte	-79
 2159 0853 02       		.byte	2
 2160 0854 B2       		.byte	-78
 2161 0855 40       		.byte	64
 2162 0856 B4       		.byte	-76
 2163 0857 02       		.byte	2
 2164 0858 C4       		.byte	-60
 2165 0859 08       		.byte	8
 2166 085a DC       		.byte	-36
ARM GAS  C:\Users\NHANPH~1\AppData\Local\Temp\ccNDDJT9.s 			page 39


 2167 085b 01       		.byte	1
 2168 085c E2       		.byte	-30
 2169 085d 05       		.byte	5
 2170 085e E8       		.byte	-24
 2171 085f 08       		.byte	8
 2172 0860 EA       		.byte	-22
 2173 0861 01       		.byte	1
 2174 0862 EE       		.byte	-18
 2175 0863 01       		.byte	1
 2176 0864 00       		.byte	0
 2177 0865 06       		.byte	6
 2178 0866 0C       		.byte	12
 2179 0867 02       		.byte	2
 2180 0868 0E       		.byte	14
 2181 0869 06       		.byte	6
 2182 086a 10       		.byte	16
 2183 086b 3A       		.byte	58
 2184 086c 1A       		.byte	26
 2185 086d 1A       		.byte	26
 2186 086e 1C       		.byte	28
 2187 086f 32       		.byte	50
 2188 0870 00       		.byte	0
 2189 0871 3F       		.byte	63
 2190 0872 03       		.byte	3
 2191 0873 C0       		.byte	-64
 2192 0874 02       		.byte	2
 2193 0875 80       		.byte	-128
 2194 0876 00       		.byte	0
 2195 0877 00       		.byte	0
 2196 0878 43       		.byte	67
 2197 0879 00       		.byte	0
 2198 087a 00       		.byte	0
 2199 087b 00       		.byte	0
 2200 087c 00       		.byte	0
 2201 087d 80       		.byte	-128
 2202 087e 80       		.byte	-128
 2203 087f 00       		.byte	0
 2204 0880 00       		.byte	0
 2205 0881 00       		.byte	0
 2206 0882 04       		.byte	4
 2207 0883 00       		.byte	0
 2208 0884 83       		.byte	-125
 2209 0885 00       		.byte	0
 2210 0886 40       		.byte	64
 2211 0887 90       		.byte	-112
 2212 0888 93       		.byte	-109
 2213 0889 00       		.byte	0
 2214 088a 83       		.byte	-125
 2215 088b 00       		.byte	0
 2216 088c 00       		.byte	0
 2217 088d 00       		.byte	0
 2218 088e 00       		.byte	0
 2219 088f 00       		.byte	0
 2220 0890 00       		.byte	0
 2221 0891 33       		.byte	51
 2222 0892 33       		.byte	51
 2223 0893 00       		.byte	0
ARM GAS  C:\Users\NHANPH~1\AppData\Local\Temp\ccNDDJT9.s 			page 40


 2224 0894 02       		.byte	2
 2225 0895 00       		.byte	0
 2226 0896 00       		.byte	0
 2227 0897 00       		.byte	0
 2228 0898 80       		.byte	-128
 2229 0899 0B       		.byte	11
 2230 089a 0B       		.byte	11
 2231 089b 00       		.byte	0
 2232 089c 00       		.byte	0
 2233 089d 00       		.byte	0
 2234 089e 00       		.byte	0
 2235 089f 00       		.byte	0
 2236 08a0 04       		.byte	4
 2237 08a1 00       		.byte	0
 2238 08a2 01       		.byte	1
 2239 08a3 26       		.byte	38
 2240 08a4 22       		.byte	34
 2241 08a5 00       		.byte	0
 2242 08a6 00       		.byte	0
 2243 08a7 00       		.byte	0
 2244 08a8 80       		.byte	-128
 2245 08a9 00       		.byte	0
 2246 08aa 00       		.byte	0
 2247 08ab 00       		.byte	0
 2248 08ac 00       		.byte	0
 2249 08ad F0       		.byte	-16
 2250 08ae F0       		.byte	-16
 2251 08af 00       		.byte	0
 2252 08b0 60       		.byte	96
 2253 08b1 00       		.byte	0
 2254 08b2 00       		.byte	0
 2255 08b3 00       		.byte	0
 2256              		.section	.cywolatch,"a",%progbits
 2257              		.align	2
 2258              		.type	cy_meta_wonvl, %object
 2259              		.size	cy_meta_wonvl, 4
 2260              	cy_meta_wonvl:
 2261 0000 BC       		.byte	-68
 2262 0001 90       		.byte	-112
 2263 0002 AC       		.byte	-84
 2264 0003 AF       		.byte	-81
 2265              		.section	.cycustnvl,"a",%progbits
 2266              		.align	2
 2267              		.type	cy_meta_custnvl, %object
 2268              		.size	cy_meta_custnvl, 4
 2269              	cy_meta_custnvl:
 2270 0000 00       		.byte	0
 2271 0001 00       		.byte	0
 2272 0002 40       		.byte	64
 2273 0003 05       		.byte	5
 2274              		.section	.cymeta,"a",%progbits
 2275              		.align	2
 2276              		.type	cy_metadata, %object
 2277              		.size	cy_metadata, 12
 2278              	cy_metadata:
 2279 0000 00       		.byte	0
 2280 0001 01       		.byte	1
ARM GAS  C:\Users\NHANPH~1\AppData\Local\Temp\ccNDDJT9.s 			page 41


 2281 0002 2E       		.byte	46
 2282 0003 16       		.byte	22
 2283 0004 10       		.byte	16
 2284 0005 69       		.byte	105
 2285 0006 00       		.byte	0
 2286 0007 01       		.byte	1
 2287 0008 00       		.byte	0
 2288 0009 00       		.byte	0
 2289 000a 00       		.byte	0
 2290 000b 00       		.byte	0
 2291              		.section	.cyflashprotect,"a",%progbits
 2292              		.align	2
 2293              		.type	cy_meta_flashprotect, %object
 2294              		.size	cy_meta_flashprotect, 256
 2295              	cy_meta_flashprotect:
 2296 0000 00000000 		.space	256
 2296      00000000 
 2296      00000000 
 2296      00000000 
 2296      00000000 
 2297              		.text
 2298              	.Letext0:
 2299              		.file 1 "Generated_Source\\PSoC5\\cymetadata.c"
 2300              		.file 2 "Generated_Source\\PSoC5\\cytypes.h"
 2301              		.section	.debug_info,"",%progbits
 2302              	.Ldebug_info0:
 2303 0000 3B010000 		.4byte	0x13b
 2304 0004 0400     		.2byte	0x4
 2305 0006 00000000 		.4byte	.Ldebug_abbrev0
 2306 000a 04       		.byte	0x4
 2307 000b 01       		.uleb128 0x1
 2308 000c A9000000 		.4byte	.LASF18
 2309 0010 01       		.byte	0x1
 2310 0011 BF010000 		.4byte	.LASF19
 2311 0015 00000000 		.4byte	.LASF20
 2312 0019 00000000 		.4byte	.Ldebug_line0
 2313 001d 02       		.uleb128 0x2
 2314 001e 01       		.byte	0x1
 2315 001f 06       		.byte	0x6
 2316 0020 B3010000 		.4byte	.LASF0
 2317 0024 02       		.uleb128 0x2
 2318 0025 01       		.byte	0x1
 2319 0026 08       		.byte	0x8
 2320 0027 4D000000 		.4byte	.LASF1
 2321 002b 02       		.uleb128 0x2
 2322 002c 02       		.byte	0x2
 2323 002d 05       		.byte	0x5
 2324 002e 9A010000 		.4byte	.LASF2
 2325 0032 02       		.uleb128 0x2
 2326 0033 02       		.byte	0x2
 2327 0034 07       		.byte	0x7
 2328 0035 6D000000 		.4byte	.LASF3
 2329 0039 02       		.uleb128 0x2
 2330 003a 04       		.byte	0x4
 2331 003b 05       		.byte	0x5
 2332 003c AA010000 		.4byte	.LASF4
 2333 0040 02       		.uleb128 0x2
ARM GAS  C:\Users\NHANPH~1\AppData\Local\Temp\ccNDDJT9.s 			page 42


 2334 0041 04       		.byte	0x4
 2335 0042 07       		.byte	0x7
 2336 0043 5B000000 		.4byte	.LASF5
 2337 0047 02       		.uleb128 0x2
 2338 0048 08       		.byte	0x8
 2339 0049 05       		.byte	0x5
 2340 004a 87010000 		.4byte	.LASF6
 2341 004e 02       		.uleb128 0x2
 2342 004f 08       		.byte	0x8
 2343 0050 07       		.byte	0x7
 2344 0051 44010000 		.4byte	.LASF7
 2345 0055 03       		.uleb128 0x3
 2346 0056 04       		.byte	0x4
 2347 0057 05       		.byte	0x5
 2348 0058 696E7400 		.ascii	"int\000"
 2349 005c 02       		.uleb128 0x2
 2350 005d 04       		.byte	0x4
 2351 005e 07       		.byte	0x7
 2352 005f 37010000 		.4byte	.LASF8
 2353 0063 04       		.uleb128 0x4
 2354 0064 A4010000 		.4byte	.LASF21
 2355 0068 02       		.byte	0x2
 2356 0069 9201     		.2byte	0x192
 2357 006b 24000000 		.4byte	0x24
 2358 006f 02       		.uleb128 0x2
 2359 0070 04       		.byte	0x4
 2360 0071 04       		.byte	0x4
 2361 0072 47000000 		.4byte	.LASF9
 2362 0076 02       		.uleb128 0x2
 2363 0077 08       		.byte	0x8
 2364 0078 04       		.byte	0x4
 2365 0079 80000000 		.4byte	.LASF10
 2366 007d 02       		.uleb128 0x2
 2367 007e 01       		.byte	0x1
 2368 007f 08       		.byte	0x8
 2369 0080 95010000 		.4byte	.LASF11
 2370 0084 05       		.uleb128 0x5
 2371 0085 63000000 		.4byte	0x63
 2372 0089 95000000 		.4byte	0x95
 2373 008d 06       		.uleb128 0x6
 2374 008e 95000000 		.4byte	0x95
 2375 0092 B308     		.2byte	0x8b3
 2376 0094 00       		.byte	0
 2377 0095 02       		.uleb128 0x2
 2378 0096 04       		.byte	0x4
 2379 0097 07       		.byte	0x7
 2380 0098 7E010000 		.4byte	.LASF12
 2381 009c 07       		.uleb128 0x7
 2382 009d 97000000 		.4byte	.LASF13
 2383 00a1 01       		.byte	0x1
 2384 00a2 1F       		.byte	0x1f
 2385 00a3 AD000000 		.4byte	0xad
 2386 00a7 05       		.uleb128 0x5
 2387 00a8 03       		.byte	0x3
 2388 00a9 00000000 		.4byte	cy_meta_configecc
 2389 00ad 08       		.uleb128 0x8
 2390 00ae 84000000 		.4byte	0x84
ARM GAS  C:\Users\NHANPH~1\AppData\Local\Temp\ccNDDJT9.s 			page 43


 2391 00b2 05       		.uleb128 0x5
 2392 00b3 63000000 		.4byte	0x63
 2393 00b7 C2000000 		.4byte	0xc2
 2394 00bb 09       		.uleb128 0x9
 2395 00bc 95000000 		.4byte	0x95
 2396 00c0 03       		.byte	0x3
 2397 00c1 00       		.byte	0
 2398 00c2 0A       		.uleb128 0xa
 2399 00c3 87000000 		.4byte	.LASF14
 2400 00c7 01       		.byte	0x1
 2401 00c8 4301     		.2byte	0x143
 2402 00ca D4000000 		.4byte	0xd4
 2403 00ce 05       		.uleb128 0x5
 2404 00cf 03       		.byte	0x3
 2405 00d0 00000000 		.4byte	cy_meta_custnvl
 2406 00d4 08       		.uleb128 0x8
 2407 00d5 B2000000 		.4byte	0xb2
 2408 00d9 0A       		.uleb128 0xa
 2409 00da 70010000 		.4byte	.LASF15
 2410 00de 01       		.byte	0x1
 2411 00df 5101     		.2byte	0x151
 2412 00e1 EB000000 		.4byte	0xeb
 2413 00e5 05       		.uleb128 0x5
 2414 00e6 03       		.byte	0x3
 2415 00e7 00000000 		.4byte	cy_meta_wonvl
 2416 00eb 08       		.uleb128 0x8
 2417 00ec B2000000 		.4byte	0xb2
 2418 00f0 05       		.uleb128 0x5
 2419 00f1 63000000 		.4byte	0x63
 2420 00f5 00010000 		.4byte	0x100
 2421 00f9 09       		.uleb128 0x9
 2422 00fa 95000000 		.4byte	0x95
 2423 00fe FF       		.byte	0xff
 2424 00ff 00       		.byte	0
 2425 0100 0A       		.uleb128 0xa
 2426 0101 5B010000 		.4byte	.LASF16
 2427 0105 01       		.byte	0x1
 2428 0106 5F01     		.2byte	0x15f
 2429 0108 12010000 		.4byte	0x112
 2430 010c 05       		.uleb128 0x5
 2431 010d 03       		.byte	0x3
 2432 010e 00000000 		.4byte	cy_meta_flashprotect
 2433 0112 08       		.uleb128 0x8
 2434 0113 F0000000 		.4byte	0xf0
 2435 0117 05       		.uleb128 0x5
 2436 0118 63000000 		.4byte	0x63
 2437 011c 27010000 		.4byte	0x127
 2438 0120 09       		.uleb128 0x9
 2439 0121 95000000 		.4byte	0x95
 2440 0125 0B       		.byte	0xb
 2441 0126 00       		.byte	0
 2442 0127 0A       		.uleb128 0xa
 2443 0128 3B000000 		.4byte	.LASF17
 2444 012c 01       		.byte	0x1
 2445 012d 8C01     		.2byte	0x18c
 2446 012f 39010000 		.4byte	0x139
 2447 0133 05       		.uleb128 0x5
ARM GAS  C:\Users\NHANPH~1\AppData\Local\Temp\ccNDDJT9.s 			page 44


 2448 0134 03       		.byte	0x3
 2449 0135 00000000 		.4byte	cy_metadata
 2450 0139 08       		.uleb128 0x8
 2451 013a 17010000 		.4byte	0x117
 2452 013e 00       		.byte	0
 2453              		.section	.debug_abbrev,"",%progbits
 2454              	.Ldebug_abbrev0:
 2455 0000 01       		.uleb128 0x1
 2456 0001 11       		.uleb128 0x11
 2457 0002 01       		.byte	0x1
 2458 0003 25       		.uleb128 0x25
 2459 0004 0E       		.uleb128 0xe
 2460 0005 13       		.uleb128 0x13
 2461 0006 0B       		.uleb128 0xb
 2462 0007 03       		.uleb128 0x3
 2463 0008 0E       		.uleb128 0xe
 2464 0009 1B       		.uleb128 0x1b
 2465 000a 0E       		.uleb128 0xe
 2466 000b 10       		.uleb128 0x10
 2467 000c 17       		.uleb128 0x17
 2468 000d 00       		.byte	0
 2469 000e 00       		.byte	0
 2470 000f 02       		.uleb128 0x2
 2471 0010 24       		.uleb128 0x24
 2472 0011 00       		.byte	0
 2473 0012 0B       		.uleb128 0xb
 2474 0013 0B       		.uleb128 0xb
 2475 0014 3E       		.uleb128 0x3e
 2476 0015 0B       		.uleb128 0xb
 2477 0016 03       		.uleb128 0x3
 2478 0017 0E       		.uleb128 0xe
 2479 0018 00       		.byte	0
 2480 0019 00       		.byte	0
 2481 001a 03       		.uleb128 0x3
 2482 001b 24       		.uleb128 0x24
 2483 001c 00       		.byte	0
 2484 001d 0B       		.uleb128 0xb
 2485 001e 0B       		.uleb128 0xb
 2486 001f 3E       		.uleb128 0x3e
 2487 0020 0B       		.uleb128 0xb
 2488 0021 03       		.uleb128 0x3
 2489 0022 08       		.uleb128 0x8
 2490 0023 00       		.byte	0
 2491 0024 00       		.byte	0
 2492 0025 04       		.uleb128 0x4
 2493 0026 16       		.uleb128 0x16
 2494 0027 00       		.byte	0
 2495 0028 03       		.uleb128 0x3
 2496 0029 0E       		.uleb128 0xe
 2497 002a 3A       		.uleb128 0x3a
 2498 002b 0B       		.uleb128 0xb
 2499 002c 3B       		.uleb128 0x3b
 2500 002d 05       		.uleb128 0x5
 2501 002e 49       		.uleb128 0x49
 2502 002f 13       		.uleb128 0x13
 2503 0030 00       		.byte	0
 2504 0031 00       		.byte	0
ARM GAS  C:\Users\NHANPH~1\AppData\Local\Temp\ccNDDJT9.s 			page 45


 2505 0032 05       		.uleb128 0x5
 2506 0033 01       		.uleb128 0x1
 2507 0034 01       		.byte	0x1
 2508 0035 49       		.uleb128 0x49
 2509 0036 13       		.uleb128 0x13
 2510 0037 01       		.uleb128 0x1
 2511 0038 13       		.uleb128 0x13
 2512 0039 00       		.byte	0
 2513 003a 00       		.byte	0
 2514 003b 06       		.uleb128 0x6
 2515 003c 21       		.uleb128 0x21
 2516 003d 00       		.byte	0
 2517 003e 49       		.uleb128 0x49
 2518 003f 13       		.uleb128 0x13
 2519 0040 2F       		.uleb128 0x2f
 2520 0041 05       		.uleb128 0x5
 2521 0042 00       		.byte	0
 2522 0043 00       		.byte	0
 2523 0044 07       		.uleb128 0x7
 2524 0045 34       		.uleb128 0x34
 2525 0046 00       		.byte	0
 2526 0047 03       		.uleb128 0x3
 2527 0048 0E       		.uleb128 0xe
 2528 0049 3A       		.uleb128 0x3a
 2529 004a 0B       		.uleb128 0xb
 2530 004b 3B       		.uleb128 0x3b
 2531 004c 0B       		.uleb128 0xb
 2532 004d 49       		.uleb128 0x49
 2533 004e 13       		.uleb128 0x13
 2534 004f 3F       		.uleb128 0x3f
 2535 0050 19       		.uleb128 0x19
 2536 0051 02       		.uleb128 0x2
 2537 0052 18       		.uleb128 0x18
 2538 0053 00       		.byte	0
 2539 0054 00       		.byte	0
 2540 0055 08       		.uleb128 0x8
 2541 0056 26       		.uleb128 0x26
 2542 0057 00       		.byte	0
 2543 0058 49       		.uleb128 0x49
 2544 0059 13       		.uleb128 0x13
 2545 005a 00       		.byte	0
 2546 005b 00       		.byte	0
 2547 005c 09       		.uleb128 0x9
 2548 005d 21       		.uleb128 0x21
 2549 005e 00       		.byte	0
 2550 005f 49       		.uleb128 0x49
 2551 0060 13       		.uleb128 0x13
 2552 0061 2F       		.uleb128 0x2f
 2553 0062 0B       		.uleb128 0xb
 2554 0063 00       		.byte	0
 2555 0064 00       		.byte	0
 2556 0065 0A       		.uleb128 0xa
 2557 0066 34       		.uleb128 0x34
 2558 0067 00       		.byte	0
 2559 0068 03       		.uleb128 0x3
 2560 0069 0E       		.uleb128 0xe
 2561 006a 3A       		.uleb128 0x3a
ARM GAS  C:\Users\NHANPH~1\AppData\Local\Temp\ccNDDJT9.s 			page 46


 2562 006b 0B       		.uleb128 0xb
 2563 006c 3B       		.uleb128 0x3b
 2564 006d 05       		.uleb128 0x5
 2565 006e 49       		.uleb128 0x49
 2566 006f 13       		.uleb128 0x13
 2567 0070 3F       		.uleb128 0x3f
 2568 0071 19       		.uleb128 0x19
 2569 0072 02       		.uleb128 0x2
 2570 0073 18       		.uleb128 0x18
 2571 0074 00       		.byte	0
 2572 0075 00       		.byte	0
 2573 0076 00       		.byte	0
 2574              		.section	.debug_aranges,"",%progbits
 2575 0000 14000000 		.4byte	0x14
 2576 0004 0200     		.2byte	0x2
 2577 0006 00000000 		.4byte	.Ldebug_info0
 2578 000a 04       		.byte	0x4
 2579 000b 00       		.byte	0
 2580 000c 0000     		.2byte	0
 2581 000e 0000     		.2byte	0
 2582 0010 00000000 		.4byte	0
 2583 0014 00000000 		.4byte	0
 2584              		.section	.debug_line,"",%progbits
 2585              	.Ldebug_line0:
 2586 0000 4D000000 		.section	.debug_str,"MS",%progbits,1
 2586      02004700 
 2586      00000201 
 2586      FB0E0D00 
 2586      01010101 
 2587              	.LASF20:
 2588 0000 433A5C55 		.ascii	"C:\\Users\\Nhan Phan\\Desktop\\CProjects\\Zumobot\\"
 2588      73657273 
 2588      5C4E6861 
 2588      6E205068 
 2588      616E5C44 
 2589 002d 5A756D6F 		.ascii	"ZumoBot.cydsn\000"
 2589      426F742E 
 2589      63796473 
 2589      6E00
 2590              	.LASF17:
 2591 003b 63795F6D 		.ascii	"cy_metadata\000"
 2591      65746164 
 2591      61746100 
 2592              	.LASF9:
 2593 0047 666C6F61 		.ascii	"float\000"
 2593      7400
 2594              	.LASF1:
 2595 004d 756E7369 		.ascii	"unsigned char\000"
 2595      676E6564 
 2595      20636861 
 2595      7200
 2596              	.LASF5:
 2597 005b 6C6F6E67 		.ascii	"long unsigned int\000"
 2597      20756E73 
 2597      69676E65 
 2597      6420696E 
 2597      7400
ARM GAS  C:\Users\NHANPH~1\AppData\Local\Temp\ccNDDJT9.s 			page 47


 2598              	.LASF3:
 2599 006d 73686F72 		.ascii	"short unsigned int\000"
 2599      7420756E 
 2599      7369676E 
 2599      65642069 
 2599      6E7400
 2600              	.LASF10:
 2601 0080 646F7562 		.ascii	"double\000"
 2601      6C6500
 2602              	.LASF14:
 2603 0087 63795F6D 		.ascii	"cy_meta_custnvl\000"
 2603      6574615F 
 2603      63757374 
 2603      6E766C00 
 2604              	.LASF13:
 2605 0097 63795F6D 		.ascii	"cy_meta_configecc\000"
 2605      6574615F 
 2605      636F6E66 
 2605      69676563 
 2605      6300
 2606              	.LASF18:
 2607 00a9 474E5520 		.ascii	"GNU C 4.9.3 20150303 (release) [ARM/embedded-4_9-br"
 2607      4320342E 
 2607      392E3320 
 2607      32303135 
 2607      30333033 
 2608 00dc 616E6368 		.ascii	"anch revision 221220] -mcpu=cortex-m3 -mthumb -g -O"
 2608      20726576 
 2608      6973696F 
 2608      6E203232 
 2608      31323230 
 2609 010f 67202D66 		.ascii	"g -ffunction-sections -ffat-lto-objects\000"
 2609      66756E63 
 2609      74696F6E 
 2609      2D736563 
 2609      74696F6E 
 2610              	.LASF8:
 2611 0137 756E7369 		.ascii	"unsigned int\000"
 2611      676E6564 
 2611      20696E74 
 2611      00
 2612              	.LASF7:
 2613 0144 6C6F6E67 		.ascii	"long long unsigned int\000"
 2613      206C6F6E 
 2613      6720756E 
 2613      7369676E 
 2613      65642069 
 2614              	.LASF16:
 2615 015b 63795F6D 		.ascii	"cy_meta_flashprotect\000"
 2615      6574615F 
 2615      666C6173 
 2615      6870726F 
 2615      74656374 
 2616              	.LASF15:
 2617 0170 63795F6D 		.ascii	"cy_meta_wonvl\000"
 2617      6574615F 
 2617      776F6E76 
ARM GAS  C:\Users\NHANPH~1\AppData\Local\Temp\ccNDDJT9.s 			page 48


 2617      6C00
 2618              	.LASF12:
 2619 017e 73697A65 		.ascii	"sizetype\000"
 2619      74797065 
 2619      00
 2620              	.LASF6:
 2621 0187 6C6F6E67 		.ascii	"long long int\000"
 2621      206C6F6E 
 2621      6720696E 
 2621      7400
 2622              	.LASF11:
 2623 0195 63686172 		.ascii	"char\000"
 2623      00
 2624              	.LASF2:
 2625 019a 73686F72 		.ascii	"short int\000"
 2625      7420696E 
 2625      7400
 2626              	.LASF21:
 2627 01a4 75696E74 		.ascii	"uint8\000"
 2627      3800
 2628              	.LASF4:
 2629 01aa 6C6F6E67 		.ascii	"long int\000"
 2629      20696E74 
 2629      00
 2630              	.LASF0:
 2631 01b3 7369676E 		.ascii	"signed char\000"
 2631      65642063 
 2631      68617200 
 2632              	.LASF19:
 2633 01bf 47656E65 		.ascii	"Generated_Source\\PSoC5\\cymetadata.c\000"
 2633      72617465 
 2633      645F536F 
 2633      75726365 
 2633      5C50536F 
 2634              		.ident	"GCC: (GNU Tools for ARM Embedded Processors) 4.9.3 20150303 (release) [ARM/embedded-4_9-br
