ARM GAS  C:\Users\NHANPH~1\AppData\Local\Temp\cc882a02.s 			page 1


   1              		.syntax unified
   2              		.cpu cortex-m3
   3              		.fpu softvfp
   4              		.eabi_attribute 20, 1
   5              		.eabi_attribute 21, 1
   6              		.eabi_attribute 23, 3
   7              		.eabi_attribute 24, 1
   8              		.eabi_attribute 25, 1
   9              		.eabi_attribute 26, 1
  10              		.eabi_attribute 30, 1
  11              		.eabi_attribute 34, 1
  12              		.eabi_attribute 18, 4
  13              		.thumb
  14              		.file	"IR.c"
  15              		.text
  16              	.Ltext0:
  17              		.cfi_sections	.debug_frame
  18              		.section	.text.wait_going_up,"ax",%progbits
  19              		.align	2
  20              		.global	wait_going_up
  21              		.thumb
  22              		.thumb_func
  23              		.type	wait_going_up, %function
  24              	wait_going_up:
  25              	.LFB63:
  26              		.file 1 "ZumoLibrary\\IR.c"
   1:ZumoLibrary/IR.c **** /**
   2:ZumoLibrary/IR.c ****  * @file IR.c
   3:ZumoLibrary/IR.c ****  * @brief Basic methods for operating IR receiver. For more details, please refer to IR.h file. 
   4:ZumoLibrary/IR.c ****  * @details part number: TSOP-2236
   5:ZumoLibrary/IR.c **** */
   6:ZumoLibrary/IR.c **** #include "IR.h"
   7:ZumoLibrary/IR.c **** 
   8:ZumoLibrary/IR.c **** 
   9:ZumoLibrary/IR.c **** /**
  10:ZumoLibrary/IR.c **** * @brief Waiting until signal goes up
  11:ZumoLibrary/IR.c **** * @details continue looping before IR_receiver value becomes 1
  12:ZumoLibrary/IR.c **** */
  13:ZumoLibrary/IR.c **** void wait_going_up()
  14:ZumoLibrary/IR.c **** {
  27              		.loc 1 14 0
  28              		.cfi_startproc
  29              		@ args = 0, pretend = 0, frame = 0
  30              		@ frame_needed = 0, uses_anonymous_args = 0
  31 0000 08B5     		push	{r3, lr}
  32              		.cfi_def_cfa_offset 8
  33              		.cfi_offset 3, -8
  34              		.cfi_offset 14, -4
  35              	.L2:
  15:ZumoLibrary/IR.c ****     while(!IR_receiver_Read()==1);
  36              		.loc 1 15 0 discriminator 1
  37 0002 FFF7FEFF 		bl	IR_receiver_Read
  38              	.LVL0:
  39 0006 0028     		cmp	r0, #0
  40 0008 FBD0     		beq	.L2
  16:ZumoLibrary/IR.c **** }    
  41              		.loc 1 16 0
ARM GAS  C:\Users\NHANPH~1\AppData\Local\Temp\cc882a02.s 			page 2


  42 000a 08BD     		pop	{r3, pc}
  43              		.cfi_endproc
  44              	.LFE63:
  45              		.size	wait_going_up, .-wait_going_up
  46              		.section	.text.wait_going_down,"ax",%progbits
  47              		.align	2
  48              		.global	wait_going_down
  49              		.thumb
  50              		.thumb_func
  51              		.type	wait_going_down, %function
  52              	wait_going_down:
  53              	.LFB64:
  17:ZumoLibrary/IR.c **** 
  18:ZumoLibrary/IR.c **** 
  19:ZumoLibrary/IR.c **** /**
  20:ZumoLibrary/IR.c **** * @brief Waiting until signal goes down
  21:ZumoLibrary/IR.c **** * @details continue looping before IR_receiver value becomes 0
  22:ZumoLibrary/IR.c **** */
  23:ZumoLibrary/IR.c **** void wait_going_down()
  24:ZumoLibrary/IR.c **** {
  54              		.loc 1 24 0
  55              		.cfi_startproc
  56              		@ args = 0, pretend = 0, frame = 0
  57              		@ frame_needed = 0, uses_anonymous_args = 0
  58 0000 08B5     		push	{r3, lr}
  59              		.cfi_def_cfa_offset 8
  60              		.cfi_offset 3, -8
  61              		.cfi_offset 14, -4
  62              	.L5:
  25:ZumoLibrary/IR.c ****     while(IR_receiver_Read()==1);
  63              		.loc 1 25 0 discriminator 1
  64 0002 FFF7FEFF 		bl	IR_receiver_Read
  65              	.LVL1:
  66 0006 0128     		cmp	r0, #1
  67 0008 FBD0     		beq	.L5
  26:ZumoLibrary/IR.c **** }
  68              		.loc 1 26 0
  69 000a 08BD     		pop	{r3, pc}
  70              		.cfi_endproc
  71              	.LFE64:
  72              		.size	wait_going_down, .-wait_going_down
  73              		.section	.text.count_downtime,"ax",%progbits
  74              		.align	2
  75              		.global	count_downtime
  76              		.thumb
  77              		.thumb_func
  78              		.type	count_downtime, %function
  79              	count_downtime:
  80              	.LFB65:
  27:ZumoLibrary/IR.c **** 
  28:ZumoLibrary/IR.c **** 
  29:ZumoLibrary/IR.c **** /**
  30:ZumoLibrary/IR.c **** * @brief Counting to signal down
  31:ZumoLibrary/IR.c **** * @details Measuring the time until IR_receiver value goes up
  32:ZumoLibrary/IR.c **** * @return int
  33:ZumoLibrary/IR.c **** *   - returns count time
  34:ZumoLibrary/IR.c **** */
ARM GAS  C:\Users\NHANPH~1\AppData\Local\Temp\cc882a02.s 			page 3


  35:ZumoLibrary/IR.c **** int count_downtime()
  36:ZumoLibrary/IR.c **** {
  81              		.loc 1 36 0
  82              		.cfi_startproc
  83              		@ args = 0, pretend = 0, frame = 0
  84              		@ frame_needed = 0, uses_anonymous_args = 0
  85 0000 10B5     		push	{r4, lr}
  86              		.cfi_def_cfa_offset 8
  87              		.cfi_offset 4, -8
  88              		.cfi_offset 14, -4
  89              	.LVL2:
  37:ZumoLibrary/IR.c ****     int cnt =0;
  90              		.loc 1 37 0
  91 0002 0024     		movs	r4, #0
  38:ZumoLibrary/IR.c ****     while(!IR_receiver_Read()==1)
  92              		.loc 1 38 0
  93 0004 00E0     		b	.L8
  94              	.LVL3:
  95              	.L9:
  39:ZumoLibrary/IR.c ****         cnt++;
  96              		.loc 1 39 0
  97 0006 0134     		adds	r4, r4, #1
  98              	.LVL4:
  99              	.L8:
  38:ZumoLibrary/IR.c ****     while(!IR_receiver_Read()==1)
 100              		.loc 1 38 0
 101 0008 FFF7FEFF 		bl	IR_receiver_Read
 102              	.LVL5:
 103 000c 0028     		cmp	r0, #0
 104 000e FAD0     		beq	.L9
  40:ZumoLibrary/IR.c ****     
  41:ZumoLibrary/IR.c ****     return cnt;
  42:ZumoLibrary/IR.c **** }
 105              		.loc 1 42 0
 106 0010 2046     		mov	r0, r4
 107 0012 10BD     		pop	{r4, pc}
 108              		.cfi_endproc
 109              	.LFE65:
 110              		.size	count_downtime, .-count_downtime
 111              		.section	.text.count_uptime,"ax",%progbits
 112              		.align	2
 113              		.global	count_uptime
 114              		.thumb
 115              		.thumb_func
 116              		.type	count_uptime, %function
 117              	count_uptime:
 118              	.LFB66:
  43:ZumoLibrary/IR.c **** 
  44:ZumoLibrary/IR.c **** 
  45:ZumoLibrary/IR.c **** /**
  46:ZumoLibrary/IR.c **** * @brief    Counting to signal up 
  47:ZumoLibrary/IR.c **** * @details  Measuring the time until IR_receiver value goes down
  48:ZumoLibrary/IR.c **** * @return   int
  49:ZumoLibrary/IR.c **** *   - returns count time
  50:ZumoLibrary/IR.c **** */
  51:ZumoLibrary/IR.c **** int count_uptime()
  52:ZumoLibrary/IR.c **** {
ARM GAS  C:\Users\NHANPH~1\AppData\Local\Temp\cc882a02.s 			page 4


 119              		.loc 1 52 0
 120              		.cfi_startproc
 121              		@ args = 0, pretend = 0, frame = 0
 122              		@ frame_needed = 0, uses_anonymous_args = 0
 123 0000 10B5     		push	{r4, lr}
 124              		.cfi_def_cfa_offset 8
 125              		.cfi_offset 4, -8
 126              		.cfi_offset 14, -4
 127              	.LVL6:
  53:ZumoLibrary/IR.c ****     int cnt =0;
 128              		.loc 1 53 0
 129 0002 0024     		movs	r4, #0
  54:ZumoLibrary/IR.c ****     while(IR_receiver_Read()==1)
 130              		.loc 1 54 0
 131 0004 00E0     		b	.L12
 132              	.LVL7:
 133              	.L13:
  55:ZumoLibrary/IR.c ****         cnt++;
 134              		.loc 1 55 0
 135 0006 0134     		adds	r4, r4, #1
 136              	.LVL8:
 137              	.L12:
  54:ZumoLibrary/IR.c ****     while(IR_receiver_Read()==1)
 138              		.loc 1 54 0
 139 0008 FFF7FEFF 		bl	IR_receiver_Read
 140              	.LVL9:
 141 000c 0128     		cmp	r0, #1
 142 000e FAD0     		beq	.L13
  56:ZumoLibrary/IR.c ****     
  57:ZumoLibrary/IR.c ****     return cnt;
  58:ZumoLibrary/IR.c **** }
 143              		.loc 1 58 0
 144 0010 2046     		mov	r0, r4
 145 0012 10BD     		pop	{r4, pc}
 146              		.cfi_endproc
 147              	.LFE66:
 148              		.size	count_uptime, .-count_uptime
 149              		.section	.text.get_IR,"ax",%progbits
 150              		.align	2
 151              		.global	get_IR
 152              		.thumb
 153              		.thumb_func
 154              		.type	get_IR, %function
 155              	get_IR:
 156              	.LFB67:
  59:ZumoLibrary/IR.c **** 
  60:ZumoLibrary/IR.c **** 
  61:ZumoLibrary/IR.c **** /**
  62:ZumoLibrary/IR.c **** * @brief    Getting remote controller value
  63:ZumoLibrary/IR.c **** * @details  Getting each of the value sent by remote controller
  64:ZumoLibrary/IR.c **** * @return   int
  65:ZumoLibrary/IR.c ****     - returns hex value
  66:ZumoLibrary/IR.c **** */
  67:ZumoLibrary/IR.c **** int get_IR()
  68:ZumoLibrary/IR.c **** {
 157              		.loc 1 68 0
 158              		.cfi_startproc
ARM GAS  C:\Users\NHANPH~1\AppData\Local\Temp\cc882a02.s 			page 5


 159              		@ args = 0, pretend = 0, frame = 40
 160              		@ frame_needed = 0, uses_anonymous_args = 0
 161 0000 30B5     		push	{r4, r5, lr}
 162              		.cfi_def_cfa_offset 12
 163              		.cfi_offset 4, -12
 164              		.cfi_offset 5, -8
 165              		.cfi_offset 14, -4
 166 0002 8BB0     		sub	sp, sp, #44
 167              		.cfi_def_cfa_offset 56
  69:ZumoLibrary/IR.c ****     uint8 bit[33]={0};
 168              		.loc 1 69 0
 169 0004 0024     		movs	r4, #0
 170 0006 0194     		str	r4, [sp, #4]
 171 0008 0294     		str	r4, [sp, #8]
 172 000a 0394     		str	r4, [sp, #12]
 173 000c 0494     		str	r4, [sp, #16]
 174 000e 0594     		str	r4, [sp, #20]
 175 0010 0694     		str	r4, [sp, #24]
 176 0012 0794     		str	r4, [sp, #28]
 177 0014 0894     		str	r4, [sp, #32]
 178 0016 8DF82440 		strb	r4, [sp, #36]
 179              	.LVL10:
  70:ZumoLibrary/IR.c ****     unsigned int val=0;
  71:ZumoLibrary/IR.c ****     uint t1, t2, i;
  72:ZumoLibrary/IR.c ****     
  73:ZumoLibrary/IR.c ****     wait_going_down();
 180              		.loc 1 73 0
 181 001a FFF7FEFF 		bl	wait_going_down
 182              	.LVL11:
  74:ZumoLibrary/IR.c ****     
  75:ZumoLibrary/IR.c ****     for(i = 0; i < 33; i++)     // loop 33times ( 1bit - Start bit, 32bits - Databit)
 183              		.loc 1 75 0
 184 001e 12E0     		b	.L16
 185              	.LVL12:
 186              	.L19:
  76:ZumoLibrary/IR.c ****     {
  77:ZumoLibrary/IR.c ****         t1 = 0;
  78:ZumoLibrary/IR.c ****         t2 = 0;
  79:ZumoLibrary/IR.c ****         
  80:ZumoLibrary/IR.c ****         t1 = count_downtime();
 187              		.loc 1 80 0
 188 0020 FFF7FEFF 		bl	count_downtime
 189              	.LVL13:
 190 0024 0546     		mov	r5, r0
 191              	.LVL14:
  81:ZumoLibrary/IR.c ****         t2 = count_uptime();
 192              		.loc 1 81 0
 193 0026 FFF7FEFF 		bl	count_uptime
 194              	.LVL15:
  82:ZumoLibrary/IR.c ****         
  83:ZumoLibrary/IR.c ****         // If up time is longer than down time, value of the bit becomes 1
  84:ZumoLibrary/IR.c ****         if(t2 > t1)
 195              		.loc 1 84 0
 196 002a A842     		cmp	r0, r5
 197 002c 05D9     		bls	.L17
  85:ZumoLibrary/IR.c ****             bit[i]=1;
 198              		.loc 1 85 0
ARM GAS  C:\Users\NHANPH~1\AppData\Local\Temp\cc882a02.s 			page 6


 199 002e 0122     		movs	r2, #1
 200 0030 0AAB     		add	r3, sp, #40
 201 0032 2344     		add	r3, r3, r4
 202 0034 03F8242C 		strb	r2, [r3, #-36]
 203 0038 04E0     		b	.L18
 204              	.L17:
  86:ZumoLibrary/IR.c ****         else
  87:ZumoLibrary/IR.c ****             bit[i]=0; 
 205              		.loc 1 87 0
 206 003a 0022     		movs	r2, #0
 207 003c 0AAB     		add	r3, sp, #40
 208 003e 2344     		add	r3, r3, r4
 209 0040 03F8242C 		strb	r2, [r3, #-36]
 210              	.L18:
  75:ZumoLibrary/IR.c ****     {
 211              		.loc 1 75 0 discriminator 2
 212 0044 0134     		adds	r4, r4, #1
 213              	.LVL16:
 214              	.L16:
  75:ZumoLibrary/IR.c ****     {
 215              		.loc 1 75 0 is_stmt 0 discriminator 1
 216 0046 202C     		cmp	r4, #32
 217 0048 EAD9     		bls	.L19
 218 004a 0023     		movs	r3, #0
 219 004c 1846     		mov	r0, r3
 220 004e 08E0     		b	.L20
 221              	.LVL17:
 222              	.L21:
  88:ZumoLibrary/IR.c ****     } 
  89:ZumoLibrary/IR.c ****    
  90:ZumoLibrary/IR.c ****     /* // If you want to see binary value
  91:ZumoLibrary/IR.c ****     int cnt;
  92:ZumoLibrary/IR.c ****     for(cnt=0; cnt<33; cnt++)
  93:ZumoLibrary/IR.c ****         printf("%d ",bit[cnt]);
  94:ZumoLibrary/IR.c ****     printf("\r\n\n");
  95:ZumoLibrary/IR.c ****     */
  96:ZumoLibrary/IR.c ****    
  97:ZumoLibrary/IR.c ****     // compress bits to single int, ignore start bit
  98:ZumoLibrary/IR.c **** 
  99:ZumoLibrary/IR.c ****     for( i=0; i<32; i++)
 100:ZumoLibrary/IR.c ****         val |= bit[i+1] << i;
 223              		.loc 1 100 0 is_stmt 1 discriminator 3
 224 0050 591C     		adds	r1, r3, #1
 225 0052 0AAA     		add	r2, sp, #40
 226 0054 0A44     		add	r2, r2, r1
 227 0056 12F8242C 		ldrb	r2, [r2, #-36]	@ zero_extendqisi2
 228 005a 02FA03F3 		lsl	r3, r2, r3
 229              	.LVL18:
 230 005e 1843     		orrs	r0, r0, r3
 231              	.LVL19:
  99:ZumoLibrary/IR.c ****         val |= bit[i+1] << i;
 232              		.loc 1 99 0 discriminator 3
 233 0060 0B46     		mov	r3, r1
 234              	.LVL20:
 235              	.L20:
  99:ZumoLibrary/IR.c ****         val |= bit[i+1] << i;
 236              		.loc 1 99 0 is_stmt 0 discriminator 1
ARM GAS  C:\Users\NHANPH~1\AppData\Local\Temp\cc882a02.s 			page 7


 237 0062 1F2B     		cmp	r3, #31
 238 0064 F4D9     		bls	.L21
 101:ZumoLibrary/IR.c ****     
 102:ZumoLibrary/IR.c ****     return val;
 103:ZumoLibrary/IR.c **** }...
 239              		.loc 1 103 0 is_stmt 1
 240 0066 0BB0     		add	sp, sp, #44
 241              		.cfi_def_cfa_offset 12
 242              		@ sp needed
 243 0068 30BD     		pop	{r4, r5, pc}
 244              		.cfi_endproc
 245              	.LFE67:
 246              		.size	get_IR, .-get_IR
 247 006a 00BF     		.text
 248              	.Letext0:
 249              		.file 2 "c:\\program files (x86)\\cypress\\psoc creator\\4.0\\psoc creator\\import\\gnu\\arm\\4.9.
 250              		.file 3 "c:\\program files (x86)\\cypress\\psoc creator\\4.0\\psoc creator\\import\\gnu\\arm\\4.9.
 251              		.file 4 "Generated_Source\\PSoC5/cytypes.h"
 252              		.file 5 "c:\\program files (x86)\\cypress\\psoc creator\\4.0\\psoc creator\\import\\gnu\\arm\\4.9.
 253              		.file 6 "Generated_Source\\PSoC5/core_cm3.h"
 254              		.file 7 "Generated_Source\\PSoC5/IR_receiver.h"
 255              		.section	.debug_info,"",%progbits
 256              	.Ldebug_info0:
 257 0000 01020000 		.4byte	0x201
 258 0004 0400     		.2byte	0x4
 259 0006 00000000 		.4byte	.Ldebug_abbrev0
 260 000a 04       		.byte	0x4
 261 000b 01       		.uleb128 0x1
 262 000c E1000000 		.4byte	.LASF23
 263 0010 01       		.byte	0x1
 264 0011 CB000000 		.4byte	.LASF24
 265 0015 0E000000 		.4byte	.LASF25
 266 0019 00000000 		.4byte	.Ldebug_ranges0+0
 267 001d 00000000 		.4byte	0
 268 0021 00000000 		.4byte	.Ldebug_line0
 269 0025 02       		.uleb128 0x2
 270 0026 01       		.byte	0x1
 271 0027 06       		.byte	0x6
 272 0028 F5010000 		.4byte	.LASF0
 273 002c 02       		.uleb128 0x2
 274 002d 01       		.byte	0x1
 275 002e 08       		.byte	0x8
 276 002f 66000000 		.4byte	.LASF1
 277 0033 02       		.uleb128 0x2
 278 0034 02       		.byte	0x2
 279 0035 05       		.byte	0x5
 280 0036 D0010000 		.4byte	.LASF2
 281 003a 02       		.uleb128 0x2
 282 003b 02       		.byte	0x2
 283 003c 07       		.byte	0x7
 284 003d 96000000 		.4byte	.LASF3
 285 0041 03       		.uleb128 0x3
 286 0042 49000000 		.4byte	.LASF9
 287 0046 02       		.byte	0x2
 288 0047 3F       		.byte	0x3f
 289 0048 4C000000 		.4byte	0x4c
 290 004c 02       		.uleb128 0x2
ARM GAS  C:\Users\NHANPH~1\AppData\Local\Temp\cc882a02.s 			page 8


 291 004d 04       		.byte	0x4
 292 004e 05       		.byte	0x5
 293 004f E0010000 		.4byte	.LASF4
 294 0053 02       		.uleb128 0x2
 295 0054 04       		.byte	0x4
 296 0055 07       		.byte	0x7
 297 0056 84000000 		.4byte	.LASF5
 298 005a 02       		.uleb128 0x2
 299 005b 08       		.byte	0x8
 300 005c 05       		.byte	0x5
 301 005d 00000000 		.4byte	.LASF6
 302 0061 02       		.uleb128 0x2
 303 0062 08       		.byte	0x8
 304 0063 07       		.byte	0x7
 305 0064 92010000 		.4byte	.LASF7
 306 0068 04       		.uleb128 0x4
 307 0069 04       		.byte	0x4
 308 006a 05       		.byte	0x5
 309 006b 696E7400 		.ascii	"int\000"
 310 006f 02       		.uleb128 0x2
 311 0070 04       		.byte	0x4
 312 0071 07       		.byte	0x7
 313 0072 6F010000 		.4byte	.LASF8
 314 0076 03       		.uleb128 0x3
 315 0077 A9010000 		.4byte	.LASF10
 316 007b 03       		.byte	0x3
 317 007c 2C       		.byte	0x2c
 318 007d 41000000 		.4byte	0x41
 319 0081 05       		.uleb128 0x5
 320 0082 DA010000 		.4byte	.LASF11
 321 0086 04       		.byte	0x4
 322 0087 9201     		.2byte	0x192
 323 0089 2C000000 		.4byte	0x2c
 324 008d 02       		.uleb128 0x2
 325 008e 04       		.byte	0x4
 326 008f 04       		.byte	0x4
 327 0090 53000000 		.4byte	.LASF12
 328 0094 02       		.uleb128 0x2
 329 0095 08       		.byte	0x8
 330 0096 04       		.byte	0x4
 331 0097 C4000000 		.4byte	.LASF13
 332 009b 02       		.uleb128 0x2
 333 009c 01       		.byte	0x1
 334 009d 08       		.byte	0x8
 335 009e BA010000 		.4byte	.LASF14
 336 00a2 02       		.uleb128 0x2
 337 00a3 04       		.byte	0x4
 338 00a4 07       		.byte	0x7
 339 00a5 B1010000 		.4byte	.LASF15
 340 00a9 03       		.uleb128 0x3
 341 00aa DC000000 		.4byte	.LASF16
 342 00ae 05       		.byte	0x5
 343 00af 70       		.byte	0x70
 344 00b0 6F000000 		.4byte	0x6f
 345 00b4 02       		.uleb128 0x2
 346 00b5 08       		.byte	0x8
 347 00b6 04       		.byte	0x4
ARM GAS  C:\Users\NHANPH~1\AppData\Local\Temp\cc882a02.s 			page 9


 348 00b7 E9010000 		.4byte	.LASF17
 349 00bb 06       		.uleb128 0x6
 350 00bc A9000000 		.4byte	.LASF18
 351 00c0 01       		.byte	0x1
 352 00c1 0D       		.byte	0xd
 353 00c2 00000000 		.4byte	.LFB63
 354 00c6 0C000000 		.4byte	.LFE63-.LFB63
 355 00ca 01       		.uleb128 0x1
 356 00cb 9C       		.byte	0x9c
 357 00cc DA000000 		.4byte	0xda
 358 00d0 07       		.uleb128 0x7
 359 00d1 06000000 		.4byte	.LVL0
 360 00d5 F9010000 		.4byte	0x1f9
 361 00d9 00       		.byte	0
 362 00da 06       		.uleb128 0x6
 363 00db 74000000 		.4byte	.LASF19
 364 00df 01       		.byte	0x1
 365 00e0 17       		.byte	0x17
 366 00e1 00000000 		.4byte	.LFB64
 367 00e5 0C000000 		.4byte	.LFE64-.LFB64
 368 00e9 01       		.uleb128 0x1
 369 00ea 9C       		.byte	0x9c
 370 00eb F9000000 		.4byte	0xf9
 371 00ef 07       		.uleb128 0x7
 372 00f0 06000000 		.4byte	.LVL1
 373 00f4 F9010000 		.4byte	0x1f9
 374 00f8 00       		.byte	0
 375 00f9 08       		.uleb128 0x8
 376 00fa 7C010000 		.4byte	.LASF20
 377 00fe 01       		.byte	0x1
 378 00ff 23       		.byte	0x23
 379 0100 68000000 		.4byte	0x68
 380 0104 00000000 		.4byte	.LFB65
 381 0108 14000000 		.4byte	.LFE65-.LFB65
 382 010c 01       		.uleb128 0x1
 383 010d 9C       		.byte	0x9c
 384 010e 2B010000 		.4byte	0x12b
 385 0112 09       		.uleb128 0x9
 386 0113 636E7400 		.ascii	"cnt\000"
 387 0117 01       		.byte	0x1
 388 0118 25       		.byte	0x25
 389 0119 68000000 		.4byte	0x68
 390 011d 00000000 		.4byte	.LLST0
 391 0121 07       		.uleb128 0x7
 392 0122 0C000000 		.4byte	.LVL5
 393 0126 F9010000 		.4byte	0x1f9
 394 012a 00       		.byte	0
 395 012b 08       		.uleb128 0x8
 396 012c 59000000 		.4byte	.LASF21
 397 0130 01       		.byte	0x1
 398 0131 33       		.byte	0x33
 399 0132 68000000 		.4byte	0x68
 400 0136 00000000 		.4byte	.LFB66
 401 013a 14000000 		.4byte	.LFE66-.LFB66
 402 013e 01       		.uleb128 0x1
 403 013f 9C       		.byte	0x9c
 404 0140 5D010000 		.4byte	0x15d
ARM GAS  C:\Users\NHANPH~1\AppData\Local\Temp\cc882a02.s 			page 10


 405 0144 09       		.uleb128 0x9
 406 0145 636E7400 		.ascii	"cnt\000"
 407 0149 01       		.byte	0x1
 408 014a 35       		.byte	0x35
 409 014b 68000000 		.4byte	0x68
 410 014f 1F000000 		.4byte	.LLST1
 411 0153 07       		.uleb128 0x7
 412 0154 0C000000 		.4byte	.LVL9
 413 0158 F9010000 		.4byte	0x1f9
 414 015c 00       		.byte	0
 415 015d 08       		.uleb128 0x8
 416 015e 8B010000 		.4byte	.LASF22
 417 0162 01       		.byte	0x1
 418 0163 43       		.byte	0x43
 419 0164 68000000 		.4byte	0x68
 420 0168 00000000 		.4byte	.LFB67
 421 016c 6A000000 		.4byte	.LFE67-.LFB67
 422 0170 01       		.uleb128 0x1
 423 0171 9C       		.byte	0x9c
 424 0172 D8010000 		.4byte	0x1d8
 425 0176 0A       		.uleb128 0xa
 426 0177 62697400 		.ascii	"bit\000"
 427 017b 01       		.byte	0x1
 428 017c 45       		.byte	0x45
 429 017d D8010000 		.4byte	0x1d8
 430 0181 02       		.uleb128 0x2
 431 0182 91       		.byte	0x91
 432 0183 4C       		.sleb128 -52
 433 0184 09       		.uleb128 0x9
 434 0185 76616C00 		.ascii	"val\000"
 435 0189 01       		.byte	0x1
 436 018a 46       		.byte	0x46
 437 018b 6F000000 		.4byte	0x6f
 438 018f 3E000000 		.4byte	.LLST2
 439 0193 09       		.uleb128 0x9
 440 0194 743100   		.ascii	"t1\000"
 441 0197 01       		.byte	0x1
 442 0198 47       		.byte	0x47
 443 0199 A9000000 		.4byte	0xa9
 444 019d 5D000000 		.4byte	.LLST3
 445 01a1 09       		.uleb128 0x9
 446 01a2 743200   		.ascii	"t2\000"
 447 01a5 01       		.byte	0x1
 448 01a6 47       		.byte	0x47
 449 01a7 A9000000 		.4byte	0xa9
 450 01ab 87000000 		.4byte	.LLST4
 451 01af 09       		.uleb128 0x9
 452 01b0 6900     		.ascii	"i\000"
 453 01b2 01       		.byte	0x1
 454 01b3 47       		.byte	0x47
 455 01b4 A9000000 		.4byte	0xa9
 456 01b8 A6000000 		.4byte	.LLST5
 457 01bc 07       		.uleb128 0x7
 458 01bd 1E000000 		.4byte	.LVL11
 459 01c1 DA000000 		.4byte	0xda
 460 01c5 07       		.uleb128 0x7
 461 01c6 24000000 		.4byte	.LVL13
ARM GAS  C:\Users\NHANPH~1\AppData\Local\Temp\cc882a02.s 			page 11


 462 01ca F9000000 		.4byte	0xf9
 463 01ce 07       		.uleb128 0x7
 464 01cf 2A000000 		.4byte	.LVL15
 465 01d3 2B010000 		.4byte	0x12b
 466 01d7 00       		.byte	0
 467 01d8 0B       		.uleb128 0xb
 468 01d9 81000000 		.4byte	0x81
 469 01dd E8010000 		.4byte	0x1e8
 470 01e1 0C       		.uleb128 0xc
 471 01e2 A2000000 		.4byte	0xa2
 472 01e6 20       		.byte	0x20
 473 01e7 00       		.byte	0
 474 01e8 0D       		.uleb128 0xd
 475 01e9 B7000000 		.4byte	.LASF26
 476 01ed 06       		.byte	0x6
 477 01ee 9606     		.2byte	0x696
 478 01f0 F4010000 		.4byte	0x1f4
 479 01f4 0E       		.uleb128 0xe
 480 01f5 76000000 		.4byte	0x76
 481 01f9 0F       		.uleb128 0xf
 482 01fa BF010000 		.4byte	.LASF27
 483 01fe 07       		.byte	0x7
 484 01ff 29       		.byte	0x29
 485 0200 81000000 		.4byte	0x81
 486 0204 00       		.byte	0
 487              		.section	.debug_abbrev,"",%progbits
 488              	.Ldebug_abbrev0:
 489 0000 01       		.uleb128 0x1
 490 0001 11       		.uleb128 0x11
 491 0002 01       		.byte	0x1
 492 0003 25       		.uleb128 0x25
 493 0004 0E       		.uleb128 0xe
 494 0005 13       		.uleb128 0x13
 495 0006 0B       		.uleb128 0xb
 496 0007 03       		.uleb128 0x3
 497 0008 0E       		.uleb128 0xe
 498 0009 1B       		.uleb128 0x1b
 499 000a 0E       		.uleb128 0xe
 500 000b 55       		.uleb128 0x55
 501 000c 17       		.uleb128 0x17
 502 000d 11       		.uleb128 0x11
 503 000e 01       		.uleb128 0x1
 504 000f 10       		.uleb128 0x10
 505 0010 17       		.uleb128 0x17
 506 0011 00       		.byte	0
 507 0012 00       		.byte	0
 508 0013 02       		.uleb128 0x2
 509 0014 24       		.uleb128 0x24
 510 0015 00       		.byte	0
 511 0016 0B       		.uleb128 0xb
 512 0017 0B       		.uleb128 0xb
 513 0018 3E       		.uleb128 0x3e
 514 0019 0B       		.uleb128 0xb
 515 001a 03       		.uleb128 0x3
 516 001b 0E       		.uleb128 0xe
 517 001c 00       		.byte	0
 518 001d 00       		.byte	0
ARM GAS  C:\Users\NHANPH~1\AppData\Local\Temp\cc882a02.s 			page 12


 519 001e 03       		.uleb128 0x3
 520 001f 16       		.uleb128 0x16
 521 0020 00       		.byte	0
 522 0021 03       		.uleb128 0x3
 523 0022 0E       		.uleb128 0xe
 524 0023 3A       		.uleb128 0x3a
 525 0024 0B       		.uleb128 0xb
 526 0025 3B       		.uleb128 0x3b
 527 0026 0B       		.uleb128 0xb
 528 0027 49       		.uleb128 0x49
 529 0028 13       		.uleb128 0x13
 530 0029 00       		.byte	0
 531 002a 00       		.byte	0
 532 002b 04       		.uleb128 0x4
 533 002c 24       		.uleb128 0x24
 534 002d 00       		.byte	0
 535 002e 0B       		.uleb128 0xb
 536 002f 0B       		.uleb128 0xb
 537 0030 3E       		.uleb128 0x3e
 538 0031 0B       		.uleb128 0xb
 539 0032 03       		.uleb128 0x3
 540 0033 08       		.uleb128 0x8
 541 0034 00       		.byte	0
 542 0035 00       		.byte	0
 543 0036 05       		.uleb128 0x5
 544 0037 16       		.uleb128 0x16
 545 0038 00       		.byte	0
 546 0039 03       		.uleb128 0x3
 547 003a 0E       		.uleb128 0xe
 548 003b 3A       		.uleb128 0x3a
 549 003c 0B       		.uleb128 0xb
 550 003d 3B       		.uleb128 0x3b
 551 003e 05       		.uleb128 0x5
 552 003f 49       		.uleb128 0x49
 553 0040 13       		.uleb128 0x13
 554 0041 00       		.byte	0
 555 0042 00       		.byte	0
 556 0043 06       		.uleb128 0x6
 557 0044 2E       		.uleb128 0x2e
 558 0045 01       		.byte	0x1
 559 0046 3F       		.uleb128 0x3f
 560 0047 19       		.uleb128 0x19
 561 0048 03       		.uleb128 0x3
 562 0049 0E       		.uleb128 0xe
 563 004a 3A       		.uleb128 0x3a
 564 004b 0B       		.uleb128 0xb
 565 004c 3B       		.uleb128 0x3b
 566 004d 0B       		.uleb128 0xb
 567 004e 11       		.uleb128 0x11
 568 004f 01       		.uleb128 0x1
 569 0050 12       		.uleb128 0x12
 570 0051 06       		.uleb128 0x6
 571 0052 40       		.uleb128 0x40
 572 0053 18       		.uleb128 0x18
 573 0054 9742     		.uleb128 0x2117
 574 0056 19       		.uleb128 0x19
 575 0057 01       		.uleb128 0x1
ARM GAS  C:\Users\NHANPH~1\AppData\Local\Temp\cc882a02.s 			page 13


 576 0058 13       		.uleb128 0x13
 577 0059 00       		.byte	0
 578 005a 00       		.byte	0
 579 005b 07       		.uleb128 0x7
 580 005c 898201   		.uleb128 0x4109
 581 005f 00       		.byte	0
 582 0060 11       		.uleb128 0x11
 583 0061 01       		.uleb128 0x1
 584 0062 31       		.uleb128 0x31
 585 0063 13       		.uleb128 0x13
 586 0064 00       		.byte	0
 587 0065 00       		.byte	0
 588 0066 08       		.uleb128 0x8
 589 0067 2E       		.uleb128 0x2e
 590 0068 01       		.byte	0x1
 591 0069 3F       		.uleb128 0x3f
 592 006a 19       		.uleb128 0x19
 593 006b 03       		.uleb128 0x3
 594 006c 0E       		.uleb128 0xe
 595 006d 3A       		.uleb128 0x3a
 596 006e 0B       		.uleb128 0xb
 597 006f 3B       		.uleb128 0x3b
 598 0070 0B       		.uleb128 0xb
 599 0071 49       		.uleb128 0x49
 600 0072 13       		.uleb128 0x13
 601 0073 11       		.uleb128 0x11
 602 0074 01       		.uleb128 0x1
 603 0075 12       		.uleb128 0x12
 604 0076 06       		.uleb128 0x6
 605 0077 40       		.uleb128 0x40
 606 0078 18       		.uleb128 0x18
 607 0079 9742     		.uleb128 0x2117
 608 007b 19       		.uleb128 0x19
 609 007c 01       		.uleb128 0x1
 610 007d 13       		.uleb128 0x13
 611 007e 00       		.byte	0
 612 007f 00       		.byte	0
 613 0080 09       		.uleb128 0x9
 614 0081 34       		.uleb128 0x34
 615 0082 00       		.byte	0
 616 0083 03       		.uleb128 0x3
 617 0084 08       		.uleb128 0x8
 618 0085 3A       		.uleb128 0x3a
 619 0086 0B       		.uleb128 0xb
 620 0087 3B       		.uleb128 0x3b
 621 0088 0B       		.uleb128 0xb
 622 0089 49       		.uleb128 0x49
 623 008a 13       		.uleb128 0x13
 624 008b 02       		.uleb128 0x2
 625 008c 17       		.uleb128 0x17
 626 008d 00       		.byte	0
 627 008e 00       		.byte	0
 628 008f 0A       		.uleb128 0xa
 629 0090 34       		.uleb128 0x34
 630 0091 00       		.byte	0
 631 0092 03       		.uleb128 0x3
 632 0093 08       		.uleb128 0x8
ARM GAS  C:\Users\NHANPH~1\AppData\Local\Temp\cc882a02.s 			page 14


 633 0094 3A       		.uleb128 0x3a
 634 0095 0B       		.uleb128 0xb
 635 0096 3B       		.uleb128 0x3b
 636 0097 0B       		.uleb128 0xb
 637 0098 49       		.uleb128 0x49
 638 0099 13       		.uleb128 0x13
 639 009a 02       		.uleb128 0x2
 640 009b 18       		.uleb128 0x18
 641 009c 00       		.byte	0
 642 009d 00       		.byte	0
 643 009e 0B       		.uleb128 0xb
 644 009f 01       		.uleb128 0x1
 645 00a0 01       		.byte	0x1
 646 00a1 49       		.uleb128 0x49
 647 00a2 13       		.uleb128 0x13
 648 00a3 01       		.uleb128 0x1
 649 00a4 13       		.uleb128 0x13
 650 00a5 00       		.byte	0
 651 00a6 00       		.byte	0
 652 00a7 0C       		.uleb128 0xc
 653 00a8 21       		.uleb128 0x21
 654 00a9 00       		.byte	0
 655 00aa 49       		.uleb128 0x49
 656 00ab 13       		.uleb128 0x13
 657 00ac 2F       		.uleb128 0x2f
 658 00ad 0B       		.uleb128 0xb
 659 00ae 00       		.byte	0
 660 00af 00       		.byte	0
 661 00b0 0D       		.uleb128 0xd
 662 00b1 34       		.uleb128 0x34
 663 00b2 00       		.byte	0
 664 00b3 03       		.uleb128 0x3
 665 00b4 0E       		.uleb128 0xe
 666 00b5 3A       		.uleb128 0x3a
 667 00b6 0B       		.uleb128 0xb
 668 00b7 3B       		.uleb128 0x3b
 669 00b8 05       		.uleb128 0x5
 670 00b9 49       		.uleb128 0x49
 671 00ba 13       		.uleb128 0x13
 672 00bb 3F       		.uleb128 0x3f
 673 00bc 19       		.uleb128 0x19
 674 00bd 3C       		.uleb128 0x3c
 675 00be 19       		.uleb128 0x19
 676 00bf 00       		.byte	0
 677 00c0 00       		.byte	0
 678 00c1 0E       		.uleb128 0xe
 679 00c2 35       		.uleb128 0x35
 680 00c3 00       		.byte	0
 681 00c4 49       		.uleb128 0x49
 682 00c5 13       		.uleb128 0x13
 683 00c6 00       		.byte	0
 684 00c7 00       		.byte	0
 685 00c8 0F       		.uleb128 0xf
 686 00c9 2E       		.uleb128 0x2e
 687 00ca 00       		.byte	0
 688 00cb 3F       		.uleb128 0x3f
 689 00cc 19       		.uleb128 0x19
ARM GAS  C:\Users\NHANPH~1\AppData\Local\Temp\cc882a02.s 			page 15


 690 00cd 03       		.uleb128 0x3
 691 00ce 0E       		.uleb128 0xe
 692 00cf 3A       		.uleb128 0x3a
 693 00d0 0B       		.uleb128 0xb
 694 00d1 3B       		.uleb128 0x3b
 695 00d2 0B       		.uleb128 0xb
 696 00d3 27       		.uleb128 0x27
 697 00d4 19       		.uleb128 0x19
 698 00d5 49       		.uleb128 0x49
 699 00d6 13       		.uleb128 0x13
 700 00d7 3C       		.uleb128 0x3c
 701 00d8 19       		.uleb128 0x19
 702 00d9 00       		.byte	0
 703 00da 00       		.byte	0
 704 00db 00       		.byte	0
 705              		.section	.debug_loc,"",%progbits
 706              	.Ldebug_loc0:
 707              	.LLST0:
 708 0000 02000000 		.4byte	.LVL2
 709 0004 06000000 		.4byte	.LVL3
 710 0008 0200     		.2byte	0x2
 711 000a 30       		.byte	0x30
 712 000b 9F       		.byte	0x9f
 713 000c 06000000 		.4byte	.LVL3
 714 0010 14000000 		.4byte	.LFE65
 715 0014 0100     		.2byte	0x1
 716 0016 54       		.byte	0x54
 717 0017 00000000 		.4byte	0
 718 001b 00000000 		.4byte	0
 719              	.LLST1:
 720 001f 02000000 		.4byte	.LVL6
 721 0023 06000000 		.4byte	.LVL7
 722 0027 0200     		.2byte	0x2
 723 0029 30       		.byte	0x30
 724 002a 9F       		.byte	0x9f
 725 002b 06000000 		.4byte	.LVL7
 726 002f 14000000 		.4byte	.LFE66
 727 0033 0100     		.2byte	0x1
 728 0035 54       		.byte	0x54
 729 0036 00000000 		.4byte	0
 730 003a 00000000 		.4byte	0
 731              	.LLST2:
 732 003e 1A000000 		.4byte	.LVL10
 733 0042 50000000 		.4byte	.LVL17
 734 0046 0200     		.2byte	0x2
 735 0048 30       		.byte	0x30
 736 0049 9F       		.byte	0x9f
 737 004a 50000000 		.4byte	.LVL17
 738 004e 6A000000 		.4byte	.LFE67
 739 0052 0100     		.2byte	0x1
 740 0054 50       		.byte	0x50
 741 0055 00000000 		.4byte	0
 742 0059 00000000 		.4byte	0
 743              	.LLST3:
 744 005d 20000000 		.4byte	.LVL12
 745 0061 26000000 		.4byte	.LVL14
 746 0065 0200     		.2byte	0x2
ARM GAS  C:\Users\NHANPH~1\AppData\Local\Temp\cc882a02.s 			page 16


 747 0067 30       		.byte	0x30
 748 0068 9F       		.byte	0x9f
 749 0069 26000000 		.4byte	.LVL14
 750 006d 29000000 		.4byte	.LVL15-1
 751 0071 0100     		.2byte	0x1
 752 0073 50       		.byte	0x50
 753 0074 29000000 		.4byte	.LVL15-1
 754 0078 46000000 		.4byte	.LVL16
 755 007c 0100     		.2byte	0x1
 756 007e 55       		.byte	0x55
 757 007f 00000000 		.4byte	0
 758 0083 00000000 		.4byte	0
 759              	.LLST4:
 760 0087 20000000 		.4byte	.LVL12
 761 008b 2A000000 		.4byte	.LVL15
 762 008f 0200     		.2byte	0x2
 763 0091 30       		.byte	0x30
 764 0092 9F       		.byte	0x9f
 765 0093 2A000000 		.4byte	.LVL15
 766 0097 46000000 		.4byte	.LVL16
 767 009b 0100     		.2byte	0x1
 768 009d 50       		.byte	0x50
 769 009e 00000000 		.4byte	0
 770 00a2 00000000 		.4byte	0
 771              	.LLST5:
 772 00a6 1E000000 		.4byte	.LVL11
 773 00aa 20000000 		.4byte	.LVL12
 774 00ae 0200     		.2byte	0x2
 775 00b0 30       		.byte	0x30
 776 00b1 9F       		.byte	0x9f
 777 00b2 20000000 		.4byte	.LVL12
 778 00b6 50000000 		.4byte	.LVL17
 779 00ba 0100     		.2byte	0x1
 780 00bc 54       		.byte	0x54
 781 00bd 50000000 		.4byte	.LVL17
 782 00c1 5E000000 		.4byte	.LVL18
 783 00c5 0100     		.2byte	0x1
 784 00c7 53       		.byte	0x53
 785 00c8 5E000000 		.4byte	.LVL18
 786 00cc 60000000 		.4byte	.LVL19
 787 00d0 0300     		.2byte	0x3
 788 00d2 71       		.byte	0x71
 789 00d3 7F       		.sleb128 -1
 790 00d4 9F       		.byte	0x9f
 791 00d5 60000000 		.4byte	.LVL19
 792 00d9 62000000 		.4byte	.LVL20
 793 00dd 0100     		.2byte	0x1
 794 00df 51       		.byte	0x51
 795 00e0 62000000 		.4byte	.LVL20
 796 00e4 6A000000 		.4byte	.LFE67
 797 00e8 0100     		.2byte	0x1
 798 00ea 53       		.byte	0x53
 799 00eb 00000000 		.4byte	0
 800 00ef 00000000 		.4byte	0
 801              		.section	.debug_aranges,"",%progbits
 802 0000 3C000000 		.4byte	0x3c
 803 0004 0200     		.2byte	0x2
ARM GAS  C:\Users\NHANPH~1\AppData\Local\Temp\cc882a02.s 			page 17


 804 0006 00000000 		.4byte	.Ldebug_info0
 805 000a 04       		.byte	0x4
 806 000b 00       		.byte	0
 807 000c 0000     		.2byte	0
 808 000e 0000     		.2byte	0
 809 0010 00000000 		.4byte	.LFB63
 810 0014 0C000000 		.4byte	.LFE63-.LFB63
 811 0018 00000000 		.4byte	.LFB64
 812 001c 0C000000 		.4byte	.LFE64-.LFB64
 813 0020 00000000 		.4byte	.LFB65
 814 0024 14000000 		.4byte	.LFE65-.LFB65
 815 0028 00000000 		.4byte	.LFB66
 816 002c 14000000 		.4byte	.LFE66-.LFB66
 817 0030 00000000 		.4byte	.LFB67
 818 0034 6A000000 		.4byte	.LFE67-.LFB67
 819 0038 00000000 		.4byte	0
 820 003c 00000000 		.4byte	0
 821              		.section	.debug_ranges,"",%progbits
 822              	.Ldebug_ranges0:
 823 0000 00000000 		.4byte	.LFB63
 824 0004 0C000000 		.4byte	.LFE63
 825 0008 00000000 		.4byte	.LFB64
 826 000c 0C000000 		.4byte	.LFE64
 827 0010 00000000 		.4byte	.LFB65
 828 0014 14000000 		.4byte	.LFE65
 829 0018 00000000 		.4byte	.LFB66
 830 001c 14000000 		.4byte	.LFE66
 831 0020 00000000 		.4byte	.LFB67
 832 0024 6A000000 		.4byte	.LFE67
 833 0028 00000000 		.4byte	0
 834 002c 00000000 		.4byte	0
 835              		.section	.debug_line,"",%progbits
 836              	.Ldebug_line0:
 837 0000 6B020000 		.section	.debug_str,"MS",%progbits,1
 837      0200D901 
 837      00000201 
 837      FB0E0D00 
 837      01010101 
 838              	.LASF6:
 839 0000 6C6F6E67 		.ascii	"long long int\000"
 839      206C6F6E 
 839      6720696E 
 839      7400
 840              	.LASF25:
 841 000e 433A5C55 		.ascii	"C:\\Users\\Nhan Phan\\Desktop\\CProjects\\Zumobot\\"
 841      73657273 
 841      5C4E6861 
 841      6E205068 
 841      616E5C44 
 842 003b 5A756D6F 		.ascii	"ZumoBot.cydsn\000"
 842      426F742E 
 842      63796473 
 842      6E00
 843              	.LASF9:
 844 0049 5F5F696E 		.ascii	"__int32_t\000"
 844      7433325F 
 844      7400
ARM GAS  C:\Users\NHANPH~1\AppData\Local\Temp\cc882a02.s 			page 18


 845              	.LASF12:
 846 0053 666C6F61 		.ascii	"float\000"
 846      7400
 847              	.LASF21:
 848 0059 636F756E 		.ascii	"count_uptime\000"
 848      745F7570 
 848      74696D65 
 848      00
 849              	.LASF1:
 850 0066 756E7369 		.ascii	"unsigned char\000"
 850      676E6564 
 850      20636861 
 850      7200
 851              	.LASF19:
 852 0074 77616974 		.ascii	"wait_going_down\000"
 852      5F676F69 
 852      6E675F64 
 852      6F776E00 
 853              	.LASF5:
 854 0084 6C6F6E67 		.ascii	"long unsigned int\000"
 854      20756E73 
 854      69676E65 
 854      6420696E 
 854      7400
 855              	.LASF3:
 856 0096 73686F72 		.ascii	"short unsigned int\000"
 856      7420756E 
 856      7369676E 
 856      65642069 
 856      6E7400
 857              	.LASF18:
 858 00a9 77616974 		.ascii	"wait_going_up\000"
 858      5F676F69 
 858      6E675F75 
 858      7000
 859              	.LASF26:
 860 00b7 49544D5F 		.ascii	"ITM_RxBuffer\000"
 860      52784275 
 860      66666572 
 860      00
 861              	.LASF13:
 862 00c4 646F7562 		.ascii	"double\000"
 862      6C6500
 863              	.LASF24:
 864 00cb 5A756D6F 		.ascii	"ZumoLibrary\\IR.c\000"
 864      4C696272 
 864      6172795C 
 864      49522E63 
 864      00
 865              	.LASF16:
 866 00dc 75696E74 		.ascii	"uint\000"
 866      00
 867              	.LASF23:
 868 00e1 474E5520 		.ascii	"GNU C 4.9.3 20150303 (release) [ARM/embedded-4_9-br"
 868      4320342E 
 868      392E3320 
 868      32303135 
ARM GAS  C:\Users\NHANPH~1\AppData\Local\Temp\cc882a02.s 			page 19


 868      30333033 
 869 0114 616E6368 		.ascii	"anch revision 221220] -mcpu=cortex-m3 -mthumb -g -O"
 869      20726576 
 869      6973696F 
 869      6E203232 
 869      31323230 
 870 0147 67202D66 		.ascii	"g -ffunction-sections -ffat-lto-objects\000"
 870      66756E63 
 870      74696F6E 
 870      2D736563 
 870      74696F6E 
 871              	.LASF8:
 872 016f 756E7369 		.ascii	"unsigned int\000"
 872      676E6564 
 872      20696E74 
 872      00
 873              	.LASF20:
 874 017c 636F756E 		.ascii	"count_downtime\000"
 874      745F646F 
 874      776E7469 
 874      6D6500
 875              	.LASF22:
 876 018b 6765745F 		.ascii	"get_IR\000"
 876      495200
 877              	.LASF7:
 878 0192 6C6F6E67 		.ascii	"long long unsigned int\000"
 878      206C6F6E 
 878      6720756E 
 878      7369676E 
 878      65642069 
 879              	.LASF10:
 880 01a9 696E7433 		.ascii	"int32_t\000"
 880      325F7400 
 881              	.LASF15:
 882 01b1 73697A65 		.ascii	"sizetype\000"
 882      74797065 
 882      00
 883              	.LASF14:
 884 01ba 63686172 		.ascii	"char\000"
 884      00
 885              	.LASF27:
 886 01bf 49525F72 		.ascii	"IR_receiver_Read\000"
 886      65636569 
 886      7665725F 
 886      52656164 
 886      00
 887              	.LASF2:
 888 01d0 73686F72 		.ascii	"short int\000"
 888      7420696E 
 888      7400
 889              	.LASF11:
 890 01da 75696E74 		.ascii	"uint8\000"
 890      3800
 891              	.LASF4:
 892 01e0 6C6F6E67 		.ascii	"long int\000"
 892      20696E74 
 892      00
ARM GAS  C:\Users\NHANPH~1\AppData\Local\Temp\cc882a02.s 			page 20


 893              	.LASF17:
 894 01e9 6C6F6E67 		.ascii	"long double\000"
 894      20646F75 
 894      626C6500 
 895              	.LASF0:
 896 01f5 7369676E 		.ascii	"signed char\000"
 896      65642063 
 896      68617200 
 897              		.ident	"GCC: (GNU Tools for ARM Embedded Processors) 4.9.3 20150303 (release) [ARM/embedded-4_9-br
