ARM GAS  C:\Users\NHANPH~1\AppData\Local\Temp\cc39Ng0s.s 			page 1


   1              		.syntax unified
   2              		.cpu cortex-m3
   3              		.fpu softvfp
   4              		.eabi_attribute 20, 1
   5              		.eabi_attribute 21, 1
   6              		.eabi_attribute 23, 3
   7              		.eabi_attribute 24, 1
   8              		.eabi_attribute 25, 1
   9              		.eabi_attribute 26, 1
  10              		.eabi_attribute 30, 1
  11              		.eabi_attribute 34, 1
  12              		.eabi_attribute 18, 4
  13              		.thumb
  14              		.file	"mainPID.c"
  15              		.text
  16              	.Ltext0:
  17              		.cfi_sections	.debug_frame
  18              	.Letext0:
  19              		.section	.debug_line,"",%progbits
  20              	.Ldebug_line0:
  21              		.section	.debug_str,"MS",%progbits,1
  22              	.LASF0:
  23 0000 2E2E5C2E 		.ascii	"..\\..\\..\\MyZumoFollower03\\ZumoBot.cydsn\\mainPI"
  23      2E5C2E2E 
  23      5C4D795A 
  23      756D6F46 
  23      6F6C6C6F 
  24 002e 442E6300 		.ascii	"D.c\000"
  25              	.LASF1:
  26 0032 433A5C55 		.ascii	"C:\\Users\\Nhan Phan\\Desktop\\CProjects\\Zumobot\\"
  26      73657273 
  26      5C4E6861 
  26      6E205068 
  26      616E5C44 
  27 005f 5A756D6F 		.ascii	"ZumoBot.cydsn\000"
  27      426F742E 
  27      63796473 
  27      6E00
  28              	.LASF2:
  29 006d 474E5520 		.ascii	"GNU C 4.9.3 20150303 (release) [ARM/embedded-4_9-br"
  29      4320342E 
  29      392E3320 
  29      32303135 
  29      30333033 
  30 00a0 616E6368 		.ascii	"anch revision 221220] -mcpu=cortex-m3 -mthumb -g -O"
  30      20726576 
  30      6973696F 
  30      6E203232 
  30      31323230 
  31 00d3 67202D66 		.ascii	"g -ffunction-sections -ffat-lto-objects\000"
  31      66756E63 
  31      74696F6E 
  31      2D736563 
  31      74696F6E 
  32              		.ident	"GCC: (GNU Tools for ARM Embedded Processors) 4.9.3 20150303 (release) [ARM/embedded-4_9-br
