ARM GAS  C:\Users\NHANPH~1\AppData\Local\Temp\ccFEJVgz.s 			page 1


   1              		.syntax unified
   2              		.cpu cortex-m3
   3              		.fpu softvfp
   4              		.eabi_attribute 20, 1
   5              		.eabi_attribute 21, 1
   6              		.eabi_attribute 23, 3
   7              		.eabi_attribute 24, 1
   8              		.eabi_attribute 25, 1
   9              		.eabi_attribute 26, 1
  10              		.eabi_attribute 30, 1
  11              		.eabi_attribute 34, 1
  12              		.eabi_attribute 18, 4
  13              		.thumb
  14              		.file	"MotorDirLeft.c"
  15              		.text
  16              	.Ltext0:
  17              		.cfi_sections	.debug_frame
  18              		.section	.text.MotorDirLeft_Write,"ax",%progbits
  19              		.align	2
  20              		.global	MotorDirLeft_Write
  21              		.thumb
  22              		.thumb_func
  23              		.type	MotorDirLeft_Write, %function
  24              	MotorDirLeft_Write:
  25              	.LFB0:
  26              		.file 1 "Generated_Source\\PSoC5\\MotorDirLeft.c"
   1:Generated_Source\PSoC5/MotorDirLeft.c **** /*******************************************************************************
   2:Generated_Source\PSoC5/MotorDirLeft.c **** * File Name: MotorDirLeft.c  
   3:Generated_Source\PSoC5/MotorDirLeft.c **** * Version 2.20
   4:Generated_Source\PSoC5/MotorDirLeft.c **** *
   5:Generated_Source\PSoC5/MotorDirLeft.c **** * Description:
   6:Generated_Source\PSoC5/MotorDirLeft.c **** *  This file contains API to enable firmware control of a Pins component.
   7:Generated_Source\PSoC5/MotorDirLeft.c **** *
   8:Generated_Source\PSoC5/MotorDirLeft.c **** * Note:
   9:Generated_Source\PSoC5/MotorDirLeft.c **** *
  10:Generated_Source\PSoC5/MotorDirLeft.c **** ********************************************************************************
  11:Generated_Source\PSoC5/MotorDirLeft.c **** * Copyright 2008-2015, Cypress Semiconductor Corporation.  All rights reserved.
  12:Generated_Source\PSoC5/MotorDirLeft.c **** * You may use this file only in accordance with the license, terms, conditions, 
  13:Generated_Source\PSoC5/MotorDirLeft.c **** * disclaimers, and limitations in the end user license agreement accompanying 
  14:Generated_Source\PSoC5/MotorDirLeft.c **** * the software package with which this file was provided.
  15:Generated_Source\PSoC5/MotorDirLeft.c **** *******************************************************************************/
  16:Generated_Source\PSoC5/MotorDirLeft.c **** 
  17:Generated_Source\PSoC5/MotorDirLeft.c **** #include "cytypes.h"
  18:Generated_Source\PSoC5/MotorDirLeft.c **** #include "MotorDirLeft.h"
  19:Generated_Source\PSoC5/MotorDirLeft.c **** 
  20:Generated_Source\PSoC5/MotorDirLeft.c **** /* APIs are not generated for P15[7:6] on PSoC 5 */
  21:Generated_Source\PSoC5/MotorDirLeft.c **** #if !(CY_PSOC5A &&\
  22:Generated_Source\PSoC5/MotorDirLeft.c **** 	 MotorDirLeft__PORT == 15 && ((MotorDirLeft__MASK & 0xC0) != 0))
  23:Generated_Source\PSoC5/MotorDirLeft.c **** 
  24:Generated_Source\PSoC5/MotorDirLeft.c **** 
  25:Generated_Source\PSoC5/MotorDirLeft.c **** /*******************************************************************************
  26:Generated_Source\PSoC5/MotorDirLeft.c **** * Function Name: MotorDirLeft_Write
  27:Generated_Source\PSoC5/MotorDirLeft.c **** ****************************************************************************//**
  28:Generated_Source\PSoC5/MotorDirLeft.c **** *
  29:Generated_Source\PSoC5/MotorDirLeft.c **** * \brief Writes the value to the physical port (data output register), masking
  30:Generated_Source\PSoC5/MotorDirLeft.c **** *  and shifting the bits appropriately. 
  31:Generated_Source\PSoC5/MotorDirLeft.c **** *
ARM GAS  C:\Users\NHANPH~1\AppData\Local\Temp\ccFEJVgz.s 			page 2


  32:Generated_Source\PSoC5/MotorDirLeft.c **** * The data output register controls the signal applied to the physical pin in 
  33:Generated_Source\PSoC5/MotorDirLeft.c **** * conjunction with the drive mode parameter. This function avoids changing 
  34:Generated_Source\PSoC5/MotorDirLeft.c **** * other bits in the port by using the appropriate method (read-modify-write or
  35:Generated_Source\PSoC5/MotorDirLeft.c **** * bit banding).
  36:Generated_Source\PSoC5/MotorDirLeft.c **** *
  37:Generated_Source\PSoC5/MotorDirLeft.c **** * <b>Note</b> This function should not be used on a hardware digital output pin 
  38:Generated_Source\PSoC5/MotorDirLeft.c **** * as it is driven by the hardware signal attached to it.
  39:Generated_Source\PSoC5/MotorDirLeft.c **** *
  40:Generated_Source\PSoC5/MotorDirLeft.c **** * \param value
  41:Generated_Source\PSoC5/MotorDirLeft.c **** *  Value to write to the component instance.
  42:Generated_Source\PSoC5/MotorDirLeft.c **** *
  43:Generated_Source\PSoC5/MotorDirLeft.c **** * \return 
  44:Generated_Source\PSoC5/MotorDirLeft.c **** *  None 
  45:Generated_Source\PSoC5/MotorDirLeft.c **** *
  46:Generated_Source\PSoC5/MotorDirLeft.c **** * \sideeffect
  47:Generated_Source\PSoC5/MotorDirLeft.c **** *  If you use read-modify-write operations that are not atomic; the Interrupt 
  48:Generated_Source\PSoC5/MotorDirLeft.c **** *  Service Routines (ISR) can cause corruption of this function. An ISR that 
  49:Generated_Source\PSoC5/MotorDirLeft.c **** *  interrupts this function and performs writes to the Pins component data 
  50:Generated_Source\PSoC5/MotorDirLeft.c **** *  register can cause corrupted port data. To avoid this issue, you should 
  51:Generated_Source\PSoC5/MotorDirLeft.c **** *  either use the Per-Pin APIs (primary method) or disable interrupts around 
  52:Generated_Source\PSoC5/MotorDirLeft.c **** *  this function.
  53:Generated_Source\PSoC5/MotorDirLeft.c **** *
  54:Generated_Source\PSoC5/MotorDirLeft.c **** * \funcusage
  55:Generated_Source\PSoC5/MotorDirLeft.c **** *  \snippet MotorDirLeft_SUT.c usage_MotorDirLeft_Write
  56:Generated_Source\PSoC5/MotorDirLeft.c **** *******************************************************************************/
  57:Generated_Source\PSoC5/MotorDirLeft.c **** void MotorDirLeft_Write(uint8 value)
  58:Generated_Source\PSoC5/MotorDirLeft.c **** {
  27              		.loc 1 58 0
  28              		.cfi_startproc
  29              		@ args = 0, pretend = 0, frame = 0
  30              		@ frame_needed = 0, uses_anonymous_args = 0
  31              		@ link register save eliminated.
  32              	.LVL0:
  59:Generated_Source\PSoC5/MotorDirLeft.c ****     uint8 staticBits = (MotorDirLeft_DR & (uint8)(~MotorDirLeft_MASK));
  33              		.loc 1 59 0
  34 0000 044A     		ldr	r2, .L2
  35 0002 1378     		ldrb	r3, [r2]	@ zero_extendqisi2
  36 0004 03F07F03 		and	r3, r3, #127
  37              	.LVL1:
  60:Generated_Source\PSoC5/MotorDirLeft.c ****     MotorDirLeft_DR = staticBits | ((uint8)(value << MotorDirLeft_SHIFT) & MotorDirLeft_MASK);
  38              		.loc 1 60 0
  39 0008 C001     		lsls	r0, r0, #7
  40              	.LVL2:
  41 000a C0B2     		uxtb	r0, r0
  42 000c 0343     		orrs	r3, r3, r0
  43              	.LVL3:
  44 000e 1370     		strb	r3, [r2]
  45 0010 7047     		bx	lr
  46              	.L3:
  47 0012 00BF     		.align	2
  48              	.L2:
  49 0014 30510040 		.word	1073762608
  50              		.cfi_endproc
  51              	.LFE0:
  52              		.size	MotorDirLeft_Write, .-MotorDirLeft_Write
  53              		.section	.text.MotorDirLeft_SetDriveMode,"ax",%progbits
  54              		.align	2
ARM GAS  C:\Users\NHANPH~1\AppData\Local\Temp\ccFEJVgz.s 			page 3


  55              		.global	MotorDirLeft_SetDriveMode
  56              		.thumb
  57              		.thumb_func
  58              		.type	MotorDirLeft_SetDriveMode, %function
  59              	MotorDirLeft_SetDriveMode:
  60              	.LFB1:
  61:Generated_Source\PSoC5/MotorDirLeft.c **** }
  62:Generated_Source\PSoC5/MotorDirLeft.c **** 
  63:Generated_Source\PSoC5/MotorDirLeft.c **** 
  64:Generated_Source\PSoC5/MotorDirLeft.c **** /*******************************************************************************
  65:Generated_Source\PSoC5/MotorDirLeft.c **** * Function Name: MotorDirLeft_SetDriveMode
  66:Generated_Source\PSoC5/MotorDirLeft.c **** ****************************************************************************//**
  67:Generated_Source\PSoC5/MotorDirLeft.c **** *
  68:Generated_Source\PSoC5/MotorDirLeft.c **** * \brief Sets the drive mode for each of the Pins component's pins.
  69:Generated_Source\PSoC5/MotorDirLeft.c **** * 
  70:Generated_Source\PSoC5/MotorDirLeft.c **** * <b>Note</b> This affects all pins in the Pins component instance. Use the
  71:Generated_Source\PSoC5/MotorDirLeft.c **** * Per-Pin APIs if you wish to control individual pin's drive modes.
  72:Generated_Source\PSoC5/MotorDirLeft.c **** *
  73:Generated_Source\PSoC5/MotorDirLeft.c **** * \param mode
  74:Generated_Source\PSoC5/MotorDirLeft.c **** *  Mode for the selected signals. Valid options are documented in 
  75:Generated_Source\PSoC5/MotorDirLeft.c **** *  \ref driveMode.
  76:Generated_Source\PSoC5/MotorDirLeft.c **** *
  77:Generated_Source\PSoC5/MotorDirLeft.c **** * \return
  78:Generated_Source\PSoC5/MotorDirLeft.c **** *  None
  79:Generated_Source\PSoC5/MotorDirLeft.c **** *
  80:Generated_Source\PSoC5/MotorDirLeft.c **** * \sideeffect
  81:Generated_Source\PSoC5/MotorDirLeft.c **** *  If you use read-modify-write operations that are not atomic, the ISR can
  82:Generated_Source\PSoC5/MotorDirLeft.c **** *  cause corruption of this function. An ISR that interrupts this function 
  83:Generated_Source\PSoC5/MotorDirLeft.c **** *  and performs writes to the Pins component Drive Mode registers can cause 
  84:Generated_Source\PSoC5/MotorDirLeft.c **** *  corrupted port data. To avoid this issue, you should either use the Per-Pin
  85:Generated_Source\PSoC5/MotorDirLeft.c **** *  APIs (primary method) or disable interrupts around this function.
  86:Generated_Source\PSoC5/MotorDirLeft.c **** *
  87:Generated_Source\PSoC5/MotorDirLeft.c **** * \funcusage
  88:Generated_Source\PSoC5/MotorDirLeft.c **** *  \snippet MotorDirLeft_SUT.c usage_MotorDirLeft_SetDriveMode
  89:Generated_Source\PSoC5/MotorDirLeft.c **** *******************************************************************************/
  90:Generated_Source\PSoC5/MotorDirLeft.c **** void MotorDirLeft_SetDriveMode(uint8 mode)
  91:Generated_Source\PSoC5/MotorDirLeft.c **** {
  61              		.loc 1 91 0
  62              		.cfi_startproc
  63              		@ args = 0, pretend = 0, frame = 0
  64              		@ frame_needed = 0, uses_anonymous_args = 0
  65              		@ link register save eliminated.
  66              	.LVL4:
  92:Generated_Source\PSoC5/MotorDirLeft.c **** 	CyPins_SetPinDriveMode(MotorDirLeft_0, mode);
  67              		.loc 1 92 0
  68 0000 044A     		ldr	r2, .L5
  69 0002 1378     		ldrb	r3, [r2]	@ zero_extendqisi2
  70 0004 03F0F103 		and	r3, r3, #241
  71 0008 00F00E00 		and	r0, r0, #14
  72              	.LVL5:
  73 000c 1843     		orrs	r0, r0, r3
  74 000e 1070     		strb	r0, [r2]
  75 0010 7047     		bx	lr
  76              	.L6:
  77 0012 00BF     		.align	2
  78              	.L5:
  79 0014 1F500040 		.word	1073762335
ARM GAS  C:\Users\NHANPH~1\AppData\Local\Temp\ccFEJVgz.s 			page 4


  80              		.cfi_endproc
  81              	.LFE1:
  82              		.size	MotorDirLeft_SetDriveMode, .-MotorDirLeft_SetDriveMode
  83              		.section	.text.MotorDirLeft_Read,"ax",%progbits
  84              		.align	2
  85              		.global	MotorDirLeft_Read
  86              		.thumb
  87              		.thumb_func
  88              		.type	MotorDirLeft_Read, %function
  89              	MotorDirLeft_Read:
  90              	.LFB2:
  93:Generated_Source\PSoC5/MotorDirLeft.c **** }
  94:Generated_Source\PSoC5/MotorDirLeft.c **** 
  95:Generated_Source\PSoC5/MotorDirLeft.c **** 
  96:Generated_Source\PSoC5/MotorDirLeft.c **** /*******************************************************************************
  97:Generated_Source\PSoC5/MotorDirLeft.c **** * Function Name: MotorDirLeft_Read
  98:Generated_Source\PSoC5/MotorDirLeft.c **** ****************************************************************************//**
  99:Generated_Source\PSoC5/MotorDirLeft.c **** *
 100:Generated_Source\PSoC5/MotorDirLeft.c **** * \brief Reads the associated physical port (pin status register) and masks 
 101:Generated_Source\PSoC5/MotorDirLeft.c **** *  the required bits according to the width and bit position of the component
 102:Generated_Source\PSoC5/MotorDirLeft.c **** *  instance. 
 103:Generated_Source\PSoC5/MotorDirLeft.c **** *
 104:Generated_Source\PSoC5/MotorDirLeft.c **** * The pin's status register returns the current logic level present on the 
 105:Generated_Source\PSoC5/MotorDirLeft.c **** * physical pin.
 106:Generated_Source\PSoC5/MotorDirLeft.c **** *
 107:Generated_Source\PSoC5/MotorDirLeft.c **** * \return 
 108:Generated_Source\PSoC5/MotorDirLeft.c **** *  The current value for the pins in the component as a right justified number.
 109:Generated_Source\PSoC5/MotorDirLeft.c **** *
 110:Generated_Source\PSoC5/MotorDirLeft.c **** * \funcusage
 111:Generated_Source\PSoC5/MotorDirLeft.c **** *  \snippet MotorDirLeft_SUT.c usage_MotorDirLeft_Read  
 112:Generated_Source\PSoC5/MotorDirLeft.c **** *******************************************************************************/
 113:Generated_Source\PSoC5/MotorDirLeft.c **** uint8 MotorDirLeft_Read(void)
 114:Generated_Source\PSoC5/MotorDirLeft.c **** {
  91              		.loc 1 114 0
  92              		.cfi_startproc
  93              		@ args = 0, pretend = 0, frame = 0
  94              		@ frame_needed = 0, uses_anonymous_args = 0
  95              		@ link register save eliminated.
 115:Generated_Source\PSoC5/MotorDirLeft.c ****     return (MotorDirLeft_PS & MotorDirLeft_MASK) >> MotorDirLeft_SHIFT;
  96              		.loc 1 115 0
  97 0000 014B     		ldr	r3, .L8
  98 0002 1878     		ldrb	r0, [r3]	@ zero_extendqisi2
 116:Generated_Source\PSoC5/MotorDirLeft.c **** }
  99              		.loc 1 116 0
 100 0004 C009     		lsrs	r0, r0, #7
 101 0006 7047     		bx	lr
 102              	.L9:
 103              		.align	2
 104              	.L8:
 105 0008 31510040 		.word	1073762609
 106              		.cfi_endproc
 107              	.LFE2:
 108              		.size	MotorDirLeft_Read, .-MotorDirLeft_Read
 109              		.section	.text.MotorDirLeft_ReadDataReg,"ax",%progbits
 110              		.align	2
 111              		.global	MotorDirLeft_ReadDataReg
 112              		.thumb
ARM GAS  C:\Users\NHANPH~1\AppData\Local\Temp\ccFEJVgz.s 			page 5


 113              		.thumb_func
 114              		.type	MotorDirLeft_ReadDataReg, %function
 115              	MotorDirLeft_ReadDataReg:
 116              	.LFB3:
 117:Generated_Source\PSoC5/MotorDirLeft.c **** 
 118:Generated_Source\PSoC5/MotorDirLeft.c **** 
 119:Generated_Source\PSoC5/MotorDirLeft.c **** /*******************************************************************************
 120:Generated_Source\PSoC5/MotorDirLeft.c **** * Function Name: MotorDirLeft_ReadDataReg
 121:Generated_Source\PSoC5/MotorDirLeft.c **** ****************************************************************************//**
 122:Generated_Source\PSoC5/MotorDirLeft.c **** *
 123:Generated_Source\PSoC5/MotorDirLeft.c **** * \brief Reads the associated physical port's data output register and masks 
 124:Generated_Source\PSoC5/MotorDirLeft.c **** *  the correct bits according to the width and bit position of the component 
 125:Generated_Source\PSoC5/MotorDirLeft.c **** *  instance. 
 126:Generated_Source\PSoC5/MotorDirLeft.c **** *
 127:Generated_Source\PSoC5/MotorDirLeft.c **** * The data output register controls the signal applied to the physical pin in 
 128:Generated_Source\PSoC5/MotorDirLeft.c **** * conjunction with the drive mode parameter. This is not the same as the 
 129:Generated_Source\PSoC5/MotorDirLeft.c **** * preferred MotorDirLeft_Read() API because the 
 130:Generated_Source\PSoC5/MotorDirLeft.c **** * MotorDirLeft_ReadDataReg() reads the data register instead of the status 
 131:Generated_Source\PSoC5/MotorDirLeft.c **** * register. For output pins this is a useful function to determine the value 
 132:Generated_Source\PSoC5/MotorDirLeft.c **** * just written to the pin.
 133:Generated_Source\PSoC5/MotorDirLeft.c **** *
 134:Generated_Source\PSoC5/MotorDirLeft.c **** * \return 
 135:Generated_Source\PSoC5/MotorDirLeft.c **** *  The current value of the data register masked and shifted into a right 
 136:Generated_Source\PSoC5/MotorDirLeft.c **** *  justified number for the component instance.
 137:Generated_Source\PSoC5/MotorDirLeft.c **** *
 138:Generated_Source\PSoC5/MotorDirLeft.c **** * \funcusage
 139:Generated_Source\PSoC5/MotorDirLeft.c **** *  \snippet MotorDirLeft_SUT.c usage_MotorDirLeft_ReadDataReg 
 140:Generated_Source\PSoC5/MotorDirLeft.c **** *******************************************************************************/
 141:Generated_Source\PSoC5/MotorDirLeft.c **** uint8 MotorDirLeft_ReadDataReg(void)
 142:Generated_Source\PSoC5/MotorDirLeft.c **** {
 117              		.loc 1 142 0
 118              		.cfi_startproc
 119              		@ args = 0, pretend = 0, frame = 0
 120              		@ frame_needed = 0, uses_anonymous_args = 0
 121              		@ link register save eliminated.
 143:Generated_Source\PSoC5/MotorDirLeft.c ****     return (MotorDirLeft_DR & MotorDirLeft_MASK) >> MotorDirLeft_SHIFT;
 122              		.loc 1 143 0
 123 0000 014B     		ldr	r3, .L11
 124 0002 1878     		ldrb	r0, [r3]	@ zero_extendqisi2
 144:Generated_Source\PSoC5/MotorDirLeft.c **** }
 125              		.loc 1 144 0
 126 0004 C009     		lsrs	r0, r0, #7
 127 0006 7047     		bx	lr
 128              	.L12:
 129              		.align	2
 130              	.L11:
 131 0008 30510040 		.word	1073762608
 132              		.cfi_endproc
 133              	.LFE3:
 134              		.size	MotorDirLeft_ReadDataReg, .-MotorDirLeft_ReadDataReg
 135              		.text
 136              	.Letext0:
 137              		.file 2 "Generated_Source\\PSoC5\\cytypes.h"
 138              		.section	.debug_info,"",%progbits
 139              	.Ldebug_info0:
 140 0000 1D010000 		.4byte	0x11d
 141 0004 0400     		.2byte	0x4
ARM GAS  C:\Users\NHANPH~1\AppData\Local\Temp\ccFEJVgz.s 			page 6


 142 0006 00000000 		.4byte	.Ldebug_abbrev0
 143 000a 04       		.byte	0x4
 144 000b 01       		.uleb128 0x1
 145 000c DA000000 		.4byte	.LASF20
 146 0010 01       		.byte	0x1
 147 0011 A4010000 		.4byte	.LASF21
 148 0015 3F000000 		.4byte	.LASF22
 149 0019 00000000 		.4byte	.Ldebug_ranges0+0
 150 001d 00000000 		.4byte	0
 151 0021 00000000 		.4byte	.Ldebug_line0
 152 0025 02       		.uleb128 0x2
 153 0026 01       		.byte	0x1
 154 0027 06       		.byte	0x6
 155 0028 F2010000 		.4byte	.LASF0
 156 002c 02       		.uleb128 0x2
 157 002d 01       		.byte	0x1
 158 002e 08       		.byte	0x8
 159 002f 91000000 		.4byte	.LASF1
 160 0033 02       		.uleb128 0x2
 161 0034 02       		.byte	0x2
 162 0035 05       		.byte	0x5
 163 0036 D0000000 		.4byte	.LASF2
 164 003a 02       		.uleb128 0x2
 165 003b 02       		.byte	0x2
 166 003c 07       		.byte	0x7
 167 003d B6000000 		.4byte	.LASF3
 168 0041 02       		.uleb128 0x2
 169 0042 04       		.byte	0x4
 170 0043 05       		.byte	0x5
 171 0044 D0010000 		.4byte	.LASF4
 172 0048 02       		.uleb128 0x2
 173 0049 04       		.byte	0x4
 174 004a 07       		.byte	0x7
 175 004b A4000000 		.4byte	.LASF5
 176 004f 02       		.uleb128 0x2
 177 0050 08       		.byte	0x8
 178 0051 05       		.byte	0x5
 179 0052 91010000 		.4byte	.LASF6
 180 0056 02       		.uleb128 0x2
 181 0057 08       		.byte	0x8
 182 0058 07       		.byte	0x7
 183 0059 75010000 		.4byte	.LASF7
 184 005d 03       		.uleb128 0x3
 185 005e 04       		.byte	0x4
 186 005f 05       		.byte	0x5
 187 0060 696E7400 		.ascii	"int\000"
 188 0064 02       		.uleb128 0x2
 189 0065 04       		.byte	0x4
 190 0066 07       		.byte	0x7
 191 0067 68010000 		.4byte	.LASF8
 192 006b 04       		.uleb128 0x4
 193 006c CA010000 		.4byte	.LASF12
 194 0070 02       		.byte	0x2
 195 0071 9201     		.2byte	0x192
 196 0073 2C000000 		.4byte	0x2c
 197 0077 02       		.uleb128 0x2
 198 0078 04       		.byte	0x4
ARM GAS  C:\Users\NHANPH~1\AppData\Local\Temp\ccFEJVgz.s 			page 7


 199 0079 04       		.byte	0x4
 200 007a 8B000000 		.4byte	.LASF9
 201 007e 02       		.uleb128 0x2
 202 007f 08       		.byte	0x8
 203 0080 04       		.byte	0x4
 204 0081 C9000000 		.4byte	.LASF10
 205 0085 02       		.uleb128 0x2
 206 0086 01       		.byte	0x1
 207 0087 08       		.byte	0x8
 208 0088 9F010000 		.4byte	.LASF11
 209 008c 04       		.uleb128 0x4
 210 008d 9F000000 		.4byte	.LASF13
 211 0091 02       		.byte	0x2
 212 0092 3C02     		.2byte	0x23c
 213 0094 98000000 		.4byte	0x98
 214 0098 05       		.uleb128 0x5
 215 0099 6B000000 		.4byte	0x6b
 216 009d 06       		.uleb128 0x6
 217 009e 2C000000 		.4byte	.LASF14
 218 00a2 01       		.byte	0x1
 219 00a3 39       		.byte	0x39
 220 00a4 00000000 		.4byte	.LFB0
 221 00a8 18000000 		.4byte	.LFE0-.LFB0
 222 00ac 01       		.uleb128 0x1
 223 00ad 9C       		.byte	0x9c
 224 00ae D1000000 		.4byte	0xd1
 225 00b2 07       		.uleb128 0x7
 226 00b3 7A000000 		.4byte	.LASF16
 227 00b7 01       		.byte	0x1
 228 00b8 39       		.byte	0x39
 229 00b9 6B000000 		.4byte	0x6b
 230 00bd 00000000 		.4byte	.LLST0
 231 00c1 08       		.uleb128 0x8
 232 00c2 80000000 		.4byte	.LASF23
 233 00c6 01       		.byte	0x1
 234 00c7 3B       		.byte	0x3b
 235 00c8 6B000000 		.4byte	0x6b
 236 00cc 21000000 		.4byte	.LLST1
 237 00d0 00       		.byte	0
 238 00d1 06       		.uleb128 0x6
 239 00d2 12000000 		.4byte	.LASF15
 240 00d6 01       		.byte	0x1
 241 00d7 5A       		.byte	0x5a
 242 00d8 00000000 		.4byte	.LFB1
 243 00dc 18000000 		.4byte	.LFE1-.LFB1
 244 00e0 01       		.uleb128 0x1
 245 00e1 9C       		.byte	0x9c
 246 00e2 F6000000 		.4byte	0xf6
 247 00e6 07       		.uleb128 0x7
 248 00e7 8C010000 		.4byte	.LASF17
 249 00eb 01       		.byte	0x1
 250 00ec 5A       		.byte	0x5a
 251 00ed 6B000000 		.4byte	0x6b
 252 00f1 34000000 		.4byte	.LLST2
 253 00f5 00       		.byte	0
 254 00f6 09       		.uleb128 0x9
 255 00f7 00000000 		.4byte	.LASF18
ARM GAS  C:\Users\NHANPH~1\AppData\Local\Temp\ccFEJVgz.s 			page 8


 256 00fb 01       		.byte	0x1
 257 00fc 71       		.byte	0x71
 258 00fd 6B000000 		.4byte	0x6b
 259 0101 00000000 		.4byte	.LFB2
 260 0105 0C000000 		.4byte	.LFE2-.LFB2
 261 0109 01       		.uleb128 0x1
 262 010a 9C       		.byte	0x9c
 263 010b 09       		.uleb128 0x9
 264 010c D9010000 		.4byte	.LASF19
 265 0110 01       		.byte	0x1
 266 0111 8D       		.byte	0x8d
 267 0112 6B000000 		.4byte	0x6b
 268 0116 00000000 		.4byte	.LFB3
 269 011a 0C000000 		.4byte	.LFE3-.LFB3
 270 011e 01       		.uleb128 0x1
 271 011f 9C       		.byte	0x9c
 272 0120 00       		.byte	0
 273              		.section	.debug_abbrev,"",%progbits
 274              	.Ldebug_abbrev0:
 275 0000 01       		.uleb128 0x1
 276 0001 11       		.uleb128 0x11
 277 0002 01       		.byte	0x1
 278 0003 25       		.uleb128 0x25
 279 0004 0E       		.uleb128 0xe
 280 0005 13       		.uleb128 0x13
 281 0006 0B       		.uleb128 0xb
 282 0007 03       		.uleb128 0x3
 283 0008 0E       		.uleb128 0xe
 284 0009 1B       		.uleb128 0x1b
 285 000a 0E       		.uleb128 0xe
 286 000b 55       		.uleb128 0x55
 287 000c 17       		.uleb128 0x17
 288 000d 11       		.uleb128 0x11
 289 000e 01       		.uleb128 0x1
 290 000f 10       		.uleb128 0x10
 291 0010 17       		.uleb128 0x17
 292 0011 00       		.byte	0
 293 0012 00       		.byte	0
 294 0013 02       		.uleb128 0x2
 295 0014 24       		.uleb128 0x24
 296 0015 00       		.byte	0
 297 0016 0B       		.uleb128 0xb
 298 0017 0B       		.uleb128 0xb
 299 0018 3E       		.uleb128 0x3e
 300 0019 0B       		.uleb128 0xb
 301 001a 03       		.uleb128 0x3
 302 001b 0E       		.uleb128 0xe
 303 001c 00       		.byte	0
 304 001d 00       		.byte	0
 305 001e 03       		.uleb128 0x3
 306 001f 24       		.uleb128 0x24
 307 0020 00       		.byte	0
 308 0021 0B       		.uleb128 0xb
 309 0022 0B       		.uleb128 0xb
 310 0023 3E       		.uleb128 0x3e
 311 0024 0B       		.uleb128 0xb
 312 0025 03       		.uleb128 0x3
ARM GAS  C:\Users\NHANPH~1\AppData\Local\Temp\ccFEJVgz.s 			page 9


 313 0026 08       		.uleb128 0x8
 314 0027 00       		.byte	0
 315 0028 00       		.byte	0
 316 0029 04       		.uleb128 0x4
 317 002a 16       		.uleb128 0x16
 318 002b 00       		.byte	0
 319 002c 03       		.uleb128 0x3
 320 002d 0E       		.uleb128 0xe
 321 002e 3A       		.uleb128 0x3a
 322 002f 0B       		.uleb128 0xb
 323 0030 3B       		.uleb128 0x3b
 324 0031 05       		.uleb128 0x5
 325 0032 49       		.uleb128 0x49
 326 0033 13       		.uleb128 0x13
 327 0034 00       		.byte	0
 328 0035 00       		.byte	0
 329 0036 05       		.uleb128 0x5
 330 0037 35       		.uleb128 0x35
 331 0038 00       		.byte	0
 332 0039 49       		.uleb128 0x49
 333 003a 13       		.uleb128 0x13
 334 003b 00       		.byte	0
 335 003c 00       		.byte	0
 336 003d 06       		.uleb128 0x6
 337 003e 2E       		.uleb128 0x2e
 338 003f 01       		.byte	0x1
 339 0040 3F       		.uleb128 0x3f
 340 0041 19       		.uleb128 0x19
 341 0042 03       		.uleb128 0x3
 342 0043 0E       		.uleb128 0xe
 343 0044 3A       		.uleb128 0x3a
 344 0045 0B       		.uleb128 0xb
 345 0046 3B       		.uleb128 0x3b
 346 0047 0B       		.uleb128 0xb
 347 0048 27       		.uleb128 0x27
 348 0049 19       		.uleb128 0x19
 349 004a 11       		.uleb128 0x11
 350 004b 01       		.uleb128 0x1
 351 004c 12       		.uleb128 0x12
 352 004d 06       		.uleb128 0x6
 353 004e 40       		.uleb128 0x40
 354 004f 18       		.uleb128 0x18
 355 0050 9742     		.uleb128 0x2117
 356 0052 19       		.uleb128 0x19
 357 0053 01       		.uleb128 0x1
 358 0054 13       		.uleb128 0x13
 359 0055 00       		.byte	0
 360 0056 00       		.byte	0
 361 0057 07       		.uleb128 0x7
 362 0058 05       		.uleb128 0x5
 363 0059 00       		.byte	0
 364 005a 03       		.uleb128 0x3
 365 005b 0E       		.uleb128 0xe
 366 005c 3A       		.uleb128 0x3a
 367 005d 0B       		.uleb128 0xb
 368 005e 3B       		.uleb128 0x3b
 369 005f 0B       		.uleb128 0xb
ARM GAS  C:\Users\NHANPH~1\AppData\Local\Temp\ccFEJVgz.s 			page 10


 370 0060 49       		.uleb128 0x49
 371 0061 13       		.uleb128 0x13
 372 0062 02       		.uleb128 0x2
 373 0063 17       		.uleb128 0x17
 374 0064 00       		.byte	0
 375 0065 00       		.byte	0
 376 0066 08       		.uleb128 0x8
 377 0067 34       		.uleb128 0x34
 378 0068 00       		.byte	0
 379 0069 03       		.uleb128 0x3
 380 006a 0E       		.uleb128 0xe
 381 006b 3A       		.uleb128 0x3a
 382 006c 0B       		.uleb128 0xb
 383 006d 3B       		.uleb128 0x3b
 384 006e 0B       		.uleb128 0xb
 385 006f 49       		.uleb128 0x49
 386 0070 13       		.uleb128 0x13
 387 0071 02       		.uleb128 0x2
 388 0072 17       		.uleb128 0x17
 389 0073 00       		.byte	0
 390 0074 00       		.byte	0
 391 0075 09       		.uleb128 0x9
 392 0076 2E       		.uleb128 0x2e
 393 0077 00       		.byte	0
 394 0078 3F       		.uleb128 0x3f
 395 0079 19       		.uleb128 0x19
 396 007a 03       		.uleb128 0x3
 397 007b 0E       		.uleb128 0xe
 398 007c 3A       		.uleb128 0x3a
 399 007d 0B       		.uleb128 0xb
 400 007e 3B       		.uleb128 0x3b
 401 007f 0B       		.uleb128 0xb
 402 0080 27       		.uleb128 0x27
 403 0081 19       		.uleb128 0x19
 404 0082 49       		.uleb128 0x49
 405 0083 13       		.uleb128 0x13
 406 0084 11       		.uleb128 0x11
 407 0085 01       		.uleb128 0x1
 408 0086 12       		.uleb128 0x12
 409 0087 06       		.uleb128 0x6
 410 0088 40       		.uleb128 0x40
 411 0089 18       		.uleb128 0x18
 412 008a 9742     		.uleb128 0x2117
 413 008c 19       		.uleb128 0x19
 414 008d 00       		.byte	0
 415 008e 00       		.byte	0
 416 008f 00       		.byte	0
 417              		.section	.debug_loc,"",%progbits
 418              	.Ldebug_loc0:
 419              	.LLST0:
 420 0000 00000000 		.4byte	.LVL0
 421 0004 0A000000 		.4byte	.LVL2
 422 0008 0100     		.2byte	0x1
 423 000a 50       		.byte	0x50
 424 000b 0A000000 		.4byte	.LVL2
 425 000f 18000000 		.4byte	.LFE0
 426 0013 0400     		.2byte	0x4
ARM GAS  C:\Users\NHANPH~1\AppData\Local\Temp\ccFEJVgz.s 			page 11


 427 0015 F3       		.byte	0xf3
 428 0016 01       		.uleb128 0x1
 429 0017 50       		.byte	0x50
 430 0018 9F       		.byte	0x9f
 431 0019 00000000 		.4byte	0
 432 001d 00000000 		.4byte	0
 433              	.LLST1:
 434 0021 08000000 		.4byte	.LVL1
 435 0025 0E000000 		.4byte	.LVL3
 436 0029 0100     		.2byte	0x1
 437 002b 53       		.byte	0x53
 438 002c 00000000 		.4byte	0
 439 0030 00000000 		.4byte	0
 440              	.LLST2:
 441 0034 00000000 		.4byte	.LVL4
 442 0038 0C000000 		.4byte	.LVL5
 443 003c 0100     		.2byte	0x1
 444 003e 50       		.byte	0x50
 445 003f 0C000000 		.4byte	.LVL5
 446 0043 18000000 		.4byte	.LFE1
 447 0047 0400     		.2byte	0x4
 448 0049 F3       		.byte	0xf3
 449 004a 01       		.uleb128 0x1
 450 004b 50       		.byte	0x50
 451 004c 9F       		.byte	0x9f
 452 004d 00000000 		.4byte	0
 453 0051 00000000 		.4byte	0
 454              		.section	.debug_aranges,"",%progbits
 455 0000 34000000 		.4byte	0x34
 456 0004 0200     		.2byte	0x2
 457 0006 00000000 		.4byte	.Ldebug_info0
 458 000a 04       		.byte	0x4
 459 000b 00       		.byte	0
 460 000c 0000     		.2byte	0
 461 000e 0000     		.2byte	0
 462 0010 00000000 		.4byte	.LFB0
 463 0014 18000000 		.4byte	.LFE0-.LFB0
 464 0018 00000000 		.4byte	.LFB1
 465 001c 18000000 		.4byte	.LFE1-.LFB1
 466 0020 00000000 		.4byte	.LFB2
 467 0024 0C000000 		.4byte	.LFE2-.LFB2
 468 0028 00000000 		.4byte	.LFB3
 469 002c 0C000000 		.4byte	.LFE3-.LFB3
 470 0030 00000000 		.4byte	0
 471 0034 00000000 		.4byte	0
 472              		.section	.debug_ranges,"",%progbits
 473              	.Ldebug_ranges0:
 474 0000 00000000 		.4byte	.LFB0
 475 0004 18000000 		.4byte	.LFE0
 476 0008 00000000 		.4byte	.LFB1
 477 000c 18000000 		.4byte	.LFE1
 478 0010 00000000 		.4byte	.LFB2
 479 0014 0C000000 		.4byte	.LFE2
 480 0018 00000000 		.4byte	.LFB3
 481 001c 0C000000 		.4byte	.LFE3
 482 0020 00000000 		.4byte	0
 483 0024 00000000 		.4byte	0
ARM GAS  C:\Users\NHANPH~1\AppData\Local\Temp\ccFEJVgz.s 			page 12


 484              		.section	.debug_line,"",%progbits
 485              	.Ldebug_line0:
 486 0000 95000000 		.section	.debug_str,"MS",%progbits,1
 486      02004900 
 486      00000201 
 486      FB0E0D00 
 486      01010101 
 487              	.LASF18:
 488 0000 4D6F746F 		.ascii	"MotorDirLeft_Read\000"
 488      72446972 
 488      4C656674 
 488      5F526561 
 488      6400
 489              	.LASF15:
 490 0012 4D6F746F 		.ascii	"MotorDirLeft_SetDriveMode\000"
 490      72446972 
 490      4C656674 
 490      5F536574 
 490      44726976 
 491              	.LASF14:
 492 002c 4D6F746F 		.ascii	"MotorDirLeft_Write\000"
 492      72446972 
 492      4C656674 
 492      5F577269 
 492      746500
 493              	.LASF22:
 494 003f 433A5C55 		.ascii	"C:\\Users\\Nhan Phan\\Desktop\\CProjects\\Zumobot\\"
 494      73657273 
 494      5C4E6861 
 494      6E205068 
 494      616E5C44 
 495 006c 5A756D6F 		.ascii	"ZumoBot.cydsn\000"
 495      426F742E 
 495      63796473 
 495      6E00
 496              	.LASF16:
 497 007a 76616C75 		.ascii	"value\000"
 497      6500
 498              	.LASF23:
 499 0080 73746174 		.ascii	"staticBits\000"
 499      69634269 
 499      747300
 500              	.LASF9:
 501 008b 666C6F61 		.ascii	"float\000"
 501      7400
 502              	.LASF1:
 503 0091 756E7369 		.ascii	"unsigned char\000"
 503      676E6564 
 503      20636861 
 503      7200
 504              	.LASF13:
 505 009f 72656738 		.ascii	"reg8\000"
 505      00
 506              	.LASF5:
 507 00a4 6C6F6E67 		.ascii	"long unsigned int\000"
 507      20756E73 
 507      69676E65 
ARM GAS  C:\Users\NHANPH~1\AppData\Local\Temp\ccFEJVgz.s 			page 13


 507      6420696E 
 507      7400
 508              	.LASF3:
 509 00b6 73686F72 		.ascii	"short unsigned int\000"
 509      7420756E 
 509      7369676E 
 509      65642069 
 509      6E7400
 510              	.LASF10:
 511 00c9 646F7562 		.ascii	"double\000"
 511      6C6500
 512              	.LASF2:
 513 00d0 73686F72 		.ascii	"short int\000"
 513      7420696E 
 513      7400
 514              	.LASF20:
 515 00da 474E5520 		.ascii	"GNU C 4.9.3 20150303 (release) [ARM/embedded-4_9-br"
 515      4320342E 
 515      392E3320 
 515      32303135 
 515      30333033 
 516 010d 616E6368 		.ascii	"anch revision 221220] -mcpu=cortex-m3 -mthumb -g -O"
 516      20726576 
 516      6973696F 
 516      6E203232 
 516      31323230 
 517 0140 67202D66 		.ascii	"g -ffunction-sections -ffat-lto-objects\000"
 517      66756E63 
 517      74696F6E 
 517      2D736563 
 517      74696F6E 
 518              	.LASF8:
 519 0168 756E7369 		.ascii	"unsigned int\000"
 519      676E6564 
 519      20696E74 
 519      00
 520              	.LASF7:
 521 0175 6C6F6E67 		.ascii	"long long unsigned int\000"
 521      206C6F6E 
 521      6720756E 
 521      7369676E 
 521      65642069 
 522              	.LASF17:
 523 018c 6D6F6465 		.ascii	"mode\000"
 523      00
 524              	.LASF6:
 525 0191 6C6F6E67 		.ascii	"long long int\000"
 525      206C6F6E 
 525      6720696E 
 525      7400
 526              	.LASF11:
 527 019f 63686172 		.ascii	"char\000"
 527      00
 528              	.LASF21:
 529 01a4 47656E65 		.ascii	"Generated_Source\\PSoC5\\MotorDirLeft.c\000"
 529      72617465 
 529      645F536F 
ARM GAS  C:\Users\NHANPH~1\AppData\Local\Temp\ccFEJVgz.s 			page 14


 529      75726365 
 529      5C50536F 
 530              	.LASF12:
 531 01ca 75696E74 		.ascii	"uint8\000"
 531      3800
 532              	.LASF4:
 533 01d0 6C6F6E67 		.ascii	"long int\000"
 533      20696E74 
 533      00
 534              	.LASF19:
 535 01d9 4D6F746F 		.ascii	"MotorDirLeft_ReadDataReg\000"
 535      72446972 
 535      4C656674 
 535      5F526561 
 535      64446174 
 536              	.LASF0:
 537 01f2 7369676E 		.ascii	"signed char\000"
 537      65642063 
 537      68617200 
 538              		.ident	"GCC: (GNU Tools for ARM Embedded Processors) 4.9.3 20150303 (release) [ARM/embedded-4_9-br
