ARM GAS  C:\Users\NHANPH~1\AppData\Local\Temp\ccoyzkgO.s 			page 1


   1              		.syntax unified
   2              		.cpu cortex-m3
   3              		.fpu softvfp
   4              		.eabi_attribute 20, 1
   5              		.eabi_attribute 21, 1
   6              		.eabi_attribute 23, 3
   7              		.eabi_attribute 24, 1
   8              		.eabi_attribute 25, 1
   9              		.eabi_attribute 26, 1
  10              		.eabi_attribute 30, 1
  11              		.eabi_attribute 34, 1
  12              		.eabi_attribute 18, 4
  13              		.thumb
  14              		.file	"PWM_PM.c"
  15              		.text
  16              	.Ltext0:
  17              		.cfi_sections	.debug_frame
  18              		.section	.text.PWM_SaveConfig,"ax",%progbits
  19              		.align	2
  20              		.global	PWM_SaveConfig
  21              		.thumb
  22              		.thumb_func
  23              		.type	PWM_SaveConfig, %function
  24              	PWM_SaveConfig:
  25              	.LFB0:
  26              		.file 1 "Generated_Source\\PSoC5\\PWM_PM.c"
   1:Generated_Source\PSoC5/PWM_PM.c **** /*******************************************************************************
   2:Generated_Source\PSoC5/PWM_PM.c **** * File Name: PWM_PM.c
   3:Generated_Source\PSoC5/PWM_PM.c **** * Version 3.30
   4:Generated_Source\PSoC5/PWM_PM.c **** *
   5:Generated_Source\PSoC5/PWM_PM.c **** * Description:
   6:Generated_Source\PSoC5/PWM_PM.c **** *  This file provides the power management source code to API for the
   7:Generated_Source\PSoC5/PWM_PM.c **** *  PWM.
   8:Generated_Source\PSoC5/PWM_PM.c **** *
   9:Generated_Source\PSoC5/PWM_PM.c **** * Note:
  10:Generated_Source\PSoC5/PWM_PM.c **** *
  11:Generated_Source\PSoC5/PWM_PM.c **** ********************************************************************************
  12:Generated_Source\PSoC5/PWM_PM.c **** * Copyright 2008-2014, Cypress Semiconductor Corporation.  All rights reserved.
  13:Generated_Source\PSoC5/PWM_PM.c **** * You may use this file only in accordance with the license, terms, conditions,
  14:Generated_Source\PSoC5/PWM_PM.c **** * disclaimers, and limitations in the end user license agreement accompanying
  15:Generated_Source\PSoC5/PWM_PM.c **** * the software package with which this file was provided.
  16:Generated_Source\PSoC5/PWM_PM.c **** *******************************************************************************/
  17:Generated_Source\PSoC5/PWM_PM.c **** 
  18:Generated_Source\PSoC5/PWM_PM.c **** #include "PWM.h"
  19:Generated_Source\PSoC5/PWM_PM.c **** 
  20:Generated_Source\PSoC5/PWM_PM.c **** static PWM_backupStruct PWM_backup;
  21:Generated_Source\PSoC5/PWM_PM.c **** 
  22:Generated_Source\PSoC5/PWM_PM.c **** 
  23:Generated_Source\PSoC5/PWM_PM.c **** /*******************************************************************************
  24:Generated_Source\PSoC5/PWM_PM.c **** * Function Name: PWM_SaveConfig
  25:Generated_Source\PSoC5/PWM_PM.c **** ********************************************************************************
  26:Generated_Source\PSoC5/PWM_PM.c **** *
  27:Generated_Source\PSoC5/PWM_PM.c **** * Summary:
  28:Generated_Source\PSoC5/PWM_PM.c **** *  Saves the current user configuration of the component.
  29:Generated_Source\PSoC5/PWM_PM.c **** *
  30:Generated_Source\PSoC5/PWM_PM.c **** * Parameters:
  31:Generated_Source\PSoC5/PWM_PM.c **** *  None
ARM GAS  C:\Users\NHANPH~1\AppData\Local\Temp\ccoyzkgO.s 			page 2


  32:Generated_Source\PSoC5/PWM_PM.c **** *
  33:Generated_Source\PSoC5/PWM_PM.c **** * Return:
  34:Generated_Source\PSoC5/PWM_PM.c **** *  None
  35:Generated_Source\PSoC5/PWM_PM.c **** *
  36:Generated_Source\PSoC5/PWM_PM.c **** * Global variables:
  37:Generated_Source\PSoC5/PWM_PM.c **** *  PWM_backup:  Variables of this global structure are modified to
  38:Generated_Source\PSoC5/PWM_PM.c **** *  store the values of non retention configuration registers when Sleep() API is
  39:Generated_Source\PSoC5/PWM_PM.c **** *  called.
  40:Generated_Source\PSoC5/PWM_PM.c **** *
  41:Generated_Source\PSoC5/PWM_PM.c **** *******************************************************************************/
  42:Generated_Source\PSoC5/PWM_PM.c **** void PWM_SaveConfig(void) 
  43:Generated_Source\PSoC5/PWM_PM.c **** {
  27              		.loc 1 43 0
  28              		.cfi_startproc
  29              		@ args = 0, pretend = 0, frame = 0
  30              		@ frame_needed = 0, uses_anonymous_args = 0
  31 0000 10B5     		push	{r4, lr}
  32              		.cfi_def_cfa_offset 8
  33              		.cfi_offset 4, -8
  34              		.cfi_offset 14, -4
  44:Generated_Source\PSoC5/PWM_PM.c **** 
  45:Generated_Source\PSoC5/PWM_PM.c ****     #if(!PWM_UsingFixedFunction)
  46:Generated_Source\PSoC5/PWM_PM.c ****         #if(!PWM_PWMModeIsCenterAligned)
  47:Generated_Source\PSoC5/PWM_PM.c ****             PWM_backup.PWMPeriod = PWM_ReadPeriod();
  35              		.loc 1 47 0
  36 0002 FFF7FEFF 		bl	PWM_ReadPeriod
  37              	.LVL0:
  38 0006 064C     		ldr	r4, .L3
  39 0008 A070     		strb	r0, [r4, #2]
  48:Generated_Source\PSoC5/PWM_PM.c ****         #endif /* (!PWM_PWMModeIsCenterAligned) */
  49:Generated_Source\PSoC5/PWM_PM.c ****         PWM_backup.PWMUdb = PWM_ReadCounter();
  40              		.loc 1 49 0
  41 000a FFF7FEFF 		bl	PWM_ReadCounter
  42              	.LVL1:
  43 000e 6070     		strb	r0, [r4, #1]
  50:Generated_Source\PSoC5/PWM_PM.c ****         #if (PWM_UseStatus)
  51:Generated_Source\PSoC5/PWM_PM.c ****             PWM_backup.InterruptMaskValue = PWM_STATUS_MASK;
  44              		.loc 1 51 0
  45 0010 044B     		ldr	r3, .L3+4
  46 0012 1B78     		ldrb	r3, [r3]	@ zero_extendqisi2
  47 0014 E370     		strb	r3, [r4, #3]
  52:Generated_Source\PSoC5/PWM_PM.c ****         #endif /* (PWM_UseStatus) */
  53:Generated_Source\PSoC5/PWM_PM.c **** 
  54:Generated_Source\PSoC5/PWM_PM.c ****         #if(PWM_DeadBandMode == PWM__B_PWM__DBM_256_CLOCKS || \
  55:Generated_Source\PSoC5/PWM_PM.c ****             PWM_DeadBandMode == PWM__B_PWM__DBM_2_4_CLOCKS)
  56:Generated_Source\PSoC5/PWM_PM.c ****             PWM_backup.PWMdeadBandValue = PWM_ReadDeadTime();
  57:Generated_Source\PSoC5/PWM_PM.c ****         #endif /*  deadband count is either 2-4 clocks or 256 clocks */
  58:Generated_Source\PSoC5/PWM_PM.c **** 
  59:Generated_Source\PSoC5/PWM_PM.c ****         #if(PWM_KillModeMinTime)
  60:Generated_Source\PSoC5/PWM_PM.c ****              PWM_backup.PWMKillCounterPeriod = PWM_ReadKillTime();
  61:Generated_Source\PSoC5/PWM_PM.c ****         #endif /* (PWM_KillModeMinTime) */
  62:Generated_Source\PSoC5/PWM_PM.c **** 
  63:Generated_Source\PSoC5/PWM_PM.c ****         #if(PWM_UseControl)
  64:Generated_Source\PSoC5/PWM_PM.c ****             PWM_backup.PWMControlRegister = PWM_ReadControlRegister();
  48              		.loc 1 64 0
  49 0016 FFF7FEFF 		bl	PWM_ReadControlRegister
  50              	.LVL2:
ARM GAS  C:\Users\NHANPH~1\AppData\Local\Temp\ccoyzkgO.s 			page 3


  51 001a 2071     		strb	r0, [r4, #4]
  52 001c 10BD     		pop	{r4, pc}
  53              	.L4:
  54 001e 00BF     		.align	2
  55              	.L3:
  56 0020 00000000 		.word	.LANCHOR0
  57 0024 87650040 		.word	1073767815
  58              		.cfi_endproc
  59              	.LFE0:
  60              		.size	PWM_SaveConfig, .-PWM_SaveConfig
  61              		.section	.text.PWM_RestoreConfig,"ax",%progbits
  62              		.align	2
  63              		.global	PWM_RestoreConfig
  64              		.thumb
  65              		.thumb_func
  66              		.type	PWM_RestoreConfig, %function
  67              	PWM_RestoreConfig:
  68              	.LFB1:
  65:Generated_Source\PSoC5/PWM_PM.c ****         #endif /* (PWM_UseControl) */
  66:Generated_Source\PSoC5/PWM_PM.c ****     #endif  /* (!PWM_UsingFixedFunction) */
  67:Generated_Source\PSoC5/PWM_PM.c **** }
  68:Generated_Source\PSoC5/PWM_PM.c **** 
  69:Generated_Source\PSoC5/PWM_PM.c **** 
  70:Generated_Source\PSoC5/PWM_PM.c **** /*******************************************************************************
  71:Generated_Source\PSoC5/PWM_PM.c **** * Function Name: PWM_RestoreConfig
  72:Generated_Source\PSoC5/PWM_PM.c **** ********************************************************************************
  73:Generated_Source\PSoC5/PWM_PM.c **** *
  74:Generated_Source\PSoC5/PWM_PM.c **** * Summary:
  75:Generated_Source\PSoC5/PWM_PM.c **** *  Restores the current user configuration of the component.
  76:Generated_Source\PSoC5/PWM_PM.c **** *
  77:Generated_Source\PSoC5/PWM_PM.c **** * Parameters:
  78:Generated_Source\PSoC5/PWM_PM.c **** *  None
  79:Generated_Source\PSoC5/PWM_PM.c **** *
  80:Generated_Source\PSoC5/PWM_PM.c **** * Return:
  81:Generated_Source\PSoC5/PWM_PM.c **** *  None
  82:Generated_Source\PSoC5/PWM_PM.c **** *
  83:Generated_Source\PSoC5/PWM_PM.c **** * Global variables:
  84:Generated_Source\PSoC5/PWM_PM.c **** *  PWM_backup:  Variables of this global structure are used to
  85:Generated_Source\PSoC5/PWM_PM.c **** *  restore the values of non retention registers on wakeup from sleep mode.
  86:Generated_Source\PSoC5/PWM_PM.c **** *
  87:Generated_Source\PSoC5/PWM_PM.c **** *******************************************************************************/
  88:Generated_Source\PSoC5/PWM_PM.c **** void PWM_RestoreConfig(void) 
  89:Generated_Source\PSoC5/PWM_PM.c **** {
  69              		.loc 1 89 0
  70              		.cfi_startproc
  71              		@ args = 0, pretend = 0, frame = 0
  72              		@ frame_needed = 0, uses_anonymous_args = 0
  73 0000 10B5     		push	{r4, lr}
  74              		.cfi_def_cfa_offset 8
  75              		.cfi_offset 4, -8
  76              		.cfi_offset 14, -4
  90:Generated_Source\PSoC5/PWM_PM.c ****         #if(!PWM_UsingFixedFunction)
  91:Generated_Source\PSoC5/PWM_PM.c ****             #if(!PWM_PWMModeIsCenterAligned)
  92:Generated_Source\PSoC5/PWM_PM.c ****                 PWM_WritePeriod(PWM_backup.PWMPeriod);
  77              		.loc 1 92 0
  78 0002 074C     		ldr	r4, .L7
  79 0004 A078     		ldrb	r0, [r4, #2]	@ zero_extendqisi2
ARM GAS  C:\Users\NHANPH~1\AppData\Local\Temp\ccoyzkgO.s 			page 4


  80 0006 FFF7FEFF 		bl	PWM_WritePeriod
  81              	.LVL3:
  93:Generated_Source\PSoC5/PWM_PM.c ****             #endif /* (!PWM_PWMModeIsCenterAligned) */
  94:Generated_Source\PSoC5/PWM_PM.c **** 
  95:Generated_Source\PSoC5/PWM_PM.c ****             PWM_WriteCounter(PWM_backup.PWMUdb);
  82              		.loc 1 95 0
  83 000a 6078     		ldrb	r0, [r4, #1]	@ zero_extendqisi2
  84 000c FFF7FEFF 		bl	PWM_WriteCounter
  85              	.LVL4:
  96:Generated_Source\PSoC5/PWM_PM.c **** 
  97:Generated_Source\PSoC5/PWM_PM.c ****             #if (PWM_UseStatus)
  98:Generated_Source\PSoC5/PWM_PM.c ****                 PWM_STATUS_MASK = PWM_backup.InterruptMaskValue;
  86              		.loc 1 98 0
  87 0010 E278     		ldrb	r2, [r4, #3]	@ zero_extendqisi2
  88 0012 044B     		ldr	r3, .L7+4
  89 0014 1A70     		strb	r2, [r3]
  99:Generated_Source\PSoC5/PWM_PM.c ****             #endif /* (PWM_UseStatus) */
 100:Generated_Source\PSoC5/PWM_PM.c **** 
 101:Generated_Source\PSoC5/PWM_PM.c ****             #if(PWM_DeadBandMode == PWM__B_PWM__DBM_256_CLOCKS || \
 102:Generated_Source\PSoC5/PWM_PM.c ****                 PWM_DeadBandMode == PWM__B_PWM__DBM_2_4_CLOCKS)
 103:Generated_Source\PSoC5/PWM_PM.c ****                 PWM_WriteDeadTime(PWM_backup.PWMdeadBandValue);
 104:Generated_Source\PSoC5/PWM_PM.c ****             #endif /* deadband count is either 2-4 clocks or 256 clocks */
 105:Generated_Source\PSoC5/PWM_PM.c **** 
 106:Generated_Source\PSoC5/PWM_PM.c ****             #if(PWM_KillModeMinTime)
 107:Generated_Source\PSoC5/PWM_PM.c ****                 PWM_WriteKillTime(PWM_backup.PWMKillCounterPeriod);
 108:Generated_Source\PSoC5/PWM_PM.c ****             #endif /* (PWM_KillModeMinTime) */
 109:Generated_Source\PSoC5/PWM_PM.c **** 
 110:Generated_Source\PSoC5/PWM_PM.c ****             #if(PWM_UseControl)
 111:Generated_Source\PSoC5/PWM_PM.c ****                 PWM_WriteControlRegister(PWM_backup.PWMControlRegister);
  90              		.loc 1 111 0
  91 0016 2079     		ldrb	r0, [r4, #4]	@ zero_extendqisi2
  92 0018 FFF7FEFF 		bl	PWM_WriteControlRegister
  93              	.LVL5:
  94 001c 10BD     		pop	{r4, pc}
  95              	.L8:
  96 001e 00BF     		.align	2
  97              	.L7:
  98 0020 00000000 		.word	.LANCHOR0
  99 0024 87650040 		.word	1073767815
 100              		.cfi_endproc
 101              	.LFE1:
 102              		.size	PWM_RestoreConfig, .-PWM_RestoreConfig
 103              		.section	.text.PWM_Sleep,"ax",%progbits
 104              		.align	2
 105              		.global	PWM_Sleep
 106              		.thumb
 107              		.thumb_func
 108              		.type	PWM_Sleep, %function
 109              	PWM_Sleep:
 110              	.LFB2:
 112:Generated_Source\PSoC5/PWM_PM.c ****             #endif /* (PWM_UseControl) */
 113:Generated_Source\PSoC5/PWM_PM.c ****         #endif  /* (!PWM_UsingFixedFunction) */
 114:Generated_Source\PSoC5/PWM_PM.c ****     }
 115:Generated_Source\PSoC5/PWM_PM.c **** 
 116:Generated_Source\PSoC5/PWM_PM.c **** 
 117:Generated_Source\PSoC5/PWM_PM.c **** /*******************************************************************************
 118:Generated_Source\PSoC5/PWM_PM.c **** * Function Name: PWM_Sleep
ARM GAS  C:\Users\NHANPH~1\AppData\Local\Temp\ccoyzkgO.s 			page 5


 119:Generated_Source\PSoC5/PWM_PM.c **** ********************************************************************************
 120:Generated_Source\PSoC5/PWM_PM.c **** *
 121:Generated_Source\PSoC5/PWM_PM.c **** * Summary:
 122:Generated_Source\PSoC5/PWM_PM.c **** *  Disables block's operation and saves the user configuration. Should be called
 123:Generated_Source\PSoC5/PWM_PM.c **** *  just prior to entering sleep.
 124:Generated_Source\PSoC5/PWM_PM.c **** *
 125:Generated_Source\PSoC5/PWM_PM.c **** * Parameters:
 126:Generated_Source\PSoC5/PWM_PM.c **** *  None
 127:Generated_Source\PSoC5/PWM_PM.c **** *
 128:Generated_Source\PSoC5/PWM_PM.c **** * Return:
 129:Generated_Source\PSoC5/PWM_PM.c **** *  None
 130:Generated_Source\PSoC5/PWM_PM.c **** *
 131:Generated_Source\PSoC5/PWM_PM.c **** * Global variables:
 132:Generated_Source\PSoC5/PWM_PM.c **** *  PWM_backup.PWMEnableState:  Is modified depending on the enable
 133:Generated_Source\PSoC5/PWM_PM.c **** *  state of the block before entering sleep mode.
 134:Generated_Source\PSoC5/PWM_PM.c **** *
 135:Generated_Source\PSoC5/PWM_PM.c **** *******************************************************************************/
 136:Generated_Source\PSoC5/PWM_PM.c **** void PWM_Sleep(void) 
 137:Generated_Source\PSoC5/PWM_PM.c **** {
 111              		.loc 1 137 0
 112              		.cfi_startproc
 113              		@ args = 0, pretend = 0, frame = 0
 114              		@ frame_needed = 0, uses_anonymous_args = 0
 115 0000 08B5     		push	{r3, lr}
 116              		.cfi_def_cfa_offset 8
 117              		.cfi_offset 3, -8
 118              		.cfi_offset 14, -4
 138:Generated_Source\PSoC5/PWM_PM.c ****     #if(PWM_UseControl)
 139:Generated_Source\PSoC5/PWM_PM.c ****         if(PWM_CTRL_ENABLE == (PWM_CONTROL & PWM_CTRL_ENABLE))
 119              		.loc 1 139 0
 120 0002 084B     		ldr	r3, .L13
 121 0004 1B78     		ldrb	r3, [r3]	@ zero_extendqisi2
 122 0006 13F0800F 		tst	r3, #128
 123 000a 03D0     		beq	.L10
 140:Generated_Source\PSoC5/PWM_PM.c ****         {
 141:Generated_Source\PSoC5/PWM_PM.c ****             /*Component is enabled */
 142:Generated_Source\PSoC5/PWM_PM.c ****             PWM_backup.PWMEnableState = 1u;
 124              		.loc 1 142 0
 125 000c 0122     		movs	r2, #1
 126 000e 064B     		ldr	r3, .L13+4
 127 0010 1A70     		strb	r2, [r3]
 128 0012 02E0     		b	.L11
 129              	.L10:
 143:Generated_Source\PSoC5/PWM_PM.c ****         }
 144:Generated_Source\PSoC5/PWM_PM.c ****         else
 145:Generated_Source\PSoC5/PWM_PM.c ****         {
 146:Generated_Source\PSoC5/PWM_PM.c ****             /* Component is disabled */
 147:Generated_Source\PSoC5/PWM_PM.c ****             PWM_backup.PWMEnableState = 0u;
 130              		.loc 1 147 0
 131 0014 0022     		movs	r2, #0
 132 0016 044B     		ldr	r3, .L13+4
 133 0018 1A70     		strb	r2, [r3]
 134              	.L11:
 148:Generated_Source\PSoC5/PWM_PM.c ****         }
 149:Generated_Source\PSoC5/PWM_PM.c ****     #endif /* (PWM_UseControl) */
 150:Generated_Source\PSoC5/PWM_PM.c **** 
 151:Generated_Source\PSoC5/PWM_PM.c ****     /* Stop component */
ARM GAS  C:\Users\NHANPH~1\AppData\Local\Temp\ccoyzkgO.s 			page 6


 152:Generated_Source\PSoC5/PWM_PM.c ****     PWM_Stop();
 135              		.loc 1 152 0
 136 001a FFF7FEFF 		bl	PWM_Stop
 137              	.LVL6:
 153:Generated_Source\PSoC5/PWM_PM.c **** 
 154:Generated_Source\PSoC5/PWM_PM.c ****     /* Save registers configuration */
 155:Generated_Source\PSoC5/PWM_PM.c ****     PWM_SaveConfig();
 138              		.loc 1 155 0
 139 001e FFF7FEFF 		bl	PWM_SaveConfig
 140              	.LVL7:
 141 0022 08BD     		pop	{r3, pc}
 142              	.L14:
 143              		.align	2
 144              	.L13:
 145 0024 77650040 		.word	1073767799
 146 0028 00000000 		.word	.LANCHOR0
 147              		.cfi_endproc
 148              	.LFE2:
 149              		.size	PWM_Sleep, .-PWM_Sleep
 150              		.section	.text.PWM_Wakeup,"ax",%progbits
 151              		.align	2
 152              		.global	PWM_Wakeup
 153              		.thumb
 154              		.thumb_func
 155              		.type	PWM_Wakeup, %function
 156              	PWM_Wakeup:
 157              	.LFB3:
 156:Generated_Source\PSoC5/PWM_PM.c **** }
 157:Generated_Source\PSoC5/PWM_PM.c **** 
 158:Generated_Source\PSoC5/PWM_PM.c **** 
 159:Generated_Source\PSoC5/PWM_PM.c **** /*******************************************************************************
 160:Generated_Source\PSoC5/PWM_PM.c **** * Function Name: PWM_Wakeup
 161:Generated_Source\PSoC5/PWM_PM.c **** ********************************************************************************
 162:Generated_Source\PSoC5/PWM_PM.c **** *
 163:Generated_Source\PSoC5/PWM_PM.c **** * Summary:
 164:Generated_Source\PSoC5/PWM_PM.c **** *  Restores and enables the user configuration. Should be called just after
 165:Generated_Source\PSoC5/PWM_PM.c **** *  awaking from sleep.
 166:Generated_Source\PSoC5/PWM_PM.c **** *
 167:Generated_Source\PSoC5/PWM_PM.c **** * Parameters:
 168:Generated_Source\PSoC5/PWM_PM.c **** *  None
 169:Generated_Source\PSoC5/PWM_PM.c **** *
 170:Generated_Source\PSoC5/PWM_PM.c **** * Return:
 171:Generated_Source\PSoC5/PWM_PM.c **** *  None
 172:Generated_Source\PSoC5/PWM_PM.c **** *
 173:Generated_Source\PSoC5/PWM_PM.c **** * Global variables:
 174:Generated_Source\PSoC5/PWM_PM.c **** *  PWM_backup.pwmEnable:  Is used to restore the enable state of
 175:Generated_Source\PSoC5/PWM_PM.c **** *  block on wakeup from sleep mode.
 176:Generated_Source\PSoC5/PWM_PM.c **** *
 177:Generated_Source\PSoC5/PWM_PM.c **** *******************************************************************************/
 178:Generated_Source\PSoC5/PWM_PM.c **** void PWM_Wakeup(void) 
 179:Generated_Source\PSoC5/PWM_PM.c **** {
 158              		.loc 1 179 0
 159              		.cfi_startproc
 160              		@ args = 0, pretend = 0, frame = 0
 161              		@ frame_needed = 0, uses_anonymous_args = 0
 162 0000 08B5     		push	{r3, lr}
 163              		.cfi_def_cfa_offset 8
ARM GAS  C:\Users\NHANPH~1\AppData\Local\Temp\ccoyzkgO.s 			page 7


 164              		.cfi_offset 3, -8
 165              		.cfi_offset 14, -4
 180:Generated_Source\PSoC5/PWM_PM.c ****      /* Restore registers values */
 181:Generated_Source\PSoC5/PWM_PM.c ****     PWM_RestoreConfig();
 166              		.loc 1 181 0
 167 0002 FFF7FEFF 		bl	PWM_RestoreConfig
 168              	.LVL8:
 182:Generated_Source\PSoC5/PWM_PM.c **** 
 183:Generated_Source\PSoC5/PWM_PM.c ****     if(PWM_backup.PWMEnableState != 0u)
 169              		.loc 1 183 0
 170 0006 034B     		ldr	r3, .L18
 171 0008 1B78     		ldrb	r3, [r3]	@ zero_extendqisi2
 172 000a 0BB1     		cbz	r3, .L15
 184:Generated_Source\PSoC5/PWM_PM.c ****     {
 185:Generated_Source\PSoC5/PWM_PM.c ****         /* Enable component's operation */
 186:Generated_Source\PSoC5/PWM_PM.c ****         PWM_Enable();
 173              		.loc 1 186 0
 174 000c FFF7FEFF 		bl	PWM_Enable
 175              	.LVL9:
 176              	.L15:
 177 0010 08BD     		pop	{r3, pc}
 178              	.L19:
 179 0012 00BF     		.align	2
 180              	.L18:
 181 0014 00000000 		.word	.LANCHOR0
 182              		.cfi_endproc
 183              	.LFE3:
 184              		.size	PWM_Wakeup, .-PWM_Wakeup
 185              		.bss
 186              		.align	2
 187              		.set	.LANCHOR0,. + 0
 188              		.type	PWM_backup, %object
 189              		.size	PWM_backup, 5
 190              	PWM_backup:
 191 0000 00000000 		.space	5
 191      00
 192 0005 000000   		.text
 193              	.Letext0:
 194              		.file 2 "Generated_Source\\PSoC5\\cytypes.h"
 195              		.file 3 "Generated_Source\\PSoC5\\PWM.h"
 196              		.section	.debug_info,"",%progbits
 197              	.Ldebug_info0:
 198 0000 16020000 		.4byte	0x216
 199 0004 0400     		.2byte	0x4
 200 0006 00000000 		.4byte	.Ldebug_abbrev0
 201 000a 04       		.byte	0x4
 202 000b 01       		.uleb128 0x1
 203 000c 11010000 		.4byte	.LASF33
 204 0010 01       		.byte	0x1
 205 0011 7D020000 		.4byte	.LASF34
 206 0015 16000000 		.4byte	.LASF35
 207 0019 00000000 		.4byte	.Ldebug_ranges0+0
 208 001d 00000000 		.4byte	0
 209 0021 00000000 		.4byte	.Ldebug_line0
 210 0025 02       		.uleb128 0x2
 211 0026 01       		.byte	0x1
 212 0027 06       		.byte	0x6
ARM GAS  C:\Users\NHANPH~1\AppData\Local\Temp\ccoyzkgO.s 			page 8


 213 0028 66020000 		.4byte	.LASF0
 214 002c 02       		.uleb128 0x2
 215 002d 01       		.byte	0x1
 216 002e 08       		.byte	0x8
 217 002f 98000000 		.4byte	.LASF1
 218 0033 02       		.uleb128 0x2
 219 0034 02       		.byte	0x2
 220 0035 05       		.byte	0x5
 221 0036 21020000 		.4byte	.LASF2
 222 003a 02       		.uleb128 0x2
 223 003b 02       		.byte	0x2
 224 003c 07       		.byte	0x7
 225 003d 51000000 		.4byte	.LASF3
 226 0041 02       		.uleb128 0x2
 227 0042 04       		.byte	0x4
 228 0043 05       		.byte	0x5
 229 0044 45020000 		.4byte	.LASF4
 230 0048 02       		.uleb128 0x2
 231 0049 04       		.byte	0x4
 232 004a 07       		.byte	0x7
 233 004b B5000000 		.4byte	.LASF5
 234 004f 02       		.uleb128 0x2
 235 0050 08       		.byte	0x8
 236 0051 05       		.byte	0x5
 237 0052 E6010000 		.4byte	.LASF6
 238 0056 02       		.uleb128 0x2
 239 0057 08       		.byte	0x8
 240 0058 07       		.byte	0x7
 241 0059 AC010000 		.4byte	.LASF7
 242 005d 03       		.uleb128 0x3
 243 005e 04       		.byte	0x4
 244 005f 05       		.byte	0x5
 245 0060 696E7400 		.ascii	"int\000"
 246 0064 02       		.uleb128 0x2
 247 0065 04       		.byte	0x4
 248 0066 07       		.byte	0x7
 249 0067 9F010000 		.4byte	.LASF8
 250 006b 04       		.uleb128 0x4
 251 006c D7000000 		.4byte	.LASF12
 252 0070 02       		.byte	0x2
 253 0071 9201     		.2byte	0x192
 254 0073 2C000000 		.4byte	0x2c
 255 0077 02       		.uleb128 0x2
 256 0078 04       		.byte	0x4
 257 0079 04       		.byte	0x4
 258 007a 87000000 		.4byte	.LASF9
 259 007e 02       		.uleb128 0x2
 260 007f 08       		.byte	0x8
 261 0080 04       		.byte	0x4
 262 0081 FB000000 		.4byte	.LASF10
 263 0085 02       		.uleb128 0x2
 264 0086 01       		.byte	0x1
 265 0087 08       		.byte	0x8
 266 0088 F4010000 		.4byte	.LASF11
 267 008c 04       		.uleb128 0x4
 268 008d 07000000 		.4byte	.LASF13
 269 0091 02       		.byte	0x2
ARM GAS  C:\Users\NHANPH~1\AppData\Local\Temp\ccoyzkgO.s 			page 9


 270 0092 3C02     		.2byte	0x23c
 271 0094 98000000 		.4byte	0x98
 272 0098 05       		.uleb128 0x5
 273 0099 6B000000 		.4byte	0x6b
 274 009d 02       		.uleb128 0x2
 275 009e 04       		.byte	0x4
 276 009f 07       		.byte	0x7
 277 00a0 DD010000 		.4byte	.LASF14
 278 00a4 06       		.uleb128 0x6
 279 00a5 05       		.byte	0x5
 280 00a6 03       		.byte	0x3
 281 00a7 6B       		.byte	0x6b
 282 00a8 E9000000 		.4byte	0xe9
 283 00ac 07       		.uleb128 0x7
 284 00ad A6000000 		.4byte	.LASF15
 285 00b1 03       		.byte	0x3
 286 00b2 6E       		.byte	0x6e
 287 00b3 6B000000 		.4byte	0x6b
 288 00b7 00       		.byte	0
 289 00b8 07       		.uleb128 0x7
 290 00b9 00000000 		.4byte	.LASF16
 291 00bd 03       		.byte	0x3
 292 00be 71       		.byte	0x71
 293 00bf 6B000000 		.4byte	0x6b
 294 00c3 01       		.byte	0x1
 295 00c4 07       		.uleb128 0x7
 296 00c5 0C000000 		.4byte	.LASF17
 297 00c9 03       		.byte	0x3
 298 00ca 73       		.byte	0x73
 299 00cb 6B000000 		.4byte	0x6b
 300 00cf 02       		.byte	0x2
 301 00d0 07       		.uleb128 0x7
 302 00d1 9D020000 		.4byte	.LASF18
 303 00d5 03       		.byte	0x3
 304 00d6 76       		.byte	0x76
 305 00d7 6B000000 		.4byte	0x6b
 306 00db 03       		.byte	0x3
 307 00dc 07       		.uleb128 0x7
 308 00dd E8000000 		.4byte	.LASF19
 309 00e1 03       		.byte	0x3
 310 00e2 86       		.byte	0x86
 311 00e3 6B000000 		.4byte	0x6b
 312 00e7 04       		.byte	0x4
 313 00e8 00       		.byte	0
 314 00e9 08       		.uleb128 0x8
 315 00ea 76000000 		.4byte	.LASF20
 316 00ee 03       		.byte	0x3
 317 00ef 8B       		.byte	0x8b
 318 00f0 A4000000 		.4byte	0xa4
 319 00f4 09       		.uleb128 0x9
 320 00f5 02010000 		.4byte	.LASF21
 321 00f9 01       		.byte	0x1
 322 00fa 2A       		.byte	0x2a
 323 00fb 00000000 		.4byte	.LFB0
 324 00ff 28000000 		.4byte	.LFE0-.LFB0
 325 0103 01       		.uleb128 0x1
 326 0104 9C       		.byte	0x9c
ARM GAS  C:\Users\NHANPH~1\AppData\Local\Temp\ccoyzkgO.s 			page 10


 327 0105 25010000 		.4byte	0x125
 328 0109 0A       		.uleb128 0xa
 329 010a 06000000 		.4byte	.LVL0
 330 010e B7010000 		.4byte	0x1b7
 331 0112 0A       		.uleb128 0xa
 332 0113 0E000000 		.4byte	.LVL1
 333 0117 C2010000 		.4byte	0x1c2
 334 011b 0A       		.uleb128 0xa
 335 011c 1A000000 		.4byte	.LVL2
 336 0120 CD010000 		.4byte	0x1cd
 337 0124 00       		.byte	0
 338 0125 09       		.uleb128 0x9
 339 0126 64000000 		.4byte	.LASF22
 340 012a 01       		.byte	0x1
 341 012b 58       		.byte	0x58
 342 012c 00000000 		.4byte	.LFB1
 343 0130 28000000 		.4byte	.LFE1-.LFB1
 344 0134 01       		.uleb128 0x1
 345 0135 9C       		.byte	0x9c
 346 0136 56010000 		.4byte	0x156
 347 013a 0A       		.uleb128 0xa
 348 013b 0A000000 		.4byte	.LVL3
 349 013f D8010000 		.4byte	0x1d8
 350 0143 0A       		.uleb128 0xa
 351 0144 10000000 		.4byte	.LVL4
 352 0148 E9010000 		.4byte	0x1e9
 353 014c 0A       		.uleb128 0xa
 354 014d 1C000000 		.4byte	.LVL5
 355 0151 FA010000 		.4byte	0x1fa
 356 0155 00       		.byte	0
 357 0156 09       		.uleb128 0x9
 358 0157 C3010000 		.4byte	.LASF23
 359 015b 01       		.byte	0x1
 360 015c 88       		.byte	0x88
 361 015d 00000000 		.4byte	.LFB2
 362 0161 2C000000 		.4byte	.LFE2-.LFB2
 363 0165 01       		.uleb128 0x1
 364 0166 9C       		.byte	0x9c
 365 0167 7E010000 		.4byte	0x17e
 366 016b 0A       		.uleb128 0xa
 367 016c 1E000000 		.4byte	.LVL6
 368 0170 0B020000 		.4byte	0x20b
 369 0174 0A       		.uleb128 0xa
 370 0175 22000000 		.4byte	.LVL7
 371 0179 F4000000 		.4byte	0xf4
 372 017d 00       		.byte	0
 373 017e 09       		.uleb128 0x9
 374 017f DD000000 		.4byte	.LASF24
 375 0183 01       		.byte	0x1
 376 0184 B2       		.byte	0xb2
 377 0185 00000000 		.4byte	.LFB3
 378 0189 18000000 		.4byte	.LFE3-.LFB3
 379 018d 01       		.uleb128 0x1
 380 018e 9C       		.byte	0x9c
 381 018f A6010000 		.4byte	0x1a6
 382 0193 0A       		.uleb128 0xa
 383 0194 06000000 		.4byte	.LVL8
ARM GAS  C:\Users\NHANPH~1\AppData\Local\Temp\ccoyzkgO.s 			page 11


 384 0198 25010000 		.4byte	0x125
 385 019c 0A       		.uleb128 0xa
 386 019d 10000000 		.4byte	.LVL9
 387 01a1 12020000 		.4byte	0x212
 388 01a5 00       		.byte	0
 389 01a6 0B       		.uleb128 0xb
 390 01a7 8D000000 		.4byte	.LASF36
 391 01ab 01       		.byte	0x1
 392 01ac 14       		.byte	0x14
 393 01ad E9000000 		.4byte	0xe9
 394 01b1 05       		.uleb128 0x5
 395 01b2 03       		.byte	0x3
 396 01b3 00000000 		.4byte	PWM_backup
 397 01b7 0C       		.uleb128 0xc
 398 01b8 12020000 		.4byte	.LASF25
 399 01bc 03       		.byte	0x3
 400 01bd C0       		.byte	0xc0
 401 01be 6B000000 		.4byte	0x6b
 402 01c2 0C       		.uleb128 0xc
 403 01c3 C7000000 		.4byte	.LASF26
 404 01c7 03       		.byte	0x3
 405 01c8 B3       		.byte	0xb3
 406 01c9 6B000000 		.4byte	0x6b
 407 01cd 0C       		.uleb128 0xc
 408 01ce 4E020000 		.4byte	.LASF27
 409 01d2 03       		.byte	0x3
 410 01d3 9D       		.byte	0x9d
 411 01d4 6B000000 		.4byte	0x6b
 412 01d8 0D       		.uleb128 0xd
 413 01d9 CD010000 		.4byte	.LASF28
 414 01dd 03       		.byte	0x3
 415 01de BE       		.byte	0xbe
 416 01df E9010000 		.4byte	0x1e9
 417 01e3 0E       		.uleb128 0xe
 418 01e4 6B000000 		.4byte	0x6b
 419 01e8 00       		.byte	0
 420 01e9 0D       		.uleb128 0xd
 421 01ea 2B020000 		.4byte	.LASF29
 422 01ee 03       		.byte	0x3
 423 01ef BA       		.byte	0xba
 424 01f0 FA010000 		.4byte	0x1fa
 425 01f4 0E       		.uleb128 0xe
 426 01f5 6B000000 		.4byte	0x6b
 427 01f9 00       		.byte	0
 428 01fa 0D       		.uleb128 0xd
 429 01fb F9010000 		.4byte	.LASF30
 430 01ff 03       		.byte	0x3
 431 0200 9E       		.byte	0x9e
 432 0201 0B020000 		.4byte	0x20b
 433 0205 0E       		.uleb128 0xe
 434 0206 6B000000 		.4byte	0x6b
 435 020a 00       		.byte	0
 436 020b 0F       		.uleb128 0xf
 437 020c 3C020000 		.4byte	.LASF31
 438 0210 03       		.byte	0x3
 439 0211 93       		.byte	0x93
 440 0212 0F       		.uleb128 0xf
ARM GAS  C:\Users\NHANPH~1\AppData\Local\Temp\ccoyzkgO.s 			page 12


 441 0213 72020000 		.4byte	.LASF32
 442 0217 03       		.byte	0x3
 443 0218 DB       		.byte	0xdb
 444 0219 00       		.byte	0
 445              		.section	.debug_abbrev,"",%progbits
 446              	.Ldebug_abbrev0:
 447 0000 01       		.uleb128 0x1
 448 0001 11       		.uleb128 0x11
 449 0002 01       		.byte	0x1
 450 0003 25       		.uleb128 0x25
 451 0004 0E       		.uleb128 0xe
 452 0005 13       		.uleb128 0x13
 453 0006 0B       		.uleb128 0xb
 454 0007 03       		.uleb128 0x3
 455 0008 0E       		.uleb128 0xe
 456 0009 1B       		.uleb128 0x1b
 457 000a 0E       		.uleb128 0xe
 458 000b 55       		.uleb128 0x55
 459 000c 17       		.uleb128 0x17
 460 000d 11       		.uleb128 0x11
 461 000e 01       		.uleb128 0x1
 462 000f 10       		.uleb128 0x10
 463 0010 17       		.uleb128 0x17
 464 0011 00       		.byte	0
 465 0012 00       		.byte	0
 466 0013 02       		.uleb128 0x2
 467 0014 24       		.uleb128 0x24
 468 0015 00       		.byte	0
 469 0016 0B       		.uleb128 0xb
 470 0017 0B       		.uleb128 0xb
 471 0018 3E       		.uleb128 0x3e
 472 0019 0B       		.uleb128 0xb
 473 001a 03       		.uleb128 0x3
 474 001b 0E       		.uleb128 0xe
 475 001c 00       		.byte	0
 476 001d 00       		.byte	0
 477 001e 03       		.uleb128 0x3
 478 001f 24       		.uleb128 0x24
 479 0020 00       		.byte	0
 480 0021 0B       		.uleb128 0xb
 481 0022 0B       		.uleb128 0xb
 482 0023 3E       		.uleb128 0x3e
 483 0024 0B       		.uleb128 0xb
 484 0025 03       		.uleb128 0x3
 485 0026 08       		.uleb128 0x8
 486 0027 00       		.byte	0
 487 0028 00       		.byte	0
 488 0029 04       		.uleb128 0x4
 489 002a 16       		.uleb128 0x16
 490 002b 00       		.byte	0
 491 002c 03       		.uleb128 0x3
 492 002d 0E       		.uleb128 0xe
 493 002e 3A       		.uleb128 0x3a
 494 002f 0B       		.uleb128 0xb
 495 0030 3B       		.uleb128 0x3b
 496 0031 05       		.uleb128 0x5
 497 0032 49       		.uleb128 0x49
ARM GAS  C:\Users\NHANPH~1\AppData\Local\Temp\ccoyzkgO.s 			page 13


 498 0033 13       		.uleb128 0x13
 499 0034 00       		.byte	0
 500 0035 00       		.byte	0
 501 0036 05       		.uleb128 0x5
 502 0037 35       		.uleb128 0x35
 503 0038 00       		.byte	0
 504 0039 49       		.uleb128 0x49
 505 003a 13       		.uleb128 0x13
 506 003b 00       		.byte	0
 507 003c 00       		.byte	0
 508 003d 06       		.uleb128 0x6
 509 003e 13       		.uleb128 0x13
 510 003f 01       		.byte	0x1
 511 0040 0B       		.uleb128 0xb
 512 0041 0B       		.uleb128 0xb
 513 0042 3A       		.uleb128 0x3a
 514 0043 0B       		.uleb128 0xb
 515 0044 3B       		.uleb128 0x3b
 516 0045 0B       		.uleb128 0xb
 517 0046 01       		.uleb128 0x1
 518 0047 13       		.uleb128 0x13
 519 0048 00       		.byte	0
 520 0049 00       		.byte	0
 521 004a 07       		.uleb128 0x7
 522 004b 0D       		.uleb128 0xd
 523 004c 00       		.byte	0
 524 004d 03       		.uleb128 0x3
 525 004e 0E       		.uleb128 0xe
 526 004f 3A       		.uleb128 0x3a
 527 0050 0B       		.uleb128 0xb
 528 0051 3B       		.uleb128 0x3b
 529 0052 0B       		.uleb128 0xb
 530 0053 49       		.uleb128 0x49
 531 0054 13       		.uleb128 0x13
 532 0055 38       		.uleb128 0x38
 533 0056 0B       		.uleb128 0xb
 534 0057 00       		.byte	0
 535 0058 00       		.byte	0
 536 0059 08       		.uleb128 0x8
 537 005a 16       		.uleb128 0x16
 538 005b 00       		.byte	0
 539 005c 03       		.uleb128 0x3
 540 005d 0E       		.uleb128 0xe
 541 005e 3A       		.uleb128 0x3a
 542 005f 0B       		.uleb128 0xb
 543 0060 3B       		.uleb128 0x3b
 544 0061 0B       		.uleb128 0xb
 545 0062 49       		.uleb128 0x49
 546 0063 13       		.uleb128 0x13
 547 0064 00       		.byte	0
 548 0065 00       		.byte	0
 549 0066 09       		.uleb128 0x9
 550 0067 2E       		.uleb128 0x2e
 551 0068 01       		.byte	0x1
 552 0069 3F       		.uleb128 0x3f
 553 006a 19       		.uleb128 0x19
 554 006b 03       		.uleb128 0x3
ARM GAS  C:\Users\NHANPH~1\AppData\Local\Temp\ccoyzkgO.s 			page 14


 555 006c 0E       		.uleb128 0xe
 556 006d 3A       		.uleb128 0x3a
 557 006e 0B       		.uleb128 0xb
 558 006f 3B       		.uleb128 0x3b
 559 0070 0B       		.uleb128 0xb
 560 0071 27       		.uleb128 0x27
 561 0072 19       		.uleb128 0x19
 562 0073 11       		.uleb128 0x11
 563 0074 01       		.uleb128 0x1
 564 0075 12       		.uleb128 0x12
 565 0076 06       		.uleb128 0x6
 566 0077 40       		.uleb128 0x40
 567 0078 18       		.uleb128 0x18
 568 0079 9742     		.uleb128 0x2117
 569 007b 19       		.uleb128 0x19
 570 007c 01       		.uleb128 0x1
 571 007d 13       		.uleb128 0x13
 572 007e 00       		.byte	0
 573 007f 00       		.byte	0
 574 0080 0A       		.uleb128 0xa
 575 0081 898201   		.uleb128 0x4109
 576 0084 00       		.byte	0
 577 0085 11       		.uleb128 0x11
 578 0086 01       		.uleb128 0x1
 579 0087 31       		.uleb128 0x31
 580 0088 13       		.uleb128 0x13
 581 0089 00       		.byte	0
 582 008a 00       		.byte	0
 583 008b 0B       		.uleb128 0xb
 584 008c 34       		.uleb128 0x34
 585 008d 00       		.byte	0
 586 008e 03       		.uleb128 0x3
 587 008f 0E       		.uleb128 0xe
 588 0090 3A       		.uleb128 0x3a
 589 0091 0B       		.uleb128 0xb
 590 0092 3B       		.uleb128 0x3b
 591 0093 0B       		.uleb128 0xb
 592 0094 49       		.uleb128 0x49
 593 0095 13       		.uleb128 0x13
 594 0096 02       		.uleb128 0x2
 595 0097 18       		.uleb128 0x18
 596 0098 00       		.byte	0
 597 0099 00       		.byte	0
 598 009a 0C       		.uleb128 0xc
 599 009b 2E       		.uleb128 0x2e
 600 009c 00       		.byte	0
 601 009d 3F       		.uleb128 0x3f
 602 009e 19       		.uleb128 0x19
 603 009f 03       		.uleb128 0x3
 604 00a0 0E       		.uleb128 0xe
 605 00a1 3A       		.uleb128 0x3a
 606 00a2 0B       		.uleb128 0xb
 607 00a3 3B       		.uleb128 0x3b
 608 00a4 0B       		.uleb128 0xb
 609 00a5 27       		.uleb128 0x27
 610 00a6 19       		.uleb128 0x19
 611 00a7 49       		.uleb128 0x49
ARM GAS  C:\Users\NHANPH~1\AppData\Local\Temp\ccoyzkgO.s 			page 15


 612 00a8 13       		.uleb128 0x13
 613 00a9 3C       		.uleb128 0x3c
 614 00aa 19       		.uleb128 0x19
 615 00ab 00       		.byte	0
 616 00ac 00       		.byte	0
 617 00ad 0D       		.uleb128 0xd
 618 00ae 2E       		.uleb128 0x2e
 619 00af 01       		.byte	0x1
 620 00b0 3F       		.uleb128 0x3f
 621 00b1 19       		.uleb128 0x19
 622 00b2 03       		.uleb128 0x3
 623 00b3 0E       		.uleb128 0xe
 624 00b4 3A       		.uleb128 0x3a
 625 00b5 0B       		.uleb128 0xb
 626 00b6 3B       		.uleb128 0x3b
 627 00b7 0B       		.uleb128 0xb
 628 00b8 27       		.uleb128 0x27
 629 00b9 19       		.uleb128 0x19
 630 00ba 3C       		.uleb128 0x3c
 631 00bb 19       		.uleb128 0x19
 632 00bc 01       		.uleb128 0x1
 633 00bd 13       		.uleb128 0x13
 634 00be 00       		.byte	0
 635 00bf 00       		.byte	0
 636 00c0 0E       		.uleb128 0xe
 637 00c1 05       		.uleb128 0x5
 638 00c2 00       		.byte	0
 639 00c3 49       		.uleb128 0x49
 640 00c4 13       		.uleb128 0x13
 641 00c5 00       		.byte	0
 642 00c6 00       		.byte	0
 643 00c7 0F       		.uleb128 0xf
 644 00c8 2E       		.uleb128 0x2e
 645 00c9 00       		.byte	0
 646 00ca 3F       		.uleb128 0x3f
 647 00cb 19       		.uleb128 0x19
 648 00cc 03       		.uleb128 0x3
 649 00cd 0E       		.uleb128 0xe
 650 00ce 3A       		.uleb128 0x3a
 651 00cf 0B       		.uleb128 0xb
 652 00d0 3B       		.uleb128 0x3b
 653 00d1 0B       		.uleb128 0xb
 654 00d2 27       		.uleb128 0x27
 655 00d3 19       		.uleb128 0x19
 656 00d4 3C       		.uleb128 0x3c
 657 00d5 19       		.uleb128 0x19
 658 00d6 00       		.byte	0
 659 00d7 00       		.byte	0
 660 00d8 00       		.byte	0
 661              		.section	.debug_aranges,"",%progbits
 662 0000 34000000 		.4byte	0x34
 663 0004 0200     		.2byte	0x2
 664 0006 00000000 		.4byte	.Ldebug_info0
 665 000a 04       		.byte	0x4
 666 000b 00       		.byte	0
 667 000c 0000     		.2byte	0
 668 000e 0000     		.2byte	0
ARM GAS  C:\Users\NHANPH~1\AppData\Local\Temp\ccoyzkgO.s 			page 16


 669 0010 00000000 		.4byte	.LFB0
 670 0014 28000000 		.4byte	.LFE0-.LFB0
 671 0018 00000000 		.4byte	.LFB1
 672 001c 28000000 		.4byte	.LFE1-.LFB1
 673 0020 00000000 		.4byte	.LFB2
 674 0024 2C000000 		.4byte	.LFE2-.LFB2
 675 0028 00000000 		.4byte	.LFB3
 676 002c 18000000 		.4byte	.LFE3-.LFB3
 677 0030 00000000 		.4byte	0
 678 0034 00000000 		.4byte	0
 679              		.section	.debug_ranges,"",%progbits
 680              	.Ldebug_ranges0:
 681 0000 00000000 		.4byte	.LFB0
 682 0004 28000000 		.4byte	.LFE0
 683 0008 00000000 		.4byte	.LFB1
 684 000c 28000000 		.4byte	.LFE1
 685 0010 00000000 		.4byte	.LFB2
 686 0014 2C000000 		.4byte	.LFE2
 687 0018 00000000 		.4byte	.LFB3
 688 001c 18000000 		.4byte	.LFE3
 689 0020 00000000 		.4byte	0
 690 0024 00000000 		.4byte	0
 691              		.section	.debug_line,"",%progbits
 692              	.Ldebug_line0:
 693 0000 A5000000 		.section	.debug_str,"MS",%progbits,1
 693      02004C00 
 693      00000201 
 693      FB0E0D00 
 693      01010101 
 694              	.LASF16:
 695 0000 50574D55 		.ascii	"PWMUdb\000"
 695      646200
 696              	.LASF13:
 697 0007 72656738 		.ascii	"reg8\000"
 697      00
 698              	.LASF17:
 699 000c 50574D50 		.ascii	"PWMPeriod\000"
 699      6572696F 
 699      6400
 700              	.LASF35:
 701 0016 433A5C55 		.ascii	"C:\\Users\\Nhan Phan\\Desktop\\CProjects\\Zumobot\\"
 701      73657273 
 701      5C4E6861 
 701      6E205068 
 701      616E5C44 
 702 0043 5A756D6F 		.ascii	"ZumoBot.cydsn\000"
 702      426F742E 
 702      63796473 
 702      6E00
 703              	.LASF3:
 704 0051 73686F72 		.ascii	"short unsigned int\000"
 704      7420756E 
 704      7369676E 
 704      65642069 
 704      6E7400
 705              	.LASF22:
 706 0064 50574D5F 		.ascii	"PWM_RestoreConfig\000"
ARM GAS  C:\Users\NHANPH~1\AppData\Local\Temp\ccoyzkgO.s 			page 17


 706      52657374 
 706      6F726543 
 706      6F6E6669 
 706      6700
 707              	.LASF20:
 708 0076 50574D5F 		.ascii	"PWM_backupStruct\000"
 708      6261636B 
 708      75705374 
 708      72756374 
 708      00
 709              	.LASF9:
 710 0087 666C6F61 		.ascii	"float\000"
 710      7400
 711              	.LASF36:
 712 008d 50574D5F 		.ascii	"PWM_backup\000"
 712      6261636B 
 712      757000
 713              	.LASF1:
 714 0098 756E7369 		.ascii	"unsigned char\000"
 714      676E6564 
 714      20636861 
 714      7200
 715              	.LASF15:
 716 00a6 50574D45 		.ascii	"PWMEnableState\000"
 716      6E61626C 
 716      65537461 
 716      746500
 717              	.LASF5:
 718 00b5 6C6F6E67 		.ascii	"long unsigned int\000"
 718      20756E73 
 718      69676E65 
 718      6420696E 
 718      7400
 719              	.LASF26:
 720 00c7 50574D5F 		.ascii	"PWM_ReadCounter\000"
 720      52656164 
 720      436F756E 
 720      74657200 
 721              	.LASF12:
 722 00d7 75696E74 		.ascii	"uint8\000"
 722      3800
 723              	.LASF24:
 724 00dd 50574D5F 		.ascii	"PWM_Wakeup\000"
 724      57616B65 
 724      757000
 725              	.LASF19:
 726 00e8 50574D43 		.ascii	"PWMControlRegister\000"
 726      6F6E7472 
 726      6F6C5265 
 726      67697374 
 726      657200
 727              	.LASF10:
 728 00fb 646F7562 		.ascii	"double\000"
 728      6C6500
 729              	.LASF21:
 730 0102 50574D5F 		.ascii	"PWM_SaveConfig\000"
 730      53617665 
ARM GAS  C:\Users\NHANPH~1\AppData\Local\Temp\ccoyzkgO.s 			page 18


 730      436F6E66 
 730      696700
 731              	.LASF33:
 732 0111 474E5520 		.ascii	"GNU C 4.9.3 20150303 (release) [ARM/embedded-4_9-br"
 732      4320342E 
 732      392E3320 
 732      32303135 
 732      30333033 
 733 0144 616E6368 		.ascii	"anch revision 221220] -mcpu=cortex-m3 -mthumb -g -O"
 733      20726576 
 733      6973696F 
 733      6E203232 
 733      31323230 
 734 0177 67202D66 		.ascii	"g -ffunction-sections -ffat-lto-objects\000"
 734      66756E63 
 734      74696F6E 
 734      2D736563 
 734      74696F6E 
 735              	.LASF8:
 736 019f 756E7369 		.ascii	"unsigned int\000"
 736      676E6564 
 736      20696E74 
 736      00
 737              	.LASF7:
 738 01ac 6C6F6E67 		.ascii	"long long unsigned int\000"
 738      206C6F6E 
 738      6720756E 
 738      7369676E 
 738      65642069 
 739              	.LASF23:
 740 01c3 50574D5F 		.ascii	"PWM_Sleep\000"
 740      536C6565 
 740      7000
 741              	.LASF28:
 742 01cd 50574D5F 		.ascii	"PWM_WritePeriod\000"
 742      57726974 
 742      65506572 
 742      696F6400 
 743              	.LASF14:
 744 01dd 73697A65 		.ascii	"sizetype\000"
 744      74797065 
 744      00
 745              	.LASF6:
 746 01e6 6C6F6E67 		.ascii	"long long int\000"
 746      206C6F6E 
 746      6720696E 
 746      7400
 747              	.LASF11:
 748 01f4 63686172 		.ascii	"char\000"
 748      00
 749              	.LASF30:
 750 01f9 50574D5F 		.ascii	"PWM_WriteControlRegister\000"
 750      57726974 
 750      65436F6E 
 750      74726F6C 
 750      52656769 
 751              	.LASF25:
ARM GAS  C:\Users\NHANPH~1\AppData\Local\Temp\ccoyzkgO.s 			page 19


 752 0212 50574D5F 		.ascii	"PWM_ReadPeriod\000"
 752      52656164 
 752      50657269 
 752      6F6400
 753              	.LASF2:
 754 0221 73686F72 		.ascii	"short int\000"
 754      7420696E 
 754      7400
 755              	.LASF29:
 756 022b 50574D5F 		.ascii	"PWM_WriteCounter\000"
 756      57726974 
 756      65436F75 
 756      6E746572 
 756      00
 757              	.LASF31:
 758 023c 50574D5F 		.ascii	"PWM_Stop\000"
 758      53746F70 
 758      00
 759              	.LASF4:
 760 0245 6C6F6E67 		.ascii	"long int\000"
 760      20696E74 
 760      00
 761              	.LASF27:
 762 024e 50574D5F 		.ascii	"PWM_ReadControlRegister\000"
 762      52656164 
 762      436F6E74 
 762      726F6C52 
 762      65676973 
 763              	.LASF0:
 764 0266 7369676E 		.ascii	"signed char\000"
 764      65642063 
 764      68617200 
 765              	.LASF32:
 766 0272 50574D5F 		.ascii	"PWM_Enable\000"
 766      456E6162 
 766      6C6500
 767              	.LASF34:
 768 027d 47656E65 		.ascii	"Generated_Source\\PSoC5\\PWM_PM.c\000"
 768      72617465 
 768      645F536F 
 768      75726365 
 768      5C50536F 
 769              	.LASF18:
 770 029d 496E7465 		.ascii	"InterruptMaskValue\000"
 770      72727570 
 770      744D6173 
 770      6B56616C 
 770      756500
 771              		.ident	"GCC: (GNU Tools for ARM Embedded Processors) 4.9.3 20150303 (release) [ARM/embedded-4_9-br
