ARM GAS  C:\Users\NHANPH~1\AppData\Local\Temp\ccRuP6fj.s 			page 1


   1              		.syntax unified
   2              		.cpu cortex-m3
   3              		.fpu softvfp
   4              		.eabi_attribute 20, 1
   5              		.eabi_attribute 21, 1
   6              		.eabi_attribute 23, 3
   7              		.eabi_attribute 24, 1
   8              		.eabi_attribute 25, 1
   9              		.eabi_attribute 26, 1
  10              		.eabi_attribute 30, 1
  11              		.eabi_attribute 34, 1
  12              		.eabi_attribute 18, 4
  13              		.thumb
  14              		.file	"Sumoing.c"
  15              		.text
  16              	.Ltext0:
  17              		.cfi_sections	.debug_frame
  18              		.section	.text.MyTurnSumo,"ax",%progbits
  19              		.align	2
  20              		.global	MyTurnSumo
  21              		.thumb
  22              		.thumb_func
  23              		.type	MyTurnSumo, %function
  24              	MyTurnSumo:
  25              	.LFB63:
  26              		.file 1 "Sumoing.c"
   1:Sumoing.c     **** /* ========================================
   2:Sumoing.c     ****  *
   3:Sumoing.c     ****  * Copyright YOUR COMPANY, THE YEAR
   4:Sumoing.c     ****  * All Rights Reserved
   5:Sumoing.c     ****  * UNPUBLISHED, LICENSED SOFTWARE.
   6:Sumoing.c     ****  *
   7:Sumoing.c     ****  * CONFIDENTIAL AND PROPRIETARY INFORMATION
   8:Sumoing.c     ****  * WHICH IS THE PROPERTY OF your company.
   9:Sumoing.c     ****  *
  10:Sumoing.c     ****  * ========================================
  11:Sumoing.c     **** */
  12:Sumoing.c     **** 
  13:Sumoing.c     **** /* [] END OF FILE */
  14:Sumoing.c     **** #include "Reflectance.h"
  15:Sumoing.c     **** #include <project.h>
  16:Sumoing.c     **** #include <stdio.h>
  17:Sumoing.c     **** #include "Motor.h"
  18:Sumoing.c     **** #include "Sumoing.h"
  19:Sumoing.c     **** #include "Ultra.h"
  20:Sumoing.c     **** 
  21:Sumoing.c     **** #define MOTOR_SPEED 255
  22:Sumoing.c     **** #define MOTOR_BW_SPEED 70
  23:Sumoing.c     **** #define TURNSPEED 70
  24:Sumoing.c     **** 
  25:Sumoing.c     **** #define SENSOR_TH_1 6000
  26:Sumoing.c     **** #define SENSOR_TH 13000
  27:Sumoing.c     **** #define TURNLEFT 0
  28:Sumoing.c     **** #define TURNRIGHT 1
  29:Sumoing.c     **** 
  30:Sumoing.c     **** #define Distance 30
  31:Sumoing.c     **** 
ARM GAS  C:\Users\NHANPH~1\AppData\Local\Temp\ccRuP6fj.s 			page 2


  32:Sumoing.c     **** void MyTurnSumo(uint8 direction) {
  27              		.loc 1 32 0
  28              		.cfi_startproc
  29              		@ args = 0, pretend = 0, frame = 0
  30              		@ frame_needed = 0, uses_anonymous_args = 0
  31              	.LVL0:
  32 0000 00B5     		push	{lr}
  33              		.cfi_def_cfa_offset 4
  34              		.cfi_offset 14, -4
  35 0002 83B0     		sub	sp, sp, #12
  36              		.cfi_def_cfa_offset 16
  33:Sumoing.c     ****     if (direction == TURNRIGHT) {        
  37              		.loc 1 33 0
  38 0004 0128     		cmp	r0, #1
  39 0006 07D1     		bne	.L2
  34:Sumoing.c     ****         motor_turn_adv(TURNSPEED, 0, MOTOR_BW_SPEED, 1, 0);    
  40              		.loc 1 34 0
  41 0008 0021     		movs	r1, #0
  42 000a 0091     		str	r1, [sp]
  43 000c 4620     		movs	r0, #70
  44              	.LVL1:
  45 000e 0246     		mov	r2, r0
  46 0010 0123     		movs	r3, #1
  47 0012 FFF7FEFF 		bl	motor_turn_adv
  48              	.LVL2:
  49 0016 06E0     		b	.L1
  50              	.LVL3:
  51              	.L2:
  35:Sumoing.c     ****     } else {
  36:Sumoing.c     ****         motor_turn_adv(MOTOR_BW_SPEED, 1, TURNSPEED, 0, 0);    
  52              		.loc 1 36 0
  53 0018 0023     		movs	r3, #0
  54 001a 0093     		str	r3, [sp]
  55 001c 4620     		movs	r0, #70
  56              	.LVL4:
  57 001e 0121     		movs	r1, #1
  58 0020 0246     		mov	r2, r0
  59 0022 FFF7FEFF 		bl	motor_turn_adv
  60              	.LVL5:
  61              	.L1:
  37:Sumoing.c     ****     }
  38:Sumoing.c     **** }
  62              		.loc 1 38 0
  63 0026 03B0     		add	sp, sp, #12
  64              		.cfi_def_cfa_offset 4
  65              		@ sp needed
  66 0028 5DF804FB 		ldr	pc, [sp], #4
  67              		.cfi_endproc
  68              	.LFE63:
  69              		.size	MyTurnSumo, .-MyTurnSumo
  70              		.section	.text.Sumoing,"ax",%progbits
  71              		.align	2
  72              		.global	Sumoing
  73              		.thumb
  74              		.thumb_func
  75              		.type	Sumoing, %function
  76              	Sumoing:
ARM GAS  C:\Users\NHANPH~1\AppData\Local\Temp\ccRuP6fj.s 			page 3


  77              	.LFB64:
  39:Sumoing.c     **** 
  40:Sumoing.c     **** // Sumo method without Ultrasonic sensor
  41:Sumoing.c     **** void Sumoing(uint16_t r1, uint16_t r3, uint16_t l1, uint16_t l3)
  42:Sumoing.c     **** {   
  78              		.loc 1 42 0
  79              		.cfi_startproc
  80              		@ args = 0, pretend = 0, frame = 0
  81              		@ frame_needed = 0, uses_anonymous_args = 0
  82              	.LVL6:
  83 0000 10B5     		push	{r4, lr}
  84              		.cfi_def_cfa_offset 8
  85              		.cfi_offset 4, -8
  86              		.cfi_offset 14, -4
  43:Sumoing.c     ****     //1111
  44:Sumoing.c     ****     //move forward
  45:Sumoing.c     ****     if (r1 >= SENSOR_TH_1 && r3 >= SENSOR_TH_1 && l1 >= SENSOR_TH_1 && l3 >= SENSOR_TH_1){
  87              		.loc 1 45 0
  88 0002 41F26F74 		movw	r4, #5999
  89 0006 A042     		cmp	r0, r4
  90 0008 0AD9     		bls	.L6
  91              		.loc 1 45 0 is_stmt 0 discriminator 1
  92 000a A142     		cmp	r1, r4
  93 000c 08D9     		bls	.L6
  94              		.loc 1 45 0 discriminator 2
  95 000e A242     		cmp	r2, r4
  96 0010 06D9     		bls	.L6
  97              		.loc 1 45 0 discriminator 3
  98 0012 A342     		cmp	r3, r4
  99 0014 04D9     		bls	.L6
  46:Sumoing.c     ****         motor_forward(MOTOR_SPEED, 0);
 100              		.loc 1 46 0 is_stmt 1
 101 0016 FF20     		movs	r0, #255
 102              	.LVL7:
 103 0018 0021     		movs	r1, #0
 104              	.LVL8:
 105 001a FFF7FEFF 		bl	motor_forward
 106              	.LVL9:
 107 001e 10BD     		pop	{r4, pc}
 108              	.LVL10:
 109              	.L6:
  47:Sumoing.c     ****     }
  48:Sumoing.c     ****     else if(r1>=SENSOR_TH || r3>=SENSOR_TH){
 110              		.loc 1 48 0
 111 0020 43F2C724 		movw	r4, #12999
 112 0024 A042     		cmp	r0, r4
 113 0026 01D8     		bhi	.L8
 114              		.loc 1 48 0 is_stmt 0 discriminator 1
 115 0028 A142     		cmp	r1, r4
 116 002a 0AD9     		bls	.L9
 117              	.L8:
  49:Sumoing.c     ****         motor_backward(MOTOR_SPEED,10);
 118              		.loc 1 49 0 is_stmt 1
 119 002c FF20     		movs	r0, #255
 120              	.LVL11:
 121 002e 0A21     		movs	r1, #10
 122              	.LVL12:
ARM GAS  C:\Users\NHANPH~1\AppData\Local\Temp\ccRuP6fj.s 			page 4


 123 0030 FFF7FEFF 		bl	motor_backward
 124              	.LVL13:
  50:Sumoing.c     ****         motor_turn(MOTOR_SPEED, 0, 400);    
 125              		.loc 1 50 0
 126 0034 FF20     		movs	r0, #255
 127 0036 0021     		movs	r1, #0
 128 0038 4FF4C872 		mov	r2, #400
 129 003c FFF7FEFF 		bl	motor_turn
 130              	.LVL14:
 131 0040 10BD     		pop	{r4, pc}
 132              	.LVL15:
 133              	.L9:
  51:Sumoing.c     ****     } 
  52:Sumoing.c     ****     else if (l1>=SENSOR_TH || l3>=SENSOR_TH){        
 134              		.loc 1 52 0
 135 0042 43F2C721 		movw	r1, #12999
 136              	.LVL16:
 137 0046 8A42     		cmp	r2, r1
 138 0048 01D8     		bhi	.L10
 139              		.loc 1 52 0 is_stmt 0 discriminator 1
 140 004a 8B42     		cmp	r3, r1
 141 004c 0AD9     		bls	.L11
 142              	.L10:
  53:Sumoing.c     ****         motor_backward(MOTOR_SPEED,10);
 143              		.loc 1 53 0 is_stmt 1
 144 004e FF20     		movs	r0, #255
 145              	.LVL17:
 146 0050 0A21     		movs	r1, #10
 147 0052 FFF7FEFF 		bl	motor_backward
 148              	.LVL18:
  54:Sumoing.c     ****         motor_turn(0, MOTOR_SPEED, 400);    
 149              		.loc 1 54 0
 150 0056 0020     		movs	r0, #0
 151 0058 FF21     		movs	r1, #255
 152 005a 4FF4C872 		mov	r2, #400
 153 005e FFF7FEFF 		bl	motor_turn
 154              	.LVL19:
 155 0062 10BD     		pop	{r4, pc}
 156              	.LVL20:
 157              	.L11:
  55:Sumoing.c     ****         
  56:Sumoing.c     ****     } 
  57:Sumoing.c     ****     else {
  58:Sumoing.c     ****         motor_forward(MOTOR_SPEED, 0);    
 158              		.loc 1 58 0
 159 0064 FF20     		movs	r0, #255
 160              	.LVL21:
 161 0066 0021     		movs	r1, #0
 162 0068 FFF7FEFF 		bl	motor_forward
 163              	.LVL22:
 164 006c 10BD     		pop	{r4, pc}
 165              		.cfi_endproc
 166              	.LFE64:
 167              		.size	Sumoing, .-Sumoing
 168 006e 00BF     		.text
 169              	.Letext0:
 170              		.file 2 "c:\\program files (x86)\\cypress\\psoc creator\\4.0\\psoc creator\\import\\gnu\\arm\\4.9.
ARM GAS  C:\Users\NHANPH~1\AppData\Local\Temp\ccRuP6fj.s 			page 5


 171              		.file 3 "c:\\program files (x86)\\cypress\\psoc creator\\4.0\\psoc creator\\import\\gnu\\arm\\4.9.
 172              		.file 4 "Generated_Source\\PSoC5/cytypes.h"
 173              		.file 5 ".\\ZumoLibrary/Motor.h"
 174              		.file 6 "Generated_Source\\PSoC5/core_cm3.h"
 175              		.section	.debug_info,"",%progbits
 176              	.Ldebug_info0:
 177 0000 A4020000 		.4byte	0x2a4
 178 0004 0400     		.2byte	0x4
 179 0006 00000000 		.4byte	.Ldebug_abbrev0
 180 000a 04       		.byte	0x4
 181 000b 01       		.uleb128 0x1
 182 000c EF000000 		.4byte	.LASF25
 183 0010 01       		.byte	0x1
 184 0011 67000000 		.4byte	.LASF26
 185 0015 00000000 		.4byte	.LASF27
 186 0019 00000000 		.4byte	.Ldebug_ranges0+0
 187 001d 00000000 		.4byte	0
 188 0021 00000000 		.4byte	.Ldebug_line0
 189 0025 02       		.uleb128 0x2
 190 0026 01       		.byte	0x1
 191 0027 06       		.byte	0x6
 192 0028 FA010000 		.4byte	.LASF0
 193 002c 02       		.uleb128 0x2
 194 002d 01       		.byte	0x1
 195 002e 08       		.byte	0x8
 196 002f 7D000000 		.4byte	.LASF1
 197 0033 02       		.uleb128 0x2
 198 0034 02       		.byte	0x2
 199 0035 05       		.byte	0x5
 200 0036 DF010000 		.4byte	.LASF2
 201 003a 03       		.uleb128 0x3
 202 003b D6000000 		.4byte	.LASF4
 203 003f 02       		.byte	0x2
 204 0040 2B       		.byte	0x2b
 205 0041 45000000 		.4byte	0x45
 206 0045 02       		.uleb128 0x2
 207 0046 02       		.byte	0x2
 208 0047 07       		.byte	0x7
 209 0048 9D000000 		.4byte	.LASF3
 210 004c 03       		.uleb128 0x3
 211 004d 3B000000 		.4byte	.LASF5
 212 0051 02       		.byte	0x2
 213 0052 3F       		.byte	0x3f
 214 0053 57000000 		.4byte	0x57
 215 0057 02       		.uleb128 0x2
 216 0058 04       		.byte	0x4
 217 0059 05       		.byte	0x5
 218 005a 45000000 		.4byte	.LASF6
 219 005e 02       		.uleb128 0x2
 220 005f 04       		.byte	0x4
 221 0060 07       		.byte	0x7
 222 0061 8B000000 		.4byte	.LASF7
 223 0065 02       		.uleb128 0x2
 224 0066 08       		.byte	0x8
 225 0067 05       		.byte	0x5
 226 0068 CC010000 		.4byte	.LASF8
 227 006c 02       		.uleb128 0x2
ARM GAS  C:\Users\NHANPH~1\AppData\Local\Temp\ccRuP6fj.s 			page 6


 228 006d 08       		.byte	0x8
 229 006e 07       		.byte	0x7
 230 006f 8A010000 		.4byte	.LASF9
 231 0073 04       		.uleb128 0x4
 232 0074 04       		.byte	0x4
 233 0075 05       		.byte	0x5
 234 0076 696E7400 		.ascii	"int\000"
 235 007a 02       		.uleb128 0x2
 236 007b 04       		.byte	0x4
 237 007c 07       		.byte	0x7
 238 007d 7D010000 		.4byte	.LASF10
 239 0081 03       		.uleb128 0x3
 240 0082 E9010000 		.4byte	.LASF11
 241 0086 03       		.byte	0x3
 242 0087 21       		.byte	0x21
 243 0088 3A000000 		.4byte	0x3a
 244 008c 03       		.uleb128 0x3
 245 008d BB010000 		.4byte	.LASF12
 246 0091 03       		.byte	0x3
 247 0092 2C       		.byte	0x2c
 248 0093 4C000000 		.4byte	0x4c
 249 0097 05       		.uleb128 0x5
 250 0098 77000000 		.4byte	.LASF13
 251 009c 04       		.byte	0x4
 252 009d 9201     		.2byte	0x192
 253 009f 2C000000 		.4byte	0x2c
 254 00a3 05       		.uleb128 0x5
 255 00a4 E8000000 		.4byte	.LASF14
 256 00a8 04       		.byte	0x4
 257 00a9 9401     		.2byte	0x194
 258 00ab 5E000000 		.4byte	0x5e
 259 00af 02       		.uleb128 0x2
 260 00b0 04       		.byte	0x4
 261 00b1 04       		.byte	0x4
 262 00b2 71000000 		.4byte	.LASF15
 263 00b6 02       		.uleb128 0x2
 264 00b7 08       		.byte	0x8
 265 00b8 04       		.byte	0x4
 266 00b9 E1000000 		.4byte	.LASF16
 267 00bd 02       		.uleb128 0x2
 268 00be 01       		.byte	0x1
 269 00bf 08       		.byte	0x8
 270 00c0 DA010000 		.4byte	.LASF17
 271 00c4 02       		.uleb128 0x2
 272 00c5 04       		.byte	0x4
 273 00c6 07       		.byte	0x7
 274 00c7 C3010000 		.4byte	.LASF18
 275 00cb 06       		.uleb128 0x6
 276 00cc B0000000 		.4byte	.LASF19
 277 00d0 01       		.byte	0x1
 278 00d1 20       		.byte	0x20
 279 00d2 00000000 		.4byte	.LFB63
 280 00d6 2C000000 		.4byte	.LFE63-.LFB63
 281 00da 01       		.uleb128 0x1
 282 00db 9C       		.byte	0x9c
 283 00dc 40010000 		.4byte	0x140
 284 00e0 07       		.uleb128 0x7
ARM GAS  C:\Users\NHANPH~1\AppData\Local\Temp\ccRuP6fj.s 			page 7


 285 00e1 5D000000 		.4byte	.LASF21
 286 00e5 01       		.byte	0x1
 287 00e6 20       		.byte	0x20
 288 00e7 97000000 		.4byte	0x97
 289 00eb 00000000 		.4byte	.LLST0
 290 00ef 08       		.uleb128 0x8
 291 00f0 16000000 		.4byte	.LVL2
 292 00f4 3F020000 		.4byte	0x23f
 293 00f8 19010000 		.4byte	0x119
 294 00fc 09       		.uleb128 0x9
 295 00fd 01       		.uleb128 0x1
 296 00fe 53       		.byte	0x53
 297 00ff 01       		.uleb128 0x1
 298 0100 31       		.byte	0x31
 299 0101 09       		.uleb128 0x9
 300 0102 01       		.uleb128 0x1
 301 0103 52       		.byte	0x52
 302 0104 02       		.uleb128 0x2
 303 0105 08       		.byte	0x8
 304 0106 46       		.byte	0x46
 305 0107 09       		.uleb128 0x9
 306 0108 01       		.uleb128 0x1
 307 0109 51       		.byte	0x51
 308 010a 01       		.uleb128 0x1
 309 010b 30       		.byte	0x30
 310 010c 09       		.uleb128 0x9
 311 010d 01       		.uleb128 0x1
 312 010e 50       		.byte	0x50
 313 010f 02       		.uleb128 0x2
 314 0110 08       		.byte	0x8
 315 0111 46       		.byte	0x46
 316 0112 09       		.uleb128 0x9
 317 0113 02       		.uleb128 0x2
 318 0114 7D       		.byte	0x7d
 319 0115 00       		.sleb128 0
 320 0116 01       		.uleb128 0x1
 321 0117 30       		.byte	0x30
 322 0118 00       		.byte	0
 323 0119 0A       		.uleb128 0xa
 324 011a 26000000 		.4byte	.LVL5
 325 011e 3F020000 		.4byte	0x23f
 326 0122 09       		.uleb128 0x9
 327 0123 01       		.uleb128 0x1
 328 0124 53       		.byte	0x53
 329 0125 01       		.uleb128 0x1
 330 0126 30       		.byte	0x30
 331 0127 09       		.uleb128 0x9
 332 0128 01       		.uleb128 0x1
 333 0129 52       		.byte	0x52
 334 012a 02       		.uleb128 0x2
 335 012b 08       		.byte	0x8
 336 012c 46       		.byte	0x46
 337 012d 09       		.uleb128 0x9
 338 012e 01       		.uleb128 0x1
 339 012f 51       		.byte	0x51
 340 0130 01       		.uleb128 0x1
 341 0131 31       		.byte	0x31
ARM GAS  C:\Users\NHANPH~1\AppData\Local\Temp\ccRuP6fj.s 			page 8


 342 0132 09       		.uleb128 0x9
 343 0133 01       		.uleb128 0x1
 344 0134 50       		.byte	0x50
 345 0135 02       		.uleb128 0x2
 346 0136 08       		.byte	0x8
 347 0137 46       		.byte	0x46
 348 0138 09       		.uleb128 0x9
 349 0139 02       		.uleb128 0x2
 350 013a 7D       		.byte	0x7d
 351 013b 00       		.sleb128 0
 352 013c 01       		.uleb128 0x1
 353 013d 30       		.byte	0x30
 354 013e 00       		.byte	0
 355 013f 00       		.byte	0
 356 0140 06       		.uleb128 0x6
 357 0141 F2010000 		.4byte	.LASF20
 358 0145 01       		.byte	0x1
 359 0146 29       		.byte	0x29
 360 0147 00000000 		.4byte	.LFB64
 361 014b 6E000000 		.4byte	.LFE64-.LFB64
 362 014f 01       		.uleb128 0x1
 363 0150 9C       		.byte	0x9c
 364 0151 2E020000 		.4byte	0x22e
 365 0155 0B       		.uleb128 0xb
 366 0156 723100   		.ascii	"r1\000"
 367 0159 01       		.byte	0x1
 368 015a 29       		.byte	0x29
 369 015b 81000000 		.4byte	0x81
 370 015f 3A000000 		.4byte	.LLST1
 371 0163 0B       		.uleb128 0xb
 372 0164 723300   		.ascii	"r3\000"
 373 0167 01       		.byte	0x1
 374 0168 29       		.byte	0x29
 375 0169 81000000 		.4byte	0x81
 376 016d A6000000 		.4byte	.LLST2
 377 0171 0B       		.uleb128 0xb
 378 0172 6C3100   		.ascii	"l1\000"
 379 0175 01       		.byte	0x1
 380 0176 29       		.byte	0x29
 381 0177 81000000 		.4byte	0x81
 382 017b F9000000 		.4byte	.LLST3
 383 017f 0B       		.uleb128 0xb
 384 0180 6C3300   		.ascii	"l3\000"
 385 0183 01       		.byte	0x1
 386 0184 29       		.byte	0x29
 387 0185 81000000 		.4byte	0x81
 388 0189 65010000 		.4byte	.LLST4
 389 018d 08       		.uleb128 0x8
 390 018e 1E000000 		.4byte	.LVL9
 391 0192 64020000 		.4byte	0x264
 392 0196 A6010000 		.4byte	0x1a6
 393 019a 09       		.uleb128 0x9
 394 019b 01       		.uleb128 0x1
 395 019c 51       		.byte	0x51
 396 019d 01       		.uleb128 0x1
 397 019e 30       		.byte	0x30
 398 019f 09       		.uleb128 0x9
ARM GAS  C:\Users\NHANPH~1\AppData\Local\Temp\ccRuP6fj.s 			page 9


 399 01a0 01       		.uleb128 0x1
 400 01a1 50       		.byte	0x50
 401 01a2 02       		.uleb128 0x2
 402 01a3 09       		.byte	0x9
 403 01a4 FF       		.byte	0xff
 404 01a5 00       		.byte	0
 405 01a6 08       		.uleb128 0x8
 406 01a7 34000000 		.4byte	.LVL13
 407 01ab 7A020000 		.4byte	0x27a
 408 01af BF010000 		.4byte	0x1bf
 409 01b3 09       		.uleb128 0x9
 410 01b4 01       		.uleb128 0x1
 411 01b5 51       		.byte	0x51
 412 01b6 01       		.uleb128 0x1
 413 01b7 3A       		.byte	0x3a
 414 01b8 09       		.uleb128 0x9
 415 01b9 01       		.uleb128 0x1
 416 01ba 50       		.byte	0x50
 417 01bb 02       		.uleb128 0x2
 418 01bc 09       		.byte	0x9
 419 01bd FF       		.byte	0xff
 420 01be 00       		.byte	0
 421 01bf 08       		.uleb128 0x8
 422 01c0 40000000 		.4byte	.LVL14
 423 01c4 90020000 		.4byte	0x290
 424 01c8 DF010000 		.4byte	0x1df
 425 01cc 09       		.uleb128 0x9
 426 01cd 01       		.uleb128 0x1
 427 01ce 52       		.byte	0x52
 428 01cf 03       		.uleb128 0x3
 429 01d0 0A       		.byte	0xa
 430 01d1 9001     		.2byte	0x190
 431 01d3 09       		.uleb128 0x9
 432 01d4 01       		.uleb128 0x1
 433 01d5 51       		.byte	0x51
 434 01d6 01       		.uleb128 0x1
 435 01d7 30       		.byte	0x30
 436 01d8 09       		.uleb128 0x9
 437 01d9 01       		.uleb128 0x1
 438 01da 50       		.byte	0x50
 439 01db 02       		.uleb128 0x2
 440 01dc 09       		.byte	0x9
 441 01dd FF       		.byte	0xff
 442 01de 00       		.byte	0
 443 01df 08       		.uleb128 0x8
 444 01e0 56000000 		.4byte	.LVL18
 445 01e4 7A020000 		.4byte	0x27a
 446 01e8 F8010000 		.4byte	0x1f8
 447 01ec 09       		.uleb128 0x9
 448 01ed 01       		.uleb128 0x1
 449 01ee 51       		.byte	0x51
 450 01ef 01       		.uleb128 0x1
 451 01f0 3A       		.byte	0x3a
 452 01f1 09       		.uleb128 0x9
 453 01f2 01       		.uleb128 0x1
 454 01f3 50       		.byte	0x50
 455 01f4 02       		.uleb128 0x2
ARM GAS  C:\Users\NHANPH~1\AppData\Local\Temp\ccRuP6fj.s 			page 10


 456 01f5 09       		.byte	0x9
 457 01f6 FF       		.byte	0xff
 458 01f7 00       		.byte	0
 459 01f8 08       		.uleb128 0x8
 460 01f9 62000000 		.4byte	.LVL19
 461 01fd 90020000 		.4byte	0x290
 462 0201 18020000 		.4byte	0x218
 463 0205 09       		.uleb128 0x9
 464 0206 01       		.uleb128 0x1
 465 0207 52       		.byte	0x52
 466 0208 03       		.uleb128 0x3
 467 0209 0A       		.byte	0xa
 468 020a 9001     		.2byte	0x190
 469 020c 09       		.uleb128 0x9
 470 020d 01       		.uleb128 0x1
 471 020e 51       		.byte	0x51
 472 020f 02       		.uleb128 0x2
 473 0210 09       		.byte	0x9
 474 0211 FF       		.byte	0xff
 475 0212 09       		.uleb128 0x9
 476 0213 01       		.uleb128 0x1
 477 0214 50       		.byte	0x50
 478 0215 01       		.uleb128 0x1
 479 0216 30       		.byte	0x30
 480 0217 00       		.byte	0
 481 0218 0A       		.uleb128 0xa
 482 0219 6C000000 		.4byte	.LVL22
 483 021d 64020000 		.4byte	0x264
 484 0221 09       		.uleb128 0x9
 485 0222 01       		.uleb128 0x1
 486 0223 51       		.byte	0x51
 487 0224 01       		.uleb128 0x1
 488 0225 30       		.byte	0x30
 489 0226 09       		.uleb128 0x9
 490 0227 01       		.uleb128 0x1
 491 0228 50       		.byte	0x50
 492 0229 02       		.uleb128 0x2
 493 022a 09       		.byte	0x9
 494 022b FF       		.byte	0xff
 495 022c 00       		.byte	0
 496 022d 00       		.byte	0
 497 022e 0C       		.uleb128 0xc
 498 022f BB000000 		.4byte	.LASF28
 499 0233 06       		.byte	0x6
 500 0234 9606     		.2byte	0x696
 501 0236 3A020000 		.4byte	0x23a
 502 023a 0D       		.uleb128 0xd
 503 023b 8C000000 		.4byte	0x8c
 504 023f 0E       		.uleb128 0xe
 505 0240 AC010000 		.4byte	.LASF22
 506 0244 05       		.byte	0x5
 507 0245 16       		.byte	0x16
 508 0246 64020000 		.4byte	0x264
 509 024a 0F       		.uleb128 0xf
 510 024b 97000000 		.4byte	0x97
 511 024f 0F       		.uleb128 0xf
 512 0250 97000000 		.4byte	0x97
ARM GAS  C:\Users\NHANPH~1\AppData\Local\Temp\ccRuP6fj.s 			page 11


 513 0254 0F       		.uleb128 0xf
 514 0255 97000000 		.4byte	0x97
 515 0259 0F       		.uleb128 0xf
 516 025a 97000000 		.4byte	0x97
 517 025e 0F       		.uleb128 0xf
 518 025f A3000000 		.4byte	0xa3
 519 0263 00       		.byte	0
 520 0264 0E       		.uleb128 0xe
 521 0265 C8000000 		.4byte	.LASF23
 522 0269 05       		.byte	0x5
 523 026a 0F       		.byte	0xf
 524 026b 7A020000 		.4byte	0x27a
 525 026f 0F       		.uleb128 0xf
 526 0270 97000000 		.4byte	0x97
 527 0274 0F       		.uleb128 0xf
 528 0275 A3000000 		.4byte	0xa3
 529 0279 00       		.byte	0
 530 027a 0E       		.uleb128 0xe
 531 027b 4E000000 		.4byte	.LASF24
 532 027f 05       		.byte	0x5
 533 0280 1A       		.byte	0x1a
 534 0281 90020000 		.4byte	0x290
 535 0285 0F       		.uleb128 0xf
 536 0286 97000000 		.4byte	0x97
 537 028a 0F       		.uleb128 0xf
 538 028b A3000000 		.4byte	0xa3
 539 028f 00       		.byte	0
 540 0290 10       		.uleb128 0x10
 541 0291 A1010000 		.4byte	.LASF29
 542 0295 05       		.byte	0x5
 543 0296 12       		.byte	0x12
 544 0297 0F       		.uleb128 0xf
 545 0298 97000000 		.4byte	0x97
 546 029c 0F       		.uleb128 0xf
 547 029d 97000000 		.4byte	0x97
 548 02a1 0F       		.uleb128 0xf
 549 02a2 A3000000 		.4byte	0xa3
 550 02a6 00       		.byte	0
 551 02a7 00       		.byte	0
 552              		.section	.debug_abbrev,"",%progbits
 553              	.Ldebug_abbrev0:
 554 0000 01       		.uleb128 0x1
 555 0001 11       		.uleb128 0x11
 556 0002 01       		.byte	0x1
 557 0003 25       		.uleb128 0x25
 558 0004 0E       		.uleb128 0xe
 559 0005 13       		.uleb128 0x13
 560 0006 0B       		.uleb128 0xb
 561 0007 03       		.uleb128 0x3
 562 0008 0E       		.uleb128 0xe
 563 0009 1B       		.uleb128 0x1b
 564 000a 0E       		.uleb128 0xe
 565 000b 55       		.uleb128 0x55
 566 000c 17       		.uleb128 0x17
 567 000d 11       		.uleb128 0x11
 568 000e 01       		.uleb128 0x1
 569 000f 10       		.uleb128 0x10
ARM GAS  C:\Users\NHANPH~1\AppData\Local\Temp\ccRuP6fj.s 			page 12


 570 0010 17       		.uleb128 0x17
 571 0011 00       		.byte	0
 572 0012 00       		.byte	0
 573 0013 02       		.uleb128 0x2
 574 0014 24       		.uleb128 0x24
 575 0015 00       		.byte	0
 576 0016 0B       		.uleb128 0xb
 577 0017 0B       		.uleb128 0xb
 578 0018 3E       		.uleb128 0x3e
 579 0019 0B       		.uleb128 0xb
 580 001a 03       		.uleb128 0x3
 581 001b 0E       		.uleb128 0xe
 582 001c 00       		.byte	0
 583 001d 00       		.byte	0
 584 001e 03       		.uleb128 0x3
 585 001f 16       		.uleb128 0x16
 586 0020 00       		.byte	0
 587 0021 03       		.uleb128 0x3
 588 0022 0E       		.uleb128 0xe
 589 0023 3A       		.uleb128 0x3a
 590 0024 0B       		.uleb128 0xb
 591 0025 3B       		.uleb128 0x3b
 592 0026 0B       		.uleb128 0xb
 593 0027 49       		.uleb128 0x49
 594 0028 13       		.uleb128 0x13
 595 0029 00       		.byte	0
 596 002a 00       		.byte	0
 597 002b 04       		.uleb128 0x4
 598 002c 24       		.uleb128 0x24
 599 002d 00       		.byte	0
 600 002e 0B       		.uleb128 0xb
 601 002f 0B       		.uleb128 0xb
 602 0030 3E       		.uleb128 0x3e
 603 0031 0B       		.uleb128 0xb
 604 0032 03       		.uleb128 0x3
 605 0033 08       		.uleb128 0x8
 606 0034 00       		.byte	0
 607 0035 00       		.byte	0
 608 0036 05       		.uleb128 0x5
 609 0037 16       		.uleb128 0x16
 610 0038 00       		.byte	0
 611 0039 03       		.uleb128 0x3
 612 003a 0E       		.uleb128 0xe
 613 003b 3A       		.uleb128 0x3a
 614 003c 0B       		.uleb128 0xb
 615 003d 3B       		.uleb128 0x3b
 616 003e 05       		.uleb128 0x5
 617 003f 49       		.uleb128 0x49
 618 0040 13       		.uleb128 0x13
 619 0041 00       		.byte	0
 620 0042 00       		.byte	0
 621 0043 06       		.uleb128 0x6
 622 0044 2E       		.uleb128 0x2e
 623 0045 01       		.byte	0x1
 624 0046 3F       		.uleb128 0x3f
 625 0047 19       		.uleb128 0x19
 626 0048 03       		.uleb128 0x3
ARM GAS  C:\Users\NHANPH~1\AppData\Local\Temp\ccRuP6fj.s 			page 13


 627 0049 0E       		.uleb128 0xe
 628 004a 3A       		.uleb128 0x3a
 629 004b 0B       		.uleb128 0xb
 630 004c 3B       		.uleb128 0x3b
 631 004d 0B       		.uleb128 0xb
 632 004e 27       		.uleb128 0x27
 633 004f 19       		.uleb128 0x19
 634 0050 11       		.uleb128 0x11
 635 0051 01       		.uleb128 0x1
 636 0052 12       		.uleb128 0x12
 637 0053 06       		.uleb128 0x6
 638 0054 40       		.uleb128 0x40
 639 0055 18       		.uleb128 0x18
 640 0056 9742     		.uleb128 0x2117
 641 0058 19       		.uleb128 0x19
 642 0059 01       		.uleb128 0x1
 643 005a 13       		.uleb128 0x13
 644 005b 00       		.byte	0
 645 005c 00       		.byte	0
 646 005d 07       		.uleb128 0x7
 647 005e 05       		.uleb128 0x5
 648 005f 00       		.byte	0
 649 0060 03       		.uleb128 0x3
 650 0061 0E       		.uleb128 0xe
 651 0062 3A       		.uleb128 0x3a
 652 0063 0B       		.uleb128 0xb
 653 0064 3B       		.uleb128 0x3b
 654 0065 0B       		.uleb128 0xb
 655 0066 49       		.uleb128 0x49
 656 0067 13       		.uleb128 0x13
 657 0068 02       		.uleb128 0x2
 658 0069 17       		.uleb128 0x17
 659 006a 00       		.byte	0
 660 006b 00       		.byte	0
 661 006c 08       		.uleb128 0x8
 662 006d 898201   		.uleb128 0x4109
 663 0070 01       		.byte	0x1
 664 0071 11       		.uleb128 0x11
 665 0072 01       		.uleb128 0x1
 666 0073 31       		.uleb128 0x31
 667 0074 13       		.uleb128 0x13
 668 0075 01       		.uleb128 0x1
 669 0076 13       		.uleb128 0x13
 670 0077 00       		.byte	0
 671 0078 00       		.byte	0
 672 0079 09       		.uleb128 0x9
 673 007a 8A8201   		.uleb128 0x410a
 674 007d 00       		.byte	0
 675 007e 02       		.uleb128 0x2
 676 007f 18       		.uleb128 0x18
 677 0080 9142     		.uleb128 0x2111
 678 0082 18       		.uleb128 0x18
 679 0083 00       		.byte	0
 680 0084 00       		.byte	0
 681 0085 0A       		.uleb128 0xa
 682 0086 898201   		.uleb128 0x4109
 683 0089 01       		.byte	0x1
ARM GAS  C:\Users\NHANPH~1\AppData\Local\Temp\ccRuP6fj.s 			page 14


 684 008a 11       		.uleb128 0x11
 685 008b 01       		.uleb128 0x1
 686 008c 31       		.uleb128 0x31
 687 008d 13       		.uleb128 0x13
 688 008e 00       		.byte	0
 689 008f 00       		.byte	0
 690 0090 0B       		.uleb128 0xb
 691 0091 05       		.uleb128 0x5
 692 0092 00       		.byte	0
 693 0093 03       		.uleb128 0x3
 694 0094 08       		.uleb128 0x8
 695 0095 3A       		.uleb128 0x3a
 696 0096 0B       		.uleb128 0xb
 697 0097 3B       		.uleb128 0x3b
 698 0098 0B       		.uleb128 0xb
 699 0099 49       		.uleb128 0x49
 700 009a 13       		.uleb128 0x13
 701 009b 02       		.uleb128 0x2
 702 009c 17       		.uleb128 0x17
 703 009d 00       		.byte	0
 704 009e 00       		.byte	0
 705 009f 0C       		.uleb128 0xc
 706 00a0 34       		.uleb128 0x34
 707 00a1 00       		.byte	0
 708 00a2 03       		.uleb128 0x3
 709 00a3 0E       		.uleb128 0xe
 710 00a4 3A       		.uleb128 0x3a
 711 00a5 0B       		.uleb128 0xb
 712 00a6 3B       		.uleb128 0x3b
 713 00a7 05       		.uleb128 0x5
 714 00a8 49       		.uleb128 0x49
 715 00a9 13       		.uleb128 0x13
 716 00aa 3F       		.uleb128 0x3f
 717 00ab 19       		.uleb128 0x19
 718 00ac 3C       		.uleb128 0x3c
 719 00ad 19       		.uleb128 0x19
 720 00ae 00       		.byte	0
 721 00af 00       		.byte	0
 722 00b0 0D       		.uleb128 0xd
 723 00b1 35       		.uleb128 0x35
 724 00b2 00       		.byte	0
 725 00b3 49       		.uleb128 0x49
 726 00b4 13       		.uleb128 0x13
 727 00b5 00       		.byte	0
 728 00b6 00       		.byte	0
 729 00b7 0E       		.uleb128 0xe
 730 00b8 2E       		.uleb128 0x2e
 731 00b9 01       		.byte	0x1
 732 00ba 3F       		.uleb128 0x3f
 733 00bb 19       		.uleb128 0x19
 734 00bc 03       		.uleb128 0x3
 735 00bd 0E       		.uleb128 0xe
 736 00be 3A       		.uleb128 0x3a
 737 00bf 0B       		.uleb128 0xb
 738 00c0 3B       		.uleb128 0x3b
 739 00c1 0B       		.uleb128 0xb
 740 00c2 27       		.uleb128 0x27
ARM GAS  C:\Users\NHANPH~1\AppData\Local\Temp\ccRuP6fj.s 			page 15


 741 00c3 19       		.uleb128 0x19
 742 00c4 3C       		.uleb128 0x3c
 743 00c5 19       		.uleb128 0x19
 744 00c6 01       		.uleb128 0x1
 745 00c7 13       		.uleb128 0x13
 746 00c8 00       		.byte	0
 747 00c9 00       		.byte	0
 748 00ca 0F       		.uleb128 0xf
 749 00cb 05       		.uleb128 0x5
 750 00cc 00       		.byte	0
 751 00cd 49       		.uleb128 0x49
 752 00ce 13       		.uleb128 0x13
 753 00cf 00       		.byte	0
 754 00d0 00       		.byte	0
 755 00d1 10       		.uleb128 0x10
 756 00d2 2E       		.uleb128 0x2e
 757 00d3 01       		.byte	0x1
 758 00d4 3F       		.uleb128 0x3f
 759 00d5 19       		.uleb128 0x19
 760 00d6 03       		.uleb128 0x3
 761 00d7 0E       		.uleb128 0xe
 762 00d8 3A       		.uleb128 0x3a
 763 00d9 0B       		.uleb128 0xb
 764 00da 3B       		.uleb128 0x3b
 765 00db 0B       		.uleb128 0xb
 766 00dc 27       		.uleb128 0x27
 767 00dd 19       		.uleb128 0x19
 768 00de 3C       		.uleb128 0x3c
 769 00df 19       		.uleb128 0x19
 770 00e0 00       		.byte	0
 771 00e1 00       		.byte	0
 772 00e2 00       		.byte	0
 773              		.section	.debug_loc,"",%progbits
 774              	.Ldebug_loc0:
 775              	.LLST0:
 776 0000 00000000 		.4byte	.LVL0
 777 0004 0E000000 		.4byte	.LVL1
 778 0008 0100     		.2byte	0x1
 779 000a 50       		.byte	0x50
 780 000b 0E000000 		.4byte	.LVL1
 781 000f 18000000 		.4byte	.LVL3
 782 0013 0400     		.2byte	0x4
 783 0015 F3       		.byte	0xf3
 784 0016 01       		.uleb128 0x1
 785 0017 50       		.byte	0x50
 786 0018 9F       		.byte	0x9f
 787 0019 18000000 		.4byte	.LVL3
 788 001d 1E000000 		.4byte	.LVL4
 789 0021 0100     		.2byte	0x1
 790 0023 50       		.byte	0x50
 791 0024 1E000000 		.4byte	.LVL4
 792 0028 2C000000 		.4byte	.LFE63
 793 002c 0400     		.2byte	0x4
 794 002e F3       		.byte	0xf3
 795 002f 01       		.uleb128 0x1
 796 0030 50       		.byte	0x50
 797 0031 9F       		.byte	0x9f
ARM GAS  C:\Users\NHANPH~1\AppData\Local\Temp\ccRuP6fj.s 			page 16


 798 0032 00000000 		.4byte	0
 799 0036 00000000 		.4byte	0
 800              	.LLST1:
 801 003a 00000000 		.4byte	.LVL6
 802 003e 18000000 		.4byte	.LVL7
 803 0042 0100     		.2byte	0x1
 804 0044 50       		.byte	0x50
 805 0045 18000000 		.4byte	.LVL7
 806 0049 20000000 		.4byte	.LVL10
 807 004d 0400     		.2byte	0x4
 808 004f F3       		.byte	0xf3
 809 0050 01       		.uleb128 0x1
 810 0051 50       		.byte	0x50
 811 0052 9F       		.byte	0x9f
 812 0053 20000000 		.4byte	.LVL10
 813 0057 2E000000 		.4byte	.LVL11
 814 005b 0100     		.2byte	0x1
 815 005d 50       		.byte	0x50
 816 005e 2E000000 		.4byte	.LVL11
 817 0062 42000000 		.4byte	.LVL15
 818 0066 0400     		.2byte	0x4
 819 0068 F3       		.byte	0xf3
 820 0069 01       		.uleb128 0x1
 821 006a 50       		.byte	0x50
 822 006b 9F       		.byte	0x9f
 823 006c 42000000 		.4byte	.LVL15
 824 0070 50000000 		.4byte	.LVL17
 825 0074 0100     		.2byte	0x1
 826 0076 50       		.byte	0x50
 827 0077 50000000 		.4byte	.LVL17
 828 007b 64000000 		.4byte	.LVL20
 829 007f 0400     		.2byte	0x4
 830 0081 F3       		.byte	0xf3
 831 0082 01       		.uleb128 0x1
 832 0083 50       		.byte	0x50
 833 0084 9F       		.byte	0x9f
 834 0085 64000000 		.4byte	.LVL20
 835 0089 66000000 		.4byte	.LVL21
 836 008d 0100     		.2byte	0x1
 837 008f 50       		.byte	0x50
 838 0090 66000000 		.4byte	.LVL21
 839 0094 6E000000 		.4byte	.LFE64
 840 0098 0400     		.2byte	0x4
 841 009a F3       		.byte	0xf3
 842 009b 01       		.uleb128 0x1
 843 009c 50       		.byte	0x50
 844 009d 9F       		.byte	0x9f
 845 009e 00000000 		.4byte	0
 846 00a2 00000000 		.4byte	0
 847              	.LLST2:
 848 00a6 00000000 		.4byte	.LVL6
 849 00aa 1A000000 		.4byte	.LVL8
 850 00ae 0100     		.2byte	0x1
 851 00b0 51       		.byte	0x51
 852 00b1 1A000000 		.4byte	.LVL8
 853 00b5 20000000 		.4byte	.LVL10
 854 00b9 0400     		.2byte	0x4
ARM GAS  C:\Users\NHANPH~1\AppData\Local\Temp\ccRuP6fj.s 			page 17


 855 00bb F3       		.byte	0xf3
 856 00bc 01       		.uleb128 0x1
 857 00bd 51       		.byte	0x51
 858 00be 9F       		.byte	0x9f
 859 00bf 20000000 		.4byte	.LVL10
 860 00c3 30000000 		.4byte	.LVL12
 861 00c7 0100     		.2byte	0x1
 862 00c9 51       		.byte	0x51
 863 00ca 30000000 		.4byte	.LVL12
 864 00ce 42000000 		.4byte	.LVL15
 865 00d2 0400     		.2byte	0x4
 866 00d4 F3       		.byte	0xf3
 867 00d5 01       		.uleb128 0x1
 868 00d6 51       		.byte	0x51
 869 00d7 9F       		.byte	0x9f
 870 00d8 42000000 		.4byte	.LVL15
 871 00dc 46000000 		.4byte	.LVL16
 872 00e0 0100     		.2byte	0x1
 873 00e2 51       		.byte	0x51
 874 00e3 46000000 		.4byte	.LVL16
 875 00e7 6E000000 		.4byte	.LFE64
 876 00eb 0400     		.2byte	0x4
 877 00ed F3       		.byte	0xf3
 878 00ee 01       		.uleb128 0x1
 879 00ef 51       		.byte	0x51
 880 00f0 9F       		.byte	0x9f
 881 00f1 00000000 		.4byte	0
 882 00f5 00000000 		.4byte	0
 883              	.LLST3:
 884 00f9 00000000 		.4byte	.LVL6
 885 00fd 1D000000 		.4byte	.LVL9-1
 886 0101 0100     		.2byte	0x1
 887 0103 52       		.byte	0x52
 888 0104 1D000000 		.4byte	.LVL9-1
 889 0108 20000000 		.4byte	.LVL10
 890 010c 0400     		.2byte	0x4
 891 010e F3       		.byte	0xf3
 892 010f 01       		.uleb128 0x1
 893 0110 52       		.byte	0x52
 894 0111 9F       		.byte	0x9f
 895 0112 20000000 		.4byte	.LVL10
 896 0116 33000000 		.4byte	.LVL13-1
 897 011a 0100     		.2byte	0x1
 898 011c 52       		.byte	0x52
 899 011d 33000000 		.4byte	.LVL13-1
 900 0121 42000000 		.4byte	.LVL15
 901 0125 0400     		.2byte	0x4
 902 0127 F3       		.byte	0xf3
 903 0128 01       		.uleb128 0x1
 904 0129 52       		.byte	0x52
 905 012a 9F       		.byte	0x9f
 906 012b 42000000 		.4byte	.LVL15
 907 012f 55000000 		.4byte	.LVL18-1
 908 0133 0100     		.2byte	0x1
 909 0135 52       		.byte	0x52
 910 0136 55000000 		.4byte	.LVL18-1
 911 013a 64000000 		.4byte	.LVL20
ARM GAS  C:\Users\NHANPH~1\AppData\Local\Temp\ccRuP6fj.s 			page 18


 912 013e 0400     		.2byte	0x4
 913 0140 F3       		.byte	0xf3
 914 0141 01       		.uleb128 0x1
 915 0142 52       		.byte	0x52
 916 0143 9F       		.byte	0x9f
 917 0144 64000000 		.4byte	.LVL20
 918 0148 6B000000 		.4byte	.LVL22-1
 919 014c 0100     		.2byte	0x1
 920 014e 52       		.byte	0x52
 921 014f 6B000000 		.4byte	.LVL22-1
 922 0153 6E000000 		.4byte	.LFE64
 923 0157 0400     		.2byte	0x4
 924 0159 F3       		.byte	0xf3
 925 015a 01       		.uleb128 0x1
 926 015b 52       		.byte	0x52
 927 015c 9F       		.byte	0x9f
 928 015d 00000000 		.4byte	0
 929 0161 00000000 		.4byte	0
 930              	.LLST4:
 931 0165 00000000 		.4byte	.LVL6
 932 0169 1D000000 		.4byte	.LVL9-1
 933 016d 0100     		.2byte	0x1
 934 016f 53       		.byte	0x53
 935 0170 1D000000 		.4byte	.LVL9-1
 936 0174 20000000 		.4byte	.LVL10
 937 0178 0400     		.2byte	0x4
 938 017a F3       		.byte	0xf3
 939 017b 01       		.uleb128 0x1
 940 017c 53       		.byte	0x53
 941 017d 9F       		.byte	0x9f
 942 017e 20000000 		.4byte	.LVL10
 943 0182 33000000 		.4byte	.LVL13-1
 944 0186 0100     		.2byte	0x1
 945 0188 53       		.byte	0x53
 946 0189 33000000 		.4byte	.LVL13-1
 947 018d 42000000 		.4byte	.LVL15
 948 0191 0400     		.2byte	0x4
 949 0193 F3       		.byte	0xf3
 950 0194 01       		.uleb128 0x1
 951 0195 53       		.byte	0x53
 952 0196 9F       		.byte	0x9f
 953 0197 42000000 		.4byte	.LVL15
 954 019b 55000000 		.4byte	.LVL18-1
 955 019f 0100     		.2byte	0x1
 956 01a1 53       		.byte	0x53
 957 01a2 55000000 		.4byte	.LVL18-1
 958 01a6 64000000 		.4byte	.LVL20
 959 01aa 0400     		.2byte	0x4
 960 01ac F3       		.byte	0xf3
 961 01ad 01       		.uleb128 0x1
 962 01ae 53       		.byte	0x53
 963 01af 9F       		.byte	0x9f
 964 01b0 64000000 		.4byte	.LVL20
 965 01b4 6B000000 		.4byte	.LVL22-1
 966 01b8 0100     		.2byte	0x1
 967 01ba 53       		.byte	0x53
 968 01bb 6B000000 		.4byte	.LVL22-1
ARM GAS  C:\Users\NHANPH~1\AppData\Local\Temp\ccRuP6fj.s 			page 19


 969 01bf 6E000000 		.4byte	.LFE64
 970 01c3 0400     		.2byte	0x4
 971 01c5 F3       		.byte	0xf3
 972 01c6 01       		.uleb128 0x1
 973 01c7 53       		.byte	0x53
 974 01c8 9F       		.byte	0x9f
 975 01c9 00000000 		.4byte	0
 976 01cd 00000000 		.4byte	0
 977              		.section	.debug_aranges,"",%progbits
 978 0000 24000000 		.4byte	0x24
 979 0004 0200     		.2byte	0x2
 980 0006 00000000 		.4byte	.Ldebug_info0
 981 000a 04       		.byte	0x4
 982 000b 00       		.byte	0
 983 000c 0000     		.2byte	0
 984 000e 0000     		.2byte	0
 985 0010 00000000 		.4byte	.LFB63
 986 0014 2C000000 		.4byte	.LFE63-.LFB63
 987 0018 00000000 		.4byte	.LFB64
 988 001c 6E000000 		.4byte	.LFE64-.LFB64
 989 0020 00000000 		.4byte	0
 990 0024 00000000 		.4byte	0
 991              		.section	.debug_ranges,"",%progbits
 992              	.Ldebug_ranges0:
 993 0000 00000000 		.4byte	.LFB63
 994 0004 2C000000 		.4byte	.LFE63
 995 0008 00000000 		.4byte	.LFB64
 996 000c 6E000000 		.4byte	.LFE64
 997 0010 00000000 		.4byte	0
 998 0014 00000000 		.4byte	0
 999              		.section	.debug_line,"",%progbits
 1000              	.Ldebug_line0:
 1001 0000 B3010000 		.section	.debug_str,"MS",%progbits,1
 1001      02006301 
 1001      00000201 
 1001      FB0E0D00 
 1001      01010101 
 1002              	.LASF27:
 1003 0000 433A5C55 		.ascii	"C:\\Users\\Nhan Phan\\Desktop\\CProjects\\Zumobot\\"
 1003      73657273 
 1003      5C4E6861 
 1003      6E205068 
 1003      616E5C44 
 1004 002d 5A756D6F 		.ascii	"ZumoBot.cydsn\000"
 1004      426F742E 
 1004      63796473 
 1004      6E00
 1005              	.LASF5:
 1006 003b 5F5F696E 		.ascii	"__int32_t\000"
 1006      7433325F 
 1006      7400
 1007              	.LASF6:
 1008 0045 6C6F6E67 		.ascii	"long int\000"
 1008      20696E74 
 1008      00
 1009              	.LASF24:
 1010 004e 6D6F746F 		.ascii	"motor_backward\000"
ARM GAS  C:\Users\NHANPH~1\AppData\Local\Temp\ccRuP6fj.s 			page 20


 1010      725F6261 
 1010      636B7761 
 1010      726400
 1011              	.LASF21:
 1012 005d 64697265 		.ascii	"direction\000"
 1012      6374696F 
 1012      6E00
 1013              	.LASF26:
 1014 0067 53756D6F 		.ascii	"Sumoing.c\000"
 1014      696E672E 
 1014      6300
 1015              	.LASF15:
 1016 0071 666C6F61 		.ascii	"float\000"
 1016      7400
 1017              	.LASF13:
 1018 0077 75696E74 		.ascii	"uint8\000"
 1018      3800
 1019              	.LASF1:
 1020 007d 756E7369 		.ascii	"unsigned char\000"
 1020      676E6564 
 1020      20636861 
 1020      7200
 1021              	.LASF7:
 1022 008b 6C6F6E67 		.ascii	"long unsigned int\000"
 1022      20756E73 
 1022      69676E65 
 1022      6420696E 
 1022      7400
 1023              	.LASF3:
 1024 009d 73686F72 		.ascii	"short unsigned int\000"
 1024      7420756E 
 1024      7369676E 
 1024      65642069 
 1024      6E7400
 1025              	.LASF19:
 1026 00b0 4D795475 		.ascii	"MyTurnSumo\000"
 1026      726E5375 
 1026      6D6F00
 1027              	.LASF28:
 1028 00bb 49544D5F 		.ascii	"ITM_RxBuffer\000"
 1028      52784275 
 1028      66666572 
 1028      00
 1029              	.LASF23:
 1030 00c8 6D6F746F 		.ascii	"motor_forward\000"
 1030      725F666F 
 1030      72776172 
 1030      6400
 1031              	.LASF4:
 1032 00d6 5F5F7569 		.ascii	"__uint16_t\000"
 1032      6E743136 
 1032      5F7400
 1033              	.LASF16:
 1034 00e1 646F7562 		.ascii	"double\000"
 1034      6C6500
 1035              	.LASF14:
 1036 00e8 75696E74 		.ascii	"uint32\000"
ARM GAS  C:\Users\NHANPH~1\AppData\Local\Temp\ccRuP6fj.s 			page 21


 1036      333200
 1037              	.LASF25:
 1038 00ef 474E5520 		.ascii	"GNU C 4.9.3 20150303 (release) [ARM/embedded-4_9-br"
 1038      4320342E 
 1038      392E3320 
 1038      32303135 
 1038      30333033 
 1039 0122 616E6368 		.ascii	"anch revision 221220] -mcpu=cortex-m3 -mthumb -g -O"
 1039      20726576 
 1039      6973696F 
 1039      6E203232 
 1039      31323230 
 1040 0155 67202D66 		.ascii	"g -ffunction-sections -ffat-lto-objects\000"
 1040      66756E63 
 1040      74696F6E 
 1040      2D736563 
 1040      74696F6E 
 1041              	.LASF10:
 1042 017d 756E7369 		.ascii	"unsigned int\000"
 1042      676E6564 
 1042      20696E74 
 1042      00
 1043              	.LASF9:
 1044 018a 6C6F6E67 		.ascii	"long long unsigned int\000"
 1044      206C6F6E 
 1044      6720756E 
 1044      7369676E 
 1044      65642069 
 1045              	.LASF29:
 1046 01a1 6D6F746F 		.ascii	"motor_turn\000"
 1046      725F7475 
 1046      726E00
 1047              	.LASF22:
 1048 01ac 6D6F746F 		.ascii	"motor_turn_adv\000"
 1048      725F7475 
 1048      726E5F61 
 1048      647600
 1049              	.LASF12:
 1050 01bb 696E7433 		.ascii	"int32_t\000"
 1050      325F7400 
 1051              	.LASF18:
 1052 01c3 73697A65 		.ascii	"sizetype\000"
 1052      74797065 
 1052      00
 1053              	.LASF8:
 1054 01cc 6C6F6E67 		.ascii	"long long int\000"
 1054      206C6F6E 
 1054      6720696E 
 1054      7400
 1055              	.LASF17:
 1056 01da 63686172 		.ascii	"char\000"
 1056      00
 1057              	.LASF2:
 1058 01df 73686F72 		.ascii	"short int\000"
 1058      7420696E 
 1058      7400
 1059              	.LASF11:
ARM GAS  C:\Users\NHANPH~1\AppData\Local\Temp\ccRuP6fj.s 			page 22


 1060 01e9 75696E74 		.ascii	"uint16_t\000"
 1060      31365F74 
 1060      00
 1061              	.LASF20:
 1062 01f2 53756D6F 		.ascii	"Sumoing\000"
 1062      696E6700 
 1063              	.LASF0:
 1064 01fa 7369676E 		.ascii	"signed char\000"
 1064      65642063 
 1064      68617200 
 1065              		.ident	"GCC: (GNU Tools for ARM Embedded Processors) 4.9.3 20150303 (release) [ARM/embedded-4_9-br
