ARM GAS  C:\Users\NHANPH~1\AppData\Local\Temp\cc1ni5EM.s 			page 1


   1              		.syntax unified
   2              		.cpu cortex-m3
   3              		.fpu softvfp
   4              		.eabi_attribute 20, 1
   5              		.eabi_attribute 21, 1
   6              		.eabi_attribute 23, 3
   7              		.eabi_attribute 24, 1
   8              		.eabi_attribute 25, 1
   9              		.eabi_attribute 26, 1
  10              		.eabi_attribute 30, 1
  11              		.eabi_attribute 34, 1
  12              		.eabi_attribute 18, 4
  13              		.thumb
  14              		.file	"Timer_PM.c"
  15              		.text
  16              	.Ltext0:
  17              		.cfi_sections	.debug_frame
  18              		.section	.text.Timer_SaveConfig,"ax",%progbits
  19              		.align	2
  20              		.global	Timer_SaveConfig
  21              		.thumb
  22              		.thumb_func
  23              		.type	Timer_SaveConfig, %function
  24              	Timer_SaveConfig:
  25              	.LFB0:
  26              		.file 1 "Generated_Source\\PSoC5\\Timer_PM.c"
   1:Generated_Source\PSoC5/Timer_PM.c **** /*******************************************************************************
   2:Generated_Source\PSoC5/Timer_PM.c **** * File Name: Timer_PM.c
   3:Generated_Source\PSoC5/Timer_PM.c **** * Version 2.70
   4:Generated_Source\PSoC5/Timer_PM.c **** *
   5:Generated_Source\PSoC5/Timer_PM.c **** *  Description:
   6:Generated_Source\PSoC5/Timer_PM.c **** *     This file provides the power management source code to API for the
   7:Generated_Source\PSoC5/Timer_PM.c **** *     Timer.
   8:Generated_Source\PSoC5/Timer_PM.c **** *
   9:Generated_Source\PSoC5/Timer_PM.c **** *   Note:
  10:Generated_Source\PSoC5/Timer_PM.c **** *     None
  11:Generated_Source\PSoC5/Timer_PM.c **** *
  12:Generated_Source\PSoC5/Timer_PM.c **** *******************************************************************************
  13:Generated_Source\PSoC5/Timer_PM.c **** * Copyright 2008-2014, Cypress Semiconductor Corporation.  All rights reserved.
  14:Generated_Source\PSoC5/Timer_PM.c **** * You may use this file only in accordance with the license, terms, conditions,
  15:Generated_Source\PSoC5/Timer_PM.c **** * disclaimers, and limitations in the end user license agreement accompanying
  16:Generated_Source\PSoC5/Timer_PM.c **** * the software package with which this file was provided.
  17:Generated_Source\PSoC5/Timer_PM.c **** ********************************************************************************/
  18:Generated_Source\PSoC5/Timer_PM.c **** 
  19:Generated_Source\PSoC5/Timer_PM.c **** #include "Timer.h"
  20:Generated_Source\PSoC5/Timer_PM.c **** 
  21:Generated_Source\PSoC5/Timer_PM.c **** static Timer_backupStruct Timer_backup;
  22:Generated_Source\PSoC5/Timer_PM.c **** 
  23:Generated_Source\PSoC5/Timer_PM.c **** 
  24:Generated_Source\PSoC5/Timer_PM.c **** /*******************************************************************************
  25:Generated_Source\PSoC5/Timer_PM.c **** * Function Name: Timer_SaveConfig
  26:Generated_Source\PSoC5/Timer_PM.c **** ********************************************************************************
  27:Generated_Source\PSoC5/Timer_PM.c **** *
  28:Generated_Source\PSoC5/Timer_PM.c **** * Summary:
  29:Generated_Source\PSoC5/Timer_PM.c **** *     Save the current user configuration
  30:Generated_Source\PSoC5/Timer_PM.c **** *
  31:Generated_Source\PSoC5/Timer_PM.c **** * Parameters:
ARM GAS  C:\Users\NHANPH~1\AppData\Local\Temp\cc1ni5EM.s 			page 2


  32:Generated_Source\PSoC5/Timer_PM.c **** *  void
  33:Generated_Source\PSoC5/Timer_PM.c **** *
  34:Generated_Source\PSoC5/Timer_PM.c **** * Return:
  35:Generated_Source\PSoC5/Timer_PM.c **** *  void
  36:Generated_Source\PSoC5/Timer_PM.c **** *
  37:Generated_Source\PSoC5/Timer_PM.c **** * Global variables:
  38:Generated_Source\PSoC5/Timer_PM.c **** *  Timer_backup:  Variables of this global structure are modified to
  39:Generated_Source\PSoC5/Timer_PM.c **** *  store the values of non retention configuration registers when Sleep() API is
  40:Generated_Source\PSoC5/Timer_PM.c **** *  called.
  41:Generated_Source\PSoC5/Timer_PM.c **** *
  42:Generated_Source\PSoC5/Timer_PM.c **** *******************************************************************************/
  43:Generated_Source\PSoC5/Timer_PM.c **** void Timer_SaveConfig(void) 
  44:Generated_Source\PSoC5/Timer_PM.c **** {
  27              		.loc 1 44 0
  28              		.cfi_startproc
  29              		@ args = 0, pretend = 0, frame = 0
  30              		@ frame_needed = 0, uses_anonymous_args = 0
  31 0000 08B5     		push	{r3, lr}
  32              		.cfi_def_cfa_offset 8
  33              		.cfi_offset 3, -8
  34              		.cfi_offset 14, -4
  45:Generated_Source\PSoC5/Timer_PM.c ****     #if (!Timer_UsingFixedFunction)
  46:Generated_Source\PSoC5/Timer_PM.c ****         Timer_backup.TimerUdb = Timer_ReadCounter();
  35              		.loc 1 46 0
  36 0002 FFF7FEFF 		bl	Timer_ReadCounter
  37              	.LVL0:
  38 0006 034B     		ldr	r3, .L3
  39 0008 5880     		strh	r0, [r3, #2]	@ movhi
  47:Generated_Source\PSoC5/Timer_PM.c ****         Timer_backup.InterruptMaskValue = Timer_STATUS_MASK;
  40              		.loc 1 47 0
  41 000a 034A     		ldr	r2, .L3+4
  42 000c 1278     		ldrb	r2, [r2]	@ zero_extendqisi2
  43 000e 1A71     		strb	r2, [r3, #4]
  44 0010 08BD     		pop	{r3, pc}
  45              	.L4:
  46 0012 00BF     		.align	2
  47              	.L3:
  48 0014 00000000 		.word	.LANCHOR0
  49 0018 8C640040 		.word	1073767564
  50              		.cfi_endproc
  51              	.LFE0:
  52              		.size	Timer_SaveConfig, .-Timer_SaveConfig
  53              		.section	.text.Timer_RestoreConfig,"ax",%progbits
  54              		.align	2
  55              		.global	Timer_RestoreConfig
  56              		.thumb
  57              		.thumb_func
  58              		.type	Timer_RestoreConfig, %function
  59              	Timer_RestoreConfig:
  60              	.LFB1:
  48:Generated_Source\PSoC5/Timer_PM.c ****         #if (Timer_UsingHWCaptureCounter)
  49:Generated_Source\PSoC5/Timer_PM.c ****             Timer_backup.TimerCaptureCounter = Timer_ReadCaptureCount();
  50:Generated_Source\PSoC5/Timer_PM.c ****         #endif /* Back Up capture counter register  */
  51:Generated_Source\PSoC5/Timer_PM.c **** 
  52:Generated_Source\PSoC5/Timer_PM.c ****         #if(!Timer_UDB_CONTROL_REG_REMOVED)
  53:Generated_Source\PSoC5/Timer_PM.c ****             Timer_backup.TimerControlRegister = Timer_ReadControlRegister();
  54:Generated_Source\PSoC5/Timer_PM.c ****         #endif /* Backup the enable state of the Timer component */
ARM GAS  C:\Users\NHANPH~1\AppData\Local\Temp\cc1ni5EM.s 			page 3


  55:Generated_Source\PSoC5/Timer_PM.c ****     #endif /* Backup non retention registers in UDB implementation. All fixed function registers ar
  56:Generated_Source\PSoC5/Timer_PM.c **** }
  57:Generated_Source\PSoC5/Timer_PM.c **** 
  58:Generated_Source\PSoC5/Timer_PM.c **** 
  59:Generated_Source\PSoC5/Timer_PM.c **** /*******************************************************************************
  60:Generated_Source\PSoC5/Timer_PM.c **** * Function Name: Timer_RestoreConfig
  61:Generated_Source\PSoC5/Timer_PM.c **** ********************************************************************************
  62:Generated_Source\PSoC5/Timer_PM.c **** *
  63:Generated_Source\PSoC5/Timer_PM.c **** * Summary:
  64:Generated_Source\PSoC5/Timer_PM.c **** *  Restores the current user configuration.
  65:Generated_Source\PSoC5/Timer_PM.c **** *
  66:Generated_Source\PSoC5/Timer_PM.c **** * Parameters:
  67:Generated_Source\PSoC5/Timer_PM.c **** *  void
  68:Generated_Source\PSoC5/Timer_PM.c **** *
  69:Generated_Source\PSoC5/Timer_PM.c **** * Return:
  70:Generated_Source\PSoC5/Timer_PM.c **** *  void
  71:Generated_Source\PSoC5/Timer_PM.c **** *
  72:Generated_Source\PSoC5/Timer_PM.c **** * Global variables:
  73:Generated_Source\PSoC5/Timer_PM.c **** *  Timer_backup:  Variables of this global structure are used to
  74:Generated_Source\PSoC5/Timer_PM.c **** *  restore the values of non retention registers on wakeup from sleep mode.
  75:Generated_Source\PSoC5/Timer_PM.c **** *
  76:Generated_Source\PSoC5/Timer_PM.c **** *******************************************************************************/
  77:Generated_Source\PSoC5/Timer_PM.c **** void Timer_RestoreConfig(void) 
  78:Generated_Source\PSoC5/Timer_PM.c **** {   
  61              		.loc 1 78 0
  62              		.cfi_startproc
  63              		@ args = 0, pretend = 0, frame = 0
  64              		@ frame_needed = 0, uses_anonymous_args = 0
  65 0000 10B5     		push	{r4, lr}
  66              		.cfi_def_cfa_offset 8
  67              		.cfi_offset 4, -8
  68              		.cfi_offset 14, -4
  79:Generated_Source\PSoC5/Timer_PM.c ****     #if (!Timer_UsingFixedFunction)
  80:Generated_Source\PSoC5/Timer_PM.c **** 
  81:Generated_Source\PSoC5/Timer_PM.c ****         Timer_WriteCounter(Timer_backup.TimerUdb);
  69              		.loc 1 81 0
  70 0002 044C     		ldr	r4, .L7
  71 0004 6088     		ldrh	r0, [r4, #2]
  72 0006 FFF7FEFF 		bl	Timer_WriteCounter
  73              	.LVL1:
  82:Generated_Source\PSoC5/Timer_PM.c ****         Timer_STATUS_MASK =Timer_backup.InterruptMaskValue;
  74              		.loc 1 82 0
  75 000a 2279     		ldrb	r2, [r4, #4]	@ zero_extendqisi2
  76 000c 024B     		ldr	r3, .L7+4
  77 000e 1A70     		strb	r2, [r3]
  78 0010 10BD     		pop	{r4, pc}
  79              	.L8:
  80 0012 00BF     		.align	2
  81              	.L7:
  82 0014 00000000 		.word	.LANCHOR0
  83 0018 8C640040 		.word	1073767564
  84              		.cfi_endproc
  85              	.LFE1:
  86              		.size	Timer_RestoreConfig, .-Timer_RestoreConfig
  87              		.section	.text.Timer_Sleep,"ax",%progbits
  88              		.align	2
  89              		.global	Timer_Sleep
ARM GAS  C:\Users\NHANPH~1\AppData\Local\Temp\cc1ni5EM.s 			page 4


  90              		.thumb
  91              		.thumb_func
  92              		.type	Timer_Sleep, %function
  93              	Timer_Sleep:
  94              	.LFB2:
  83:Generated_Source\PSoC5/Timer_PM.c ****         #if (Timer_UsingHWCaptureCounter)
  84:Generated_Source\PSoC5/Timer_PM.c ****             Timer_SetCaptureCount(Timer_backup.TimerCaptureCounter);
  85:Generated_Source\PSoC5/Timer_PM.c ****         #endif /* Restore Capture counter register*/
  86:Generated_Source\PSoC5/Timer_PM.c **** 
  87:Generated_Source\PSoC5/Timer_PM.c ****         #if(!Timer_UDB_CONTROL_REG_REMOVED)
  88:Generated_Source\PSoC5/Timer_PM.c ****             Timer_WriteControlRegister(Timer_backup.TimerControlRegister);
  89:Generated_Source\PSoC5/Timer_PM.c ****         #endif /* Restore the enable state of the Timer component */
  90:Generated_Source\PSoC5/Timer_PM.c ****     #endif /* Restore non retention registers in the UDB implementation only */
  91:Generated_Source\PSoC5/Timer_PM.c **** }
  92:Generated_Source\PSoC5/Timer_PM.c **** 
  93:Generated_Source\PSoC5/Timer_PM.c **** 
  94:Generated_Source\PSoC5/Timer_PM.c **** /*******************************************************************************
  95:Generated_Source\PSoC5/Timer_PM.c **** * Function Name: Timer_Sleep
  96:Generated_Source\PSoC5/Timer_PM.c **** ********************************************************************************
  97:Generated_Source\PSoC5/Timer_PM.c **** *
  98:Generated_Source\PSoC5/Timer_PM.c **** * Summary:
  99:Generated_Source\PSoC5/Timer_PM.c **** *     Stop and Save the user configuration
 100:Generated_Source\PSoC5/Timer_PM.c **** *
 101:Generated_Source\PSoC5/Timer_PM.c **** * Parameters:
 102:Generated_Source\PSoC5/Timer_PM.c **** *  void
 103:Generated_Source\PSoC5/Timer_PM.c **** *
 104:Generated_Source\PSoC5/Timer_PM.c **** * Return:
 105:Generated_Source\PSoC5/Timer_PM.c **** *  void
 106:Generated_Source\PSoC5/Timer_PM.c **** *
 107:Generated_Source\PSoC5/Timer_PM.c **** * Global variables:
 108:Generated_Source\PSoC5/Timer_PM.c **** *  Timer_backup.TimerEnableState:  Is modified depending on the
 109:Generated_Source\PSoC5/Timer_PM.c **** *  enable state of the block before entering sleep mode.
 110:Generated_Source\PSoC5/Timer_PM.c **** *
 111:Generated_Source\PSoC5/Timer_PM.c **** *******************************************************************************/
 112:Generated_Source\PSoC5/Timer_PM.c **** void Timer_Sleep(void) 
 113:Generated_Source\PSoC5/Timer_PM.c **** {
  95              		.loc 1 113 0
  96              		.cfi_startproc
  97              		@ args = 0, pretend = 0, frame = 0
  98              		@ frame_needed = 0, uses_anonymous_args = 0
  99 0000 08B5     		push	{r3, lr}
 100              		.cfi_def_cfa_offset 8
 101              		.cfi_offset 3, -8
 102              		.cfi_offset 14, -4
 114:Generated_Source\PSoC5/Timer_PM.c ****     #if(!Timer_UDB_CONTROL_REG_REMOVED)
 115:Generated_Source\PSoC5/Timer_PM.c ****         /* Save Counter's enable state */
 116:Generated_Source\PSoC5/Timer_PM.c ****         if(Timer_CTRL_ENABLE == (Timer_CONTROL & Timer_CTRL_ENABLE))
 117:Generated_Source\PSoC5/Timer_PM.c ****         {
 118:Generated_Source\PSoC5/Timer_PM.c ****             /* Timer is enabled */
 119:Generated_Source\PSoC5/Timer_PM.c ****             Timer_backup.TimerEnableState = 1u;
 120:Generated_Source\PSoC5/Timer_PM.c ****         }
 121:Generated_Source\PSoC5/Timer_PM.c ****         else
 122:Generated_Source\PSoC5/Timer_PM.c ****         {
 123:Generated_Source\PSoC5/Timer_PM.c ****             /* Timer is disabled */
 124:Generated_Source\PSoC5/Timer_PM.c ****             Timer_backup.TimerEnableState = 0u;
 125:Generated_Source\PSoC5/Timer_PM.c ****         }
 126:Generated_Source\PSoC5/Timer_PM.c ****     #endif /* Back up enable state from the Timer control register */
ARM GAS  C:\Users\NHANPH~1\AppData\Local\Temp\cc1ni5EM.s 			page 5


 127:Generated_Source\PSoC5/Timer_PM.c ****     Timer_Stop();
 103              		.loc 1 127 0
 104 0002 FFF7FEFF 		bl	Timer_Stop
 105              	.LVL2:
 128:Generated_Source\PSoC5/Timer_PM.c ****     Timer_SaveConfig();
 106              		.loc 1 128 0
 107 0006 FFF7FEFF 		bl	Timer_SaveConfig
 108              	.LVL3:
 109 000a 08BD     		pop	{r3, pc}
 110              		.cfi_endproc
 111              	.LFE2:
 112              		.size	Timer_Sleep, .-Timer_Sleep
 113              		.section	.text.Timer_Wakeup,"ax",%progbits
 114              		.align	2
 115              		.global	Timer_Wakeup
 116              		.thumb
 117              		.thumb_func
 118              		.type	Timer_Wakeup, %function
 119              	Timer_Wakeup:
 120              	.LFB3:
 129:Generated_Source\PSoC5/Timer_PM.c **** }
 130:Generated_Source\PSoC5/Timer_PM.c **** 
 131:Generated_Source\PSoC5/Timer_PM.c **** 
 132:Generated_Source\PSoC5/Timer_PM.c **** /*******************************************************************************
 133:Generated_Source\PSoC5/Timer_PM.c **** * Function Name: Timer_Wakeup
 134:Generated_Source\PSoC5/Timer_PM.c **** ********************************************************************************
 135:Generated_Source\PSoC5/Timer_PM.c **** *
 136:Generated_Source\PSoC5/Timer_PM.c **** * Summary:
 137:Generated_Source\PSoC5/Timer_PM.c **** *  Restores and enables the user configuration
 138:Generated_Source\PSoC5/Timer_PM.c **** *
 139:Generated_Source\PSoC5/Timer_PM.c **** * Parameters:
 140:Generated_Source\PSoC5/Timer_PM.c **** *  void
 141:Generated_Source\PSoC5/Timer_PM.c **** *
 142:Generated_Source\PSoC5/Timer_PM.c **** * Return:
 143:Generated_Source\PSoC5/Timer_PM.c **** *  void
 144:Generated_Source\PSoC5/Timer_PM.c **** *
 145:Generated_Source\PSoC5/Timer_PM.c **** * Global variables:
 146:Generated_Source\PSoC5/Timer_PM.c **** *  Timer_backup.enableState:  Is used to restore the enable state of
 147:Generated_Source\PSoC5/Timer_PM.c **** *  block on wakeup from sleep mode.
 148:Generated_Source\PSoC5/Timer_PM.c **** *
 149:Generated_Source\PSoC5/Timer_PM.c **** *******************************************************************************/
 150:Generated_Source\PSoC5/Timer_PM.c **** void Timer_Wakeup(void) 
 151:Generated_Source\PSoC5/Timer_PM.c **** {
 121              		.loc 1 151 0
 122              		.cfi_startproc
 123              		@ args = 0, pretend = 0, frame = 0
 124              		@ frame_needed = 0, uses_anonymous_args = 0
 125 0000 08B5     		push	{r3, lr}
 126              		.cfi_def_cfa_offset 8
 127              		.cfi_offset 3, -8
 128              		.cfi_offset 14, -4
 152:Generated_Source\PSoC5/Timer_PM.c ****     Timer_RestoreConfig();
 129              		.loc 1 152 0
 130 0002 FFF7FEFF 		bl	Timer_RestoreConfig
 131              	.LVL4:
 132 0006 08BD     		pop	{r3, pc}
 133              		.cfi_endproc
ARM GAS  C:\Users\NHANPH~1\AppData\Local\Temp\cc1ni5EM.s 			page 6


 134              	.LFE3:
 135              		.size	Timer_Wakeup, .-Timer_Wakeup
 136              		.bss
 137              		.align	2
 138              		.set	.LANCHOR0,. + 0
 139              		.type	Timer_backup, %object
 140              		.size	Timer_backup, 6
 141              	Timer_backup:
 142 0000 00000000 		.space	6
 142      0000
 143 0006 0000     		.text
 144              	.Letext0:
 145              		.file 2 "Generated_Source\\PSoC5\\cytypes.h"
 146              		.file 3 "Generated_Source\\PSoC5\\Timer.h"
 147              		.section	.debug_info,"",%progbits
 148              	.Ldebug_info0:
 149 0000 9E010000 		.4byte	0x19e
 150 0004 0400     		.2byte	0x4
 151 0006 00000000 		.4byte	.Ldebug_abbrev0
 152 000a 04       		.byte	0x4
 153 000b 01       		.uleb128 0x1
 154 000c 44010000 		.4byte	.LASF24
 155 0010 01       		.byte	0x1
 156 0011 AF000000 		.4byte	.LASF25
 157 0015 11000000 		.4byte	.LASF26
 158 0019 00000000 		.4byte	.Ldebug_ranges0+0
 159 001d 00000000 		.4byte	0
 160 0021 00000000 		.4byte	.Ldebug_line0
 161 0025 02       		.uleb128 0x2
 162 0026 01       		.byte	0x1
 163 0027 06       		.byte	0x6
 164 0028 38020000 		.4byte	.LASF0
 165 002c 02       		.uleb128 0x2
 166 002d 01       		.byte	0x1
 167 002e 08       		.byte	0x8
 168 002f D1000000 		.4byte	.LASF1
 169 0033 02       		.uleb128 0x2
 170 0034 02       		.byte	0x2
 171 0035 05       		.byte	0x5
 172 0036 12020000 		.4byte	.LASF2
 173 003a 02       		.uleb128 0x2
 174 003b 02       		.byte	0x2
 175 003c 07       		.byte	0x7
 176 003d 5E000000 		.4byte	.LASF3
 177 0041 02       		.uleb128 0x2
 178 0042 04       		.byte	0x4
 179 0043 05       		.byte	0x5
 180 0044 2F020000 		.4byte	.LASF4
 181 0048 02       		.uleb128 0x2
 182 0049 04       		.byte	0x4
 183 004a 07       		.byte	0x7
 184 004b FD000000 		.4byte	.LASF5
 185 004f 02       		.uleb128 0x2
 186 0050 08       		.byte	0x8
 187 0051 05       		.byte	0x5
 188 0052 FF010000 		.4byte	.LASF6
 189 0056 02       		.uleb128 0x2
ARM GAS  C:\Users\NHANPH~1\AppData\Local\Temp\cc1ni5EM.s 			page 7


 190 0057 08       		.byte	0x8
 191 0058 07       		.byte	0x7
 192 0059 DF010000 		.4byte	.LASF7
 193 005d 03       		.uleb128 0x3
 194 005e 04       		.byte	0x4
 195 005f 05       		.byte	0x5
 196 0060 696E7400 		.ascii	"int\000"
 197 0064 02       		.uleb128 0x2
 198 0065 04       		.byte	0x4
 199 0066 07       		.byte	0x7
 200 0067 D2010000 		.4byte	.LASF8
 201 006b 04       		.uleb128 0x4
 202 006c 0F010000 		.4byte	.LASF9
 203 0070 02       		.byte	0x2
 204 0071 9201     		.2byte	0x192
 205 0073 2C000000 		.4byte	0x2c
 206 0077 04       		.uleb128 0x4
 207 0078 3D010000 		.4byte	.LASF10
 208 007c 02       		.byte	0x2
 209 007d 9301     		.2byte	0x193
 210 007f 3A000000 		.4byte	0x3a
 211 0083 02       		.uleb128 0x2
 212 0084 04       		.byte	0x4
 213 0085 04       		.byte	0x4
 214 0086 96000000 		.4byte	.LASF11
 215 008a 02       		.uleb128 0x2
 216 008b 08       		.byte	0x8
 217 008c 04       		.byte	0x4
 218 008d 36010000 		.4byte	.LASF12
 219 0091 02       		.uleb128 0x2
 220 0092 01       		.byte	0x1
 221 0093 08       		.byte	0x8
 222 0094 0D020000 		.4byte	.LASF13
 223 0098 04       		.uleb128 0x4
 224 0099 DF000000 		.4byte	.LASF14
 225 009d 02       		.byte	0x2
 226 009e 3C02     		.2byte	0x23c
 227 00a0 A4000000 		.4byte	0xa4
 228 00a4 05       		.uleb128 0x5
 229 00a5 6B000000 		.4byte	0x6b
 230 00a9 02       		.uleb128 0x2
 231 00aa 04       		.byte	0x4
 232 00ab 07       		.byte	0x7
 233 00ac F6010000 		.4byte	.LASF15
 234 00b0 06       		.uleb128 0x6
 235 00b1 06       		.byte	0x6
 236 00b2 03       		.byte	0x3
 237 00b3 43       		.byte	0x43
 238 00b4 DD000000 		.4byte	0xdd
 239 00b8 07       		.uleb128 0x7
 240 00b9 00000000 		.4byte	.LASF16
 241 00bd 03       		.byte	0x3
 242 00be 45       		.byte	0x45
 243 00bf 6B000000 		.4byte	0x6b
 244 00c3 00       		.byte	0
 245 00c4 07       		.uleb128 0x7
 246 00c5 82000000 		.4byte	.LASF17
ARM GAS  C:\Users\NHANPH~1\AppData\Local\Temp\cc1ni5EM.s 			page 8


 247 00c9 03       		.byte	0x3
 248 00ca 48       		.byte	0x48
 249 00cb 77000000 		.4byte	0x77
 250 00cf 02       		.byte	0x2
 251 00d0 07       		.uleb128 0x7
 252 00d1 44020000 		.4byte	.LASF18
 253 00d5 03       		.byte	0x3
 254 00d6 49       		.byte	0x49
 255 00d7 6B000000 		.4byte	0x6b
 256 00db 04       		.byte	0x4
 257 00dc 00       		.byte	0
 258 00dd 08       		.uleb128 0x8
 259 00de 9C000000 		.4byte	.LASF19
 260 00e2 03       		.byte	0x3
 261 00e3 53       		.byte	0x53
 262 00e4 B0000000 		.4byte	0xb0
 263 00e8 09       		.uleb128 0x9
 264 00e9 71000000 		.4byte	.LASF20
 265 00ed 01       		.byte	0x1
 266 00ee 2B       		.byte	0x2b
 267 00ef 00000000 		.4byte	.LFB0
 268 00f3 1C000000 		.4byte	.LFE0-.LFB0
 269 00f7 01       		.uleb128 0x1
 270 00f8 9C       		.byte	0x9c
 271 00f9 07010000 		.4byte	0x107
 272 00fd 0A       		.uleb128 0xa
 273 00fe 06000000 		.4byte	.LVL0
 274 0102 7E010000 		.4byte	0x17e
 275 0106 00       		.byte	0
 276 0107 09       		.uleb128 0x9
 277 0108 15010000 		.4byte	.LASF21
 278 010c 01       		.byte	0x1
 279 010d 4D       		.byte	0x4d
 280 010e 00000000 		.4byte	.LFB1
 281 0112 1C000000 		.4byte	.LFE1-.LFB1
 282 0116 01       		.uleb128 0x1
 283 0117 9C       		.byte	0x9c
 284 0118 26010000 		.4byte	0x126
 285 011c 0A       		.uleb128 0xa
 286 011d 0A000000 		.4byte	.LVL1
 287 0121 89010000 		.4byte	0x189
 288 0125 00       		.byte	0
 289 0126 09       		.uleb128 0x9
 290 0127 F1000000 		.4byte	.LASF22
 291 012b 01       		.byte	0x1
 292 012c 70       		.byte	0x70
 293 012d 00000000 		.4byte	.LFB2
 294 0131 0C000000 		.4byte	.LFE2-.LFB2
 295 0135 01       		.uleb128 0x1
 296 0136 9C       		.byte	0x9c
 297 0137 4E010000 		.4byte	0x14e
 298 013b 0A       		.uleb128 0xa
 299 013c 06000000 		.4byte	.LVL2
 300 0140 9A010000 		.4byte	0x19a
 301 0144 0A       		.uleb128 0xa
 302 0145 0A000000 		.4byte	.LVL3
 303 0149 E8000000 		.4byte	0xe8
ARM GAS  C:\Users\NHANPH~1\AppData\Local\Temp\cc1ni5EM.s 			page 9


 304 014d 00       		.byte	0
 305 014e 09       		.uleb128 0x9
 306 014f 29010000 		.4byte	.LASF23
 307 0153 01       		.byte	0x1
 308 0154 96       		.byte	0x96
 309 0155 00000000 		.4byte	.LFB3
 310 0159 08000000 		.4byte	.LFE3-.LFB3
 311 015d 01       		.uleb128 0x1
 312 015e 9C       		.byte	0x9c
 313 015f 6D010000 		.4byte	0x16d
 314 0163 0A       		.uleb128 0xa
 315 0164 06000000 		.4byte	.LVL4
 316 0168 07010000 		.4byte	0x107
 317 016c 00       		.byte	0
 318 016d 0B       		.uleb128 0xb
 319 016e E4000000 		.4byte	.LASF27
 320 0172 01       		.byte	0x1
 321 0173 15       		.byte	0x15
 322 0174 DD000000 		.4byte	0xdd
 323 0178 05       		.uleb128 0x5
 324 0179 03       		.byte	0x3
 325 017a 00000000 		.4byte	Timer_backup
 326 017e 0C       		.uleb128 0xc
 327 017f 4C000000 		.4byte	.LASF28
 328 0183 03       		.byte	0x3
 329 0184 69       		.byte	0x69
 330 0185 77000000 		.4byte	0x77
 331 0189 0D       		.uleb128 0xd
 332 018a 1C020000 		.4byte	.LASF29
 333 018e 03       		.byte	0x3
 334 018f 6A       		.byte	0x6a
 335 0190 9A010000 		.4byte	0x19a
 336 0194 0E       		.uleb128 0xe
 337 0195 77000000 		.4byte	0x77
 338 0199 00       		.byte	0
 339 019a 0F       		.uleb128 0xf
 340 019b 8B000000 		.4byte	.LASF30
 341 019f 03       		.byte	0x3
 342 01a0 5B       		.byte	0x5b
 343 01a1 00       		.byte	0
 344              		.section	.debug_abbrev,"",%progbits
 345              	.Ldebug_abbrev0:
 346 0000 01       		.uleb128 0x1
 347 0001 11       		.uleb128 0x11
 348 0002 01       		.byte	0x1
 349 0003 25       		.uleb128 0x25
 350 0004 0E       		.uleb128 0xe
 351 0005 13       		.uleb128 0x13
 352 0006 0B       		.uleb128 0xb
 353 0007 03       		.uleb128 0x3
 354 0008 0E       		.uleb128 0xe
 355 0009 1B       		.uleb128 0x1b
 356 000a 0E       		.uleb128 0xe
 357 000b 55       		.uleb128 0x55
 358 000c 17       		.uleb128 0x17
 359 000d 11       		.uleb128 0x11
 360 000e 01       		.uleb128 0x1
ARM GAS  C:\Users\NHANPH~1\AppData\Local\Temp\cc1ni5EM.s 			page 10


 361 000f 10       		.uleb128 0x10
 362 0010 17       		.uleb128 0x17
 363 0011 00       		.byte	0
 364 0012 00       		.byte	0
 365 0013 02       		.uleb128 0x2
 366 0014 24       		.uleb128 0x24
 367 0015 00       		.byte	0
 368 0016 0B       		.uleb128 0xb
 369 0017 0B       		.uleb128 0xb
 370 0018 3E       		.uleb128 0x3e
 371 0019 0B       		.uleb128 0xb
 372 001a 03       		.uleb128 0x3
 373 001b 0E       		.uleb128 0xe
 374 001c 00       		.byte	0
 375 001d 00       		.byte	0
 376 001e 03       		.uleb128 0x3
 377 001f 24       		.uleb128 0x24
 378 0020 00       		.byte	0
 379 0021 0B       		.uleb128 0xb
 380 0022 0B       		.uleb128 0xb
 381 0023 3E       		.uleb128 0x3e
 382 0024 0B       		.uleb128 0xb
 383 0025 03       		.uleb128 0x3
 384 0026 08       		.uleb128 0x8
 385 0027 00       		.byte	0
 386 0028 00       		.byte	0
 387 0029 04       		.uleb128 0x4
 388 002a 16       		.uleb128 0x16
 389 002b 00       		.byte	0
 390 002c 03       		.uleb128 0x3
 391 002d 0E       		.uleb128 0xe
 392 002e 3A       		.uleb128 0x3a
 393 002f 0B       		.uleb128 0xb
 394 0030 3B       		.uleb128 0x3b
 395 0031 05       		.uleb128 0x5
 396 0032 49       		.uleb128 0x49
 397 0033 13       		.uleb128 0x13
 398 0034 00       		.byte	0
 399 0035 00       		.byte	0
 400 0036 05       		.uleb128 0x5
 401 0037 35       		.uleb128 0x35
 402 0038 00       		.byte	0
 403 0039 49       		.uleb128 0x49
 404 003a 13       		.uleb128 0x13
 405 003b 00       		.byte	0
 406 003c 00       		.byte	0
 407 003d 06       		.uleb128 0x6
 408 003e 13       		.uleb128 0x13
 409 003f 01       		.byte	0x1
 410 0040 0B       		.uleb128 0xb
 411 0041 0B       		.uleb128 0xb
 412 0042 3A       		.uleb128 0x3a
 413 0043 0B       		.uleb128 0xb
 414 0044 3B       		.uleb128 0x3b
 415 0045 0B       		.uleb128 0xb
 416 0046 01       		.uleb128 0x1
 417 0047 13       		.uleb128 0x13
ARM GAS  C:\Users\NHANPH~1\AppData\Local\Temp\cc1ni5EM.s 			page 11


 418 0048 00       		.byte	0
 419 0049 00       		.byte	0
 420 004a 07       		.uleb128 0x7
 421 004b 0D       		.uleb128 0xd
 422 004c 00       		.byte	0
 423 004d 03       		.uleb128 0x3
 424 004e 0E       		.uleb128 0xe
 425 004f 3A       		.uleb128 0x3a
 426 0050 0B       		.uleb128 0xb
 427 0051 3B       		.uleb128 0x3b
 428 0052 0B       		.uleb128 0xb
 429 0053 49       		.uleb128 0x49
 430 0054 13       		.uleb128 0x13
 431 0055 38       		.uleb128 0x38
 432 0056 0B       		.uleb128 0xb
 433 0057 00       		.byte	0
 434 0058 00       		.byte	0
 435 0059 08       		.uleb128 0x8
 436 005a 16       		.uleb128 0x16
 437 005b 00       		.byte	0
 438 005c 03       		.uleb128 0x3
 439 005d 0E       		.uleb128 0xe
 440 005e 3A       		.uleb128 0x3a
 441 005f 0B       		.uleb128 0xb
 442 0060 3B       		.uleb128 0x3b
 443 0061 0B       		.uleb128 0xb
 444 0062 49       		.uleb128 0x49
 445 0063 13       		.uleb128 0x13
 446 0064 00       		.byte	0
 447 0065 00       		.byte	0
 448 0066 09       		.uleb128 0x9
 449 0067 2E       		.uleb128 0x2e
 450 0068 01       		.byte	0x1
 451 0069 3F       		.uleb128 0x3f
 452 006a 19       		.uleb128 0x19
 453 006b 03       		.uleb128 0x3
 454 006c 0E       		.uleb128 0xe
 455 006d 3A       		.uleb128 0x3a
 456 006e 0B       		.uleb128 0xb
 457 006f 3B       		.uleb128 0x3b
 458 0070 0B       		.uleb128 0xb
 459 0071 27       		.uleb128 0x27
 460 0072 19       		.uleb128 0x19
 461 0073 11       		.uleb128 0x11
 462 0074 01       		.uleb128 0x1
 463 0075 12       		.uleb128 0x12
 464 0076 06       		.uleb128 0x6
 465 0077 40       		.uleb128 0x40
 466 0078 18       		.uleb128 0x18
 467 0079 9742     		.uleb128 0x2117
 468 007b 19       		.uleb128 0x19
 469 007c 01       		.uleb128 0x1
 470 007d 13       		.uleb128 0x13
 471 007e 00       		.byte	0
 472 007f 00       		.byte	0
 473 0080 0A       		.uleb128 0xa
 474 0081 898201   		.uleb128 0x4109
ARM GAS  C:\Users\NHANPH~1\AppData\Local\Temp\cc1ni5EM.s 			page 12


 475 0084 00       		.byte	0
 476 0085 11       		.uleb128 0x11
 477 0086 01       		.uleb128 0x1
 478 0087 31       		.uleb128 0x31
 479 0088 13       		.uleb128 0x13
 480 0089 00       		.byte	0
 481 008a 00       		.byte	0
 482 008b 0B       		.uleb128 0xb
 483 008c 34       		.uleb128 0x34
 484 008d 00       		.byte	0
 485 008e 03       		.uleb128 0x3
 486 008f 0E       		.uleb128 0xe
 487 0090 3A       		.uleb128 0x3a
 488 0091 0B       		.uleb128 0xb
 489 0092 3B       		.uleb128 0x3b
 490 0093 0B       		.uleb128 0xb
 491 0094 49       		.uleb128 0x49
 492 0095 13       		.uleb128 0x13
 493 0096 02       		.uleb128 0x2
 494 0097 18       		.uleb128 0x18
 495 0098 00       		.byte	0
 496 0099 00       		.byte	0
 497 009a 0C       		.uleb128 0xc
 498 009b 2E       		.uleb128 0x2e
 499 009c 00       		.byte	0
 500 009d 3F       		.uleb128 0x3f
 501 009e 19       		.uleb128 0x19
 502 009f 03       		.uleb128 0x3
 503 00a0 0E       		.uleb128 0xe
 504 00a1 3A       		.uleb128 0x3a
 505 00a2 0B       		.uleb128 0xb
 506 00a3 3B       		.uleb128 0x3b
 507 00a4 0B       		.uleb128 0xb
 508 00a5 27       		.uleb128 0x27
 509 00a6 19       		.uleb128 0x19
 510 00a7 49       		.uleb128 0x49
 511 00a8 13       		.uleb128 0x13
 512 00a9 3C       		.uleb128 0x3c
 513 00aa 19       		.uleb128 0x19
 514 00ab 00       		.byte	0
 515 00ac 00       		.byte	0
 516 00ad 0D       		.uleb128 0xd
 517 00ae 2E       		.uleb128 0x2e
 518 00af 01       		.byte	0x1
 519 00b0 3F       		.uleb128 0x3f
 520 00b1 19       		.uleb128 0x19
 521 00b2 03       		.uleb128 0x3
 522 00b3 0E       		.uleb128 0xe
 523 00b4 3A       		.uleb128 0x3a
 524 00b5 0B       		.uleb128 0xb
 525 00b6 3B       		.uleb128 0x3b
 526 00b7 0B       		.uleb128 0xb
 527 00b8 27       		.uleb128 0x27
 528 00b9 19       		.uleb128 0x19
 529 00ba 3C       		.uleb128 0x3c
 530 00bb 19       		.uleb128 0x19
 531 00bc 01       		.uleb128 0x1
ARM GAS  C:\Users\NHANPH~1\AppData\Local\Temp\cc1ni5EM.s 			page 13


 532 00bd 13       		.uleb128 0x13
 533 00be 00       		.byte	0
 534 00bf 00       		.byte	0
 535 00c0 0E       		.uleb128 0xe
 536 00c1 05       		.uleb128 0x5
 537 00c2 00       		.byte	0
 538 00c3 49       		.uleb128 0x49
 539 00c4 13       		.uleb128 0x13
 540 00c5 00       		.byte	0
 541 00c6 00       		.byte	0
 542 00c7 0F       		.uleb128 0xf
 543 00c8 2E       		.uleb128 0x2e
 544 00c9 00       		.byte	0
 545 00ca 3F       		.uleb128 0x3f
 546 00cb 19       		.uleb128 0x19
 547 00cc 03       		.uleb128 0x3
 548 00cd 0E       		.uleb128 0xe
 549 00ce 3A       		.uleb128 0x3a
 550 00cf 0B       		.uleb128 0xb
 551 00d0 3B       		.uleb128 0x3b
 552 00d1 0B       		.uleb128 0xb
 553 00d2 27       		.uleb128 0x27
 554 00d3 19       		.uleb128 0x19
 555 00d4 3C       		.uleb128 0x3c
 556 00d5 19       		.uleb128 0x19
 557 00d6 00       		.byte	0
 558 00d7 00       		.byte	0
 559 00d8 00       		.byte	0
 560              		.section	.debug_aranges,"",%progbits
 561 0000 34000000 		.4byte	0x34
 562 0004 0200     		.2byte	0x2
 563 0006 00000000 		.4byte	.Ldebug_info0
 564 000a 04       		.byte	0x4
 565 000b 00       		.byte	0
 566 000c 0000     		.2byte	0
 567 000e 0000     		.2byte	0
 568 0010 00000000 		.4byte	.LFB0
 569 0014 1C000000 		.4byte	.LFE0-.LFB0
 570 0018 00000000 		.4byte	.LFB1
 571 001c 1C000000 		.4byte	.LFE1-.LFB1
 572 0020 00000000 		.4byte	.LFB2
 573 0024 0C000000 		.4byte	.LFE2-.LFB2
 574 0028 00000000 		.4byte	.LFB3
 575 002c 08000000 		.4byte	.LFE3-.LFB3
 576 0030 00000000 		.4byte	0
 577 0034 00000000 		.4byte	0
 578              		.section	.debug_ranges,"",%progbits
 579              	.Ldebug_ranges0:
 580 0000 00000000 		.4byte	.LFB0
 581 0004 1C000000 		.4byte	.LFE0
 582 0008 00000000 		.4byte	.LFB1
 583 000c 1C000000 		.4byte	.LFE1
 584 0010 00000000 		.4byte	.LFB2
 585 0014 0C000000 		.4byte	.LFE2
 586 0018 00000000 		.4byte	.LFB3
 587 001c 08000000 		.4byte	.LFE3
 588 0020 00000000 		.4byte	0
ARM GAS  C:\Users\NHANPH~1\AppData\Local\Temp\cc1ni5EM.s 			page 14


 589 0024 00000000 		.4byte	0
 590              		.section	.debug_line,"",%progbits
 591              	.Ldebug_line0:
 592 0000 9E000000 		.section	.debug_str,"MS",%progbits,1
 592      02005000 
 592      00000201 
 592      FB0E0D00 
 592      01010101 
 593              	.LASF16:
 594 0000 54696D65 		.ascii	"TimerEnableState\000"
 594      72456E61 
 594      626C6553 
 594      74617465 
 594      00
 595              	.LASF26:
 596 0011 433A5C55 		.ascii	"C:\\Users\\Nhan Phan\\Desktop\\CProjects\\Zumobot\\"
 596      73657273 
 596      5C4E6861 
 596      6E205068 
 596      616E5C44 
 597 003e 5A756D6F 		.ascii	"ZumoBot.cydsn\000"
 597      426F742E 
 597      63796473 
 597      6E00
 598              	.LASF28:
 599 004c 54696D65 		.ascii	"Timer_ReadCounter\000"
 599      725F5265 
 599      6164436F 
 599      756E7465 
 599      7200
 600              	.LASF3:
 601 005e 73686F72 		.ascii	"short unsigned int\000"
 601      7420756E 
 601      7369676E 
 601      65642069 
 601      6E7400
 602              	.LASF20:
 603 0071 54696D65 		.ascii	"Timer_SaveConfig\000"
 603      725F5361 
 603      7665436F 
 603      6E666967 
 603      00
 604              	.LASF17:
 605 0082 54696D65 		.ascii	"TimerUdb\000"
 605      72556462 
 605      00
 606              	.LASF30:
 607 008b 54696D65 		.ascii	"Timer_Stop\000"
 607      725F5374 
 607      6F7000
 608              	.LASF11:
 609 0096 666C6F61 		.ascii	"float\000"
 609      7400
 610              	.LASF19:
 611 009c 54696D65 		.ascii	"Timer_backupStruct\000"
 611      725F6261 
 611      636B7570 
ARM GAS  C:\Users\NHANPH~1\AppData\Local\Temp\cc1ni5EM.s 			page 15


 611      53747275 
 611      637400
 612              	.LASF25:
 613 00af 47656E65 		.ascii	"Generated_Source\\PSoC5\\Timer_PM.c\000"
 613      72617465 
 613      645F536F 
 613      75726365 
 613      5C50536F 
 614              	.LASF1:
 615 00d1 756E7369 		.ascii	"unsigned char\000"
 615      676E6564 
 615      20636861 
 615      7200
 616              	.LASF14:
 617 00df 72656738 		.ascii	"reg8\000"
 617      00
 618              	.LASF27:
 619 00e4 54696D65 		.ascii	"Timer_backup\000"
 619      725F6261 
 619      636B7570 
 619      00
 620              	.LASF22:
 621 00f1 54696D65 		.ascii	"Timer_Sleep\000"
 621      725F536C 
 621      65657000 
 622              	.LASF5:
 623 00fd 6C6F6E67 		.ascii	"long unsigned int\000"
 623      20756E73 
 623      69676E65 
 623      6420696E 
 623      7400
 624              	.LASF9:
 625 010f 75696E74 		.ascii	"uint8\000"
 625      3800
 626              	.LASF21:
 627 0115 54696D65 		.ascii	"Timer_RestoreConfig\000"
 627      725F5265 
 627      73746F72 
 627      65436F6E 
 627      66696700 
 628              	.LASF23:
 629 0129 54696D65 		.ascii	"Timer_Wakeup\000"
 629      725F5761 
 629      6B657570 
 629      00
 630              	.LASF12:
 631 0136 646F7562 		.ascii	"double\000"
 631      6C6500
 632              	.LASF10:
 633 013d 75696E74 		.ascii	"uint16\000"
 633      313600
 634              	.LASF24:
 635 0144 474E5520 		.ascii	"GNU C 4.9.3 20150303 (release) [ARM/embedded-4_9-br"
 635      4320342E 
 635      392E3320 
 635      32303135 
 635      30333033 
ARM GAS  C:\Users\NHANPH~1\AppData\Local\Temp\cc1ni5EM.s 			page 16


 636 0177 616E6368 		.ascii	"anch revision 221220] -mcpu=cortex-m3 -mthumb -g -O"
 636      20726576 
 636      6973696F 
 636      6E203232 
 636      31323230 
 637 01aa 67202D66 		.ascii	"g -ffunction-sections -ffat-lto-objects\000"
 637      66756E63 
 637      74696F6E 
 637      2D736563 
 637      74696F6E 
 638              	.LASF8:
 639 01d2 756E7369 		.ascii	"unsigned int\000"
 639      676E6564 
 639      20696E74 
 639      00
 640              	.LASF7:
 641 01df 6C6F6E67 		.ascii	"long long unsigned int\000"
 641      206C6F6E 
 641      6720756E 
 641      7369676E 
 641      65642069 
 642              	.LASF15:
 643 01f6 73697A65 		.ascii	"sizetype\000"
 643      74797065 
 643      00
 644              	.LASF6:
 645 01ff 6C6F6E67 		.ascii	"long long int\000"
 645      206C6F6E 
 645      6720696E 
 645      7400
 646              	.LASF13:
 647 020d 63686172 		.ascii	"char\000"
 647      00
 648              	.LASF2:
 649 0212 73686F72 		.ascii	"short int\000"
 649      7420696E 
 649      7400
 650              	.LASF29:
 651 021c 54696D65 		.ascii	"Timer_WriteCounter\000"
 651      725F5772 
 651      69746543 
 651      6F756E74 
 651      657200
 652              	.LASF4:
 653 022f 6C6F6E67 		.ascii	"long int\000"
 653      20696E74 
 653      00
 654              	.LASF0:
 655 0238 7369676E 		.ascii	"signed char\000"
 655      65642063 
 655      68617200 
 656              	.LASF18:
 657 0244 496E7465 		.ascii	"InterruptMaskValue\000"
 657      72727570 
 657      744D6173 
 657      6B56616C 
 657      756500
ARM GAS  C:\Users\NHANPH~1\AppData\Local\Temp\cc1ni5EM.s 			page 17


 658              		.ident	"GCC: (GNU Tools for ARM Embedded Processors) 4.9.3 20150303 (release) [ARM/embedded-4_9-br
